#
# There is insufficient memory for the Java Runtime Environment to continue.
# Native memory allocation (malloc) failed to allocate 621936 bytes for Chunk::new
# Possible reasons:
#   The system is out of physical RAM or swap space
#   The process is running with CompressedOops enabled, and the Java Heap may be blocking the growth of the native heap
# Possible solutions:
#   Reduce memory load on the system
#   Increase physical memory or swap space
#   Check if swap backing store is full
#   Decrease Java heap size (-Xmx/-Xms)
#   Decrease number of Java threads
#   Decrease Java thread stack sizes (-Xss)
#   Set larger code cache with -XX:ReservedCodeCacheSize=
#   JVM is running with Unscaled Compressed Oops mode in which the Java heap is
#     placed in the first 4GB address space. The Java Heap base address is the
#     maximum limit for the native heap growth. Please use -XX:HeapBaseMinAddress
#     to set the Java Heap base and to place the Java Heap above 4GB virtual address.
# This output file may be truncated or incomplete.
#
#  Out of Memory Error (allocation.cpp:389), pid=3016, tid=0x0000000000002994
#
# JRE version: OpenJDK Runtime Environment (8.0_242-b01) (build 1.8.0_242-release-1644-b01)
# Java VM: OpenJDK 64-Bit Server VM (25.242-b01 mixed mode windows-amd64 compressed oops)
# Failed to write core dump. Minidumps are not enabled by default on client versions of Windows
#

---------------  T H R E A D  ---------------

Current thread (0x00000000194c4800):  JavaThread "C2 CompilerThread0" daemon [_thread_in_native, id=10644, stack(0x000000001ab10000,0x000000001ac10000)]

Stack: [0x000000001ab10000,0x000000001ac10000]
[error occurred during error reporting (printing stack bounds), id 0xc0000005]

Native frames: (J=compiled Java code, j=interpreted, Vv=VM code, C=native code)


Current CompileTask:
C2:   3032 1834   !   4       java.lang.ClassLoader::getPackage (118 bytes)


---------------  P R O C E S S  ---------------

Java Threads: ( => current thread )
  0x00000000194d9800 JavaThread "Cache worker for cache directory md-supplier (C:\Users\MOGA\.gradle\caches\6.5\md-supplier)" [_thread_blocked, id=4024, stack(0x00000000214d0000,0x00000000215d0000)]
  0x00000000194d8000 JavaThread "Cache worker for checksums cache (C:\Users\MOGA\Desktop\Android_studio_kotlin\Hamakifinal\.gradle\checksums)" [_thread_blocked, id=11428, stack(0x00000000213d0000,0x00000000214d0000)]
  0x00000000194db000 JavaThread "Cache worker for file hash cache (C:\Users\MOGA\Desktop\Android_studio_kotlin\Hamakifinal\.gradle\6.5\fileHashes)" [_thread_blocked, id=2068, stack(0x0000000021660000,0x0000000021760000)]
  0x00000000194d8800 JavaThread "Cache worker for file hash cache (C:\Users\MOGA\.gradle\caches\6.5\fileHashes)" [_thread_blocked, id=808, stack(0x000000001f330000,0x000000001f430000)]
  0x00000000194d7000 JavaThread "File lock request listener" [_thread_in_native, id=9512, stack(0x000000001f030000,0x000000001f130000)]
  0x000000001cdf1800 JavaThread "Cache worker for journal cache (C:\Users\MOGA\.gradle\caches\journal-1)" [_thread_blocked, id=4352, stack(0x000000001ef30000,0x000000001f030000)]
  0x000000001cd4e800 JavaThread "Thread-9" [_thread_blocked, id=10744, stack(0x000000001ec30000,0x000000001ed30000)]
  0x000000001cd28800 JavaThread "Stdin handler" [_thread_blocked, id=14752, stack(0x000000001eb30000,0x000000001ec30000)]
  0x000000001cd20000 JavaThread "Asynchronous log dispatcher for DefaultDaemonConnection: socket connection from /127.0.0.1:61475 to /127.0.0.1:61476" [_thread_blocked, id=14932, stack(0x000000001ea30000,0x000000001eb30000)]
  0x000000001cd1e800 JavaThread "Daemon worker" [_thread_in_vm, id=1780, stack(0x000000001e930000,0x000000001ea30000)]
  0x000000001cd19800 JavaThread "Cancel handler" [_thread_blocked, id=11668, stack(0x000000001e830000,0x000000001e930000)]
  0x000000001cd0b800 JavaThread "Handler for socket connection from /127.0.0.1:61475 to /127.0.0.1:61476" [_thread_in_native, id=6056, stack(0x000000001e730000,0x000000001e830000)]
  0x000000001cd06800 JavaThread "Daemon" [_thread_blocked, id=11908, stack(0x000000001e630000,0x000000001e730000)]
  0x000000001cd03000 JavaThread "Daemon periodic checks" [_thread_blocked, id=3576, stack(0x000000001e530000,0x000000001e630000)]
  0x000000001cc8b000 JavaThread "Incoming local TCP Connector on port 61475" [_thread_in_native, id=264, stack(0x000000001e2f0000,0x000000001e3f0000)]
  0x000000001b208000 JavaThread "Daemon health stats" [_thread_blocked, id=12148, stack(0x000000001dab0000,0x000000001dbb0000)]
  0x0000000019561800 JavaThread "Service Thread" daemon [_thread_blocked, id=3216, stack(0x000000001af10000,0x000000001b010000)]
  0x00000000194d6800 JavaThread "C1 CompilerThread3" daemon [_thread_in_vm, id=9656, stack(0x000000001ae10000,0x000000001af10000)]
  0x00000000194d4000 JavaThread "C2 CompilerThread2" daemon [_thread_blocked, id=11936, stack(0x000000001ad10000,0x000000001ae10000)]
  0x00000000194cf000 JavaThread "C2 CompilerThread1" daemon [_thread_in_native, id=12296, stack(0x000000001ac10000,0x000000001ad10000)]
=>0x00000000194c4800 JavaThread "C2 CompilerThread0" daemon [_thread_in_native, id=10644, stack(0x000000001ab10000,0x000000001ac10000)]
  0x00000000194c3800 JavaThread "Attach Listener" daemon [_thread_blocked, id=9712, stack(0x000000001aa10000,0x000000001ab10000)]
  0x0000000017dce000 JavaThread "Signal Dispatcher" daemon [_thread_blocked, id=14180, stack(0x000000001a910000,0x000000001aa10000)]
  0x0000000017dc2000 JavaThread "Finalizer" daemon [_thread_blocked, id=11816, stack(0x000000001a710000,0x000000001a810000)]
  0x00000000194b3000 JavaThread "Reference Handler" daemon [_thread_blocked, id=8928, stack(0x000000001a610000,0x000000001a710000)]
  0x000000000294d800 JavaThread "main" [_thread_blocked, id=4744, stack(0x0000000002950000,0x0000000002a50000)]

Other Threads:
  0x0000000017db5800 VMThread [stack: 0x000000001a510000,0x000000001a610000] [id=4012]
  0x0000000019562800 WatcherThread [stack: 0x000000001b010000,0x000000001b110000] [id=1840]

VM state:not at safepoint (normal execution)

VM Mutex/Monitor currently owned by a thread: None

heap address: 0x0000000080000000, size: 2048 MB, Compressed Oops mode: 32-bit
Narrow klass base: 0x0000000000000000, Narrow klass shift: 3
Compressed class space size: 1073741824 Address: 0x0000000100000000

Heap:
 PSYoungGen      total 138240K, used 20725K [0x00000000d5580000, 0x00000000de180000, 0x0000000100000000)
  eden space 133120K, 15% used [0x00000000d5580000,0x00000000d69bd5f0,0x00000000dd780000)
  from space 5120K, 0% used [0x00000000dd780000,0x00000000dd780000,0x00000000ddc80000)
  to   space 5120K, 0% used [0x00000000ddc80000,0x00000000ddc80000,0x00000000de180000)
 ParOldGen       total 53248K, used 6770K [0x0000000080000000, 0x0000000083400000, 0x00000000d5580000)
  object space 53248K, 12% used [0x0000000080000000,0x000000008069cab8,0x0000000083400000)
 Metaspace       used 21738K, capacity 22416K, committed 22576K, reserved 1069056K
  class space    used 3067K, capacity 3268K, committed 3376K, reserved 1048576K

Card table byte_map: [0x0000000011f10000,0x0000000012320000] byte_map_base: 0x0000000011b10000

Marking Bits: (ParMarkBitMap*) 0x000000005188f030
 Begin Bits: [0x0000000012fd0000, 0x0000000014fd0000)
 End Bits:   [0x0000000014fd0000, 0x0000000016fd0000)

Polling page: 0x0000000001030000

CodeCache: size=245760Kb used=6685Kb max_used=6685Kb free=239074Kb
 bounds [0x0000000002b50000, 0x00000000031e0000, 0x0000000011b50000]
 total_blobs=2294 nmethods=1868 adapters=339
 compilation: enabled

Compilation events (10 events):
Event: 3.029 Thread 0x00000000194d6800 nmethod 1863 0x00000000031d0e10 code [0x00000000031d0fc0, 0x00000000031d1308]
Event: 3.029 Thread 0x00000000194d6800 1861       3       com.google.common.collect.ImmutableList::listIterator (6 bytes)
Event: 3.030 Thread 0x00000000194d6800 nmethod 1861 0x00000000031d14d0 code [0x00000000031d16e0, 0x00000000031d2218]
Event: 3.030 Thread 0x00000000194d6800 1862       3       com.google.common.collect.ImmutableList::listIterator (30 bytes)
Event: 3.030 Thread 0x00000000194d6800 nmethod 1862 0x00000000031d2810 code [0x00000000031d2a20, 0x00000000031d34d8]
Event: 3.030 Thread 0x00000000194d6800 1865       3       org.objectweb.asm.ByteVector::put12 (64 bytes)
Event: 3.030 Thread 0x00000000194d6800 nmethod 1865 0x00000000031d39d0 code [0x00000000031d3b40, 0x00000000031d3dc8]
Event: 3.030 Thread 0x00000000194d6800 1858       3       java.nio.HeapByteBuffer::getShort (18 bytes)
Event: 3.031 Thread 0x00000000194d6800 nmethod 1858 0x00000000031d3f50 code [0x00000000031d4120, 0x00000000031d4888]
Event: 3.031 Thread 0x00000000194d6800 1868       3       org.objectweb.asm.SymbolTable::addType (81 bytes)

GC Heap History (10 events):
Event: 0.910 GC heap before
{Heap before GC invocations=2 (full 0):
 PSYoungGen      total 38400K, used 37698K [0x00000000d5580000, 0x00000000da080000, 0x0000000100000000)
  eden space 33280K, 100% used [0x00000000d5580000,0x00000000d7600000,0x00000000d7600000)
  from space 5120K, 86% used [0x00000000d7600000,0x00000000d7a50878,0x00000000d7b00000)
  to   space 5120K, 0% used [0x00000000d9b80000,0x00000000d9b80000,0x00000000da080000)
 ParOldGen       total 87552K, used 16K [0x0000000080000000, 0x0000000085580000, 0x00000000d5580000)
  object space 87552K, 0% used [0x0000000080000000,0x0000000080004000,0x0000000085580000)
 Metaspace       used 7462K, capacity 7766K, committed 7936K, reserved 1056768K
  class space    used 917K, capacity 1013K, committed 1024K, reserved 1048576K
Event: 0.919 GC heap after
Heap after GC invocations=2 (full 0):
 PSYoungGen      total 71680K, used 3405K [0x00000000d5580000, 0x00000000da080000, 0x0000000100000000)
  eden space 66560K, 0% used [0x00000000d5580000,0x00000000d5580000,0x00000000d9680000)
  from space 5120K, 66% used [0x00000000d9b80000,0x00000000d9ed37e0,0x00000000da080000)
  to   space 5120K, 0% used [0x00000000d9680000,0x00000000d9680000,0x00000000d9b80000)
 ParOldGen       total 87552K, used 24K [0x0000000080000000, 0x0000000085580000, 0x00000000d5580000)
  object space 87552K, 0% used [0x0000000080000000,0x0000000080006000,0x0000000085580000)
 Metaspace       used 7462K, capacity 7766K, committed 7936K, reserved 1056768K
  class space    used 917K, capacity 1013K, committed 1024K, reserved 1048576K
}
Event: 2.164 GC heap before
{Heap before GC invocations=3 (full 0):
 PSYoungGen      total 71680K, used 69965K [0x00000000d5580000, 0x00000000da080000, 0x0000000100000000)
  eden space 66560K, 100% used [0x00000000d5580000,0x00000000d9680000,0x00000000d9680000)
  from space 5120K, 66% used [0x00000000d9b80000,0x00000000d9ed37e0,0x00000000da080000)
  to   space 5120K, 0% used [0x00000000d9680000,0x00000000d9680000,0x00000000d9b80000)
 ParOldGen       total 87552K, used 24K [0x0000000080000000, 0x0000000085580000, 0x00000000d5580000)
  object space 87552K, 0% used [0x0000000080000000,0x0000000080006000,0x0000000085580000)
 Metaspace       used 14592K, capacity 15094K, committed 15232K, reserved 1062912K
  class space    used 1991K, capacity 2153K, committed 2176K, reserved 1048576K
Event: 2.172 GC heap after
Heap after GC invocations=3 (full 0):
 PSYoungGen      total 71680K, used 5114K [0x00000000d5580000, 0x00000000de180000, 0x0000000100000000)
  eden space 66560K, 0% used [0x00000000d5580000,0x00000000d5580000,0x00000000d9680000)
  from space 5120K, 99% used [0x00000000d9680000,0x00000000d9b7ea40,0x00000000d9b80000)
  to   space 5120K, 0% used [0x00000000ddc80000,0x00000000ddc80000,0x00000000de180000)
 ParOldGen       total 87552K, used 4306K [0x0000000080000000, 0x0000000085580000, 0x00000000d5580000)
  object space 87552K, 4% used [0x0000000080000000,0x0000000080434968,0x0000000085580000)
 Metaspace       used 14592K, capacity 15094K, committed 15232K, reserved 1062912K
  class space    used 1991K, capacity 2153K, committed 2176K, reserved 1048576K
}
Event: 2.819 GC heap before
{Heap before GC invocations=4 (full 0):
 PSYoungGen      total 71680K, used 71674K [0x00000000d5580000, 0x00000000de180000, 0x0000000100000000)
  eden space 66560K, 100% used [0x00000000d5580000,0x00000000d9680000,0x00000000d9680000)
  from space 5120K, 99% used [0x00000000d9680000,0x00000000d9b7ea40,0x00000000d9b80000)
  to   space 5120K, 0% used [0x00000000ddc80000,0x00000000ddc80000,0x00000000de180000)
 ParOldGen       total 87552K, used 4306K [0x0000000080000000, 0x0000000085580000, 0x00000000d5580000)
  object space 87552K, 4% used [0x0000000080000000,0x0000000080434968,0x0000000085580000)
 Metaspace       used 20403K, capacity 21128K, committed 21248K, reserved 1069056K
  class space    used 2846K, capacity 3044K, committed 3072K, reserved 1048576K
Event: 2.831 GC heap after
Heap after GC invocations=4 (full 0):
 PSYoungGen      total 138240K, used 5108K [0x00000000d5580000, 0x00000000de180000, 0x0000000100000000)
  eden space 133120K, 0% used [0x00000000d5580000,0x00000000d5580000,0x00000000dd780000)
  from space 5120K, 99% used [0x00000000ddc80000,0x00000000de17d060,0x00000000de180000)
  to   space 5120K, 0% used [0x00000000dd780000,0x00000000dd780000,0x00000000ddc80000)
 ParOldGen       total 87552K, used 10889K [0x0000000080000000, 0x0000000085580000, 0x00000000d5580000)
  object space 87552K, 12% used [0x0000000080000000,0x0000000080aa2560,0x0000000085580000)
 Metaspace       used 20403K, capacity 21128K, committed 21248K, reserved 1069056K
  class space    used 2846K, capacity 3044K, committed 3072K, reserved 1048576K
}
Event: 2.858 GC heap before
{Heap before GC invocations=5 (full 0):
 PSYoungGen      total 138240K, used 10297K [0x00000000d5580000, 0x00000000de180000, 0x0000000100000000)
  eden space 133120K, 3% used [0x00000000d5580000,0x00000000d5a91678,0x00000000dd780000)
  from space 5120K, 99% used [0x00000000ddc80000,0x00000000de17d060,0x00000000de180000)
  to   space 5120K, 0% used [0x00000000dd780000,0x00000000dd780000,0x00000000ddc80000)
 ParOldGen       total 87552K, used 10889K [0x0000000080000000, 0x0000000085580000, 0x00000000d5580000)
  object space 87552K, 12% used [0x0000000080000000,0x0000000080aa2560,0x0000000085580000)
 Metaspace       used 20571K, capacity 21224K, committed 21296K, reserved 1069056K
  class space    used 2874K, capacity 3076K, committed 3120K, reserved 1048576K
Event: 2.863 GC heap after
Heap after GC invocations=5 (full 0):
 PSYoungGen      total 138240K, used 5108K [0x00000000d5580000, 0x00000000de180000, 0x0000000100000000)
  eden space 133120K, 0% used [0x00000000d5580000,0x00000000d5580000,0x00000000dd780000)
  from space 5120K, 99% used [0x00000000dd780000,0x00000000ddc7d060,0x00000000ddc80000)
  to   space 5120K, 0% used [0x00000000ddc80000,0x00000000ddc80000,0x00000000de180000)
 ParOldGen       total 87552K, used 11121K [0x0000000080000000, 0x0000000085580000, 0x00000000d5580000)
  object space 87552K, 12% used [0x0000000080000000,0x0000000080adc470,0x0000000085580000)
 Metaspace       used 20571K, capacity 21224K, committed 21296K, reserved 1069056K
  class space    used 2874K, capacity 3076K, committed 3120K, reserved 1048576K
}
Event: 2.863 GC heap before
{Heap before GC invocations=6 (full 1):
 PSYoungGen      total 138240K, used 5108K [0x00000000d5580000, 0x00000000de180000, 0x0000000100000000)
  eden space 133120K, 0% used [0x00000000d5580000,0x00000000d5580000,0x00000000dd780000)
  from space 5120K, 99% used [0x00000000dd780000,0x00000000ddc7d060,0x00000000ddc80000)
  to   space 5120K, 0% used [0x00000000ddc80000,0x00000000ddc80000,0x00000000de180000)
 ParOldGen       total 87552K, used 11121K [0x0000000080000000, 0x0000000085580000, 0x00000000d5580000)
  object space 87552K, 12% used [0x0000000080000000,0x0000000080adc470,0x0000000085580000)
 Metaspace       used 20571K, capacity 21224K, committed 21296K, reserved 1069056K
  class space    used 2874K, capacity 3076K, committed 3120K, reserved 1048576K
Event: 2.891 GC heap after
Heap after GC invocations=6 (full 1):
 PSYoungGen      total 138240K, used 0K [0x00000000d5580000, 0x00000000de180000, 0x0000000100000000)
  eden space 133120K, 0% used [0x00000000d5580000,0x00000000d5580000,0x00000000dd780000)
  from space 5120K, 0% used [0x00000000dd780000,0x00000000dd780000,0x00000000ddc80000)
  to   space 5120K, 0% used [0x00000000ddc80000,0x00000000ddc80000,0x00000000de180000)
 ParOldGen       total 53248K, used 6770K [0x0000000080000000, 0x0000000083400000, 0x00000000d5580000)
  object space 53248K, 12% used [0x0000000080000000,0x000000008069cab8,0x0000000083400000)
 Metaspace       used 20571K, capacity 21224K, committed 21296K, reserved 1069056K
  class space    used 2874K, capacity 3076K, committed 3120K, reserved 1048576K
}

Deoptimization events (10 events):
Event: 2.510 Thread 0x000000001cd1e800 Uncommon trap: reason=unstable_if action=reinterpret pc=0x00000000030718cc method=java.util.jar.Attributes$Name.isDigit(C)Z @ 3
Event: 2.649 Thread 0x000000001cd1e800 Uncommon trap: reason=unstable_if action=reinterpret pc=0x0000000002d171c8 method=java.net.URI.match(CJJ)Z @ 19
Event: 2.649 Thread 0x000000001cd1e800 Uncommon trap: reason=unstable_if action=reinterpret pc=0x0000000002df6980 method=java.net.URI.match(CJJ)Z @ 19
Event: 2.649 Thread 0x000000001cd1e800 Uncommon trap: reason=unstable_if action=reinterpret pc=0x0000000002d15988 method=java.net.URI.match(CJJ)Z @ 19
Event: 2.892 Thread 0x0000000017dc2000 Uncommon trap: reason=unstable_if action=reinterpret pc=0x0000000003172d7c method=java.lang.ref.Finalizer.remove()V @ 10
Event: 2.892 Thread 0x0000000017dc2000 Uncommon trap: reason=unstable_if action=reinterpret pc=0x0000000003189264 method=java.lang.ref.Finalizer.remove()V @ 10
Event: 2.907 Thread 0x000000001cd1e800 Uncommon trap: reason=unstable_if action=reinterpret pc=0x0000000003113460 method=java.util.HashMap.hash(Ljava/lang/Object;)I @ 1
Event: 2.913 Thread 0x000000001cd1e800 Uncommon trap: reason=unstable_if action=reinterpret pc=0x0000000002e7d0a8 method=java.util.HashMap.hash(Ljava/lang/Object;)I @ 1
Event: 2.926 Thread 0x000000001cd1e800 Uncommon trap: reason=unstable_if action=reinterpret pc=0x0000000003151d3c method=jdk.internal.org.objectweb.asm.Type.getArgumentsAndReturnSizes(Ljava/lang/String;)I @ 88
Event: 3.001 Thread 0x000000001cd1e800 Uncommon trap: reason=unstable_if action=reinterpret pc=0x0000000002e4f58c method=java.io.WinNTFileSystem.resolve(Ljava/lang/String;Ljava/lang/String;)Ljava/lang/String; @ 49

Classes redefined (0 events):
No events

Internal exceptions (10 events):
Event: 2.254 Thread 0x000000001cd1e800 Exception <a 'java/lang/NoSuchMethodError': java.lang.Object.lambda$and$0(Ljava/util/function/Predicate;Ljava/lang/Object;)Z> (0x00000000d5b00bd0) thrown at [C:\src\AOSP-openjdk-git\hotspot\src\share\vm\interpreter\linkResolver.cpp, line 620]
Event: 2.261 Thread 0x000000001cd1e800 Exception <a 'java/lang/IncompatibleClassChangeError': Found class java.lang.Object, but interface was expected> (0x00000000d5b10ec0) thrown at [C:\src\AOSP-openjdk-git\hotspot\src\share\vm\interpreter\linkResolver.cpp, line 653]
Event: 2.264 Thread 0x000000001cd1e800 Exception <a 'java/lang/NoSuchMethodError': java.lang.Object.lambda$or$2(Ljava/util/function/Predicate;Ljava/lang/Object;)Z> (0x00000000d5b15a10) thrown at [C:\src\AOSP-openjdk-git\hotspot\src\share\vm\interpreter\linkResolver.cpp, line 620]
Event: 2.448 Thread 0x000000001cd1e800 Exception <a 'java/lang/NoSuchMethodError': java.lang.Object.lambda$static$0(Lorg/gradle/internal/state/ModelObject;)Ljava/lang/String;> (0x00000000d72d6238) thrown at [C:\src\AOSP-openjdk-git\hotspot\src\share\vm\interpreter\linkResolver.cpp, line 620]
Event: 2.712 Thread 0x000000001cd1e800 Exception <a 'java/lang/NoSuchMethodError': java.lang.Object.lambda$static$1(Lorg/gradle/internal/snapshot/SnapshotHierarchy$DiffCapturingUpdateFunction;)Lorg/gradle/internal/snapshot/AtomicSnapshotHierarchyReference$UpdateFunction;> (0x00000000d89b0bd0) 
Event: 2.907 Thread 0x000000001cd1e800 Implicit null exception at 0x0000000003113255 to 0x0000000003113451
Event: 2.913 Thread 0x000000001cd1e800 Implicit null exception at 0x0000000002e7d02f to 0x0000000002e7d099
Event: 2.925 Thread 0x000000001cd1e800 Exception <a 'java/lang/NoSuchMethodError': java.lang.Object.lambda$comparing$77a9974f$1(Ljava/util/function/Function;Ljava/lang/Object;Ljava/lang/Object;)I> (0x00000000d59e8a00) thrown at [C:\src\AOSP-openjdk-git\hotspot\src\share\vm\interpreter\linkReso
Event: 2.944 Thread 0x000000001cd1e800 Exception <a 'java/lang/NoSuchMethodError': java.lang.Object.lambda$withReadOnlyCache$0(Ljava/util/function/BiFunction;Lorg/gradle/api/internal/artifacts/ivyservice/ArtifactCacheMetadata;)Ljava/lang/Object;> (0x00000000d5be72e0) thrown at [C:\src\AOSP-ope
Event: 2.968 Thread 0x000000001cd1e800 Exception <a 'java/lang/NoSuchMethodError': java.lang.Object.lambda$static$0(Lorg/gradle/api/internal/artifacts/ivyservice/ivyresolve/ModuleComponentRepository;Ljava/lang/String;Lorg/gradle/api/internal/artifacts/configurations/ResolutionStrategyInternal;

Events (10 events):
Event: 3.020 loading class org/gradle/api/artifacts/repositories/FlatDirectoryArtifactRepository
Event: 3.020 loading class org/gradle/api/artifacts/repositories/FlatDirectoryArtifactRepository done
Event: 3.020 loading class org/gradle/api/internal/collections/CollectionFilter
Event: 3.020 loading class org/gradle/api/internal/collections/CollectionFilter done
Event: 3.021 loading class org/gradle/api/internal/DefaultNamedDomainObjectCollection$ContainerElementsDynamicObject
Event: 3.021 loading class org/gradle/api/internal/DefaultNamedDomainObjectCollection$ContainerElementsDynamicObject done
Event: 3.022 loading class com/google/common/reflect/TypeToken$4
Event: 3.022 loading class com/google/common/reflect/TypeToken$4 done
Event: 3.029 loading class org/gradle/internal/reflect/JavaReflectionUtil
Event: 3.029 loading class org/gradle/internal/reflect/JavaReflectionUtil done


Dynamic libraries:
0x00007ff6469f0000 - 0x00007ff646a21000 	C:\Program Files\Android\Android Studio\jre\bin\java.exe
0x00007ffd731d0000 - 0x00007ffd733c6000 	C:\Windows\SYSTEM32\ntdll.dll
0x00007ffd714f0000 - 0x00007ffd715ad000 	C:\Windows\System32\KERNEL32.DLL
0x00007ffd70b20000 - 0x00007ffd70de9000 	C:\Windows\System32\KERNELBASE.dll
0x00007ffd72030000 - 0x00007ffd720dc000 	C:\Windows\System32\ADVAPI32.dll
0x00007ffd72280000 - 0x00007ffd7231e000 	C:\Windows\System32\msvcrt.dll
0x00007ffd72680000 - 0x00007ffd7271c000 	C:\Windows\System32\sechost.dll
0x00007ffd71e40000 - 0x00007ffd71f6b000 	C:\Windows\System32\RPCRT4.dll
0x00007ffd71270000 - 0x00007ffd71410000 	C:\Windows\System32\USER32.dll
0x00007ffd70910000 - 0x00007ffd70932000 	C:\Windows\System32\win32u.dll
0x00007ffd720e0000 - 0x00007ffd7210a000 	C:\Windows\System32\GDI32.dll
0x00007ffd71120000 - 0x00007ffd7122b000 	C:\Windows\System32\gdi32full.dll
0x00007ffd70f50000 - 0x00007ffd70fed000 	C:\Windows\System32\msvcp_win.dll
0x00007ffd709a0000 - 0x00007ffd70aa0000 	C:\Windows\System32\ucrtbase.dll
0x00007ffd5b700000 - 0x00007ffd5b99b000 	C:\Windows\WinSxS\amd64_microsoft.windows.common-controls_6595b64144ccf1df_6.0.19041.746_none_ca02b4b61b8320a4\COMCTL32.dll
0x00007ffd71240000 - 0x00007ffd71270000 	C:\Windows\System32\IMM32.DLL
0x0000000051fd0000 - 0x00000000520a2000 	C:\Program Files\Android\Android Studio\jre\jre\bin\msvcr100.dll
0x00000000510c0000 - 0x000000005190b000 	C:\Program Files\Android\Android Studio\jre\jre\bin\server\jvm.dll
0x00007ffd71f70000 - 0x00007ffd71f78000 	C:\Windows\System32\PSAPI.DLL
0x00007ffd5dc60000 - 0x00007ffd5dc87000 	C:\Windows\SYSTEM32\WINMM.dll
0x00007ffd67f10000 - 0x00007ffd67f1a000 	C:\Windows\SYSTEM32\VERSION.dll
0x00007ffd6a510000 - 0x00007ffd6a519000 	C:\Windows\SYSTEM32\WSOCK32.dll
0x00007ffd72110000 - 0x00007ffd7217b000 	C:\Windows\System32\WS2_32.dll
0x00007ffd61dd0000 - 0x00007ffd61ddf000 	C:\Program Files\Android\Android Studio\jre\jre\bin\verify.dll
0x00007ffd4e3a0000 - 0x00007ffd4e3c9000 	C:\Program Files\Android\Android Studio\jre\jre\bin\java.dll
0x00007ffd60c20000 - 0x00007ffd60c36000 	C:\Program Files\Android\Android Studio\jre\jre\bin\zip.dll
0x00007ffd715b0000 - 0x00007ffd71cf3000 	C:\Windows\System32\SHELL32.dll
0x00007ffd6ea70000 - 0x00007ffd6f1ff000 	C:\Windows\SYSTEM32\windows.storage.dll
0x00007ffd72320000 - 0x00007ffd72676000 	C:\Windows\System32\combase.dll
0x00007ffd70370000 - 0x00007ffd7039c000 	C:\Windows\SYSTEM32\Wldp.dll
0x00007ffd71f80000 - 0x00007ffd7202e000 	C:\Windows\System32\SHCORE.dll
0x00007ffd727b0000 - 0x00007ffd72805000 	C:\Windows\System32\shlwapi.dll
0x00007ffd70840000 - 0x00007ffd70866000 	C:\Windows\SYSTEM32\profapi.dll
0x00007ffd507f0000 - 0x00007ffd5080a000 	C:\Program Files\Android\Android Studio\jre\jre\bin\net.dll
0x00007ffd700f0000 - 0x00007ffd7015a000 	C:\Windows\system32\mswsock.dll
0x00007ffd4f250000 - 0x00007ffd4f263000 	C:\Program Files\Android\Android Studio\jre\jre\bin\nio.dll
0x00007ffd4ed70000 - 0x00007ffd4ed97000 	C:\Users\MOGA\.gradle\native\f6784746aeab05261644944871eae4fe03e0ef1612fff0a4a95f87b438bc6780\windows-amd64\native-platform.dll
0x00007ffd61dc0000 - 0x00007ffd61dcd000 	C:\Program Files\Android\Android Studio\jre\jre\bin\management.dll
0x00007ffd702d0000 - 0x00007ffd702e8000 	C:\Windows\SYSTEM32\CRYPTSP.dll
0x00007ffd6fa20000 - 0x00007ffd6fa54000 	C:\Windows\system32\rsaenh.dll
0x00007ffd70af0000 - 0x00007ffd70b17000 	C:\Windows\System32\bcrypt.dll
0x00007ffd707c0000 - 0x00007ffd707ee000 	C:\Windows\SYSTEM32\USERENV.dll
0x00007ffd710a0000 - 0x00007ffd71120000 	C:\Windows\System32\bcryptprimitives.dll
0x00007ffd702c0000 - 0x00007ffd702cc000 	C:\Windows\SYSTEM32\CRYPTBASE.dll
0x00007ffd6fd90000 - 0x00007ffd6fdcb000 	C:\Windows\SYSTEM32\IPHLPAPI.DLL
0x00007ffd71230000 - 0x00007ffd71238000 	C:\Windows\System32\NSI.dll
0x00007ffd65830000 - 0x00007ffd65847000 	C:\Windows\SYSTEM32\dhcpcsvc6.DLL
0x00007ffd65750000 - 0x00007ffd6576d000 	C:\Windows\SYSTEM32\dhcpcsvc.DLL
0x00007ffd6fdd0000 - 0x00007ffd6fe9b000 	C:\Windows\SYSTEM32\DNSAPI.dll
0x00007ffd67f00000 - 0x00007ffd67f0b000 	C:\Windows\SYSTEM32\WINNSI.DLL

VM Arguments:
jvm_args: -Xmx2048m -Dfile.encoding=UTF-8 -Duser.country=US -Duser.language=en -Duser.variant 
java_command: org.gradle.launcher.daemon.bootstrap.GradleDaemon 6.5
java_class_path (initial): C:\Users\MOGA\.gradle\wrapper\dists\gradle-6.5-bin\6nifqtx7604sqp1q6g8wikw7p\gradle-6.5\lib\gradle-launcher-6.5.jar
Launcher Type: SUN_STANDARD

Environment Variables:
PATH=C:\Program Files (x86)\Common Files\Oracle\Java\javapath;C:\Windows\system32;C:\Windows;C:\Windows\System32\Wbem;C:\Windows\System32\WindowsPowerShell\v1.0\;C:\Windows\System32\OpenSSH\;C:\Program Files (x86)\NVIDIA Corporation\PhysX\Common;C:\Program Files\NVIDIA Corporation\NVIDIA NvDLISR;C:\Program Files\Git\cmd;C:\Users\MOGA\AppData\Local\Microsoft\WindowsApps;
USERNAME=MOGA
OS=Windows_NT
PROCESSOR_IDENTIFIER=Intel64 Family 6 Model 158 Stepping 10, GenuineIntel



---------------  S Y S T E M  ---------------

OS: Windows 10.0 , 64 bit Build 19041 (10.0.19041.662)

CPU:total 12 (initial active 12) (6 cores per cpu, 2 threads per core) family 6 model 158 stepping 10, cmov, cx8, fxsr, mmx, sse, sse2, sse3, ssse3, sse4.1, sse4.2, popcnt, avx, avx2, aes, clmul, erms, 3dnowpref, lzcnt, ht, tsc, tscinvbit, bmi1, bmi2, adx

Memory: 4k page, physical 8264944k(753428k free), swap 14556400k(5452k free)

vm_info: OpenJDK 64-Bit Server VM (25.242-b01) for windows-amd64 JRE (1.8.0_242-release-1644-b01), built by "builder" with MS VC++ 10.0 (VS2010)

time: Tue Jan 26 18:33:41 2021
timezone: Egypt Standard Time
elapsed time: 3 seconds (0d 0h 0m 3s)

