#
# There is insufficient memory for the Java Runtime Environment to continue.
# Native memory allocation (malloc) failed to allocate 590704 bytes for Chunk::new
# Possible reasons:
#   The system is out of physical RAM or swap space
#   The process is running with CompressedOops enabled, and the Java Heap may be blocking the growth of the native heap
# Possible solutions:
#   Reduce memory load on the system
#   Increase physical memory or swap space
#   Check if swap backing store is full
#   Decrease Java heap size (-Xmx/-Xms)
#   Decrease number of Java threads
#   Decrease Java thread stack sizes (-Xss)
#   Set larger code cache with -XX:ReservedCodeCacheSize=
#   JVM is running with Unscaled Compressed Oops mode in which the Java heap is
#     placed in the first 4GB address space. The Java Heap base address is the
#     maximum limit for the native heap growth. Please use -XX:HeapBaseMinAddress
#     to set the Java Heap base and to place the Java Heap above 4GB virtual address.
# This output file may be truncated or incomplete.
#
#  Out of Memory Error (allocation.cpp:389), pid=13412, tid=0x00000000000034b4
#
# JRE version: OpenJDK Runtime Environment (8.0_242-b01) (build 1.8.0_242-release-1644-b01)
# Java VM: OpenJDK 64-Bit Server VM (25.242-b01 mixed mode windows-amd64 compressed oops)
# Failed to write core dump. Minidumps are not enabled by default on client versions of Windows
#

---------------  T H R E A D  ---------------

Current thread (0x000000001925b800):  JavaThread "C2 CompilerThread2" daemon [_thread_in_native, id=13492, stack(0x000000001aaa0000,0x000000001aba0000)]

Stack: [0x000000001aaa0000,0x000000001aba0000]
[error occurred during error reporting (printing stack bounds), id 0xc0000005]

Native frames: (J=compiled Java code, j=interpreted, Vv=VM code, C=native code)


Current CompileTask:
C2:   8518 7839   !   4       com.sun.org.apache.xerces.internal.impl.XMLDocumentFragmentScannerImpl$FragmentContentDriver::next (2346 bytes)


---------------  P R O C E S S  ---------------

Java Threads: ( => current thread )
  0x00000000241ee800 JavaThread "WorkerExecutor Queue Thread 11" [_thread_in_Java, id=13828, stack(0x0000000031120000,0x0000000031220000)]
  0x00000000241e7000 JavaThread "WorkerExecutor Queue Thread 10" [_thread_in_vm, id=6860, stack(0x0000000031020000,0x0000000031120000)]
  0x00000000241ed800 JavaThread "WorkerExecutor Queue Thread 9" [_thread_in_vm, id=15152, stack(0x0000000030f20000,0x0000000031020000)]
  0x00000000241e6000 JavaThread "WorkerExecutor Queue Thread 8" [_thread_blocked, id=12536, stack(0x0000000030e20000,0x0000000030f20000)]
  0x00000000241ed000 JavaThread "WorkerExecutor Queue Thread 7" [_thread_blocked, id=5368, stack(0x0000000030d20000,0x0000000030e20000)]
  0x00000000241e5800 JavaThread "WorkerExecutor Queue Thread 6" [_thread_blocked, id=11572, stack(0x0000000030c20000,0x0000000030d20000)]
  0x00000000241ea000 JavaThread "WorkerExecutor Queue Thread 5" [_thread_blocked, id=7508, stack(0x0000000030b20000,0x0000000030c20000)]
  0x00000000241e9000 JavaThread "WorkerExecutor Queue Thread 4" [_thread_in_vm, id=6764, stack(0x0000000030a20000,0x0000000030b20000)]
  0x00000000241ec000 JavaThread "WorkerExecutor Queue Thread 3" [_thread_blocked, id=2656, stack(0x0000000030920000,0x0000000030a20000)]
  0x00000000241e4800 JavaThread "WorkerExecutor Queue Thread 2" [_thread_blocked, id=7852, stack(0x0000000030820000,0x0000000030920000)]
  0x00000000241ea800 JavaThread "WorkerExecutor Queue" [_thread_blocked, id=12292, stack(0x00000000302f0000,0x00000000303f0000)]
  0x000000001d54e800 JavaThread "Cache worker for execution history cache (C:\Users\MOGA\Desktop\Android_studio_kotlin\Hamakifinal\.gradle\6.5\executionHistory)" [_thread_blocked, id=10276, stack(0x00000000301f0000,0x00000000302f0000)]
  0x000000001d554000 JavaThread "Execution worker for ':' Thread 11" [_thread_blocked, id=8468, stack(0x00000000300f0000,0x00000000301f0000)]
  0x000000001d553000 JavaThread "Execution worker for ':' Thread 10" [_thread_blocked, id=15124, stack(0x000000002fff0000,0x00000000300f0000)]
  0x000000001d552800 JavaThread "Execution worker for ':' Thread 9" [_thread_blocked, id=12672, stack(0x000000002fef0000,0x000000002fff0000)]
  0x000000001d54f800 JavaThread "Execution worker for ':' Thread 8" [_thread_blocked, id=12624, stack(0x000000002fdf0000,0x000000002fef0000)]
  0x000000001d551000 JavaThread "Execution worker for ':' Thread 7" [_thread_blocked, id=7400, stack(0x000000002fcf0000,0x000000002fdf0000)]
  0x000000001d551800 JavaThread "Execution worker for ':' Thread 6" [_thread_blocked, id=3180, stack(0x000000002fbf0000,0x000000002fcf0000)]
  0x000000001d54c800 JavaThread "Execution worker for ':' Thread 5" [_thread_blocked, id=15220, stack(0x000000002faf0000,0x000000002fbf0000)]
  0x000000001d54e000 JavaThread "Execution worker for ':' Thread 4" [_thread_blocked, id=7948, stack(0x000000002f9f0000,0x000000002faf0000)]
  0x000000001d547800 JavaThread "Execution worker for ':' Thread 3" [_thread_in_Java, id=4636, stack(0x000000002f8f0000,0x000000002f9f0000)]
  0x000000001d54a000 JavaThread "Execution worker for ':' Thread 2" [_thread_blocked, id=15232, stack(0x000000002f7f0000,0x000000002f8f0000)]
  0x000000001d54b800 JavaThread "Execution worker for ':'" [_thread_blocked, id=6444, stack(0x000000002f4a0000,0x000000002f5a0000)]
  0x000000001d548800 JavaThread "Cache worker for file content cache (C:\Users\MOGA\Desktop\Android_studio_kotlin\Hamakifinal\.gradle\6.5\fileContent)" [_thread_blocked, id=2284, stack(0x000000002dee0000,0x000000002dfe0000)]
  0x000000001d54b000 JavaThread "Memory manager" [_thread_blocked, id=6904, stack(0x0000000029750000,0x0000000029850000)]
  0x000000001d544800 JavaThread "Cache worker for Build Output Cleanup Cache (C:\Users\MOGA\Desktop\Android_studio_kotlin\Hamakifinal\.gradle\buildOutputCleanup)" [_thread_blocked, id=7196, stack(0x0000000025600000,0x0000000025700000)]
  0x000000001d546000 JavaThread "jar transforms Thread 114" [_thread_blocked, id=1948, stack(0x000000002c9e0000,0x000000002cae0000)]
  0x000000001d545800 JavaThread "jar transforms Thread 113" [_thread_blocked, id=3012, stack(0x000000002c8e0000,0x000000002c9e0000)]
  0x000000001d547000 JavaThread "jar transforms Thread 112" [_thread_blocked, id=1168, stack(0x000000002c7e0000,0x000000002c8e0000)]
  0x000000001d549800 JavaThread "jar transforms Thread 111" [_thread_blocked, id=6608, stack(0x000000002c6e0000,0x000000002c7e0000)]
  0x000000001d0fd000 JavaThread "jar transforms Thread 110" [_thread_blocked, id=7780, stack(0x000000002c5e0000,0x000000002c6e0000)]
  0x000000001d0fc000 JavaThread "jar transforms Thread 109" [_thread_blocked, id=10780, stack(0x000000002c4e0000,0x000000002c5e0000)]
  0x000000001d0fb800 JavaThread "jar transforms Thread 108" [_thread_blocked, id=10608, stack(0x000000002c3e0000,0x000000002c4e0000)]
  0x000000001d0fa800 JavaThread "jar transforms Thread 107" [_thread_blocked, id=6912, stack(0x000000002c2e0000,0x000000002c3e0000)]
  0x000000001d0fa000 JavaThread "jar transforms Thread 106" [_thread_blocked, id=1564, stack(0x000000002c1e0000,0x000000002c2e0000)]
  0x000000001d0f9000 JavaThread "jar transforms Thread 105" [_thread_blocked, id=12744, stack(0x000000002c0e0000,0x000000002c1e0000)]
  0x000000001d0f1800 JavaThread "jar transforms Thread 104" [_thread_blocked, id=3836, stack(0x000000002bfe0000,0x000000002c0e0000)]
  0x000000001d0f8800 JavaThread "jar transforms Thread 103" [_thread_blocked, id=2804, stack(0x000000002bee0000,0x000000002bfe0000)]
  0x000000001d0f1000 JavaThread "jar transforms Thread 102" [_thread_blocked, id=10616, stack(0x000000002bde0000,0x000000002bee0000)]
  0x000000001d0f7800 JavaThread "jar transforms Thread 101" [_thread_blocked, id=7612, stack(0x000000002bce0000,0x000000002bde0000)]
  0x000000001d0f7000 JavaThread "jar transforms Thread 100" [_thread_blocked, id=10108, stack(0x000000002bbe0000,0x000000002bce0000)]
  0x000000001d0f6000 JavaThread "jar transforms Thread 99" [_thread_blocked, id=9064, stack(0x000000002bae0000,0x000000002bbe0000)]
  0x000000001d0ee800 JavaThread "jar transforms Thread 98" [_thread_blocked, id=14896, stack(0x000000002b9e0000,0x000000002bae0000)]
  0x000000001d0f5800 JavaThread "jar transforms Thread 97" [_thread_blocked, id=11636, stack(0x000000002b8e0000,0x000000002b9e0000)]
  0x000000001d0ee000 JavaThread "jar transforms Thread 96" [_thread_blocked, id=10860, stack(0x000000002b7e0000,0x000000002b8e0000)]
  0x000000001d0f4800 JavaThread "jar transforms Thread 95" [_thread_blocked, id=10712, stack(0x000000002b6e0000,0x000000002b7e0000)]
  0x000000001d0f4000 JavaThread "jar transforms Thread 94" [_thread_blocked, id=6272, stack(0x000000002b5e0000,0x000000002b6e0000)]
  0x000000001d0f3000 JavaThread "jar transforms Thread 93" [_thread_blocked, id=14036, stack(0x000000002b4e0000,0x000000002b5e0000)]
  0x000000001d0f0000 JavaThread "jar transforms Thread 92" [_thread_blocked, id=14580, stack(0x000000002b3e0000,0x000000002b4e0000)]
  0x000000001d0f2800 JavaThread "jar transforms Thread 91" [_thread_blocked, id=14432, stack(0x000000002b2e0000,0x000000002b3e0000)]
  0x000000001d0ef800 JavaThread "jar transforms Thread 90" [_thread_blocked, id=15248, stack(0x000000002b1e0000,0x000000002b2e0000)]
  0x000000001cc11000 JavaThread "jar transforms Thread 89" [_thread_blocked, id=14932, stack(0x000000002b0e0000,0x000000002b1e0000)]
  0x000000001cc10000 JavaThread "jar transforms Thread 88" [_thread_blocked, id=12724, stack(0x000000002afe0000,0x000000002b0e0000)]
  0x000000001cc0e800 JavaThread "jar transforms Thread 87" [_thread_blocked, id=13764, stack(0x000000002aee0000,0x000000002afe0000)]
  0x000000001cc0f800 JavaThread "jar transforms Thread 86" [_thread_blocked, id=5964, stack(0x000000002ade0000,0x000000002aee0000)]
  0x000000001cc0e000 JavaThread "jar transforms Thread 85" [_thread_blocked, id=5032, stack(0x000000002ace0000,0x000000002ade0000)]
  0x000000001cc0d000 JavaThread "jar transforms Thread 84" [_thread_blocked, id=8364, stack(0x000000002abe0000,0x000000002ace0000)]
  0x000000001cc05800 JavaThread "jar transforms Thread 83" [_thread_blocked, id=6756, stack(0x000000002aae0000,0x000000002abe0000)]
  0x000000001cc0c800 JavaThread "jar transforms Thread 82" [_thread_blocked, id=560, stack(0x000000002a9e0000,0x000000002aae0000)]
  0x000000001cc0b800 JavaThread "jar transforms Thread 81" [_thread_blocked, id=6564, stack(0x000000002a8e0000,0x000000002a9e0000)]
  0x000000001cc0a000 JavaThread "jar transforms Thread 80" [_thread_blocked, id=13852, stack(0x000000002a7e0000,0x000000002a8e0000)]
  0x000000001cc0b000 JavaThread "jar transforms Thread 79" [_thread_blocked, id=8564, stack(0x000000002a6e0000,0x000000002a7e0000)]
  0x000000001cc09000 JavaThread "jar transforms Thread 78" [_thread_blocked, id=1360, stack(0x000000002a5e0000,0x000000002a6e0000)]
  0x000000001cc06000 JavaThread "jar transforms Thread 77" [_thread_blocked, id=1292, stack(0x000000002a4e0000,0x000000002a5e0000)]
  0x000000001cc07000 JavaThread "jar transforms Thread 76" [_thread_blocked, id=13396, stack(0x000000002a3e0000,0x000000002a4e0000)]
  0x000000001cc07800 JavaThread "jar transforms Thread 75" [_thread_blocked, id=3396, stack(0x000000002a2e0000,0x000000002a3e0000)]
  0x000000001cc01800 JavaThread "jar transforms Thread 74" [_thread_blocked, id=5444, stack(0x000000002a1e0000,0x000000002a2e0000)]
  0x000000001cc04800 JavaThread "jar transforms Thread 73" [_thread_blocked, id=9684, stack(0x000000002a0e0000,0x000000002a1e0000)]
  0x000000001cc08800 JavaThread "jar transforms Thread 72" [_thread_blocked, id=2980, stack(0x0000000029fe0000,0x000000002a0e0000)]
  0x000000001cc04000 JavaThread "jar transforms Thread 71" [_thread_blocked, id=12768, stack(0x0000000029ee0000,0x0000000029fe0000)]
  0x000000001cc02800 JavaThread "jar transforms Thread 70" [_thread_blocked, id=12168, stack(0x0000000029de0000,0x0000000029ee0000)]
  0x000000001cc03000 JavaThread "jar transforms Thread 69" [_thread_blocked, id=4700, stack(0x0000000029ce0000,0x0000000029de0000)]
  0x000000001d13a000 JavaThread "jar transforms Thread 68" [_thread_blocked, id=11784, stack(0x0000000029be0000,0x0000000029ce0000)]
  0x000000001d139800 JavaThread "jar transforms Thread 67" [_thread_blocked, id=8476, stack(0x0000000029ae0000,0x0000000029be0000)]
  0x000000001d138800 JavaThread "jar transforms Thread 66" [_thread_blocked, id=5916, stack(0x00000000299e0000,0x0000000029ae0000)]
  0x000000001d138000 JavaThread "jar transforms Thread 65" [_thread_blocked, id=644, stack(0x00000000298e0000,0x00000000299e0000)]
  0x000000001d137000 JavaThread "jar transforms Thread 64" [_thread_blocked, id=5244, stack(0x0000000025830000,0x0000000025930000)]
  0x000000001d136800 JavaThread "jar transforms Thread 63" [_thread_blocked, id=12840, stack(0x0000000029650000,0x0000000029750000)]
  0x000000001d13d000 JavaThread "jar transforms Thread 62" [_thread_blocked, id=8384, stack(0x0000000029550000,0x0000000029650000)]
  0x000000001d135800 JavaThread "jar transforms Thread 61" [_thread_blocked, id=3520, stack(0x0000000029450000,0x0000000029550000)]
  0x000000001d13c800 JavaThread "jar transforms Thread 60" [_thread_blocked, id=5664, stack(0x0000000029350000,0x0000000029450000)]
  0x000000001d13b800 JavaThread "jar transforms Thread 59" [_thread_blocked, id=9820, stack(0x0000000029250000,0x0000000029350000)]
  0x000000001d13b000 JavaThread "jar transforms Thread 58" [_thread_blocked, id=9544, stack(0x0000000029150000,0x0000000029250000)]
  0x000000001d12e000 JavaThread "jar transforms Thread 57" [_thread_blocked, id=3820, stack(0x0000000029050000,0x0000000029150000)]
  0x000000001d134800 JavaThread "jar transforms Thread 56" [_thread_blocked, id=11556, stack(0x0000000028f50000,0x0000000029050000)]
  0x000000001d134000 JavaThread "jar transforms Thread 55" [_thread_blocked, id=4452, stack(0x0000000028e50000,0x0000000028f50000)]
  0x000000001d133000 JavaThread "jar transforms Thread 54" [_thread_blocked, id=15140, stack(0x0000000028d50000,0x0000000028e50000)]
  0x000000001d131000 JavaThread "jar transforms Thread 53" [_thread_blocked, id=6076, stack(0x0000000028c50000,0x0000000028d50000)]
  0x000000001d12f800 JavaThread "jar transforms Thread 52" [_thread_blocked, id=14692, stack(0x0000000028b50000,0x0000000028c50000)]
  0x000000001d132800 JavaThread "jar transforms Thread 51" [_thread_blocked, id=10400, stack(0x0000000028a50000,0x0000000028b50000)]
  0x000000001d130000 JavaThread "jar transforms Thread 50" [_thread_blocked, id=3020, stack(0x0000000028950000,0x0000000028a50000)]
  0x000000001d12e800 JavaThread "jar transforms Thread 49" [_thread_blocked, id=13892, stack(0x0000000028850000,0x0000000028950000)]
  0x000000001d131800 JavaThread "jar transforms Thread 48" [_thread_blocked, id=4708, stack(0x0000000028750000,0x0000000028850000)]
  0x000000001f5fd800 JavaThread "jar transforms Thread 47" [_thread_blocked, id=3224, stack(0x0000000028650000,0x0000000028750000)]
  0x000000001f5fc000 JavaThread "jar transforms Thread 46" [_thread_blocked, id=15096, stack(0x0000000028550000,0x0000000028650000)]
  0x000000001f5fc800 JavaThread "jar transforms Thread 45" [_thread_blocked, id=11392, stack(0x0000000028450000,0x0000000028550000)]
  0x000000001f5fb000 JavaThread "jar transforms Thread 44" [_thread_blocked, id=1252, stack(0x0000000028350000,0x0000000028450000)]
  0x000000001f5fa800 JavaThread "jar transforms Thread 43" [_thread_blocked, id=9708, stack(0x0000000028250000,0x0000000028350000)]
  0x000000001f5f9800 JavaThread "jar transforms Thread 42" [_thread_blocked, id=6828, stack(0x0000000028150000,0x0000000028250000)]
  0x000000001f5fe000 JavaThread "jar transforms Thread 41" [_thread_blocked, id=12572, stack(0x0000000028050000,0x0000000028150000)]
  0x000000001f5f9000 JavaThread "jar transforms Thread 40" [_thread_blocked, id=11944, stack(0x0000000027f50000,0x0000000028050000)]
  0x000000001f5f1800 JavaThread "jar transforms Thread 39" [_thread_blocked, id=12496, stack(0x0000000027e50000,0x0000000027f50000)]
  0x000000001f5f8000 JavaThread "jar transforms Thread 38" [_thread_blocked, id=2420, stack(0x0000000027d50000,0x0000000027e50000)]
  0x000000001f5f6800 JavaThread "jar transforms Thread 37" [_thread_blocked, id=3228, stack(0x0000000027c50000,0x0000000027d50000)]
  0x000000001f5f6000 JavaThread "jar transforms Thread 36" [_thread_blocked, id=3588, stack(0x0000000027b50000,0x0000000027c50000)]
  0x000000001f5f5000 JavaThread "jar transforms Thread 35" [_thread_blocked, id=11160, stack(0x0000000027a50000,0x0000000027b50000)]
  0x000000001f5f7800 JavaThread "jar transforms Thread 34" [_thread_blocked, id=6944, stack(0x0000000027950000,0x0000000027a50000)]
  0x000000001f5f0000 JavaThread "jar transforms Thread 33" [_thread_blocked, id=5640, stack(0x0000000027850000,0x0000000027950000)]
  0x000000001f5f4800 JavaThread "jar transforms Thread 32" [_thread_blocked, id=7620, stack(0x0000000027750000,0x0000000027850000)]
  0x000000001f5f2000 JavaThread "jar transforms Thread 31" [_thread_blocked, id=7048, stack(0x0000000027650000,0x0000000027750000)]
  0x000000001f5f0800 JavaThread "jar transforms Thread 30" [_thread_blocked, id=2724, stack(0x0000000027550000,0x0000000027650000)]
  0x000000001f5f3000 JavaThread "jar transforms Thread 29" [_thread_blocked, id=2216, stack(0x0000000027450000,0x0000000027550000)]
  0x000000001f5ef000 JavaThread "jar transforms Thread 28" [_thread_blocked, id=9272, stack(0x0000000027350000,0x0000000027450000)]
  0x000000001f5f3800 JavaThread "jar transforms Thread 27" [_thread_blocked, id=11412, stack(0x0000000027250000,0x0000000027350000)]
  0x00000000201c6800 JavaThread "jar transforms Thread 26" [_thread_blocked, id=10868, stack(0x0000000027150000,0x0000000027250000)]
  0x00000000201c6000 JavaThread "jar transforms Thread 25" [_thread_blocked, id=2436, stack(0x0000000027050000,0x0000000027150000)]
  0x00000000201c3800 JavaThread "jar transforms Thread 24" [_thread_blocked, id=13664, stack(0x0000000026f50000,0x0000000027050000)]
  0x00000000201c5000 JavaThread "jar transforms Thread 23" [_thread_blocked, id=7280, stack(0x0000000026e50000,0x0000000026f50000)]
  0x00000000201c4800 JavaThread "jar transforms Thread 22" [_thread_blocked, id=6112, stack(0x0000000026d50000,0x0000000026e50000)]
  0x00000000201c7800 JavaThread "jar transforms Thread 21" [_thread_blocked, id=4244, stack(0x0000000026c50000,0x0000000026d50000)]
  0x00000000201bc000 JavaThread "jar transforms Thread 20" [_thread_blocked, id=496, stack(0x0000000026b50000,0x0000000026c50000)]
  0x00000000201c3000 JavaThread "jar transforms Thread 19" [_thread_blocked, id=13552, stack(0x0000000026a50000,0x0000000026b50000)]
  0x00000000201bb800 JavaThread "jar transforms Thread 18" [_thread_blocked, id=7428, stack(0x0000000026950000,0x0000000026a50000)]
  0x00000000201c1800 JavaThread "jar transforms Thread 17" [_thread_blocked, id=3660, stack(0x0000000026850000,0x0000000026950000)]
  0x00000000201c2000 JavaThread "jar transforms Thread 16" [_thread_blocked, id=7880, stack(0x0000000026750000,0x0000000026850000)]
  0x00000000201bd000 JavaThread "jar transforms Thread 15" [_thread_blocked, id=2344, stack(0x0000000026650000,0x0000000026750000)]
  0x00000000201ba800 JavaThread "jar transforms Thread 14" [_thread_blocked, id=12324, stack(0x0000000026550000,0x0000000026650000)]
  0x00000000201ba000 JavaThread "jar transforms Thread 13" [_thread_blocked, id=13032, stack(0x0000000026450000,0x0000000026550000)]
  0x00000000201c0800 JavaThread "jar transforms Thread 12" [_thread_blocked, id=8128, stack(0x0000000026350000,0x0000000026450000)]
  0x00000000201c0000 JavaThread "jar transforms Thread 11" [_thread_blocked, id=11928, stack(0x0000000026250000,0x0000000026350000)]
  0x00000000201b8800 JavaThread "jar transforms Thread 10" [_thread_blocked, id=7812, stack(0x0000000026150000,0x0000000026250000)]
  0x00000000201bf000 JavaThread "jar transforms Thread 9" [_thread_blocked, id=13540, stack(0x0000000026050000,0x0000000026150000)]
  0x00000000201bd800 JavaThread "jar transforms Thread 8" [_thread_blocked, id=5516, stack(0x0000000025f50000,0x0000000026050000)]
  0x00000000201b9000 JavaThread "jar transforms Thread 7" [_thread_blocked, id=10388, stack(0x0000000025e50000,0x0000000025f50000)]
  0x00000000201be800 JavaThread "jar transforms Thread 6" [_thread_blocked, id=15040, stack(0x0000000025d50000,0x0000000025e50000)]
  0x000000001f694000 JavaThread "jar transforms Thread 5" [_thread_blocked, id=10404, stack(0x0000000025c50000,0x0000000025d50000)]
  0x000000001f693000 JavaThread "jar transforms Thread 4" [_thread_blocked, id=11528, stack(0x0000000025b50000,0x0000000025c50000)]
  0x000000001f692800 JavaThread "jar transforms Thread 3" [_thread_blocked, id=5268, stack(0x0000000025a50000,0x0000000025b50000)]
  0x000000001f691800 JavaThread "jar transforms Thread 2" [_thread_blocked, id=14452, stack(0x0000000025950000,0x0000000025a50000)]
  0x000000001f690000 JavaThread "Build operations Thread 12" [_thread_blocked, id=9408, stack(0x0000000025500000,0x0000000025600000)]
  0x000000001f68c800 JavaThread "Build operations Thread 11" [_thread_blocked, id=2132, stack(0x0000000025400000,0x0000000025500000)]
  0x000000001f68f800 JavaThread "Build operations Thread 10" [_thread_blocked, id=12568, stack(0x0000000025300000,0x0000000025400000)]
  0x000000001f68e800 JavaThread "Build operations Thread 9" [_thread_blocked, id=14272, stack(0x0000000025200000,0x0000000025300000)]
  0x000000001f68d000 JavaThread "Build operations Thread 8" [_thread_blocked, id=4976, stack(0x0000000025100000,0x0000000025200000)]
  0x000000001f68e000 JavaThread "Build operations Thread 7" [_thread_blocked, id=6840, stack(0x0000000025000000,0x0000000025100000)]
  0x000000001f691000 JavaThread "Build operations Thread 6" [_thread_blocked, id=5904, stack(0x0000000024e00000,0x0000000024f00000)]
  0x000000001f685000 JavaThread "Build operations Thread 5" [_thread_blocked, id=440, stack(0x0000000024d00000,0x0000000024e00000)]
  0x000000001f68a000 JavaThread "Build operations Thread 4" [_thread_blocked, id=11832, stack(0x0000000024c00000,0x0000000024d00000)]
  0x000000001f689800 JavaThread "Build operations Thread 3" [_thread_blocked, id=7968, stack(0x0000000024b00000,0x0000000024c00000)]
  0x000000001f68b800 JavaThread "Build operations Thread 2" [_thread_blocked, id=12708, stack(0x0000000024a00000,0x0000000024b00000)]
  0x000000001f687000 JavaThread "Build operations" [_thread_blocked, id=9380, stack(0x0000000024900000,0x0000000024a00000)]
  0x000000001ca37000 JavaThread "Cache worker for file content cache (C:\Users\MOGA\.gradle\caches\6.5\fileContent)" [_thread_blocked, id=10936, stack(0x0000000023230000,0x0000000023330000)]
  0x000000001ca36000 JavaThread "jar transforms" [_thread_blocked, id=6892, stack(0x00000000229b0000,0x0000000022ab0000)]
  0x000000001ca3a000 JavaThread "Cache worker for execution history cache (C:\Users\MOGA\.gradle\caches\6.5\executionHistory)" [_thread_blocked, id=8548, stack(0x00000000228b0000,0x00000000229b0000)]
  0x000000001ca38800 JavaThread "Cache worker for cache directory md-rule (C:\Users\MOGA\.gradle\caches\6.5\md-rule)" [_thread_blocked, id=13252, stack(0x00000000227b0000,0x00000000228b0000)]
  0x000000001ca39000 JavaThread "Cache worker for cache directory md-supplier (C:\Users\MOGA\.gradle\caches\6.5\md-supplier)" [_thread_blocked, id=13604, stack(0x0000000021460000,0x0000000021560000)]
  0x000000001ca35800 JavaThread "Cache worker for checksums cache (C:\Users\MOGA\Desktop\Android_studio_kotlin\Hamakifinal\.gradle\checksums)" [_thread_blocked, id=11612, stack(0x0000000021360000,0x0000000021460000)]
  0x000000001ca34800 JavaThread "Cache worker for file hash cache (C:\Users\MOGA\Desktop\Android_studio_kotlin\Hamakifinal\.gradle\6.5\fileHashes)" [_thread_blocked, id=12976, stack(0x0000000022b30000,0x0000000022c30000)]
  0x000000001ca3b800 JavaThread "Cache worker for file hash cache (C:\Users\MOGA\.gradle\caches\6.5\fileHashes)" [_thread_blocked, id=14140, stack(0x000000001eec0000,0x000000001efc0000)]
  0x000000001ca3a800 JavaThread "File lock request listener" [_thread_in_native, id=12064, stack(0x000000001edc0000,0x000000001eec0000)]
  0x000000001cb69800 JavaThread "Cache worker for journal cache (C:\Users\MOGA\.gradle\caches\journal-1)" [_thread_blocked, id=14472, stack(0x000000001ecc0000,0x000000001edc0000)]
  0x000000001cab9000 JavaThread "Thread-9" [_thread_blocked, id=9828, stack(0x000000001e9c0000,0x000000001eac0000)]
  0x000000001caa5800 JavaThread "Stdin handler" [_thread_blocked, id=11152, stack(0x000000001e8c0000,0x000000001e9c0000)]
  0x000000001cad3800 JavaThread "Asynchronous log dispatcher for DefaultDaemonConnection: socket connection from /127.0.0.1:61742 to /127.0.0.1:61743" [_thread_blocked, id=13240, stack(0x000000001e7c0000,0x000000001e8c0000)]
  0x000000001cacb800 JavaThread "Daemon worker" [_thread_blocked, id=13376, stack(0x000000001e6c0000,0x000000001e7c0000)]
  0x000000001ca50800 JavaThread "Cancel handler" [_thread_blocked, id=10280, stack(0x000000001e5c0000,0x000000001e6c0000)]
  0x000000001ca6d000 JavaThread "Handler for socket connection from /127.0.0.1:61742 to /127.0.0.1:61743" [_thread_in_native, id=5632, stack(0x000000001e4c0000,0x000000001e5c0000)]
  0x000000001ca70000 JavaThread "Daemon" [_thread_blocked, id=4756, stack(0x000000001e1c0000,0x000000001e2c0000)]
  0x000000001ca3e000 JavaThread "Daemon periodic checks" [_thread_blocked, id=7952, stack(0x000000001e0c0000,0x000000001e1c0000)]
  0x000000001c9c5800 JavaThread "Incoming local TCP Connector on port 61742" [_thread_in_native, id=2220, stack(0x000000001de80000,0x000000001df80000)]
  0x000000001c66b000 JavaThread "Daemon health stats" [_thread_blocked, id=10980, stack(0x000000001d840000,0x000000001d940000)]
  0x00000000192e3800 JavaThread "Service Thread" daemon [_thread_blocked, id=13580, stack(0x000000001aca0000,0x000000001ada0000)]
  0x000000001925c800 JavaThread "C1 CompilerThread3" daemon [_thread_in_native, id=11184, stack(0x000000001aba0000,0x000000001aca0000)]
=>0x000000001925b800 JavaThread "C2 CompilerThread2" daemon [_thread_in_native, id=13492, stack(0x000000001aaa0000,0x000000001aba0000)]
  0x000000001924c800 JavaThread "C2 CompilerThread1" daemon [_thread_in_native, id=1592, stack(0x000000001a9a0000,0x000000001aaa0000)]
  0x0000000019246800 JavaThread "C2 CompilerThread0" daemon [_thread_in_native, id=15136, stack(0x000000001a8a0000,0x000000001a9a0000)]
  0x0000000019242800 JavaThread "Attach Listener" daemon [_thread_blocked, id=4844, stack(0x000000001a7a0000,0x000000001a8a0000)]
  0x0000000019241000 JavaThread "Signal Dispatcher" daemon [_thread_blocked, id=12112, stack(0x000000001a6a0000,0x000000001a7a0000)]
  0x0000000017b62000 JavaThread "Finalizer" daemon [_thread_blocked, id=12524, stack(0x000000001a4a0000,0x000000001a5a0000)]
  0x0000000019233000 JavaThread "Reference Handler" daemon [_thread_blocked, id=9888, stack(0x000000001a3a0000,0x000000001a4a0000)]
  0x00000000027ed800 JavaThread "main" [_thread_blocked, id=4152, stack(0x0000000002620000,0x0000000002720000)]

Other Threads:
  0x0000000017b55800 VMThread [stack: 0x000000001a2a0000,0x000000001a3a0000] [id=12080]
  0x00000000192e4800 WatcherThread [stack: 0x000000001ada0000,0x000000001aea0000] [id=11984]

VM state:not at safepoint (normal execution)

VM Mutex/Monitor currently owned by a thread: None

OutOfMemory and StackOverflow Exception counts:
StackOverflowErrors=1

heap address: 0x0000000080000000, size: 2048 MB, Compressed Oops mode: 32-bit
Narrow klass base: 0x0000000000000000, Narrow klass shift: 3
Compressed class space size: 1073741824 Address: 0x0000000100000000

Heap:
 PSYoungGen      total 245248K, used 75369K [0x00000000d5580000, 0x00000000e7380000, 0x0000000100000000)
  eden space 231936K, 26% used [0x00000000d5580000,0x00000000d9220100,0x00000000e3800000)
  from space 13312K, 99% used [0x00000000e6680000,0x00000000e737a4c0,0x00000000e7380000)
  to   space 16384K, 0% used [0x00000000e5380000,0x00000000e5380000,0x00000000e6380000)
 ParOldGen       total 84480K, used 50575K [0x0000000080000000, 0x0000000085280000, 0x00000000d5580000)
  object space 84480K, 59% used [0x0000000080000000,0x0000000083163f70,0x0000000085280000)
 Metaspace       used 68635K, capacity 72144K, committed 72344K, reserved 1112064K
  class space    used 9434K, capacity 10097K, committed 10160K, reserved 1048576K

Card table byte_map: [0x0000000011cb0000,0x00000000120c0000] byte_map_base: 0x00000000118b0000

Marking Bits: (ParMarkBitMap*) 0x000000005188f030
 Begin Bits: [0x0000000012d70000, 0x0000000014d70000)
 End Bits:   [0x0000000014d70000, 0x0000000016d70000)

Polling page: 0x0000000000d80000

CodeCache: size=245760Kb used=22155Kb max_used=22155Kb free=223604Kb
 bounds [0x00000000028f0000, 0x0000000003eb0000, 0x00000000118f0000]
 total_blobs=7753 nmethods=6959 adapters=706
 compilation: enabled

Compilation events (10 events):
Event: 8.512 Thread 0x000000001925c800 nmethod 7955 0x0000000003ea14d0 code [0x0000000003ea1620, 0x0000000003ea1730]
Event: 8.512 Thread 0x000000001925c800 7979   !   2       java.util.AbstractSequentialList::get (39 bytes)
Event: 8.513 Thread 0x000000001925c800 nmethod 7979 0x0000000003ea1790 code [0x0000000003ea1940, 0x0000000003ea1d98]
Event: 8.513 Thread 0x000000001925c800 7980       2       com.android.ide.common.resources.MergedResourceWriter::ignoreItemInMerge (9 bytes)
Event: 8.513 Thread 0x000000001925c800 nmethod 7980 0x0000000003ea2050 code [0x0000000003ea21a0, 0x0000000003ea2330]
Event: 8.513 Thread 0x000000001925c800 7957       1       java.io.ObjectInputStream::access$1000 (5 bytes)
Event: 8.513 Thread 0x000000001925c800 nmethod 7957 0x0000000003ea2410 code [0x0000000003ea2560, 0x0000000003ea2650]
Event: 8.513 Thread 0x000000001925c800 7964       1       java.io.ObjectStreamClass::getName (5 bytes)
Event: 8.513 Thread 0x000000001925c800 nmethod 7964 0x0000000003ea26d0 code [0x0000000003ea2820, 0x0000000003ea2930]
Event: 8.514 Thread 0x000000001925c800 7984       2       java.io.ObjectInputStream::readUTF (8 bytes)

GC Heap History (10 events):
Event: 3.273 GC heap before
{Heap before GC invocations=9 (full 2):
 PSYoungGen      total 248320K, used 8824K [0x00000000d5580000, 0x00000000e7380000, 0x0000000100000000)
  eden space 231936K, 0% used [0x00000000d5580000,0x00000000d5580000,0x00000000e3800000)
  from space 16384K, 53% used [0x00000000e5380000,0x00000000e5c1e310,0x00000000e6380000)
  to   space 13312K, 0% used [0x00000000e6680000,0x00000000e6680000,0x00000000e7380000)
 ParOldGen       total 55296K, used 8219K [0x0000000080000000, 0x0000000083600000, 0x00000000d5580000)
  object space 55296K, 14% used [0x0000000080000000,0x0000000080806d00,0x0000000083600000)
 Metaspace       used 34243K, capacity 35412K, committed 35496K, reserved 1079296K
  class space    used 4712K, capacity 5001K, committed 5040K, reserved 1048576K
Event: 3.360 GC heap after
Heap after GC invocations=9 (full 2):
 PSYoungGen      total 248320K, used 0K [0x00000000d5580000, 0x00000000e7380000, 0x0000000100000000)
  eden space 231936K, 0% used [0x00000000d5580000,0x00000000d5580000,0x00000000e3800000)
  from space 16384K, 0% used [0x00000000e5380000,0x00000000e5380000,0x00000000e6380000)
  to   space 13312K, 0% used [0x00000000e6680000,0x00000000e6680000,0x00000000e7380000)
 ParOldGen       total 84480K, used 15094K [0x0000000080000000, 0x0000000085280000, 0x00000000d5580000)
  object space 84480K, 17% used [0x0000000080000000,0x0000000080ebda68,0x0000000085280000)
 Metaspace       used 34243K, capacity 35412K, committed 35496K, reserved 1079296K
  class space    used 4712K, capacity 5001K, committed 5040K, reserved 1048576K
}
Event: 4.403 GC heap before
{Heap before GC invocations=10 (full 2):
 PSYoungGen      total 248320K, used 231936K [0x00000000d5580000, 0x00000000e7380000, 0x0000000100000000)
  eden space 231936K, 100% used [0x00000000d5580000,0x00000000e3800000,0x00000000e3800000)
  from space 16384K, 0% used [0x00000000e5380000,0x00000000e5380000,0x00000000e6380000)
  to   space 13312K, 0% used [0x00000000e6680000,0x00000000e6680000,0x00000000e7380000)
 ParOldGen       total 84480K, used 15094K [0x0000000080000000, 0x0000000085280000, 0x00000000d5580000)
  object space 84480K, 17% used [0x0000000080000000,0x0000000080ebda68,0x0000000085280000)
 Metaspace       used 45503K, capacity 47412K, committed 47528K, reserved 1089536K
  class space    used 6153K, capacity 6512K, committed 6576K, reserved 1048576K
Event: 4.413 GC heap after
Heap after GC invocations=10 (full 2):
 PSYoungGen      total 245248K, used 13303K [0x00000000d5580000, 0x00000000e7380000, 0x0000000100000000)
  eden space 231936K, 0% used [0x00000000d5580000,0x00000000d5580000,0x00000000e3800000)
  from space 13312K, 99% used [0x00000000e6680000,0x00000000e737def0,0x00000000e7380000)
  to   space 16384K, 0% used [0x00000000e5380000,0x00000000e5380000,0x00000000e6380000)
 ParOldGen       total 84480K, used 19088K [0x0000000080000000, 0x0000000085280000, 0x00000000d5580000)
  object space 84480K, 22% used [0x0000000080000000,0x00000000812a4338,0x0000000085280000)
 Metaspace       used 45503K, capacity 47412K, committed 47528K, reserved 1089536K
  class space    used 6153K, capacity 6512K, committed 6576K, reserved 1048576K
}
Event: 5.652 GC heap before
{Heap before GC invocations=11 (full 2):
 PSYoungGen      total 245248K, used 159047K [0x00000000d5580000, 0x00000000e7380000, 0x0000000100000000)
  eden space 231936K, 62% used [0x00000000d5580000,0x00000000de3d3e38,0x00000000e3800000)
  from space 13312K, 99% used [0x00000000e6680000,0x00000000e737def0,0x00000000e7380000)
  to   space 16384K, 0% used [0x00000000e5380000,0x00000000e5380000,0x00000000e6380000)
 ParOldGen       total 84480K, used 19088K [0x0000000080000000, 0x0000000085280000, 0x00000000d5580000)
  object space 84480K, 22% used [0x0000000080000000,0x00000000812a4338,0x0000000085280000)
 Metaspace       used 56802K, capacity 59054K, committed 59160K, reserved 1099776K
  class space    used 7690K, capacity 8178K, committed 8240K, reserved 1048576K
Event: 5.682 GC heap after
Heap after GC invocations=11 (full 2):
 PSYoungGen      total 248320K, used 16364K [0x00000000d5580000, 0x00000000e7380000, 0x0000000100000000)
  eden space 231936K, 0% used [0x00000000d5580000,0x00000000d5580000,0x00000000e3800000)
  from space 16384K, 99% used [0x00000000e5380000,0x00000000e637b330,0x00000000e6380000)
  to   space 13312K, 0% used [0x00000000e6680000,0x00000000e6680000,0x00000000e7380000)
 ParOldGen       total 84480K, used 29781K [0x0000000080000000, 0x0000000085280000, 0x00000000d5580000)
  object space 84480K, 35% used [0x0000000080000000,0x0000000081d154d8,0x0000000085280000)
 Metaspace       used 56802K, capacity 59054K, committed 59160K, reserved 1099776K
  class space    used 7690K, capacity 8178K, committed 8240K, reserved 1048576K
}
Event: 5.682 GC heap before
{Heap before GC invocations=12 (full 3):
 PSYoungGen      total 248320K, used 16364K [0x00000000d5580000, 0x00000000e7380000, 0x0000000100000000)
  eden space 231936K, 0% used [0x00000000d5580000,0x00000000d5580000,0x00000000e3800000)
  from space 16384K, 99% used [0x00000000e5380000,0x00000000e637b330,0x00000000e6380000)
  to   space 13312K, 0% used [0x00000000e6680000,0x00000000e6680000,0x00000000e7380000)
 ParOldGen       total 84480K, used 29781K [0x0000000080000000, 0x0000000085280000, 0x00000000d5580000)
  object space 84480K, 35% used [0x0000000080000000,0x0000000081d154d8,0x0000000085280000)
 Metaspace       used 56802K, capacity 59054K, committed 59160K, reserved 1099776K
  class space    used 7690K, capacity 8178K, committed 8240K, reserved 1048576K
Event: 5.908 GC heap after
Heap after GC invocations=12 (full 3):
 PSYoungGen      total 248320K, used 0K [0x00000000d5580000, 0x00000000e7380000, 0x0000000100000000)
  eden space 231936K, 0% used [0x00000000d5580000,0x00000000d5580000,0x00000000e3800000)
  from space 16384K, 0% used [0x00000000e5380000,0x00000000e5380000,0x00000000e6380000)
  to   space 13312K, 0% used [0x00000000e6680000,0x00000000e6680000,0x00000000e7380000)
 ParOldGen       total 84480K, used 39435K [0x0000000080000000, 0x0000000085280000, 0x00000000d5580000)
  object space 84480K, 46% used [0x0000000080000000,0x0000000082682d58,0x0000000085280000)
 Metaspace       used 56729K, capacity 58808K, committed 59160K, reserved 1099776K
  class space    used 7668K, capacity 8137K, committed 8240K, reserved 1048576K
}
Event: 8.138 GC heap before
{Heap before GC invocations=13 (full 3):
 PSYoungGen      total 248320K, used 231936K [0x00000000d5580000, 0x00000000e7380000, 0x0000000100000000)
  eden space 231936K, 100% used [0x00000000d5580000,0x00000000e3800000,0x00000000e3800000)
  from space 16384K, 0% used [0x00000000e5380000,0x00000000e5380000,0x00000000e6380000)
  to   space 13312K, 0% used [0x00000000e6680000,0x00000000e6680000,0x00000000e7380000)
 ParOldGen       total 84480K, used 39435K [0x0000000080000000, 0x0000000085280000, 0x00000000d5580000)
  object space 84480K, 46% used [0x0000000080000000,0x0000000082682d58,0x0000000085280000)
 Metaspace       used 67670K, capacity 71152K, committed 71192K, reserved 1110016K
  class space    used 9328K, capacity 10019K, committed 10032K, reserved 1048576K
Event: 8.156 GC heap after
Heap after GC invocations=13 (full 3):
 PSYoungGen      total 245248K, used 13289K [0x00000000d5580000, 0x00000000e7380000, 0x0000000100000000)
  eden space 231936K, 0% used [0x00000000d5580000,0x00000000d5580000,0x00000000e3800000)
  from space 13312K, 99% used [0x00000000e6680000,0x00000000e737a4c0,0x00000000e7380000)
  to   space 16384K, 0% used [0x00000000e5380000,0x00000000e5380000,0x00000000e6380000)
 ParOldGen       total 84480K, used 50575K [0x0000000080000000, 0x0000000085280000, 0x00000000d5580000)
  object space 84480K, 59% used [0x0000000080000000,0x0000000083163f70,0x0000000085280000)
 Metaspace       used 67670K, capacity 71152K, committed 71192K, reserved 1110016K
  class space    used 9328K, capacity 10019K, committed 10032K, reserved 1048576K
}

Deoptimization events (10 events):
Event: 8.410 Thread 0x000000001d547800 Uncommon trap: reason=unstable_if action=reinterpret pc=0x00000000035746e0 method=com.sun.org.apache.xerces.internal.utils.XMLSecurityManager.isOverLimit(ILcom/sun/org/apache/xerces/internal/utils/XMLLimitAnalyzer;)Z @ 28
Event: 8.414 Thread 0x000000001d547800 Uncommon trap: reason=class_check action=maybe_recompile pc=0x0000000003b68388 method=java.util.regex.Matcher.search(I)Z @ 86
Event: 8.414 Thread 0x000000001d547800 Uncommon trap: reason=class_check action=maybe_recompile pc=0x0000000003b68388 method=java.util.regex.Matcher.search(I)Z @ 86
Event: 8.414 Thread 0x000000001d547800 Uncommon trap: reason=class_check action=maybe_recompile pc=0x0000000003b68388 method=java.util.regex.Matcher.search(I)Z @ 86
Event: 8.414 Thread 0x000000001d547800 Uncommon trap: reason=class_check action=maybe_recompile pc=0x0000000003b68388 method=java.util.regex.Matcher.search(I)Z @ 86
Event: 8.414 Thread 0x000000001d547800 Uncommon trap: reason=class_check action=maybe_recompile pc=0x000000000349c9dc method=java.util.regex.Matcher.search(I)Z @ 86
Event: 8.425 Thread 0x000000001d547800 Uncommon trap: reason=unstable_if action=reinterpret pc=0x0000000003e2af28 method=com.sun.org.apache.xerces.internal.util.XMLAttributesImpl.addAttributeNS(Lcom/sun/org/apache/xerces/internal/xni/QName;Ljava/lang/String;Ljava/lang/String;)V @ 22
Event: 8.430 Thread 0x000000001d547800 Uncommon trap: reason=unstable_if action=reinterpret pc=0x0000000003d480e8 method=com.android.utils.PositionXmlParser$DomBuilder.getCurrentPosition()Lcom/android/utils/PositionXmlParser$Position; @ 65
Event: 8.432 Thread 0x000000001d547800 Uncommon trap: reason=unstable_if action=reinterpret pc=0x0000000003d69290 method=com.android.utils.PositionXmlParser$DomBuilder.findOpeningTag(Lcom/android/utils/PositionXmlParser$Position;)Lcom/android/utils/PositionXmlParser$Position; @ 81
Event: 8.432 Thread 0x000000001d547800 Uncommon trap: reason=unstable_if action=reinterpret pc=0x0000000003d62b98 method=com.sun.org.apache.xerces.internal.impl.XMLEntityScanner.scanContent(Lcom/sun/org/apache/xerces/internal/xni/XMLString;)I @ 418

Classes redefined (0 events):
No events

Internal exceptions (10 events):
Event: 8.477 Thread 0x000000001d547800 Exception <a 'java/lang/NoSuchMethodError': <clinit>> (0x00000000d873dda0) thrown at [C:\src\AOSP-openjdk-git\hotspot\src\share\vm\prims\jni.cpp, line 1615]
Event: 8.481 Thread 0x000000001d547800 Exception <a 'java/lang/NoSuchMethodError': <clinit>> (0x00000000d8798540) thrown at [C:\src\AOSP-openjdk-git\hotspot\src\share\vm\prims\jni.cpp, line 1615]
Event: 8.484 Thread 0x000000001d547800 Exception <a 'java/lang/NoSuchMethodError': <clinit>> (0x00000000d87f14c0) thrown at [C:\src\AOSP-openjdk-git\hotspot\src\share\vm\prims\jni.cpp, line 1615]
Event: 8.486 Thread 0x000000001d547800 Exception <a 'java/lang/NoSuchMethodError': <clinit>> (0x00000000d8818b40) thrown at [C:\src\AOSP-openjdk-git\hotspot\src\share\vm\prims\jni.cpp, line 1615]
Event: 8.486 Thread 0x000000001d547800 Exception <a 'java/lang/NoSuchMethodError': <clinit>> (0x00000000d881d940) thrown at [C:\src\AOSP-openjdk-git\hotspot\src\share\vm\prims\jni.cpp, line 1615]
Event: 8.486 Thread 0x000000001d547800 Exception <a 'java/lang/NoSuchMethodError': <clinit>> (0x00000000d8820fc0) thrown at [C:\src\AOSP-openjdk-git\hotspot\src\share\vm\prims\jni.cpp, line 1615]
Event: 8.487 Thread 0x000000001d547800 Exception <a 'java/lang/NoSuchMethodError': <clinit>> (0x00000000d88384a8) thrown at [C:\src\AOSP-openjdk-git\hotspot\src\share\vm\prims\jni.cpp, line 1615]
Event: 8.488 Thread 0x000000001d547800 Exception <a 'java/lang/NoSuchMethodError': <clinit>> (0x00000000d884deb8) thrown at [C:\src\AOSP-openjdk-git\hotspot\src\share\vm\prims\jni.cpp, line 1615]
Event: 8.489 Thread 0x000000001d547800 Exception <a 'java/lang/NoSuchMethodError': <clinit>> (0x00000000d886b348) thrown at [C:\src\AOSP-openjdk-git\hotspot\src\share\vm\prims\jni.cpp, line 1615]
Event: 8.490 Thread 0x000000001d547800 Exception <a 'java/lang/NoSuchMethodError': <clinit>> (0x00000000d887e8d0) thrown at [C:\src\AOSP-openjdk-git\hotspot\src\share\vm\prims\jni.cpp, line 1615]

Events (10 events):
Event: 8.512 Thread 0x00000000241e7000 Thread added: 0x00000000241e7000
Event: 8.512 loading class com/google/common/io/ByteSource$ByteArrayByteSource
Event: 8.512 loading class com/google/common/io/ByteSource$ByteArrayByteSource done
Event: 8.513 loading class com/google/common/io/ByteSource$EmptyByteSource
Event: 8.513 loading class com/google/common/io/ByteSource$EmptyByteSource done
Event: 8.513 loading class com/google/common/io/ByteSource$SlicedByteSource
Event: 8.513 loading class com/google/common/io/ByteSource$SlicedByteSource done
Event: 8.513 loading class com/google/common/io/CharSource
Event: 8.513 loading class com/google/common/io/CharSource done
Event: 8.513 Thread 0x00000000241ee800 Thread added: 0x00000000241ee800


Dynamic libraries:
0x00007ff6469f0000 - 0x00007ff646a21000 	C:\Program Files\Android\Android Studio\jre\bin\java.exe
0x00007ffd731d0000 - 0x00007ffd733c6000 	C:\Windows\SYSTEM32\ntdll.dll
0x00007ffd714f0000 - 0x00007ffd715ad000 	C:\Windows\System32\KERNEL32.DLL
0x00007ffd70b20000 - 0x00007ffd70de9000 	C:\Windows\System32\KERNELBASE.dll
0x00007ffd72030000 - 0x00007ffd720dc000 	C:\Windows\System32\ADVAPI32.dll
0x00007ffd72280000 - 0x00007ffd7231e000 	C:\Windows\System32\msvcrt.dll
0x00007ffd72680000 - 0x00007ffd7271c000 	C:\Windows\System32\sechost.dll
0x00007ffd71e40000 - 0x00007ffd71f6b000 	C:\Windows\System32\RPCRT4.dll
0x00007ffd71270000 - 0x00007ffd71410000 	C:\Windows\System32\USER32.dll
0x00007ffd70910000 - 0x00007ffd70932000 	C:\Windows\System32\win32u.dll
0x00007ffd720e0000 - 0x00007ffd7210a000 	C:\Windows\System32\GDI32.dll
0x00007ffd71120000 - 0x00007ffd7122b000 	C:\Windows\System32\gdi32full.dll
0x00007ffd70f50000 - 0x00007ffd70fed000 	C:\Windows\System32\msvcp_win.dll
0x00007ffd709a0000 - 0x00007ffd70aa0000 	C:\Windows\System32\ucrtbase.dll
0x00007ffd5b700000 - 0x00007ffd5b99b000 	C:\Windows\WinSxS\amd64_microsoft.windows.common-controls_6595b64144ccf1df_6.0.19041.746_none_ca02b4b61b8320a4\COMCTL32.dll
0x00007ffd71240000 - 0x00007ffd71270000 	C:\Windows\System32\IMM32.DLL
0x0000000051fd0000 - 0x00000000520a2000 	C:\Program Files\Android\Android Studio\jre\jre\bin\msvcr100.dll
0x00000000510c0000 - 0x000000005190b000 	C:\Program Files\Android\Android Studio\jre\jre\bin\server\jvm.dll
0x00007ffd71f70000 - 0x00007ffd71f78000 	C:\Windows\System32\PSAPI.DLL
0x00007ffd5dc60000 - 0x00007ffd5dc87000 	C:\Windows\SYSTEM32\WINMM.dll
0x00007ffd6a510000 - 0x00007ffd6a519000 	C:\Windows\SYSTEM32\WSOCK32.dll
0x00007ffd67f10000 - 0x00007ffd67f1a000 	C:\Windows\SYSTEM32\VERSION.dll
0x00007ffd72110000 - 0x00007ffd7217b000 	C:\Windows\System32\WS2_32.dll
0x00007ffd61dd0000 - 0x00007ffd61ddf000 	C:\Program Files\Android\Android Studio\jre\jre\bin\verify.dll
0x00007ffd4e3a0000 - 0x00007ffd4e3c9000 	C:\Program Files\Android\Android Studio\jre\jre\bin\java.dll
0x00007ffd60c20000 - 0x00007ffd60c36000 	C:\Program Files\Android\Android Studio\jre\jre\bin\zip.dll
0x00007ffd715b0000 - 0x00007ffd71cf3000 	C:\Windows\System32\SHELL32.dll
0x00007ffd6ea70000 - 0x00007ffd6f1ff000 	C:\Windows\SYSTEM32\windows.storage.dll
0x00007ffd72320000 - 0x00007ffd72676000 	C:\Windows\System32\combase.dll
0x00007ffd70370000 - 0x00007ffd7039c000 	C:\Windows\SYSTEM32\Wldp.dll
0x00007ffd71f80000 - 0x00007ffd7202e000 	C:\Windows\System32\SHCORE.dll
0x00007ffd727b0000 - 0x00007ffd72805000 	C:\Windows\System32\shlwapi.dll
0x00007ffd70840000 - 0x00007ffd70866000 	C:\Windows\SYSTEM32\profapi.dll
0x00007ffd507f0000 - 0x00007ffd5080a000 	C:\Program Files\Android\Android Studio\jre\jre\bin\net.dll
0x00007ffd700f0000 - 0x00007ffd7015a000 	C:\Windows\system32\mswsock.dll
0x00007ffd4f250000 - 0x00007ffd4f263000 	C:\Program Files\Android\Android Studio\jre\jre\bin\nio.dll
0x00007ffd69e10000 - 0x00007ffd69e37000 	C:\Users\MOGA\.gradle\native\f6784746aeab05261644944871eae4fe03e0ef1612fff0a4a95f87b438bc6780\windows-amd64\native-platform.dll
0x00007ffd61dc0000 - 0x00007ffd61dcd000 	C:\Program Files\Android\Android Studio\jre\jre\bin\management.dll
0x00007ffd702d0000 - 0x00007ffd702e8000 	C:\Windows\SYSTEM32\CRYPTSP.dll
0x00007ffd6fa20000 - 0x00007ffd6fa54000 	C:\Windows\system32\rsaenh.dll
0x00007ffd70af0000 - 0x00007ffd70b17000 	C:\Windows\System32\bcrypt.dll
0x00007ffd707c0000 - 0x00007ffd707ee000 	C:\Windows\SYSTEM32\USERENV.dll
0x00007ffd710a0000 - 0x00007ffd71120000 	C:\Windows\System32\bcryptprimitives.dll
0x00007ffd702c0000 - 0x00007ffd702cc000 	C:\Windows\SYSTEM32\CRYPTBASE.dll
0x00007ffd6fd90000 - 0x00007ffd6fdcb000 	C:\Windows\SYSTEM32\IPHLPAPI.DLL
0x00007ffd71230000 - 0x00007ffd71238000 	C:\Windows\System32\NSI.dll
0x00007ffd65830000 - 0x00007ffd65847000 	C:\Windows\SYSTEM32\dhcpcsvc6.DLL
0x00007ffd65750000 - 0x00007ffd6576d000 	C:\Windows\SYSTEM32\dhcpcsvc.DLL
0x00007ffd6fdd0000 - 0x00007ffd6fe9b000 	C:\Windows\SYSTEM32\DNSAPI.dll
0x00007ffd67f00000 - 0x00007ffd67f0b000 	C:\Windows\SYSTEM32\WINNSI.DLL

VM Arguments:
jvm_args: -Xmx2048m -Dfile.encoding=UTF-8 -Duser.country=US -Duser.language=en -Duser.variant 
java_command: org.gradle.launcher.daemon.bootstrap.GradleDaemon 6.5
java_class_path (initial): C:\Users\MOGA\.gradle\wrapper\dists\gradle-6.5-bin\6nifqtx7604sqp1q6g8wikw7p\gradle-6.5\lib\gradle-launcher-6.5.jar
Launcher Type: SUN_STANDARD

Environment Variables:
PATH=C:\Program Files (x86)\Common Files\Oracle\Java\javapath;C:\Windows\system32;C:\Windows;C:\Windows\System32\Wbem;C:\Windows\System32\WindowsPowerShell\v1.0\;C:\Windows\System32\OpenSSH\;C:\Program Files (x86)\NVIDIA Corporation\PhysX\Common;C:\Program Files\NVIDIA Corporation\NVIDIA NvDLISR;C:\Program Files\Git\cmd;C:\Users\MOGA\AppData\Local\Microsoft\WindowsApps;
USERNAME=MOGA
OS=Windows_NT
PROCESSOR_IDENTIFIER=Intel64 Family 6 Model 158 Stepping 10, GenuineIntel



---------------  S Y S T E M  ---------------

OS: Windows 10.0 , 64 bit Build 19041 (10.0.19041.662)

CPU:total 12 (initial active 12) (6 cores per cpu, 2 threads per core) family 6 model 158 stepping 10, cmov, cx8, fxsr, mmx, sse, sse2, sse3, ssse3, sse4.1, sse4.2, popcnt, avx, avx2, aes, clmul, erms, 3dnowpref, lzcnt, ht, tsc, tscinvbit, bmi1, bmi2, adx

Memory: 4k page, physical 8264944k(590272k free), swap 14556400k(4016k free)

vm_info: OpenJDK 64-Bit Server VM (25.242-b01) for windows-amd64 JRE (1.8.0_242-release-1644-b01), built by "builder" with MS VC++ 10.0 (VS2010)

time: Tue Jan 26 18:36:30 2021
timezone: Egypt Standard Time
elapsed time: 8 seconds (0d 0h 0m 8s)

