#
# There is insufficient memory for the Java Runtime Environment to continue.
# Native memory allocation (malloc) failed to allocate 1579664 bytes for Chunk::new
# Possible reasons:
#   The system is out of physical RAM or swap space
#   The process is running with CompressedOops enabled, and the Java Heap may be blocking the growth of the native heap
# Possible solutions:
#   Reduce memory load on the system
#   Increase physical memory or swap space
#   Check if swap backing store is full
#   Decrease Java heap size (-Xmx/-Xms)
#   Decrease number of Java threads
#   Decrease Java thread stack sizes (-Xss)
#   Set larger code cache with -XX:ReservedCodeCacheSize=
#   JVM is running with Unscaled Compressed Oops mode in which the Java heap is
#     placed in the first 4GB address space. The Java Heap base address is the
#     maximum limit for the native heap growth. Please use -XX:HeapBaseMinAddress
#     to set the Java Heap base and to place the Java Heap above 4GB virtual address.
# This output file may be truncated or incomplete.
#
#  Out of Memory Error (allocation.cpp:389), pid=15168, tid=0x00000000000036f0
#
# JRE version: OpenJDK Runtime Environment (8.0_242-b01) (build 1.8.0_242-release-1644-b01)
# Java VM: OpenJDK 64-Bit Server VM (25.242-b01 mixed mode windows-amd64 compressed oops)
# Failed to write core dump. Minidumps are not enabled by default on client versions of Windows
#

---------------  T H R E A D  ---------------

Current thread (0x00000000190ab000):  JavaThread "C2 CompilerThread1" daemon [_thread_in_native, id=14064, stack(0x000000001a800000,0x000000001a900000)]

Stack: [0x000000001a800000,0x000000001a900000]
[error occurred during error reporting (printing stack bounds), id 0xc0000005]

Native frames: (J=compiled Java code, j=interpreted, Vv=VM code, C=native code)


Current CompileTask:
C2:   3711 2579       4       groovy.lang.MetaClassImpl$1MOPIter::methodNameAction (325 bytes)


---------------  P R O C E S S  ---------------

Java Threads: ( => current thread )
  0x0000000021c6b800 JavaThread "jar transforms Thread 114" [_thread_blocked, id=9916, stack(0x000000002c8d0000,0x000000002c9d0000)]
  0x0000000021c72800 JavaThread "jar transforms Thread 113" [_thread_blocked, id=11972, stack(0x000000002c7d0000,0x000000002c8d0000)]
  0x0000000021c71800 JavaThread "jar transforms Thread 112" [_thread_blocked, id=1844, stack(0x000000002c6d0000,0x000000002c7d0000)]
  0x0000000021c70000 JavaThread "jar transforms Thread 111" [_thread_blocked, id=4744, stack(0x000000002c5d0000,0x000000002c6d0000)]
  0x0000000021c6f800 JavaThread "jar transforms Thread 110" [_thread_blocked, id=12528, stack(0x000000002c4d0000,0x000000002c5d0000)]
  0x0000000021c6d000 JavaThread "jar transforms Thread 109" [_thread_blocked, id=10704, stack(0x000000002c3d0000,0x000000002c4d0000)]
  0x0000000021c6c800 JavaThread "jar transforms Thread 108" [_thread_blocked, id=9704, stack(0x000000002c2d0000,0x000000002c3d0000)]
  0x0000000021c6e800 JavaThread "jar transforms Thread 107" [_thread_blocked, id=3580, stack(0x000000002c1d0000,0x000000002c2d0000)]
  0x0000000021c6a000 JavaThread "jar transforms Thread 106" [_thread_blocked, id=7036, stack(0x000000002c0d0000,0x000000002c1d0000)]
  0x0000000021c71000 JavaThread "jar transforms Thread 105" [_thread_blocked, id=9720, stack(0x000000002bfd0000,0x000000002c0d0000)]
  0x0000000021c6b000 JavaThread "jar transforms Thread 104" [_thread_blocked, id=4372, stack(0x000000002bed0000,0x000000002bfd0000)]
  0x0000000021c69800 JavaThread "jar transforms Thread 103" [_thread_blocked, id=14140, stack(0x000000002bdd0000,0x000000002bed0000)]
  0x0000000021c6e000 JavaThread "jar transforms Thread 102" [_thread_blocked, id=12976, stack(0x000000002bcd0000,0x000000002bdd0000)]
  0x0000000021c68800 JavaThread "jar transforms Thread 101" [_thread_blocked, id=11016, stack(0x000000002bbd0000,0x000000002bcd0000)]
  0x00000000236cf800 JavaThread "jar transforms Thread 100" [_thread_blocked, id=3312, stack(0x000000002bad0000,0x000000002bbd0000)]
  0x00000000236cf000 JavaThread "jar transforms Thread 99" [_thread_blocked, id=12392, stack(0x000000002b9d0000,0x000000002bad0000)]
  0x00000000236d0800 JavaThread "jar transforms Thread 98" [_thread_blocked, id=6152, stack(0x000000002b8d0000,0x000000002b9d0000)]
  0x00000000236c7800 JavaThread "jar transforms Thread 97" [_thread_blocked, id=13376, stack(0x000000002b7d0000,0x000000002b8d0000)]
  0x00000000236ce000 JavaThread "jar transforms Thread 96" [_thread_blocked, id=12492, stack(0x000000002b6d0000,0x000000002b7d0000)]
  0x00000000236c6800 JavaThread "jar transforms Thread 95" [_thread_blocked, id=6256, stack(0x000000002b5d0000,0x000000002b6d0000)]
  0x00000000236cd800 JavaThread "jar transforms Thread 94" [_thread_blocked, id=12708, stack(0x000000002b4d0000,0x000000002b5d0000)]
  0x00000000236cc000 JavaThread "jar transforms Thread 93" [_thread_blocked, id=1620, stack(0x000000002b3d0000,0x000000002b4d0000)]
  0x00000000236cb000 JavaThread "jar transforms Thread 92" [_thread_blocked, id=7196, stack(0x000000002b2d0000,0x000000002b3d0000)]
  0x00000000236ca800 JavaThread "jar transforms Thread 91" [_thread_blocked, id=3648, stack(0x000000002b1d0000,0x000000002b2d0000)]
  0x00000000236c6000 JavaThread "jar transforms Thread 90" [_thread_blocked, id=8188, stack(0x000000002b0d0000,0x000000002b1d0000)]
  0x00000000236c9800 JavaThread "jar transforms Thread 89" [_thread_blocked, id=14452, stack(0x000000002afd0000,0x000000002b0d0000)]
  0x00000000236cc800 JavaThread "jar transforms Thread 88" [_thread_blocked, id=3644, stack(0x000000002aed0000,0x000000002afd0000)]
  0x00000000236c9000 JavaThread "jar transforms Thread 87" [_thread_blocked, id=3016, stack(0x000000002add0000,0x000000002aed0000)]
  0x00000000236c2000 JavaThread "jar transforms Thread 86" [_thread_blocked, id=9932, stack(0x000000002acd0000,0x000000002add0000)]
  0x00000000236c1800 JavaThread "jar transforms Thread 85" [_thread_blocked, id=13436, stack(0x000000002abd0000,0x000000002acd0000)]
  0x00000000236c5000 JavaThread "jar transforms Thread 84" [_thread_blocked, id=11152, stack(0x000000002aad0000,0x000000002abd0000)]
  0x00000000236c8000 JavaThread "jar transforms Thread 83" [_thread_blocked, id=10856, stack(0x000000002a9d0000,0x000000002aad0000)]
  0x00000000236c4800 JavaThread "jar transforms Thread 82" [_thread_blocked, id=7968, stack(0x000000002a8d0000,0x000000002a9d0000)]
  0x00000000236c3000 JavaThread "jar transforms Thread 81" [_thread_blocked, id=9248, stack(0x0000000026b10000,0x0000000026c10000)]
  0x00000000236c3800 JavaThread "jar transforms Thread 80" [_thread_blocked, id=2284, stack(0x000000002a640000,0x000000002a740000)]
  0x000000001cfa9000 JavaThread "jar transforms Thread 79" [_thread_blocked, id=7400, stack(0x000000002a540000,0x000000002a640000)]
  0x000000001cfa8000 JavaThread "jar transforms Thread 78" [_thread_blocked, id=4636, stack(0x000000002a440000,0x000000002a540000)]
  0x000000001cfa6800 JavaThread "jar transforms Thread 77" [_thread_blocked, id=6904, stack(0x000000002a340000,0x000000002a440000)]
  0x000000001cfa5000 JavaThread "jar transforms Thread 76" [_thread_blocked, id=1564, stack(0x000000002a240000,0x000000002a340000)]
  0x000000001cfa6000 JavaThread "jar transforms Thread 75" [_thread_blocked, id=6272, stack(0x000000002a140000,0x000000002a240000)]
  0x000000001cfa7800 JavaThread "jar transforms Thread 74" [_thread_blocked, id=9764, stack(0x000000002a040000,0x000000002a140000)]
  0x000000001cfa4800 JavaThread "jar transforms Thread 73" [_thread_blocked, id=4708, stack(0x0000000029f40000,0x000000002a040000)]
  0x000000001cf9d000 JavaThread "jar transforms Thread 72" [_thread_blocked, id=13552, stack(0x0000000029e40000,0x0000000029f40000)]
  0x000000001cfa3800 JavaThread "jar transforms Thread 71" [_thread_blocked, id=13584, stack(0x0000000029d40000,0x0000000029e40000)]
  0x000000001cf9c000 JavaThread "jar transforms Thread 70" [_thread_blocked, id=9828, stack(0x0000000029c40000,0x0000000029d40000)]
  0x000000001cfa3000 JavaThread "jar transforms Thread 69" [_thread_blocked, id=7116, stack(0x0000000029b40000,0x0000000029c40000)]
  0x000000001cfa2000 JavaThread "jar transforms Thread 68" [_thread_blocked, id=14808, stack(0x0000000029a40000,0x0000000029b40000)]
  0x000000001cfa1800 JavaThread "jar transforms Thread 67" [_thread_blocked, id=15256, stack(0x0000000029940000,0x0000000029a40000)]
  0x000000001cfa0800 JavaThread "jar transforms Thread 66" [_thread_blocked, id=5632, stack(0x0000000029840000,0x0000000029940000)]
  0x000000001cf9e800 JavaThread "jar transforms Thread 65" [_thread_blocked, id=9380, stack(0x0000000029740000,0x0000000029840000)]
  0x000000001cf9d800 JavaThread "jar transforms Thread 64" [_thread_blocked, id=13604, stack(0x0000000029640000,0x0000000029740000)]
  0x000000001cfa0000 JavaThread "jar transforms Thread 63" [_thread_blocked, id=3184, stack(0x0000000029540000,0x0000000029640000)]
  0x000000001cf9a800 JavaThread "jar transforms Thread 62" [_thread_blocked, id=7708, stack(0x0000000029440000,0x0000000029540000)]
  0x000000001cf9b800 JavaThread "jar transforms Thread 61" [_thread_blocked, id=8548, stack(0x0000000029340000,0x0000000029440000)]
  0x000000001cf9f000 JavaThread "jar transforms Thread 60" [_thread_blocked, id=6880, stack(0x0000000029240000,0x0000000029340000)]
  0x000000001cf9a000 JavaThread "jar transforms Thread 59" [_thread_blocked, id=13740, stack(0x0000000029140000,0x0000000029240000)]
  0x000000002249f800 JavaThread "jar transforms Thread 58" [_thread_blocked, id=7772, stack(0x0000000029040000,0x0000000029140000)]
  0x000000002249d000 JavaThread "jar transforms Thread 57" [_thread_blocked, id=11052, stack(0x0000000028f40000,0x0000000029040000)]
  0x00000000224a0000 JavaThread "jar transforms Thread 56" [_thread_blocked, id=8528, stack(0x0000000028e40000,0x0000000028f40000)]
  0x000000002249c000 JavaThread "jar transforms Thread 55" [_thread_blocked, id=3216, stack(0x0000000028d40000,0x0000000028e40000)]
  0x000000002249b800 JavaThread "jar transforms Thread 54" [_thread_blocked, id=2332, stack(0x0000000028c40000,0x0000000028d40000)]
  0x000000002249e000 JavaThread "jar transforms Thread 53" [_thread_blocked, id=6220, stack(0x0000000028b40000,0x0000000028c40000)]
  0x000000002249e800 JavaThread "jar transforms Thread 52" [_thread_blocked, id=6800, stack(0x0000000028a40000,0x0000000028b40000)]
  0x00000000224a1000 JavaThread "jar transforms Thread 51" [_thread_blocked, id=10208, stack(0x0000000028940000,0x0000000028a40000)]
  0x0000000022494000 JavaThread "jar transforms Thread 50" [_thread_blocked, id=9192, stack(0x0000000028840000,0x0000000028940000)]
  0x0000000022494800 JavaThread "jar transforms Thread 49" [_thread_blocked, id=5192, stack(0x0000000028740000,0x0000000028840000)]
  0x000000002249a000 JavaThread "jar transforms Thread 48" [_thread_blocked, id=13412, stack(0x0000000028640000,0x0000000028740000)]
  0x000000002249a800 JavaThread "jar transforms Thread 47" [_thread_blocked, id=12964, stack(0x0000000028540000,0x0000000028640000)]
  0x0000000022492800 JavaThread "jar transforms Thread 46" [_thread_blocked, id=10628, stack(0x0000000028440000,0x0000000028540000)]
  0x0000000022499000 JavaThread "jar transforms Thread 45" [_thread_blocked, id=5724, stack(0x0000000028340000,0x0000000028440000)]
  0x0000000022496000 JavaThread "jar transforms Thread 44" [_thread_blocked, id=10984, stack(0x0000000028240000,0x0000000028340000)]
  0x0000000022497000 JavaThread "jar transforms Thread 43" [_thread_blocked, id=10140, stack(0x0000000028140000,0x0000000028240000)]
  0x0000000022497800 JavaThread "jar transforms Thread 42" [_thread_blocked, id=10072, stack(0x0000000028040000,0x0000000028140000)]
  0x0000000022491800 JavaThread "jar transforms Thread 41" [_thread_blocked, id=4984, stack(0x0000000027f40000,0x0000000028040000)]
  0x0000000022493000 JavaThread "jar transforms Thread 40" [_thread_blocked, id=2804, stack(0x0000000027e40000,0x0000000027f40000)]
  0x0000000022495800 JavaThread "jar transforms Thread 39" [_thread_blocked, id=9340, stack(0x0000000027d40000,0x0000000027e40000)]
  0x0000000022498800 JavaThread "jar transforms Thread 38" [_thread_blocked, id=4740, stack(0x0000000027c40000,0x0000000027d40000)]
  0x000000002025e800 JavaThread "jar transforms Thread 37" [_thread_blocked, id=15176, stack(0x0000000027b40000,0x0000000027c40000)]
  0x000000002025d800 JavaThread "jar transforms Thread 36" [_thread_blocked, id=5952, stack(0x0000000027a40000,0x0000000027b40000)]
  0x000000002025d000 JavaThread "jar transforms Thread 35" [_thread_blocked, id=1248, stack(0x0000000027940000,0x0000000027a40000)]
  0x000000002025c000 JavaThread "jar transforms Thread 34" [_thread_blocked, id=11968, stack(0x0000000027840000,0x0000000027940000)]
  0x000000002025b800 JavaThread "jar transforms Thread 33" [_thread_blocked, id=13132, stack(0x0000000027740000,0x0000000027840000)]
  0x0000000020260000 JavaThread "jar transforms Thread 32" [_thread_blocked, id=8488, stack(0x0000000027640000,0x0000000027740000)]
  0x000000002025f000 JavaThread "jar transforms Thread 31" [_thread_blocked, id=10376, stack(0x0000000027540000,0x0000000027640000)]
  0x0000000020254800 JavaThread "jar transforms Thread 30" [_thread_blocked, id=13036, stack(0x0000000027440000,0x0000000027540000)]
  0x000000002025a800 JavaThread "jar transforms Thread 29" [_thread_blocked, id=11124, stack(0x0000000027340000,0x0000000027440000)]
  0x0000000020253000 JavaThread "jar transforms Thread 28" [_thread_blocked, id=10420, stack(0x0000000027240000,0x0000000027340000)]
  0x000000002025a000 JavaThread "jar transforms Thread 27" [_thread_blocked, id=14632, stack(0x0000000027140000,0x0000000027240000)]
  0x0000000020252800 JavaThread "jar transforms Thread 26" [_thread_blocked, id=7864, stack(0x0000000027040000,0x0000000027140000)]
  0x0000000020259000 JavaThread "jar transforms Thread 25" [_thread_blocked, id=14188, stack(0x0000000026f40000,0x0000000027040000)]
  0x0000000020254000 JavaThread "jar transforms Thread 24" [_thread_blocked, id=7852, stack(0x0000000026e40000,0x0000000026f40000)]
  0x0000000020251800 JavaThread "jar transforms Thread 23" [_thread_blocked, id=6292, stack(0x0000000026d40000,0x0000000026e40000)]
  0x0000000020258800 JavaThread "jar transforms Thread 22" [_thread_blocked, id=4840, stack(0x0000000026c40000,0x0000000026d40000)]
  0x0000000020256000 JavaThread "jar transforms Thread 21" [_thread_blocked, id=8128, stack(0x00000000267e0000,0x00000000268e0000)]
  0x0000000020255800 JavaThread "jar transforms Thread 20" [_thread_blocked, id=11928, stack(0x00000000266e0000,0x00000000267e0000)]
  0x0000000020251000 JavaThread "jar transforms Thread 19" [_thread_blocked, id=15248, stack(0x00000000265e0000,0x00000000266e0000)]
  0x0000000020257800 JavaThread "jar transforms Thread 18" [_thread_blocked, id=5504, stack(0x00000000264e0000,0x00000000265e0000)]
  0x0000000020257000 JavaThread "jar transforms Thread 17" [_thread_blocked, id=10108, stack(0x00000000263e0000,0x00000000264e0000)]
  0x000000001b14f800 JavaThread "jar transforms Thread 16" [_thread_blocked, id=14932, stack(0x00000000262e0000,0x00000000263e0000)]
  0x000000001b151000 JavaThread "jar transforms Thread 15" [_thread_blocked, id=14148, stack(0x00000000261e0000,0x00000000262e0000)]
  0x000000001b153800 JavaThread "jar transforms Thread 14" [_thread_blocked, id=9784, stack(0x00000000260e0000,0x00000000261e0000)]
  0x000000001b156800 JavaThread "jar transforms Thread 13" [_thread_blocked, id=11188, stack(0x0000000025fe0000,0x00000000260e0000)]
  0x000000001b150800 JavaThread "jar transforms Thread 12" [_thread_blocked, id=3800, stack(0x0000000025ee0000,0x0000000025fe0000)]
  0x000000001b153000 JavaThread "jar transforms Thread 11" [_thread_blocked, id=4760, stack(0x0000000025de0000,0x0000000025ee0000)]
  0x000000001b155000 JavaThread "jar transforms Thread 10" [_thread_blocked, id=15336, stack(0x0000000025ce0000,0x0000000025de0000)]
  0x000000001b154800 JavaThread "jar transforms Thread 9" [_thread_blocked, id=6444, stack(0x0000000025be0000,0x0000000025ce0000)]
  0x000000001b152000 JavaThread "jar transforms Thread 8" [_thread_blocked, id=8860, stack(0x0000000025ae0000,0x0000000025be0000)]
  0x000000001b156000 JavaThread "jar transforms Thread 7" [_thread_blocked, id=15184, stack(0x00000000259e0000,0x0000000025ae0000)]
  0x000000001f0e7800 JavaThread "jar transforms Thread 6" [_thread_blocked, id=11324, stack(0x00000000258e0000,0x00000000259e0000)]
  0x000000001f0e5000 JavaThread "jar transforms Thread 5" [_thread_blocked, id=14748, stack(0x00000000257e0000,0x00000000258e0000)]
  0x000000001f0e4800 JavaThread "jar transforms Thread 4" [_thread_blocked, id=14136, stack(0x00000000256e0000,0x00000000257e0000)]
  0x000000001f0e6800 JavaThread "jar transforms Thread 3" [_thread_blocked, id=8080, stack(0x00000000255e0000,0x00000000256e0000)]
  0x000000001f0e3000 JavaThread "jar transforms Thread 2" [_thread_blocked, id=4756, stack(0x00000000254e0000,0x00000000255e0000)]
  0x000000001f0e6000 JavaThread "Build operations Thread 12" [_thread_blocked, id=11792, stack(0x00000000253e0000,0x00000000254e0000)]
  0x000000001f0e3800 JavaThread "Build operations Thread 11" [_thread_blocked, id=14984, stack(0x00000000252e0000,0x00000000253e0000)]
  0x000000001f0e2000 JavaThread "Build operations Thread 10" [_thread_blocked, id=5368, stack(0x00000000251e0000,0x00000000252e0000)]
  0x000000001f0e1800 JavaThread "Build operations Thread 9" [_thread_blocked, id=1100, stack(0x00000000250e0000,0x00000000251e0000)]
  0x000000001f0d9800 JavaThread "Build operations Thread 8" [_thread_blocked, id=9940, stack(0x0000000024fe0000,0x00000000250e0000)]
  0x000000001f0e0800 JavaThread "Build operations Thread 7" [_thread_blocked, id=6200, stack(0x0000000024ee0000,0x0000000024fe0000)]
  0x000000001f0d9000 JavaThread "Build operations Thread 6" [_thread_blocked, id=6692, stack(0x0000000024ce0000,0x0000000024de0000)]
  0x000000001f0df800 JavaThread "Build operations Thread 5" [_thread_blocked, id=7636, stack(0x0000000024be0000,0x0000000024ce0000)]
  0x000000001f0dc000 JavaThread "Build operations Thread 4" [_thread_blocked, id=2236, stack(0x0000000024ae0000,0x0000000024be0000)]
  0x000000001f0dd800 JavaThread "Build operations Thread 3" [_thread_blocked, id=7312, stack(0x00000000249e0000,0x0000000024ae0000)]
  0x000000001f0dc800 JavaThread "Build operations Thread 2" [_thread_blocked, id=13992, stack(0x00000000248e0000,0x00000000249e0000)]
  0x000000001f0d8000 JavaThread "Build operations" [_thread_blocked, id=14424, stack(0x00000000247e0000,0x00000000248e0000)]
  0x000000001c87d800 JavaThread "Cache worker for file content cache (C:\Users\MOGA\.gradle\caches\6.5\fileContent)" [_thread_blocked, id=7780, stack(0x0000000023110000,0x0000000023210000)]
  0x000000001c87b800 JavaThread "jar transforms" [_thread_blocked, id=14896, stack(0x0000000023010000,0x0000000023110000)]
  0x000000001c879000 JavaThread "Cache worker for execution history cache (C:\Users\MOGA\.gradle\caches\6.5\executionHistory)" [_thread_blocked, id=6020, stack(0x0000000022910000,0x0000000022a10000)]
  0x000000001c880000 JavaThread "Cache worker for cache directory md-rule (C:\Users\MOGA\.gradle\caches\6.5\md-rule)" [_thread_blocked, id=10284, stack(0x0000000022810000,0x0000000022910000)]
  0x000000001c87d000 JavaThread "Cache worker for cache directory md-supplier (C:\Users\MOGA\.gradle\caches\6.5\md-supplier)" [_thread_blocked, id=12540, stack(0x0000000022710000,0x0000000022810000)]
  0x000000001c87a800 JavaThread "Cache worker for checksums cache (C:\Users\MOGA\Desktop\Android_studio_kotlin\Hamakifinal\.gradle\checksums)" [_thread_blocked, id=14560, stack(0x0000000022610000,0x0000000022710000)]
  0x000000001c87a000 JavaThread "Cache worker for file hash cache (C:\Users\MOGA\Desktop\Android_studio_kotlin\Hamakifinal\.gradle\6.5\fileHashes)" [_thread_blocked, id=13324, stack(0x0000000021270000,0x0000000021370000)]
  0x000000001c87f000 JavaThread "Cache worker for file hash cache (C:\Users\MOGA\.gradle\caches\6.5\fileHashes)" [_thread_blocked, id=10736, stack(0x000000001ed20000,0x000000001ee20000)]
  0x000000001c87e800 JavaThread "File lock request listener" [_thread_in_native, id=13704, stack(0x000000001ec20000,0x000000001ed20000)]
  0x000000001c870000 JavaThread "Cache worker for journal cache (C:\Users\MOGA\.gradle\caches\journal-1)" [_thread_blocked, id=10936, stack(0x000000001eb20000,0x000000001ec20000)]
  0x000000001ae45800 JavaThread "Thread-9" [_thread_blocked, id=2320, stack(0x000000001e820000,0x000000001e920000)]
  0x000000001c842000 JavaThread "Stdin handler" [_thread_blocked, id=8308, stack(0x000000001e720000,0x000000001e820000)]
  0x000000001c827000 JavaThread "Asynchronous log dispatcher for DefaultDaemonConnection: socket connection from /127.0.0.1:62379 to /127.0.0.1:62380" [_thread_blocked, id=11428, stack(0x000000001e620000,0x000000001e720000)]
  0x000000001c824000 JavaThread "Daemon worker" [_thread_in_Java, id=6412, stack(0x000000001e520000,0x000000001e620000)]
  0x000000001c857000 JavaThread "Cancel handler" [_thread_blocked, id=7348, stack(0x000000001e420000,0x000000001e520000)]
  0x000000001c76c800 JavaThread "Handler for socket connection from /127.0.0.1:62379 to /127.0.0.1:62380" [_thread_in_native, id=3652, stack(0x000000001e320000,0x000000001e420000)]
  0x000000001c76a000 JavaThread "Daemon" [_thread_blocked, id=13080, stack(0x000000001e220000,0x000000001e320000)]
  0x000000001c767000 JavaThread "Daemon periodic checks" [_thread_blocked, id=13088, stack(0x000000001df20000,0x000000001e020000)]
  0x000000001c756800 JavaThread "Incoming local TCP Connector on port 62379" [_thread_in_native, id=11684, stack(0x000000001dce0000,0x000000001dde0000)]
  0x000000001c710000 JavaThread "Daemon health stats" [_thread_blocked, id=4824, stack(0x000000001d6a0000,0x000000001d7a0000)]
  0x00000000190d2000 JavaThread "Service Thread" daemon [_thread_blocked, id=7876, stack(0x000000001ab00000,0x000000001ac00000)]
  0x00000000190af000 JavaThread "C1 CompilerThread3" daemon [_thread_blocked, id=5172, stack(0x000000001aa00000,0x000000001ab00000)]
  0x00000000190ae800 JavaThread "C2 CompilerThread2" daemon [_thread_blocked, id=9616, stack(0x000000001a900000,0x000000001aa00000)]
=>0x00000000190ab000 JavaThread "C2 CompilerThread1" daemon [_thread_in_native, id=14064, stack(0x000000001a800000,0x000000001a900000)]
  0x00000000190a5000 JavaThread "C2 CompilerThread0" daemon [_thread_blocked, id=12548, stack(0x000000001a700000,0x000000001a800000)]
  0x00000000190a3000 JavaThread "Attach Listener" daemon [_thread_blocked, id=9556, stack(0x000000001a600000,0x000000001a700000)]
  0x00000000190a2000 JavaThread "Signal Dispatcher" daemon [_thread_blocked, id=9564, stack(0x000000001a500000,0x000000001a600000)]
  0x000000000273a000 JavaThread "Finalizer" daemon [_thread_blocked, id=13176, stack(0x000000001a300000,0x000000001a400000)]
  0x00000000179ac800 JavaThread "Reference Handler" daemon [_thread_blocked, id=8920, stack(0x000000001a200000,0x000000001a300000)]
  0x00000000024cd800 JavaThread "main" [_thread_blocked, id=8820, stack(0x0000000002540000,0x0000000002640000)]

Other Threads:
  0x0000000019072800 VMThread [stack: 0x000000001a100000,0x000000001a200000] [id=11668]
  0x00000000190d2800 WatcherThread [stack: 0x000000001ac00000,0x000000001ad00000] [id=11296]

VM state:not at safepoint (normal execution)

VM Mutex/Monitor currently owned by a thread: None

heap address: 0x0000000080000000, size: 2048 MB, Compressed Oops mode: 32-bit
Narrow klass base: 0x0000000000000000, Narrow klass shift: 3
Compressed class space size: 1073741824 Address: 0x0000000100000000

Heap:
 PSYoungGen      total 75776K, used 11170K [0x00000000d5580000, 0x00000000dac80000, 0x0000000100000000)
  eden space 65536K, 8% used [0x00000000d5580000,0x00000000d5a9f1f0,0x00000000d9580000)
  from space 10240K, 57% used [0x00000000da080000,0x00000000da649870,0x00000000daa80000)
  to   space 11264K, 0% used [0x00000000d9580000,0x00000000d9580000,0x00000000da080000)
 ParOldGen       total 60416K, used 15133K [0x0000000080000000, 0x0000000083b00000, 0x00000000d5580000)
  object space 60416K, 25% used [0x0000000080000000,0x0000000080ec74b0,0x0000000083b00000)
 Metaspace       used 36449K, capacity 38070K, committed 38184K, reserved 1081344K
  class space    used 5008K, capacity 5326K, committed 5424K, reserved 1048576K

Card table byte_map: [0x0000000011b00000,0x0000000011f10000] byte_map_base: 0x0000000011700000

Marking Bits: (ParMarkBitMap*) 0x000000005188f030
 Begin Bits: [0x0000000012bc0000, 0x0000000014bc0000)
 End Bits:   [0x0000000014bc0000, 0x0000000016bc0000)

Polling page: 0x0000000002380000

CodeCache: size=245760Kb used=12561Kb max_used=12571Kb free=233198Kb
 bounds [0x0000000002740000, 0x0000000003390000, 0x0000000011740000]
 total_blobs=4398 nmethods=3697 adapters=613
 compilation: enabled

Compilation events (10 events):
Event: 3.708 Thread 0x00000000190af000 nmethod 3682 0x0000000003378090 code [0x0000000003378220, 0x00000000033785d8]
Event: 3.708 Thread 0x00000000190af000 3683       3       org.gradle.internal.serialize.kryo.KryoBackedEncoder::writeByte (9 bytes)
Event: 3.708 Thread 0x00000000190af000 nmethod 3683 0x000000000337b950 code [0x000000000337bac0, 0x000000000337bd68]
Event: 3.709 Thread 0x00000000190af000 3684       3       java.util.concurrent.TimeUnit$3::toNanos (11 bytes)
Event: 3.709 Thread 0x00000000190a5000 nmethod 3614 0x000000000337bf10 code [0x000000000337c100, 0x000000000337db78]
Event: 3.709 Thread 0x00000000190a5000 3661       4       com.google.common.cache.LocalCache::rehash (49 bytes)
Event: 3.710 Thread 0x00000000190af000 nmethod 3684 0x0000000003377bd0 code [0x0000000003377d40, 0x0000000003377fb0]
Event: 3.710 Thread 0x00000000190af000 3691       3       org.gradle.internal.io.StreamByteBuffer$StreamByteBufferInputStream::readImpl (150 bytes)
Event: 3.710 Thread 0x00000000190a5000 nmethod 3661 0x00000000032fde10 code [0x00000000032fdf40, 0x00000000032fdfd8]
Event: 3.710 Thread 0x00000000190a5000 3662       4       com.google.common.cache.LocalCache::segmentFor (17 bytes)

GC Heap History (10 events):
Event: 2.721 GC heap before
{Heap before GC invocations=8 (full 1):
 PSYoungGen      total 75776K, used 65536K [0x00000000d5580000, 0x00000000dac80000, 0x0000000100000000)
  eden space 65536K, 100% used [0x00000000d5580000,0x00000000d9580000,0x00000000d9580000)
  from space 10240K, 0% used [0x00000000da080000,0x00000000da080000,0x00000000daa80000)
  to   space 11264K, 0% used [0x00000000d9580000,0x00000000d9580000,0x00000000da080000)
 ParOldGen       total 60416K, used 9050K [0x0000000080000000, 0x0000000083b00000, 0x00000000d5580000)
  object space 60416K, 14% used [0x0000000080000000,0x00000000808d6bc8,0x0000000083b00000)
 Metaspace       used 28830K, capacity 29680K, committed 29872K, reserved 1075200K
  class space    used 3991K, capacity 4227K, committed 4272K, reserved 1048576K
Event: 2.736 GC heap after
Heap after GC invocations=8 (full 1):
 PSYoungGen      total 76800K, used 8674K [0x00000000d5580000, 0x00000000dac80000, 0x0000000100000000)
  eden space 65536K, 0% used [0x00000000d5580000,0x00000000d5580000,0x00000000d9580000)
  from space 11264K, 77% used [0x00000000d9580000,0x00000000d9df8800,0x00000000da080000)
  to   space 10240K, 0% used [0x00000000da080000,0x00000000da080000,0x00000000daa80000)
 ParOldGen       total 60416K, used 9058K [0x0000000080000000, 0x0000000083b00000, 0x00000000d5580000)
  object space 60416K, 14% used [0x0000000080000000,0x00000000808d8bc8,0x0000000083b00000)
 Metaspace       used 28830K, capacity 29680K, committed 29872K, reserved 1075200K
  class space    used 3991K, capacity 4227K, committed 4272K, reserved 1048576K
}
Event: 3.085 GC heap before
{Heap before GC invocations=9 (full 1):
 PSYoungGen      total 76800K, used 74210K [0x00000000d5580000, 0x00000000dac80000, 0x0000000100000000)
  eden space 65536K, 100% used [0x00000000d5580000,0x00000000d9580000,0x00000000d9580000)
  from space 11264K, 77% used [0x00000000d9580000,0x00000000d9df8800,0x00000000da080000)
  to   space 10240K, 0% used [0x00000000da080000,0x00000000da080000,0x00000000daa80000)
 ParOldGen       total 60416K, used 9058K [0x0000000080000000, 0x0000000083b00000, 0x00000000d5580000)
  object space 60416K, 14% used [0x0000000080000000,0x00000000808d8bc8,0x0000000083b00000)
 Metaspace       used 32811K, capacity 33818K, committed 33968K, reserved 1079296K
  class space    used 4482K, capacity 4719K, committed 4784K, reserved 1048576K
Event: 3.091 GC heap after
Heap after GC invocations=9 (full 1):
 PSYoungGen      total 75776K, used 9648K [0x00000000d5580000, 0x00000000dac80000, 0x0000000100000000)
  eden space 65536K, 0% used [0x00000000d5580000,0x00000000d5580000,0x00000000d9580000)
  from space 10240K, 94% used [0x00000000da080000,0x00000000da9ec3c8,0x00000000daa80000)
  to   space 11264K, 0% used [0x00000000d9580000,0x00000000d9580000,0x00000000da080000)
 ParOldGen       total 60416K, used 9066K [0x0000000080000000, 0x0000000083b00000, 0x00000000d5580000)
  object space 60416K, 15% used [0x0000000080000000,0x00000000808dabc8,0x0000000083b00000)
 Metaspace       used 32811K, capacity 33818K, committed 33968K, reserved 1079296K
  class space    used 4482K, capacity 4719K, committed 4784K, reserved 1048576K
}
Event: 3.245 GC heap before
{Heap before GC invocations=10 (full 1):
 PSYoungGen      total 75776K, used 39123K [0x00000000d5580000, 0x00000000dac80000, 0x0000000100000000)
  eden space 65536K, 44% used [0x00000000d5580000,0x00000000d7248860,0x00000000d9580000)
  from space 10240K, 94% used [0x00000000da080000,0x00000000da9ec3c8,0x00000000daa80000)
  to   space 11264K, 0% used [0x00000000d9580000,0x00000000d9580000,0x00000000da080000)
 ParOldGen       total 60416K, used 9066K [0x0000000080000000, 0x0000000083b00000, 0x00000000d5580000)
  object space 60416K, 15% used [0x0000000080000000,0x00000000808dabc8,0x0000000083b00000)
 Metaspace       used 34248K, capacity 35396K, committed 35496K, reserved 1079296K
  class space    used 4712K, capacity 5001K, committed 5040K, reserved 1048576K
Event: 3.251 GC heap after
Heap after GC invocations=10 (full 1):
 PSYoungGen      total 76800K, used 8798K [0x00000000d5580000, 0x00000000dac80000, 0x0000000100000000)
  eden space 65536K, 0% used [0x00000000d5580000,0x00000000d5580000,0x00000000d9580000)
  from space 11264K, 78% used [0x00000000d9580000,0x00000000d9e17858,0x00000000da080000)
  to   space 10240K, 0% used [0x00000000da080000,0x00000000da080000,0x00000000daa80000)
 ParOldGen       total 60416K, used 9074K [0x0000000080000000, 0x0000000083b00000, 0x00000000d5580000)
  object space 60416K, 15% used [0x0000000080000000,0x00000000808dcbc8,0x0000000083b00000)
 Metaspace       used 34248K, capacity 35396K, committed 35496K, reserved 1079296K
  class space    used 4712K, capacity 5001K, committed 5040K, reserved 1048576K
}
Event: 3.251 GC heap before
{Heap before GC invocations=11 (full 2):
 PSYoungGen      total 76800K, used 8798K [0x00000000d5580000, 0x00000000dac80000, 0x0000000100000000)
  eden space 65536K, 0% used [0x00000000d5580000,0x00000000d5580000,0x00000000d9580000)
  from space 11264K, 78% used [0x00000000d9580000,0x00000000d9e17858,0x00000000da080000)
  to   space 10240K, 0% used [0x00000000da080000,0x00000000da080000,0x00000000daa80000)
 ParOldGen       total 60416K, used 9074K [0x0000000080000000, 0x0000000083b00000, 0x00000000d5580000)
  object space 60416K, 15% used [0x0000000080000000,0x00000000808dcbc8,0x0000000083b00000)
 Metaspace       used 34248K, capacity 35396K, committed 35496K, reserved 1079296K
  class space    used 4712K, capacity 5001K, committed 5040K, reserved 1048576K
Event: 3.295 GC heap after
Heap after GC invocations=11 (full 2):
 PSYoungGen      total 76800K, used 0K [0x00000000d5580000, 0x00000000dac80000, 0x0000000100000000)
  eden space 65536K, 0% used [0x00000000d5580000,0x00000000d5580000,0x00000000d9580000)
  from space 11264K, 0% used [0x00000000d9580000,0x00000000d9580000,0x00000000da080000)
  to   space 10240K, 0% used [0x00000000da080000,0x00000000da080000,0x00000000daa80000)
 ParOldGen       total 60416K, used 15125K [0x0000000080000000, 0x0000000083b00000, 0x00000000d5580000)
  object space 60416K, 25% used [0x0000000080000000,0x0000000080ec54b0,0x0000000083b00000)
 Metaspace       used 34248K, capacity 35396K, committed 35496K, reserved 1079296K
  class space    used 4712K, capacity 5001K, committed 5040K, reserved 1048576K
}
Event: 3.661 GC heap before
{Heap before GC invocations=12 (full 2):
 PSYoungGen      total 76800K, used 65536K [0x00000000d5580000, 0x00000000dac80000, 0x0000000100000000)
  eden space 65536K, 100% used [0x00000000d5580000,0x00000000d9580000,0x00000000d9580000)
  from space 11264K, 0% used [0x00000000d9580000,0x00000000d9580000,0x00000000da080000)
  to   space 10240K, 0% used [0x00000000da080000,0x00000000da080000,0x00000000daa80000)
 ParOldGen       total 60416K, used 15125K [0x0000000080000000, 0x0000000083b00000, 0x00000000d5580000)
  object space 60416K, 25% used [0x0000000080000000,0x0000000080ec54b0,0x0000000083b00000)
 Metaspace       used 36357K, capacity 37988K, committed 38184K, reserved 1081344K
  class space    used 4998K, capacity 5323K, committed 5424K, reserved 1048576K
Event: 3.667 GC heap after
Heap after GC invocations=12 (full 2):
 PSYoungGen      total 75776K, used 5926K [0x00000000d5580000, 0x00000000dac80000, 0x0000000100000000)
  eden space 65536K, 0% used [0x00000000d5580000,0x00000000d5580000,0x00000000d9580000)
  from space 10240K, 57% used [0x00000000da080000,0x00000000da649870,0x00000000daa80000)
  to   space 11264K, 0% used [0x00000000d9580000,0x00000000d9580000,0x00000000da080000)
 ParOldGen       total 60416K, used 15133K [0x0000000080000000, 0x0000000083b00000, 0x00000000d5580000)
  object space 60416K, 25% used [0x0000000080000000,0x0000000080ec74b0,0x0000000083b00000)
 Metaspace       used 36357K, capacity 37988K, committed 38184K, reserved 1081344K
  class space    used 4998K, capacity 5323K, committed 5424K, reserved 1048576K
}

Deoptimization events (10 events):
Event: 2.990 Thread 0x000000001c824000 Uncommon trap: reason=unstable_if action=reinterpret pc=0x0000000002d72828 method=java.net.URLClassLoader.defineClass(Ljava/lang/String;Lsun/misc/Resource;)Ljava/lang/Class; @ 21
Event: 3.036 Thread 0x000000001c824000 Uncommon trap: reason=unstable_if action=reinterpret pc=0x00000000030c79fc method=org.codehaus.groovy.runtime.metaclass.MetaMethodIndex.addMethodToList(Ljava/lang/Object;Lgroovy/lang/MetaMethod;)Ljava/lang/Object; @ 226
Event: 3.063 Thread 0x000000001c824000 Uncommon trap: reason=class_check action=maybe_recompile pc=0x0000000002e8e7e8 method=java.util.WeakHashMap.eq(Ljava/lang/Object;Ljava/lang/Object;)Z @ 7
Event: 3.153 Thread 0x000000001c824000 Uncommon trap: reason=unstable_if action=reinterpret pc=0x0000000002bd7a8c method=java.util.WeakHashMap.expungeStaleEntries()V @ 66
Event: 3.295 Thread 0x000000000273a000 Uncommon trap: reason=unstable_if action=reinterpret pc=0x0000000002cc2964 method=java.lang.ref.Finalizer.remove()V @ 10
Event: 3.562 Thread 0x000000001f0e0800 Uncommon trap: reason=unstable_if action=reinterpret pc=0x0000000002c9c050 method=java.util.concurrent.ConcurrentHashMap.addCount(JI)V @ 34
Event: 3.573 Thread 0x000000001f0e0800 Uncommon trap: reason=unstable_if action=reinterpret pc=0x000000000326b61c method=com.esotericsoftware.kryo.io.Input.readUtf8Length(I)I @ 9
Event: 3.573 Thread 0x000000001f0e6000 Uncommon trap: reason=unstable_if action=reinterpret pc=0x000000000320f864 method=com.esotericsoftware.kryo.io.Input.readUtf8Length(I)I @ 9
Event: 3.576 Thread 0x000000001f0e6000 Uncommon trap: reason=unstable_if action=reinterpret pc=0x0000000002c18db8 method=java.util.concurrent.ConcurrentHashMap.addCount(JI)V @ 7
Event: 3.674 Thread 0x000000001c824000 Uncommon trap: reason=unstable_if action=reinterpret pc=0x000000000330f188 method=org.gradle.internal.snapshot.PathUtil.equalChars(CCLorg/gradle/internal/snapshot/CaseSensitivity;)Z @ 11

Classes redefined (0 events):
No events

Internal exceptions (10 events):
Event: 3.166 Thread 0x000000001c824000 Exception <a 'java/lang/ClassNotFoundException': groovy/lang/GStringCustomizer> (0x00000000d624eb00) thrown at [C:\src\AOSP-openjdk-git\hotspot\src\share\vm\classfile\systemDictionary.cpp, line 210]
Event: 3.167 Thread 0x000000001c824000 Exception <a 'java/lang/ClassNotFoundException': groovy/lang/GString$1Customizer> (0x00000000d627cf48) thrown at [C:\src\AOSP-openjdk-git\hotspot\src\share\vm\classfile\systemDictionary.cpp, line 210]
Event: 3.169 Thread 0x000000001c824000 Exception <a 'java/lang/ClassNotFoundException': org/codehaus/groovy/runtime/GStringImplBeanInfo> (0x00000000d632bcf8) thrown at [C:\src\AOSP-openjdk-git\hotspot\src\share\vm\classfile\systemDictionary.cpp, line 210]
Event: 3.169 Thread 0x000000001c824000 Exception <a 'java/lang/ClassNotFoundException': org/codehaus/groovy/runtime/GStringImplCustomizer> (0x00000000d6357da8) thrown at [C:\src\AOSP-openjdk-git\hotspot\src\share\vm\classfile\systemDictionary.cpp, line 210]
Event: 3.199 Thread 0x000000001c824000 Exception <a 'java/lang/NoSuchMethodError': java.lang.Object.lambda$static$0(Lorg/gradle/api/internal/artifacts/configurations/MutationValidator$MutationType;)V> (0x00000000d68b53a8) thrown at [C:\src\AOSP-openjdk-git\hotspot\src\share\vm\interpreter\link
Event: 3.314 Thread 0x000000001c824000 Exception <a 'java/lang/NoSuchMethodError': java.lang.Object.lambda$static$0(Lorg/gradle/internal/component/model/DependencyMetadata;)Lorg/gradle/api/internal/artifacts/ivyservice/dependencysubstitution/DependencySubstitutionApplicator$SubstitutionResult;
Event: 3.338 Thread 0x000000001c824000 Exception <a 'java/lang/IncompatibleClassChangeError': Found class java.lang.Object, but interface was expected> (0x00000000d5e62c78) thrown at [C:\src\AOSP-openjdk-git\hotspot\src\share\vm\interpreter\linkResolver.cpp, line 653]
Event: 3.339 Thread 0x000000001c824000 Exception <a 'java/lang/NoSuchMethodError': java.lang.Object.lambda$thenComparing$36697e65$1(Ljava/util/Comparator;Ljava/lang/Object;Ljava/lang/Object;)I> (0x00000000d5e6e5a8) thrown at [C:\src\AOSP-openjdk-git\hotspot\src\share\vm\interpreter\linkResolve
Event: 3.396 Thread 0x000000001c824000 Exception <a 'java/lang/NoSuchMethodError': java.lang.Object.lambda$static$0()Z> (0x00000000d688c940) thrown at [C:\src\AOSP-openjdk-git\hotspot\src\share\vm\interpreter\linkResolver.cpp, line 620]
Event: 3.551 Thread 0x000000001c824000 Exception <a 'java/lang/NoSuchMethodError': java.lang.Object.lambda$static$0(Lorg/gradle/api/internal/artifacts/ivyservice/resolveengine/artifact/ArtifactVisitor;)V> (0x00000000d76b2068) thrown at [C:\src\AOSP-openjdk-git\hotspot\src\share\vm\interpreter\

Events (10 events):
Event: 3.691 loading class org/gradle/internal/snapshot/RelativePathStringTracker
Event: 3.691 loading class org/gradle/internal/snapshot/RelativePathStringTracker done
Event: 3.692 loading class org/gradle/internal/fingerprint/classpath/impl/ClasspathFingerprintingStrategy$ClasspathContentFingerprintingVisitor
Event: 3.692 loading class org/gradle/internal/fingerprint/classpath/impl/ClasspathFingerprintingStrategy$ClasspathContentFingerprintingVisitor done
Event: 3.692 loading class org/gradle/internal/fingerprint/classpath/impl/ClasspathFingerprintingStrategy$ClasspathContentFingerprintingVisitor
Event: 3.692 loading class org/gradle/internal/fingerprint/classpath/impl/ClasspathFingerprintingStrategy$ClasspathContentFingerprintingVisitor done
Event: 3.695 loading class org/gradle/internal/fingerprint/impl/IgnoredPathFileSystemLocationFingerprint
Event: 3.695 loading class org/gradle/internal/fingerprint/impl/IgnoredPathFileSystemLocationFingerprint done
Event: 3.695 loading class org/gradle/internal/fingerprint/impl/IgnoredPathFileSystemLocationFingerprint$1
Event: 3.695 loading class org/gradle/internal/fingerprint/impl/IgnoredPathFileSystemLocationFingerprint$1 done


Dynamic libraries:
0x00007ff6469f0000 - 0x00007ff646a21000 	C:\Program Files\Android\Android Studio\jre\bin\java.exe
0x00007ffd731d0000 - 0x00007ffd733c6000 	C:\Windows\SYSTEM32\ntdll.dll
0x00007ffd714f0000 - 0x00007ffd715ad000 	C:\Windows\System32\KERNEL32.DLL
0x00007ffd70b20000 - 0x00007ffd70de9000 	C:\Windows\System32\KERNELBASE.dll
0x00007ffd72030000 - 0x00007ffd720dc000 	C:\Windows\System32\ADVAPI32.dll
0x00007ffd72280000 - 0x00007ffd7231e000 	C:\Windows\System32\msvcrt.dll
0x00007ffd72680000 - 0x00007ffd7271c000 	C:\Windows\System32\sechost.dll
0x00007ffd71e40000 - 0x00007ffd71f6b000 	C:\Windows\System32\RPCRT4.dll
0x00007ffd71270000 - 0x00007ffd71410000 	C:\Windows\System32\USER32.dll
0x00007ffd70910000 - 0x00007ffd70932000 	C:\Windows\System32\win32u.dll
0x00007ffd720e0000 - 0x00007ffd7210a000 	C:\Windows\System32\GDI32.dll
0x00007ffd71120000 - 0x00007ffd7122b000 	C:\Windows\System32\gdi32full.dll
0x00007ffd70f50000 - 0x00007ffd70fed000 	C:\Windows\System32\msvcp_win.dll
0x00007ffd709a0000 - 0x00007ffd70aa0000 	C:\Windows\System32\ucrtbase.dll
0x00007ffd5b700000 - 0x00007ffd5b99b000 	C:\Windows\WinSxS\amd64_microsoft.windows.common-controls_6595b64144ccf1df_6.0.19041.746_none_ca02b4b61b8320a4\COMCTL32.dll
0x00007ffd71240000 - 0x00007ffd71270000 	C:\Windows\System32\IMM32.DLL
0x0000000051fd0000 - 0x00000000520a2000 	C:\Program Files\Android\Android Studio\jre\jre\bin\msvcr100.dll
0x00000000510c0000 - 0x000000005190b000 	C:\Program Files\Android\Android Studio\jre\jre\bin\server\jvm.dll
0x00007ffd71f70000 - 0x00007ffd71f78000 	C:\Windows\System32\PSAPI.DLL
0x00007ffd6a510000 - 0x00007ffd6a519000 	C:\Windows\SYSTEM32\WSOCK32.dll
0x00007ffd5dc60000 - 0x00007ffd5dc87000 	C:\Windows\SYSTEM32\WINMM.dll
0x00007ffd72110000 - 0x00007ffd7217b000 	C:\Windows\System32\WS2_32.dll
0x00007ffd67f10000 - 0x00007ffd67f1a000 	C:\Windows\SYSTEM32\VERSION.dll
0x00007ffd61dd0000 - 0x00007ffd61ddf000 	C:\Program Files\Android\Android Studio\jre\jre\bin\verify.dll
0x00007ffd4e3a0000 - 0x00007ffd4e3c9000 	C:\Program Files\Android\Android Studio\jre\jre\bin\java.dll
0x00007ffd60c20000 - 0x00007ffd60c36000 	C:\Program Files\Android\Android Studio\jre\jre\bin\zip.dll
0x00007ffd715b0000 - 0x00007ffd71cf3000 	C:\Windows\System32\SHELL32.dll
0x00007ffd6ea70000 - 0x00007ffd6f1ff000 	C:\Windows\SYSTEM32\windows.storage.dll
0x00007ffd72320000 - 0x00007ffd72676000 	C:\Windows\System32\combase.dll
0x00007ffd70370000 - 0x00007ffd7039c000 	C:\Windows\SYSTEM32\Wldp.dll
0x00007ffd71f80000 - 0x00007ffd7202e000 	C:\Windows\System32\SHCORE.dll
0x00007ffd727b0000 - 0x00007ffd72805000 	C:\Windows\System32\shlwapi.dll
0x00007ffd70840000 - 0x00007ffd70866000 	C:\Windows\SYSTEM32\profapi.dll
0x00007ffd507f0000 - 0x00007ffd5080a000 	C:\Program Files\Android\Android Studio\jre\jre\bin\net.dll
0x00007ffd700f0000 - 0x00007ffd7015a000 	C:\Windows\system32\mswsock.dll
0x00007ffd4f250000 - 0x00007ffd4f263000 	C:\Program Files\Android\Android Studio\jre\jre\bin\nio.dll
0x00007ffd69e10000 - 0x00007ffd69e37000 	C:\Users\MOGA\.gradle\native\f6784746aeab05261644944871eae4fe03e0ef1612fff0a4a95f87b438bc6780\windows-amd64\native-platform.dll
0x00007ffd61dc0000 - 0x00007ffd61dcd000 	C:\Program Files\Android\Android Studio\jre\jre\bin\management.dll
0x00007ffd702d0000 - 0x00007ffd702e8000 	C:\Windows\SYSTEM32\CRYPTSP.dll
0x00007ffd6fa20000 - 0x00007ffd6fa54000 	C:\Windows\system32\rsaenh.dll
0x00007ffd70af0000 - 0x00007ffd70b17000 	C:\Windows\System32\bcrypt.dll
0x00007ffd707c0000 - 0x00007ffd707ee000 	C:\Windows\SYSTEM32\USERENV.dll
0x00007ffd710a0000 - 0x00007ffd71120000 	C:\Windows\System32\bcryptprimitives.dll
0x00007ffd702c0000 - 0x00007ffd702cc000 	C:\Windows\SYSTEM32\CRYPTBASE.dll
0x00007ffd6fd90000 - 0x00007ffd6fdcb000 	C:\Windows\SYSTEM32\IPHLPAPI.DLL
0x00007ffd71230000 - 0x00007ffd71238000 	C:\Windows\System32\NSI.dll
0x00007ffd65830000 - 0x00007ffd65847000 	C:\Windows\SYSTEM32\dhcpcsvc6.DLL
0x00007ffd65750000 - 0x00007ffd6576d000 	C:\Windows\SYSTEM32\dhcpcsvc.DLL
0x00007ffd6fdd0000 - 0x00007ffd6fe9b000 	C:\Windows\SYSTEM32\DNSAPI.dll
0x00007ffd67f00000 - 0x00007ffd67f0b000 	C:\Windows\SYSTEM32\WINNSI.DLL

VM Arguments:
jvm_args: -Xmx2048m -Dfile.encoding=UTF-8 -Duser.country=US -Duser.language=en -Duser.variant 
java_command: org.gradle.launcher.daemon.bootstrap.GradleDaemon 6.5
java_class_path (initial): C:\Users\MOGA\.gradle\wrapper\dists\gradle-6.5-all\2oz4ud9k3tuxjg84bbf55q0tn\gradle-6.5\lib\gradle-launcher-6.5.jar
Launcher Type: SUN_STANDARD

Environment Variables:
PATH=C:\Program Files (x86)\Common Files\Oracle\Java\javapath;C:\Windows\system32;C:\Windows;C:\Windows\System32\Wbem;C:\Windows\System32\WindowsPowerShell\v1.0\;C:\Windows\System32\OpenSSH\;C:\Program Files (x86)\NVIDIA Corporation\PhysX\Common;C:\Program Files\NVIDIA Corporation\NVIDIA NvDLISR;C:\Program Files\Git\cmd;C:\Users\MOGA\AppData\Local\Microsoft\WindowsApps;
USERNAME=MOGA
OS=Windows_NT
PROCESSOR_IDENTIFIER=Intel64 Family 6 Model 158 Stepping 10, GenuineIntel



---------------  S Y S T E M  ---------------

OS: Windows 10.0 , 64 bit Build 19041 (10.0.19041.662)

CPU:total 12 (initial active 12) (6 cores per cpu, 2 threads per core) family 6 model 158 stepping 10, cmov, cx8, fxsr, mmx, sse, sse2, sse3, ssse3, sse4.1, sse4.2, popcnt, avx, avx2, aes, clmul, erms, 3dnowpref, lzcnt, ht, tsc, tscinvbit, bmi1, bmi2, adx

Memory: 4k page, physical 8264944k(833868k free), swap 14556400k(5120k free)

vm_info: OpenJDK 64-Bit Server VM (25.242-b01) for windows-amd64 JRE (1.8.0_242-release-1644-b01), built by "builder" with MS VC++ 10.0 (VS2010)

time: Tue Jan 26 18:47:35 2021
timezone: Egypt Standard Time
elapsed time: 3 seconds (0d 0h 0m 3s)

