#
# There is insufficient memory for the Java Runtime Environment to continue.
# Native memory allocation (malloc) failed to allocate 1910256 bytes for Chunk::new
# Possible reasons:
#   The system is out of physical RAM or swap space
#   The process is running with CompressedOops enabled, and the Java Heap may be blocking the growth of the native heap
# Possible solutions:
#   Reduce memory load on the system
#   Increase physical memory or swap space
#   Check if swap backing store is full
#   Decrease Java heap size (-Xmx/-Xms)
#   Decrease number of Java threads
#   Decrease Java thread stack sizes (-Xss)
#   Set larger code cache with -XX:ReservedCodeCacheSize=
#   JVM is running with Unscaled Compressed Oops mode in which the Java heap is
#     placed in the first 4GB address space. The Java Heap base address is the
#     maximum limit for the native heap growth. Please use -XX:HeapBaseMinAddress
#     to set the Java Heap base and to place the Java Heap above 4GB virtual address.
# This output file may be truncated or incomplete.
#
#  Out of Memory Error (allocation.cpp:389), pid=5432, tid=0x0000000000000844
#
# JRE version: OpenJDK Runtime Environment (8.0_242-b01) (build 1.8.0_242-release-1644-b01)
# Java VM: OpenJDK 64-Bit Server VM (25.242-b01 mixed mode windows-amd64 compressed oops)
# Failed to write core dump. Minidumps are not enabled by default on client versions of Windows
#

---------------  T H R E A D  ---------------

Current thread (0x0000000018f03800):  JavaThread "C2 CompilerThread0" daemon [_thread_in_native, id=2116, stack(0x000000001a550000,0x000000001a650000)]

Stack: [0x000000001a550000,0x000000001a650000]
[error occurred during error reporting (printing stack bounds), id 0xc0000005]

Native frames: (J=compiled Java code, j=interpreted, Vv=VM code, C=native code)


Current CompileTask:
C2:   3878 2607       4       groovy.lang.MetaClassImpl$1MOPIter::methodNameAction (325 bytes)


---------------  P R O C E S S  ---------------

Java Threads: ( => current thread )
  0x0000000022135800 JavaThread "jar transforms Thread 85" [_thread_blocked, id=6328, stack(0x000000002a530000,0x000000002a630000)]
  0x0000000022136800 JavaThread "jar transforms Thread 84" [_thread_blocked, id=7636, stack(0x000000002a430000,0x000000002a530000)]
  0x0000000022138000 JavaThread "jar transforms Thread 83" [_thread_blocked, id=13788, stack(0x000000002a330000,0x000000002a430000)]
  0x000000002212b000 JavaThread "jar transforms Thread 82" [_thread_blocked, id=8912, stack(0x000000002a230000,0x000000002a330000)]
  0x0000000022132000 JavaThread "jar transforms Thread 81" [_thread_blocked, id=2744, stack(0x000000002a130000,0x000000002a230000)]
  0x000000002212a800 JavaThread "jar transforms Thread 80" [_thread_blocked, id=11828, stack(0x000000002a030000,0x000000002a130000)]
  0x0000000022131000 JavaThread "jar transforms Thread 79" [_thread_blocked, id=792, stack(0x0000000029f30000,0x000000002a030000)]
  0x000000002212f000 JavaThread "jar transforms Thread 78" [_thread_blocked, id=12220, stack(0x0000000029e30000,0x0000000029f30000)]
  0x0000000022129800 JavaThread "jar transforms Thread 77" [_thread_blocked, id=12036, stack(0x0000000029d30000,0x0000000029e30000)]
  0x000000002212c000 JavaThread "jar transforms Thread 76" [_thread_blocked, id=2144, stack(0x0000000029c30000,0x0000000029d30000)]
  0x000000002212e000 JavaThread "jar transforms Thread 75" [_thread_blocked, id=11332, stack(0x0000000029b30000,0x0000000029c30000)]
  0x000000002212d800 JavaThread "jar transforms Thread 74" [_thread_blocked, id=13576, stack(0x0000000029a30000,0x0000000029b30000)]
  0x0000000022130800 JavaThread "jar transforms Thread 73" [_thread_blocked, id=13776, stack(0x0000000029930000,0x0000000029a30000)]
  0x000000002212f800 JavaThread "jar transforms Thread 72" [_thread_blocked, id=5508, stack(0x0000000029830000,0x0000000029930000)]
  0x0000000022129000 JavaThread "jar transforms Thread 71" [_thread_blocked, id=3472, stack(0x0000000029730000,0x0000000029830000)]
  0x000000002212c800 JavaThread "jar transforms Thread 70" [_thread_blocked, id=1388, stack(0x0000000029630000,0x0000000029730000)]
  0x00000000204bf000 JavaThread "jar transforms Thread 69" [_thread_blocked, id=7776, stack(0x0000000029530000,0x0000000029630000)]
  0x00000000204be800 JavaThread "jar transforms Thread 68" [_thread_blocked, id=11516, stack(0x0000000029430000,0x0000000029530000)]
  0x00000000204bb800 JavaThread "jar transforms Thread 67" [_thread_blocked, id=12228, stack(0x0000000029330000,0x0000000029430000)]
  0x00000000204c0000 JavaThread "jar transforms Thread 66" [_thread_blocked, id=10596, stack(0x0000000029230000,0x0000000029330000)]
  0x00000000204bd800 JavaThread "jar transforms Thread 65" [_thread_blocked, id=14984, stack(0x0000000029130000,0x0000000029230000)]
  0x00000000204bc000 JavaThread "jar transforms Thread 64" [_thread_blocked, id=11580, stack(0x0000000029030000,0x0000000029130000)]
  0x00000000204bd000 JavaThread "jar transforms Thread 63" [_thread_blocked, id=15008, stack(0x0000000028f30000,0x0000000029030000)]
  0x00000000204ba800 JavaThread "jar transforms Thread 62" [_thread_blocked, id=14320, stack(0x0000000028e30000,0x0000000028f30000)]
  0x00000000204ba000 JavaThread "jar transforms Thread 61" [_thread_blocked, id=8924, stack(0x0000000028d30000,0x0000000028e30000)]
  0x00000000204b2800 JavaThread "jar transforms Thread 60" [_thread_blocked, id=6268, stack(0x0000000028c30000,0x0000000028d30000)]
  0x00000000204b9000 JavaThread "jar transforms Thread 59" [_thread_blocked, id=12392, stack(0x0000000028b30000,0x0000000028c30000)]
  0x00000000204b1800 JavaThread "jar transforms Thread 58" [_thread_blocked, id=15256, stack(0x0000000028a30000,0x0000000028b30000)]
  0x00000000204b7800 JavaThread "jar transforms Thread 57" [_thread_blocked, id=14184, stack(0x0000000028930000,0x0000000028a30000)]
  0x00000000204b4800 JavaThread "jar transforms Thread 56" [_thread_blocked, id=1456, stack(0x0000000028830000,0x0000000028930000)]
  0x00000000204b4000 JavaThread "jar transforms Thread 55" [_thread_blocked, id=6880, stack(0x0000000028730000,0x0000000028830000)]
  0x00000000204b3000 JavaThread "jar transforms Thread 54" [_thread_blocked, id=10072, stack(0x0000000028630000,0x0000000028730000)]
  0x00000000204b8800 JavaThread "jar transforms Thread 53" [_thread_blocked, id=4984, stack(0x0000000028530000,0x0000000028630000)]
  0x00000000204b6000 JavaThread "jar transforms Thread 52" [_thread_blocked, id=2332, stack(0x0000000028430000,0x0000000028530000)]
  0x00000000204b7000 JavaThread "jar transforms Thread 51" [_thread_blocked, id=6800, stack(0x0000000028330000,0x0000000028430000)]
  0x00000000204b1000 JavaThread "jar transforms Thread 50" [_thread_blocked, id=6220, stack(0x0000000028230000,0x0000000028330000)]
  0x00000000204b5800 JavaThread "jar transforms Thread 49" [_thread_blocked, id=12900, stack(0x0000000028130000,0x0000000028230000)]
  0x000000001eec4000 JavaThread "jar transforms Thread 48" [_thread_blocked, id=10672, stack(0x0000000028030000,0x0000000028130000)]
  0x000000001eec3800 JavaThread "jar transforms Thread 47" [_thread_blocked, id=14764, stack(0x0000000027f30000,0x0000000028030000)]
  0x000000001eec9800 JavaThread "jar transforms Thread 46" [_thread_blocked, id=6952, stack(0x0000000027e30000,0x0000000027f30000)]
  0x000000001eec8000 JavaThread "jar transforms Thread 45" [_thread_blocked, id=4220, stack(0x0000000027d30000,0x0000000027e30000)]
  0x000000001eec7000 JavaThread "jar transforms Thread 44" [_thread_blocked, id=12212, stack(0x0000000027c30000,0x0000000027d30000)]
  0x000000001eec2000 JavaThread "jar transforms Thread 43" [_thread_blocked, id=2308, stack(0x0000000027b30000,0x0000000027c30000)]
  0x000000001eec6800 JavaThread "jar transforms Thread 42" [_thread_blocked, id=7204, stack(0x0000000027a30000,0x0000000027b30000)]
  0x000000001eec2800 JavaThread "jar transforms Thread 41" [_thread_blocked, id=2580, stack(0x0000000027930000,0x0000000027a30000)]
  0x000000001eec8800 JavaThread "jar transforms Thread 40" [_thread_blocked, id=3348, stack(0x0000000027830000,0x0000000027930000)]
  0x000000001eec5000 JavaThread "jar transforms Thread 39" [_thread_blocked, id=11600, stack(0x0000000027730000,0x0000000027830000)]
  0x000000001eec5800 JavaThread "jar transforms Thread 38" [_thread_blocked, id=1968, stack(0x0000000027630000,0x0000000027730000)]
  0x000000001eeba800 JavaThread "jar transforms Thread 37" [_thread_blocked, id=9532, stack(0x0000000027530000,0x0000000027630000)]
  0x000000001eec0800 JavaThread "jar transforms Thread 36" [_thread_blocked, id=2100, stack(0x0000000027430000,0x0000000027530000)]
  0x000000001eebf800 JavaThread "jar transforms Thread 35" [_thread_blocked, id=10644, stack(0x0000000027330000,0x0000000027430000)]
  0x000000001eebb000 JavaThread "jar transforms Thread 34" [_thread_blocked, id=10840, stack(0x0000000027230000,0x0000000027330000)]
  0x000000001eec1000 JavaThread "jar transforms Thread 33" [_thread_blocked, id=15268, stack(0x0000000027130000,0x0000000027230000)]
  0x000000001eebf000 JavaThread "jar transforms Thread 32" [_thread_blocked, id=5972, stack(0x0000000027030000,0x0000000027130000)]
  0x000000001eebe000 JavaThread "jar transforms Thread 31" [_thread_blocked, id=9400, stack(0x0000000026f30000,0x0000000027030000)]
  0x000000001eebc000 JavaThread "jar transforms Thread 30" [_thread_blocked, id=10440, stack(0x0000000026e30000,0x0000000026f30000)]
  0x000000001eebd800 JavaThread "jar transforms Thread 29" [_thread_blocked, id=3464, stack(0x0000000026d30000,0x0000000026e30000)]
  0x000000001eebc800 JavaThread "jar transforms Thread 28" [_thread_blocked, id=7816, stack(0x0000000026c30000,0x0000000026d30000)]
  0x000000001cd59800 JavaThread "jar transforms Thread 27" [_thread_blocked, id=264, stack(0x0000000026b30000,0x0000000026c30000)]
  0x000000001cd5f800 JavaThread "jar transforms Thread 26" [_thread_blocked, id=12056, stack(0x0000000026a30000,0x0000000026b30000)]
  0x000000001cd5e800 JavaThread "jar transforms Thread 25" [_thread_blocked, id=4108, stack(0x0000000026930000,0x0000000026a30000)]
  0x000000001cd5b800 JavaThread "jar transforms Thread 24" [_thread_blocked, id=3216, stack(0x0000000026830000,0x0000000026930000)]
  0x000000001cd5b000 JavaThread "jar transforms Thread 23" [_thread_blocked, id=11936, stack(0x0000000026730000,0x0000000026830000)]
  0x000000001cd5e000 JavaThread "jar transforms Thread 22" [_thread_blocked, id=12756, stack(0x0000000026630000,0x0000000026730000)]
  0x000000001cd60000 JavaThread "jar transforms Thread 21" [_thread_blocked, id=1520, stack(0x0000000026530000,0x0000000026630000)]
  0x000000001cd5a000 JavaThread "jar transforms Thread 20" [_thread_blocked, id=1604, stack(0x0000000026430000,0x0000000026530000)]
  0x000000001cd5d000 JavaThread "jar transforms Thread 19" [_thread_blocked, id=11544, stack(0x0000000026330000,0x0000000026430000)]
  0x000000001cd5c800 JavaThread "jar transforms Thread 18" [_thread_blocked, id=13072, stack(0x0000000026230000,0x0000000026330000)]
  0x000000001cd52000 JavaThread "jar transforms Thread 17" [_thread_blocked, id=9652, stack(0x0000000026130000,0x0000000026230000)]
  0x000000001cd58800 JavaThread "jar transforms Thread 16" [_thread_blocked, id=6288, stack(0x0000000026030000,0x0000000026130000)]
  0x000000001cd52800 JavaThread "jar transforms Thread 15" [_thread_blocked, id=6184, stack(0x0000000025f30000,0x0000000026030000)]
  0x000000001cd51000 JavaThread "jar transforms Thread 14" [_thread_blocked, id=9448, stack(0x0000000025e30000,0x0000000025f30000)]
  0x000000001cd58000 JavaThread "jar transforms Thread 13" [_thread_blocked, id=4304, stack(0x0000000025d30000,0x0000000025e30000)]
  0x000000001cd57000 JavaThread "jar transforms Thread 12" [_thread_blocked, id=8308, stack(0x0000000025c30000,0x0000000025d30000)]
  0x000000001cd56800 JavaThread "jar transforms Thread 11" [_thread_blocked, id=9104, stack(0x0000000025b30000,0x0000000025c30000)]
  0x000000001cd55800 JavaThread "jar transforms Thread 10" [_thread_blocked, id=2264, stack(0x0000000025a30000,0x0000000025b30000)]
  0x000000001cd55000 JavaThread "jar transforms Thread 9" [_thread_blocked, id=5528, stack(0x0000000025930000,0x0000000025a30000)]
  0x000000001cd54000 JavaThread "jar transforms Thread 8" [_thread_blocked, id=5604, stack(0x0000000025830000,0x0000000025930000)]
  0x000000001cd53800 JavaThread "jar transforms Thread 7" [_thread_blocked, id=13208, stack(0x0000000025730000,0x0000000025830000)]
  0x000000001c85a800 JavaThread "jar transforms Thread 6" [_thread_blocked, id=15024, stack(0x0000000025630000,0x0000000025730000)]
  0x000000001c85a000 JavaThread "jar transforms Thread 5" [_thread_blocked, id=6508, stack(0x0000000025530000,0x0000000025630000)]
  0x000000001c85c000 JavaThread "jar transforms Thread 4" [_thread_blocked, id=2052, stack(0x0000000025430000,0x0000000025530000)]
  0x000000001c859000 JavaThread "jar transforms Thread 3" [_thread_blocked, id=14332, stack(0x0000000025330000,0x0000000025430000)]
  0x000000001c858800 JavaThread "jar transforms Thread 2" [_thread_blocked, id=656, stack(0x0000000025230000,0x0000000025330000)]
  0x000000001c85b800 JavaThread "Build operations Thread 12" [_thread_blocked, id=7664, stack(0x0000000025130000,0x0000000025230000)]
  0x000000001c851000 JavaThread "Build operations Thread 11" [_thread_blocked, id=5108, stack(0x0000000025030000,0x0000000025130000)]
  0x000000001c854800 JavaThread "Build operations Thread 10" [_thread_blocked, id=12348, stack(0x0000000024f30000,0x0000000025030000)]
  0x000000001c857000 JavaThread "Build operations Thread 9" [_thread_blocked, id=8376, stack(0x0000000024e30000,0x0000000024f30000)]
  0x000000001c856000 JavaThread "Build operations Thread 8" [_thread_blocked, id=8620, stack(0x0000000024d30000,0x0000000024e30000)]
  0x000000001c854000 JavaThread "Build operations Thread 7" [_thread_blocked, id=3076, stack(0x0000000024b30000,0x0000000024c30000)]
  0x000000001c857800 JavaThread "Build operations Thread 6" [_thread_blocked, id=6956, stack(0x0000000024a30000,0x0000000024b30000)]
  0x000000001c855800 JavaThread "Build operations Thread 5" [_thread_blocked, id=9760, stack(0x0000000024930000,0x0000000024a30000)]
  0x000000001c853000 JavaThread "Build operations Thread 4" [_thread_blocked, id=3204, stack(0x0000000024830000,0x0000000024930000)]
  0x000000001c850000 JavaThread "Build operations Thread 3" [_thread_blocked, id=7392, stack(0x0000000024730000,0x0000000024830000)]
  0x000000001c84e000 JavaThread "Build operations Thread 2" [_thread_blocked, id=4728, stack(0x0000000024630000,0x0000000024730000)]
  0x000000001c84e800 JavaThread "Build operations" [_thread_blocked, id=7148, stack(0x0000000024530000,0x0000000024630000)]
  0x000000001c830800 JavaThread "Cache worker for file content cache (C:\Users\MOGA\.gradle\caches\6.5\fileContent)" [_thread_blocked, id=14092, stack(0x0000000022e60000,0x0000000022f60000)]
  0x000000001c830000 JavaThread "jar transforms" [_thread_blocked, id=14316, stack(0x0000000022d60000,0x0000000022e60000)]
  0x000000001c82e000 JavaThread "Cache worker for execution history cache (C:\Users\MOGA\.gradle\caches\6.5\executionHistory)" [_thread_blocked, id=8948, stack(0x0000000022560000,0x0000000022660000)]
  0x000000001c833800 JavaThread "Cache worker for cache directory md-rule (C:\Users\MOGA\.gradle\caches\6.5\md-rule)" [_thread_blocked, id=5564, stack(0x0000000022460000,0x0000000022560000)]
  0x000000001c82f000 JavaThread "Cache worker for cache directory md-supplier (C:\Users\MOGA\.gradle\caches\6.5\md-supplier)" [_thread_blocked, id=11604, stack(0x0000000021110000,0x0000000021210000)]
  0x000000001c833000 JavaThread "Cache worker for checksums cache (C:\Users\MOGA\Desktop\Android_studio_kotlin\Hamakifinal\.gradle\checksums)" [_thread_blocked, id=9060, stack(0x0000000021010000,0x0000000021110000)]
  0x000000001c832000 JavaThread "Cache worker for file hash cache (C:\Users\MOGA\Desktop\Android_studio_kotlin\Hamakifinal\.gradle\6.5\fileHashes)" [_thread_blocked, id=4012, stack(0x0000000022860000,0x0000000022960000)]
  0x000000001c834800 JavaThread "Cache worker for file hash cache (C:\Users\MOGA\.gradle\caches\6.5\fileHashes)" [_thread_blocked, id=5092, stack(0x000000001eb70000,0x000000001ec70000)]
  0x000000001c835000 JavaThread "File lock request listener" [_thread_in_native, id=14476, stack(0x000000001ea70000,0x000000001eb70000)]
  0x000000001bb8e000 JavaThread "Cache worker for journal cache (C:\Users\MOGA\.gradle\caches\journal-1)" [_thread_blocked, id=7052, stack(0x000000001e970000,0x000000001ea70000)]
  0x000000001c57c000 JavaThread "Thread-9" [_thread_blocked, id=9324, stack(0x000000001e670000,0x000000001e770000)]
  0x000000001c578800 JavaThread "Stdin handler" [_thread_blocked, id=15332, stack(0x000000001e570000,0x000000001e670000)]
  0x000000001c578000 JavaThread "Asynchronous log dispatcher for DefaultDaemonConnection: socket connection from /127.0.0.1:61938 to /127.0.0.1:61939" [_thread_blocked, id=13636, stack(0x000000001e470000,0x000000001e570000)]
  0x000000001c4fa000 JavaThread "Daemon worker" [_thread_in_Java, id=8588, stack(0x000000001e370000,0x000000001e470000)]
  0x000000001c60a000 JavaThread "Cancel handler" [_thread_blocked, id=3040, stack(0x000000001e270000,0x000000001e370000)]
  0x000000001c4f6800 JavaThread "Handler for socket connection from /127.0.0.1:61938 to /127.0.0.1:61939" [_thread_in_native, id=11824, stack(0x000000001e170000,0x000000001e270000)]
  0x000000001c511000 JavaThread "Daemon" [_thread_blocked, id=7356, stack(0x000000001de70000,0x000000001df70000)]
  0x000000001c4f5800 JavaThread "Daemon periodic checks" [_thread_blocked, id=14608, stack(0x000000001dd70000,0x000000001de70000)]
  0x000000001c4cd000 JavaThread "Incoming local TCP Connector on port 61938" [_thread_in_native, id=14840, stack(0x000000001db30000,0x000000001dc30000)]
  0x000000001c444800 JavaThread "Daemon health stats" [_thread_blocked, id=1064, stack(0x000000001d4f0000,0x000000001d5f0000)]
  0x0000000018f9f800 JavaThread "Service Thread" daemon [_thread_blocked, id=11652, stack(0x000000001a950000,0x000000001aa50000)]
  0x0000000018f12000 JavaThread "C1 CompilerThread3" daemon [_thread_blocked, id=7680, stack(0x000000001a850000,0x000000001a950000)]
  0x0000000018f11000 JavaThread "C2 CompilerThread2" daemon [_thread_blocked, id=8120, stack(0x000000001a750000,0x000000001a850000)]
  0x0000000018f0c000 JavaThread "C2 CompilerThread1" daemon [_thread_blocked, id=8632, stack(0x000000001a650000,0x000000001a750000)]
=>0x0000000018f03800 JavaThread "C2 CompilerThread0" daemon [_thread_in_native, id=2116, stack(0x000000001a550000,0x000000001a650000)]
  0x0000000018f01800 JavaThread "Attach Listener" daemon [_thread_blocked, id=636, stack(0x000000001a450000,0x000000001a550000)]
  0x000000001783e000 JavaThread "Signal Dispatcher" daemon [_thread_blocked, id=6292, stack(0x000000001a350000,0x000000001a450000)]
  0x0000000017832000 JavaThread "Finalizer" daemon [_thread_blocked, id=7396, stack(0x000000001a150000,0x000000001a250000)]
  0x0000000018ef3000 JavaThread "Reference Handler" daemon [_thread_blocked, id=4668, stack(0x000000001a050000,0x000000001a150000)]
  0x00000000024bd800 JavaThread "main" [_thread_blocked, id=15148, stack(0x0000000002380000,0x0000000002480000)]

Other Threads:
  0x0000000017825800 VMThread [stack: 0x0000000019f50000,0x000000001a050000] [id=7036]
  0x0000000018fa0800 WatcherThread [stack: 0x000000001aa50000,0x000000001ab50000] [id=12084]

VM state:not at safepoint (normal execution)

VM Mutex/Monitor currently owned by a thread:  ([mutex/lock_event])
[0x00000000024c15d0] MethodData_lock - owner thread: 0x000000001c4fa000

OutOfMemory and StackOverflow Exception counts:
OutOfMemoryError java_heap_errors=1

heap address: 0x0000000080000000, size: 2048 MB, Compressed Oops mode: 32-bit
Narrow klass base: 0x0000000000000000, Narrow klass shift: 3
Compressed class space size: 1073741824 Address: 0x0000000100000000

Heap:
 PSYoungGen      total 261120K, used 129048K [0x00000000d5580000, 0x00000000e6580000, 0x0000000100000000)
  eden space 248832K, 51% used [0x00000000d5580000,0x00000000dd386230,0x00000000e4880000)
  from space 12288K, 0% used [0x00000000e5980000,0x00000000e5980000,0x00000000e6580000)
  to   space 14848K, 0% used [0x00000000e4880000,0x00000000e4880000,0x00000000e5700000)
 ParOldGen       total 49152K, used 15045K [0x0000000080000000, 0x0000000083000000, 0x00000000d5580000)
  object space 49152K, 30% used [0x0000000080000000,0x0000000080eb16f8,0x0000000083000000)
 Metaspace       used 36613K, capacity 38160K, committed 38440K, reserved 1083392K
  class space    used 5041K, capacity 5345K, committed 5424K, reserved 1048576K

Card table byte_map: [0x0000000011980000,0x0000000011d90000] byte_map_base: 0x0000000011580000

Marking Bits: (ParMarkBitMap*) 0x000000005188f030
 Begin Bits: [0x0000000012a40000, 0x0000000014a40000)
 End Bits:   [0x0000000014a40000, 0x0000000016a40000)

Polling page: 0x0000000000a70000

CodeCache: size=245760Kb used=12320Kb max_used=12338Kb free=233439Kb
 bounds [0x00000000025c0000, 0x00000000031e0000, 0x00000000115c0000]
 total_blobs=4300 nmethods=3596 adapters=615
 compilation: disabled (not enough contiguous free space left)

Compilation events (10 events):
Event: 3.850 Thread 0x0000000018f12000 nmethod 3601 0x00000000031cbe10 code [0x00000000031cbfc0, 0x00000000031cc478]
Event: 3.850 Thread 0x0000000018f12000 3597   !   3       org.gradle.internal.serialize.kryo.KryoBackedDecoder::readBytes (23 bytes)
Event: 3.850 Thread 0x0000000018f12000 nmethod 3597 0x00000000031cb290 code [0x00000000031cb460, 0x00000000031cbac8]
Event: 3.850 Thread 0x0000000018f12000 3598       3       com.esotericsoftware.kryo.io.Input::readBytes (93 bytes)
Event: 3.850 Thread 0x0000000018f12000 nmethod 3598 0x00000000031ca910 code [0x00000000031caac0, 0x00000000031cb0a8]
Event: 3.850 Thread 0x0000000018f12000 3599       3       org.gradle.internal.hash.HashCode::fromBytes (50 bytes)
Event: 3.851 Thread 0x0000000018f12000 nmethod 3599 0x00000000031cc5d0 code [0x00000000031cc840, 0x00000000031cd8b8]
Event: 3.851 Thread 0x0000000018f12000 3605       3       java.util.concurrent.locks.AbstractQueuedSynchronizer$ConditionObject::awaitNanos (156 bytes)
Event: 3.855 Thread 0x0000000018f12000 

Event: 3.860 Thread 0x0000000018f11000 


GC Heap History (10 events):
Event: 2.388 GC heap before
{Heap before GC invocations=6 (full 0):
 PSYoungGen      total 71680K, used 7019K [0x00000000d5580000, 0x00000000def80000, 0x0000000100000000)
  eden space 66560K, 2% used [0x00000000d5580000,0x00000000d575df88,0x00000000d9680000)
  from space 5120K, 99% used [0x00000000d9680000,0x00000000d9b7d040,0x00000000d9b80000)
  to   space 12288K, 0% used [0x00000000de380000,0x00000000de380000,0x00000000def80000)
 ParOldGen       total 87552K, used 10115K [0x0000000080000000, 0x0000000085580000, 0x00000000d5580000)
  object space 87552K, 11% used [0x0000000080000000,0x00000000809e0fc0,0x0000000085580000)
 Metaspace       used 20590K, capacity 21220K, committed 21296K, reserved 1067008K
  class space    used 2880K, capacity 3076K, committed 3120K, reserved 1048576K
Event: 2.398 GC heap after
Heap after GC invocations=6 (full 0):
 PSYoungGen      total 144384K, used 5236K [0x00000000d5580000, 0x00000000dee80000, 0x0000000100000000)
  eden space 133120K, 0% used [0x00000000d5580000,0x00000000d5580000,0x00000000dd780000)
  from space 11264K, 46% used [0x00000000de380000,0x00000000de89d040,0x00000000dee80000)
  to   space 11776K, 0% used [0x00000000dd780000,0x00000000dd780000,0x00000000de300000)
 ParOldGen       total 87552K, used 10123K [0x0000000080000000, 0x0000000085580000, 0x00000000d5580000)
  object space 87552K, 11% used [0x0000000080000000,0x00000000809e2fc0,0x0000000085580000)
 Metaspace       used 20590K, capacity 21220K, committed 21296K, reserved 1067008K
  class space    used 2880K, capacity 3076K, committed 3120K, reserved 1048576K
}
Event: 2.399 GC heap before
{Heap before GC invocations=7 (full 1):
 PSYoungGen      total 144384K, used 5236K [0x00000000d5580000, 0x00000000dee80000, 0x0000000100000000)
  eden space 133120K, 0% used [0x00000000d5580000,0x00000000d5580000,0x00000000dd780000)
  from space 11264K, 46% used [0x00000000de380000,0x00000000de89d040,0x00000000dee80000)
  to   space 11776K, 0% used [0x00000000dd780000,0x00000000dd780000,0x00000000de300000)
 ParOldGen       total 87552K, used 10123K [0x0000000080000000, 0x0000000085580000, 0x00000000d5580000)
  object space 87552K, 11% used [0x0000000080000000,0x00000000809e2fc0,0x0000000085580000)
 Metaspace       used 20590K, capacity 21220K, committed 21296K, reserved 1067008K
  class space    used 2880K, capacity 3076K, committed 3120K, reserved 1048576K
Event: 2.438 GC heap after
Heap after GC invocations=7 (full 1):
 PSYoungGen      total 144384K, used 0K [0x00000000d5580000, 0x00000000dee80000, 0x0000000100000000)
  eden space 133120K, 0% used [0x00000000d5580000,0x00000000d5580000,0x00000000dd780000)
  from space 11264K, 0% used [0x00000000de380000,0x00000000de380000,0x00000000dee80000)
  to   space 11776K, 0% used [0x00000000dd780000,0x00000000dd780000,0x00000000de300000)
 ParOldGen       total 49152K, used 6658K [0x0000000080000000, 0x0000000083000000, 0x00000000d5580000)
  object space 49152K, 13% used [0x0000000080000000,0x0000000080680a00,0x0000000083000000)
 Metaspace       used 20590K, capacity 21220K, committed 21296K, reserved 1067008K
  class space    used 2880K, capacity 3076K, committed 3120K, reserved 1048576K
}
Event: 3.303 GC heap before
{Heap before GC invocations=8 (full 1):
 PSYoungGen      total 144384K, used 133120K [0x00000000d5580000, 0x00000000dee80000, 0x0000000100000000)
  eden space 133120K, 100% used [0x00000000d5580000,0x00000000dd780000,0x00000000dd780000)
  from space 11264K, 0% used [0x00000000de380000,0x00000000de380000,0x00000000dee80000)
  to   space 11776K, 0% used [0x00000000dd780000,0x00000000dd780000,0x00000000de300000)
 ParOldGen       total 49152K, used 6658K [0x0000000080000000, 0x0000000083000000, 0x00000000d5580000)
  object space 49152K, 13% used [0x0000000080000000,0x0000000080680a00,0x0000000083000000)
 Metaspace       used 32825K, capacity 33824K, committed 33968K, reserved 1079296K
  class space    used 4484K, capacity 4718K, committed 4784K, reserved 1048576K
Event: 3.318 GC heap after
Heap after GC invocations=8 (full 1):
 PSYoungGen      total 144896K, used 11765K [0x00000000d5580000, 0x00000000e6880000, 0x0000000100000000)
  eden space 133120K, 0% used [0x00000000d5580000,0x00000000d5580000,0x00000000dd780000)
  from space 11776K, 99% used [0x00000000dd780000,0x00000000de2fd658,0x00000000de300000)
  to   space 15360K, 0% used [0x00000000e5980000,0x00000000e5980000,0x00000000e6880000)
 ParOldGen       total 49152K, used 9618K [0x0000000080000000, 0x0000000083000000, 0x00000000d5580000)
  object space 49152K, 19% used [0x0000000080000000,0x0000000080964a48,0x0000000083000000)
 Metaspace       used 32825K, capacity 33824K, committed 33968K, reserved 1079296K
  class space    used 4484K, capacity 4718K, committed 4784K, reserved 1048576K
}
Event: 3.474 GC heap before
{Heap before GC invocations=9 (full 1):
 PSYoungGen      total 144896K, used 40913K [0x00000000d5580000, 0x00000000e6880000, 0x0000000100000000)
  eden space 133120K, 21% used [0x00000000d5580000,0x00000000d71f6ec8,0x00000000dd780000)
  from space 11776K, 99% used [0x00000000dd780000,0x00000000de2fd658,0x00000000de300000)
  to   space 15360K, 0% used [0x00000000e5980000,0x00000000e5980000,0x00000000e6880000)
 ParOldGen       total 49152K, used 9618K [0x0000000080000000, 0x0000000083000000, 0x00000000d5580000)
  object space 49152K, 19% used [0x0000000080000000,0x0000000080964a48,0x0000000083000000)
 Metaspace       used 34245K, capacity 35408K, committed 35496K, reserved 1079296K
  class space    used 4713K, capacity 5001K, committed 5040K, reserved 1048576K
Event: 3.482 GC heap after
Heap after GC invocations=9 (full 1):
 PSYoungGen      total 261120K, used 8746K [0x00000000d5580000, 0x00000000e6580000, 0x0000000100000000)
  eden space 248832K, 0% used [0x00000000d5580000,0x00000000d5580000,0x00000000e4880000)
  from space 12288K, 71% used [0x00000000e5980000,0x00000000e620ab80,0x00000000e6580000)
  to   space 14848K, 0% used [0x00000000e4880000,0x00000000e4880000,0x00000000e5700000)
 ParOldGen       total 49152K, used 9626K [0x0000000080000000, 0x0000000083000000, 0x00000000d5580000)
  object space 49152K, 19% used [0x0000000080000000,0x0000000080966a48,0x0000000083000000)
 Metaspace       used 34245K, capacity 35408K, committed 35496K, reserved 1079296K
  class space    used 4713K, capacity 5001K, committed 5040K, reserved 1048576K
}
Event: 3.482 GC heap before
{Heap before GC invocations=10 (full 2):
 PSYoungGen      total 261120K, used 8746K [0x00000000d5580000, 0x00000000e6580000, 0x0000000100000000)
  eden space 248832K, 0% used [0x00000000d5580000,0x00000000d5580000,0x00000000e4880000)
  from space 12288K, 71% used [0x00000000e5980000,0x00000000e620ab80,0x00000000e6580000)
  to   space 14848K, 0% used [0x00000000e4880000,0x00000000e4880000,0x00000000e5700000)
 ParOldGen       total 49152K, used 9626K [0x0000000080000000, 0x0000000083000000, 0x00000000d5580000)
  object space 49152K, 19% used [0x0000000080000000,0x0000000080966a48,0x0000000083000000)
 Metaspace       used 34245K, capacity 35408K, committed 35496K, reserved 1079296K
  class space    used 4713K, capacity 5001K, committed 5040K, reserved 1048576K
Event: 3.528 GC heap after
Heap after GC invocations=10 (full 2):
 PSYoungGen      total 261120K, used 0K [0x00000000d5580000, 0x00000000e6580000, 0x0000000100000000)
  eden space 248832K, 0% used [0x00000000d5580000,0x00000000d5580000,0x00000000e4880000)
  from space 12288K, 0% used [0x00000000e5980000,0x00000000e5980000,0x00000000e6580000)
  to   space 14848K, 0% used [0x00000000e4880000,0x00000000e4880000,0x00000000e5700000)
 ParOldGen       total 49152K, used 15045K [0x0000000080000000, 0x0000000083000000, 0x00000000d5580000)
  object space 49152K, 30% used [0x0000000080000000,0x0000000080eb16f8,0x0000000083000000)
 Metaspace       used 34245K, capacity 35408K, committed 35496K, reserved 1079296K
  class space    used 4713K, capacity 5001K, committed 5040K, reserved 1048576K
}

Deoptimization events (10 events):
Event: 3.529 Thread 0x0000000017832000 Uncommon trap: reason=unstable_if action=reinterpret pc=0x0000000002be2de4 method=java.lang.ref.Finalizer.remove()V @ 10
Event: 3.597 Thread 0x000000001c4fa000 Uncommon trap: reason=bimorphic action=maybe_recompile pc=0x0000000002d467e4 method=java.io.BufferedInputStream.read([BII)I @ 101
Event: 3.767 Thread 0x000000001c854800 Uncommon trap: reason=unstable_if action=reinterpret pc=0x0000000002b1f110 method=java.util.concurrent.ConcurrentHashMap.addCount(JI)V @ 34
Event: 3.767 Thread 0x000000001c853000 Uncommon trap: reason=unstable_if action=reinterpret pc=0x0000000002a8a814 method=java.util.concurrent.ConcurrentHashMap.addCount(JI)V @ 168
Event: 3.771 Thread 0x000000001c84e800 Uncommon trap: reason=unstable_if action=reinterpret pc=0x00000000030fef9c method=com.esotericsoftware.kryo.io.Input.readUtf8Length(I)I @ 9
Event: 3.856 Thread 0x000000001c4fa000 Uncommon trap: reason=unstable_if action=reinterpret pc=0x000000000295bfd0 method=java.util.regex.Pattern.has(I)Z @ 6
Event: 3.871 Thread 0x000000001c4fa000 Uncommon trap: reason=class_check action=maybe_recompile pc=0x0000000002a2a454 method=org.gradle.internal.logging.text.AbstractLineChoppingStyledTextOutput$StateContext.flushLineText()V @ 110
Event: 3.871 Thread 0x000000001c4fa000 Uncommon trap: reason=class_check action=maybe_recompile pc=0x0000000002a2a454 method=org.gradle.internal.logging.text.AbstractLineChoppingStyledTextOutput$StateContext.flushLineText()V @ 110
Event: 3.872 Thread 0x000000001c4fa000 Uncommon trap: reason=class_check action=maybe_recompile pc=0x0000000002a2a454 method=org.gradle.internal.logging.text.AbstractLineChoppingStyledTextOutput$StateContext.flushLineText()V @ 110
Event: 3.872 Thread 0x000000001c4fa000 Uncommon trap: reason=class_check action=maybe_recompile pc=0x0000000002a2a454 method=org.gradle.internal.logging.text.AbstractLineChoppingStyledTextOutput$StateContext.flushLineText()V @ 110

Classes redefined (0 events):
No events

Internal exceptions (10 events):
Event: 3.851 Thread 0x000000001c4fa000 Exception <a 'java/lang/OutOfMemoryError': unable to create new native thread> (0x00000000d79a5838) thrown at [C:\src\AOSP-openjdk-git\hotspot\src\share\vm\prims\jvm.cpp, line 3141]
Event: 3.866 Thread 0x000000001c57c000 Exception <a 'java/lang/NoSuchMethodError': <clinit>> (0x00000000d858d288) thrown at [C:\src\AOSP-openjdk-git\hotspot\src\share\vm\prims\jni.cpp, line 1615]
Event: 3.867 Thread 0x000000001c57c000 Exception <a 'java/lang/NoSuchMethodError': <clinit>> (0x00000000d85ab408) thrown at [C:\src\AOSP-openjdk-git\hotspot\src\share\vm\prims\jni.cpp, line 1615]
Event: 3.867 Thread 0x000000001c57c000 Exception <a 'java/lang/NoSuchMethodError': <clinit>> (0x00000000d85acdf0) thrown at [C:\src\AOSP-openjdk-git\hotspot\src\share\vm\prims\jni.cpp, line 1615]
Event: 3.867 Thread 0x000000001c57c000 Exception <a 'java/lang/NoSuchMethodError': <clinit>> (0x00000000d85ae6e8) thrown at [C:\src\AOSP-openjdk-git\hotspot\src\share\vm\prims\jni.cpp, line 1615]
Event: 3.867 Thread 0x000000001c57c000 Exception <a 'java/lang/NoSuchMethodError': <clinit>> (0x00000000d85afc10) thrown at [C:\src\AOSP-openjdk-git\hotspot\src\share\vm\prims\jni.cpp, line 1615]
Event: 3.868 Thread 0x000000001c57c000 Exception <a 'java/lang/NoSuchMethodError': <clinit>> (0x00000000d85ba070) thrown at [C:\src\AOSP-openjdk-git\hotspot\src\share\vm\prims\jni.cpp, line 1615]
Event: 3.868 Thread 0x000000001c57c000 Exception <a 'java/lang/NoSuchMethodError': <clinit>> (0x00000000d85c4f90) thrown at [C:\src\AOSP-openjdk-git\hotspot\src\share\vm\prims\jni.cpp, line 1615]
Event: 3.869 Thread 0x000000001c57c000 Exception <a 'java/lang/NoSuchMethodError': <clinit>> (0x00000000d85d8360) thrown at [C:\src\AOSP-openjdk-git\hotspot\src\share\vm\prims\jni.cpp, line 1615]
Event: 3.871 Thread 0x000000001c57c000 Exception <a 'java/lang/NoSuchMethodError': <clinit>> (0x00000000d85f4bb0) thrown at [C:\src\AOSP-openjdk-git\hotspot\src\share\vm\prims\jni.cpp, line 1615]

Events (10 events):
Event: 3.876 loading class org/gradle/internal/serialize/ContextualPlaceholderException
Event: 3.876 loading class org/gradle/internal/serialize/ContextualPlaceholderException done
Event: 3.876 loading class org/gradle/internal/serialize/PlaceholderException
Event: 3.876 loading class org/gradle/internal/serialize/PlaceholderException done
Event: 3.876 loading class org/gradle/internal/serialize/ExceptionReplacingObjectOutputStream$2
Event: 3.876 loading class org/gradle/internal/serialize/ExceptionReplacingObjectOutputStream$2 done
Event: 3.877 loading class org/gradle/internal/serialize/ExceptionPlaceholder$1
Event: 3.877 loading class org/gradle/internal/serialize/ExceptionPlaceholder$1 done
Event: 3.877 loading class org/gradle/tooling/internal/provider/serialization/DefaultPayloadClassLoaderRegistry$ClassLoaderSpecVisitor
Event: 3.877 loading class org/gradle/tooling/internal/provider/serialization/DefaultPayloadClassLoaderRegistry$ClassLoaderSpecVisitor done


Dynamic libraries:
0x00007ff6469f0000 - 0x00007ff646a21000 	C:\Program Files\Android\Android Studio\jre\bin\java.exe
0x00007ffd731d0000 - 0x00007ffd733c6000 	C:\Windows\SYSTEM32\ntdll.dll
0x00007ffd714f0000 - 0x00007ffd715ad000 	C:\Windows\System32\KERNEL32.DLL
0x00007ffd70b20000 - 0x00007ffd70de9000 	C:\Windows\System32\KERNELBASE.dll
0x00007ffd72030000 - 0x00007ffd720dc000 	C:\Windows\System32\ADVAPI32.dll
0x00007ffd72280000 - 0x00007ffd7231e000 	C:\Windows\System32\msvcrt.dll
0x00007ffd72680000 - 0x00007ffd7271c000 	C:\Windows\System32\sechost.dll
0x00007ffd71e40000 - 0x00007ffd71f6b000 	C:\Windows\System32\RPCRT4.dll
0x00007ffd71270000 - 0x00007ffd71410000 	C:\Windows\System32\USER32.dll
0x00007ffd70910000 - 0x00007ffd70932000 	C:\Windows\System32\win32u.dll
0x00007ffd720e0000 - 0x00007ffd7210a000 	C:\Windows\System32\GDI32.dll
0x00007ffd71120000 - 0x00007ffd7122b000 	C:\Windows\System32\gdi32full.dll
0x00007ffd70f50000 - 0x00007ffd70fed000 	C:\Windows\System32\msvcp_win.dll
0x00007ffd709a0000 - 0x00007ffd70aa0000 	C:\Windows\System32\ucrtbase.dll
0x00007ffd5b700000 - 0x00007ffd5b99b000 	C:\Windows\WinSxS\amd64_microsoft.windows.common-controls_6595b64144ccf1df_6.0.19041.746_none_ca02b4b61b8320a4\COMCTL32.dll
0x00007ffd71240000 - 0x00007ffd71270000 	C:\Windows\System32\IMM32.DLL
0x0000000051fd0000 - 0x00000000520a2000 	C:\Program Files\Android\Android Studio\jre\jre\bin\msvcr100.dll
0x00000000510c0000 - 0x000000005190b000 	C:\Program Files\Android\Android Studio\jre\jre\bin\server\jvm.dll
0x00007ffd71f70000 - 0x00007ffd71f78000 	C:\Windows\System32\PSAPI.DLL
0x00007ffd6a510000 - 0x00007ffd6a519000 	C:\Windows\SYSTEM32\WSOCK32.dll
0x00007ffd5dc60000 - 0x00007ffd5dc87000 	C:\Windows\SYSTEM32\WINMM.dll
0x00007ffd67f10000 - 0x00007ffd67f1a000 	C:\Windows\SYSTEM32\VERSION.dll
0x00007ffd72110000 - 0x00007ffd7217b000 	C:\Windows\System32\WS2_32.dll
0x00007ffd61dd0000 - 0x00007ffd61ddf000 	C:\Program Files\Android\Android Studio\jre\jre\bin\verify.dll
0x00007ffd4e3a0000 - 0x00007ffd4e3c9000 	C:\Program Files\Android\Android Studio\jre\jre\bin\java.dll
0x00007ffd60c20000 - 0x00007ffd60c36000 	C:\Program Files\Android\Android Studio\jre\jre\bin\zip.dll
0x00007ffd715b0000 - 0x00007ffd71cf3000 	C:\Windows\System32\SHELL32.dll
0x00007ffd6ea70000 - 0x00007ffd6f1ff000 	C:\Windows\SYSTEM32\windows.storage.dll
0x00007ffd72320000 - 0x00007ffd72676000 	C:\Windows\System32\combase.dll
0x00007ffd70370000 - 0x00007ffd7039c000 	C:\Windows\SYSTEM32\Wldp.dll
0x00007ffd71f80000 - 0x00007ffd7202e000 	C:\Windows\System32\SHCORE.dll
0x00007ffd727b0000 - 0x00007ffd72805000 	C:\Windows\System32\shlwapi.dll
0x00007ffd70840000 - 0x00007ffd70866000 	C:\Windows\SYSTEM32\profapi.dll
0x00007ffd507f0000 - 0x00007ffd5080a000 	C:\Program Files\Android\Android Studio\jre\jre\bin\net.dll
0x00007ffd700f0000 - 0x00007ffd7015a000 	C:\Windows\system32\mswsock.dll
0x00007ffd4f250000 - 0x00007ffd4f263000 	C:\Program Files\Android\Android Studio\jre\jre\bin\nio.dll
0x00007ffd69e10000 - 0x00007ffd69e37000 	C:\Users\MOGA\.gradle\native\f6784746aeab05261644944871eae4fe03e0ef1612fff0a4a95f87b438bc6780\windows-amd64\native-platform.dll
0x00007ffd61dc0000 - 0x00007ffd61dcd000 	C:\Program Files\Android\Android Studio\jre\jre\bin\management.dll
0x00007ffd702d0000 - 0x00007ffd702e8000 	C:\Windows\SYSTEM32\CRYPTSP.dll
0x00007ffd6fa20000 - 0x00007ffd6fa54000 	C:\Windows\system32\rsaenh.dll
0x00007ffd70af0000 - 0x00007ffd70b17000 	C:\Windows\System32\bcrypt.dll
0x00007ffd707c0000 - 0x00007ffd707ee000 	C:\Windows\SYSTEM32\USERENV.dll
0x00007ffd710a0000 - 0x00007ffd71120000 	C:\Windows\System32\bcryptprimitives.dll
0x00007ffd702c0000 - 0x00007ffd702cc000 	C:\Windows\SYSTEM32\CRYPTBASE.dll
0x00007ffd6fd90000 - 0x00007ffd6fdcb000 	C:\Windows\SYSTEM32\IPHLPAPI.DLL
0x00007ffd71230000 - 0x00007ffd71238000 	C:\Windows\System32\NSI.dll
0x00007ffd65830000 - 0x00007ffd65847000 	C:\Windows\SYSTEM32\dhcpcsvc6.DLL
0x00007ffd65750000 - 0x00007ffd6576d000 	C:\Windows\SYSTEM32\dhcpcsvc.DLL
0x00007ffd6fdd0000 - 0x00007ffd6fe9b000 	C:\Windows\SYSTEM32\DNSAPI.dll
0x00007ffd67f00000 - 0x00007ffd67f0b000 	C:\Windows\SYSTEM32\WINNSI.DLL

VM Arguments:
jvm_args: -Xmx2048m -Dfile.encoding=UTF-8 -Duser.country=US -Duser.language=en -Duser.variant 
java_command: org.gradle.launcher.daemon.bootstrap.GradleDaemon 6.5
java_class_path (initial): C:\Users\MOGA\.gradle\wrapper\dists\gradle-6.5-all\2oz4ud9k3tuxjg84bbf55q0tn\gradle-6.5\lib\gradle-launcher-6.5.jar
Launcher Type: SUN_STANDARD

Environment Variables:
PATH=C:\Program Files (x86)\Common Files\Oracle\Java\javapath;C:\Windows\system32;C:\Windows;C:\Windows\System32\Wbem;C:\Windows\System32\WindowsPowerShell\v1.0\;C:\Windows\System32\OpenSSH\;C:\Program Files (x86)\NVIDIA Corporation\PhysX\Common;C:\Program Files\NVIDIA Corporation\NVIDIA NvDLISR;C:\Program Files\Git\cmd;C:\Users\MOGA\AppData\Local\Microsoft\WindowsApps;
USERNAME=MOGA
OS=Windows_NT
PROCESSOR_IDENTIFIER=Intel64 Family 6 Model 158 Stepping 10, GenuineIntel



---------------  S Y S T E M  ---------------

OS: Windows 10.0 , 64 bit Build 19041 (10.0.19041.662)

CPU:total 12 (initial active 12) (6 cores per cpu, 2 threads per core) family 6 model 158 stepping 10, cmov, cx8, fxsr, mmx, sse, sse2, sse3, ssse3, sse4.1, sse4.2, popcnt, avx, avx2, aes, clmul, erms, 3dnowpref, lzcnt, ht, tsc, tscinvbit, bmi1, bmi2, adx

Memory: 4k page, physical 8264944k(788276k free), swap 14556400k(5124k free)

vm_info: OpenJDK 64-Bit Server VM (25.242-b01) for windows-amd64 JRE (1.8.0_242-release-1644-b01), built by "builder" with MS VC++ 10.0 (VS2010)

time: Tue Jan 26 18:40:03 2021
timezone: Egypt Standard Time
elapsed time: 3 seconds (0d 0h 0m 3s)

