#
# There is insufficient memory for the Java Runtime Environment to continue.
# Native memory allocation (malloc) failed to allocate 1336496 bytes for Chunk::new
# Possible reasons:
#   The system is out of physical RAM or swap space
#   The process is running with CompressedOops enabled, and the Java Heap may be blocking the growth of the native heap
# Possible solutions:
#   Reduce memory load on the system
#   Increase physical memory or swap space
#   Check if swap backing store is full
#   Decrease Java heap size (-Xmx/-Xms)
#   Decrease number of Java threads
#   Decrease Java thread stack sizes (-Xss)
#   Set larger code cache with -XX:ReservedCodeCacheSize=
#   JVM is running with Unscaled Compressed Oops mode in which the Java heap is
#     placed in the first 4GB address space. The Java Heap base address is the
#     maximum limit for the native heap growth. Please use -XX:HeapBaseMinAddress
#     to set the Java Heap base and to place the Java Heap above 4GB virtual address.
# This output file may be truncated or incomplete.
#
#  Out of Memory Error (allocation.cpp:389), pid=5908, tid=0x0000000000003790
#
# JRE version: OpenJDK Runtime Environment (8.0_242-b01) (build 1.8.0_242-release-1644-b01)
# Java VM: OpenJDK 64-Bit Server VM (25.242-b01 mixed mode windows-amd64 compressed oops)
# Failed to write core dump. Minidumps are not enabled by default on client versions of Windows
#

---------------  T H R E A D  ---------------

Current thread (0x0000000018f74800):  JavaThread "C2 CompilerThread0" daemon [_thread_in_native, id=14224, stack(0x000000001a5d0000,0x000000001a6d0000)]

Stack: [0x000000001a5d0000,0x000000001a6d0000]
[error occurred during error reporting (printing stack bounds), id 0xc0000005]

Native frames: (J=compiled Java code, j=interpreted, Vv=VM code, C=native code)


Current CompileTask:
C2:   3846 3714       4       java.net.URLClassLoader$1::run (5 bytes)


---------------  P R O C E S S  ---------------

Java Threads: ( => current thread )
  0x000000001faf9800 JavaThread "jar transforms Thread 114" [_thread_blocked, id=9580, stack(0x000000002c7a0000,0x000000002c8a0000)]
  0x000000001faf4000 JavaThread "jar transforms Thread 113" [_thread_blocked, id=11060, stack(0x000000002c6a0000,0x000000002c7a0000)]
  0x000000001fafb000 JavaThread "jar transforms Thread 112" [_thread_blocked, id=1504, stack(0x000000002c5a0000,0x000000002c6a0000)]
  0x0000000021cfa000 JavaThread "jar transforms Thread 111" [_thread_blocked, id=1424, stack(0x000000002c4a0000,0x000000002c5a0000)]
  0x0000000021cf5800 JavaThread "jar transforms Thread 110" [_thread_blocked, id=11284, stack(0x000000002c3a0000,0x000000002c4a0000)]
  0x0000000021cf9000 JavaThread "jar transforms Thread 109" [_thread_blocked, id=2820, stack(0x000000002c2a0000,0x000000002c3a0000)]
  0x0000000021cf7800 JavaThread "jar transforms Thread 108" [_thread_blocked, id=3184, stack(0x000000002c1a0000,0x000000002c2a0000)]
  0x0000000021cf8800 JavaThread "jar transforms Thread 107" [_thread_blocked, id=1740, stack(0x000000002c0a0000,0x000000002c1a0000)]
  0x0000000021cf4800 JavaThread "jar transforms Thread 106" [_thread_blocked, id=13624, stack(0x000000002bfa0000,0x000000002c0a0000)]
  0x0000000021cfb800 JavaThread "jar transforms Thread 105" [_thread_blocked, id=12408, stack(0x000000002bea0000,0x000000002bfa0000)]
  0x0000000021cf7000 JavaThread "jar transforms Thread 104" [_thread_blocked, id=7336, stack(0x000000002bca0000,0x000000002bda0000)]
  0x0000000021cfa800 JavaThread "jar transforms Thread 103" [_thread_blocked, id=7480, stack(0x000000002bba0000,0x000000002bca0000)]
  0x0000000021cf6000 JavaThread "jar transforms Thread 102" [_thread_blocked, id=1844, stack(0x000000002baa0000,0x000000002bba0000)]
  0x0000000021ced000 JavaThread "jar transforms Thread 101" [_thread_blocked, id=9180, stack(0x000000002b9a0000,0x000000002baa0000)]
  0x0000000021cf1000 JavaThread "jar transforms Thread 100" [_thread_blocked, id=12088, stack(0x000000002b8a0000,0x000000002b9a0000)]
  0x0000000021cee000 JavaThread "jar transforms Thread 99" [_thread_blocked, id=11168, stack(0x000000002b7a0000,0x000000002b8a0000)]
  0x0000000021cef800 JavaThread "jar transforms Thread 98" [_thread_blocked, id=12584, stack(0x000000002b6a0000,0x000000002b7a0000)]
  0x0000000021cf4000 JavaThread "jar transforms Thread 97" [_thread_blocked, id=5960, stack(0x000000002b5a0000,0x000000002b6a0000)]
  0x0000000021cf3000 JavaThread "jar transforms Thread 96" [_thread_blocked, id=4904, stack(0x000000002b4a0000,0x000000002b5a0000)]
  0x0000000021cee800 JavaThread "jar transforms Thread 95" [_thread_blocked, id=9056, stack(0x000000002b3a0000,0x000000002b4a0000)]
  0x0000000021cf2800 JavaThread "jar transforms Thread 94" [_thread_blocked, id=6232, stack(0x000000002b2a0000,0x000000002b3a0000)]
  0x0000000021cec000 JavaThread "jar transforms Thread 93" [_thread_blocked, id=7528, stack(0x000000002b1a0000,0x000000002b2a0000)]
  0x0000000021cf1800 JavaThread "jar transforms Thread 92" [_thread_blocked, id=9816, stack(0x000000002b0a0000,0x000000002b1a0000)]
  0x0000000021cf0000 JavaThread "jar transforms Thread 91" [_thread_blocked, id=8676, stack(0x000000002afa0000,0x000000002b0a0000)]
  0x000000001f7fb800 JavaThread "jar transforms Thread 90" [_thread_blocked, id=10456, stack(0x000000002aea0000,0x000000002afa0000)]
  0x000000001f7fa800 JavaThread "jar transforms Thread 89" [_thread_blocked, id=6392, stack(0x000000002ada0000,0x000000002aea0000)]
  0x000000001f7fd000 JavaThread "jar transforms Thread 88" [_thread_blocked, id=6328, stack(0x000000002aca0000,0x000000002ada0000)]
  0x000000001f7fa000 JavaThread "jar transforms Thread 87" [_thread_blocked, id=7636, stack(0x000000002aba0000,0x000000002aca0000)]
  0x000000001f7fd800 JavaThread "jar transforms Thread 86" [_thread_blocked, id=13788, stack(0x000000002aaa0000,0x000000002aba0000)]
  0x000000001f7fc000 JavaThread "jar transforms Thread 85" [_thread_blocked, id=8912, stack(0x000000002a9a0000,0x000000002aaa0000)]
  0x000000001f7f9000 JavaThread "jar transforms Thread 84" [_thread_blocked, id=2744, stack(0x000000002a8a0000,0x000000002a9a0000)]
  0x000000001f7fe800 JavaThread "jar transforms Thread 83" [_thread_blocked, id=11828, stack(0x000000002a7a0000,0x000000002a8a0000)]
  0x000000001f7f1800 JavaThread "jar transforms Thread 82" [_thread_blocked, id=792, stack(0x000000002a6a0000,0x000000002a7a0000)]
  0x000000001f7f8800 JavaThread "jar transforms Thread 81" [_thread_blocked, id=12220, stack(0x000000002a5a0000,0x000000002a6a0000)]
  0x000000001f7f1000 JavaThread "jar transforms Thread 80" [_thread_blocked, id=12036, stack(0x000000002a4a0000,0x000000002a5a0000)]
  0x000000001f7f7800 JavaThread "jar transforms Thread 79" [_thread_blocked, id=2144, stack(0x0000000024690000,0x0000000024790000)]
  0x000000001f7f0000 JavaThread "jar transforms Thread 78" [_thread_blocked, id=11332, stack(0x0000000024590000,0x0000000024690000)]
  0x000000001f7f2800 JavaThread "jar transforms Thread 77" [_thread_blocked, id=13576, stack(0x000000002a170000,0x000000002a270000)]
  0x000000001f7f7000 JavaThread "jar transforms Thread 76" [_thread_blocked, id=13776, stack(0x000000002a070000,0x000000002a170000)]
  0x000000001f7f6000 JavaThread "jar transforms Thread 75" [_thread_blocked, id=5508, stack(0x0000000029f70000,0x000000002a070000)]
  0x000000001f7ef800 JavaThread "jar transforms Thread 74" [_thread_blocked, id=3472, stack(0x0000000029e70000,0x0000000029f70000)]
  0x000000001f7f5800 JavaThread "jar transforms Thread 73" [_thread_blocked, id=1388, stack(0x0000000029d70000,0x0000000029e70000)]
  0x000000001f7f4000 JavaThread "jar transforms Thread 72" [_thread_blocked, id=7776, stack(0x0000000029c70000,0x0000000029d70000)]
  0x000000001f7f3000 JavaThread "jar transforms Thread 71" [_thread_blocked, id=11516, stack(0x0000000029b70000,0x0000000029c70000)]
  0x000000001f7f4800 JavaThread "jar transforms Thread 70" [_thread_blocked, id=12228, stack(0x0000000029a70000,0x0000000029b70000)]
  0x000000001f8dc800 JavaThread "jar transforms Thread 69" [_thread_blocked, id=10596, stack(0x0000000029970000,0x0000000029a70000)]
  0x000000001f8e3000 JavaThread "jar transforms Thread 68" [_thread_blocked, id=14984, stack(0x0000000029870000,0x0000000029970000)]
  0x000000001f8db800 JavaThread "jar transforms Thread 67" [_thread_blocked, id=11580, stack(0x0000000029770000,0x0000000029870000)]
  0x000000001f8e2800 JavaThread "jar transforms Thread 66" [_thread_blocked, id=15008, stack(0x0000000029670000,0x0000000029770000)]
  0x000000001f8e1800 JavaThread "jar transforms Thread 65" [_thread_blocked, id=14320, stack(0x0000000029570000,0x0000000029670000)]
  0x000000001f8df800 JavaThread "jar transforms Thread 64" [_thread_blocked, id=8924, stack(0x0000000029470000,0x0000000029570000)]
  0x000000001f8de000 JavaThread "jar transforms Thread 63" [_thread_blocked, id=6268, stack(0x0000000029370000,0x0000000029470000)]
  0x000000001f8da000 JavaThread "jar transforms Thread 62" [_thread_blocked, id=12392, stack(0x0000000029270000,0x0000000029370000)]
  0x000000001f8de800 JavaThread "jar transforms Thread 61" [_thread_blocked, id=15256, stack(0x0000000029170000,0x0000000029270000)]
  0x000000001f8dd000 JavaThread "jar transforms Thread 60" [_thread_blocked, id=14184, stack(0x0000000029070000,0x0000000029170000)]
  0x000000001f8e0000 JavaThread "jar transforms Thread 59" [_thread_blocked, id=1456, stack(0x0000000028f70000,0x0000000029070000)]
  0x000000001f8e1000 JavaThread "jar transforms Thread 58" [_thread_blocked, id=6880, stack(0x0000000028e70000,0x0000000028f70000)]
  0x000000001f8d4000 JavaThread "jar transforms Thread 57" [_thread_blocked, id=10072, stack(0x0000000028d70000,0x0000000028e70000)]
  0x000000001f8d9800 JavaThread "jar transforms Thread 56" [_thread_blocked, id=4984, stack(0x0000000028c70000,0x0000000028d70000)]
  0x000000001f8d8000 JavaThread "jar transforms Thread 55" [_thread_blocked, id=2332, stack(0x0000000028b70000,0x0000000028c70000)]
  0x000000001f8d6800 JavaThread "jar transforms Thread 54" [_thread_blocked, id=6800, stack(0x0000000028a70000,0x0000000028b70000)]
  0x000000001f8db000 JavaThread "jar transforms Thread 53" [_thread_blocked, id=6220, stack(0x0000000028970000,0x0000000028a70000)]
  0x000000001f8d8800 JavaThread "jar transforms Thread 52" [_thread_blocked, id=12900, stack(0x0000000028870000,0x0000000028970000)]
  0x000000001f8d5800 JavaThread "jar transforms Thread 51" [_thread_blocked, id=10672, stack(0x0000000028770000,0x0000000028870000)]
  0x000000001f8d7000 JavaThread "jar transforms Thread 50" [_thread_blocked, id=14764, stack(0x0000000028670000,0x0000000028770000)]
  0x000000001f8d5000 JavaThread "jar transforms Thread 49" [_thread_blocked, id=6952, stack(0x0000000028570000,0x0000000028670000)]
  0x000000001f84d000 JavaThread "jar transforms Thread 48" [_thread_blocked, id=4220, stack(0x0000000028470000,0x0000000028570000)]
  0x000000001f84c000 JavaThread "jar transforms Thread 47" [_thread_blocked, id=12212, stack(0x0000000028370000,0x0000000028470000)]
  0x000000001f851800 JavaThread "jar transforms Thread 46" [_thread_blocked, id=2308, stack(0x0000000028270000,0x0000000028370000)]
  0x000000001f84f000 JavaThread "jar transforms Thread 45" [_thread_blocked, id=7204, stack(0x0000000028170000,0x0000000028270000)]
  0x000000001f850000 JavaThread "jar transforms Thread 44" [_thread_blocked, id=2580, stack(0x0000000028070000,0x0000000028170000)]
  0x000000001f850800 JavaThread "jar transforms Thread 43" [_thread_blocked, id=3348, stack(0x0000000027f70000,0x0000000028070000)]
  0x000000001f84b800 JavaThread "jar transforms Thread 42" [_thread_blocked, id=11600, stack(0x0000000027e70000,0x0000000027f70000)]
  0x000000001f84e800 JavaThread "jar transforms Thread 41" [_thread_blocked, id=1968, stack(0x0000000027d70000,0x0000000027e70000)]
  0x000000001f847800 JavaThread "jar transforms Thread 40" [_thread_blocked, id=9532, stack(0x0000000027c70000,0x0000000027d70000)]
  0x000000001f84a800 JavaThread "jar transforms Thread 39" [_thread_blocked, id=2100, stack(0x0000000027b70000,0x0000000027c70000)]
  0x000000001f84d800 JavaThread "jar transforms Thread 38" [_thread_blocked, id=10644, stack(0x0000000027a70000,0x0000000027b70000)]
  0x000000001f844000 JavaThread "jar transforms Thread 37" [_thread_blocked, id=10840, stack(0x0000000027970000,0x0000000027a70000)]
  0x000000001f84a000 JavaThread "jar transforms Thread 36" [_thread_blocked, id=15268, stack(0x0000000027870000,0x0000000027970000)]
  0x000000001f847000 JavaThread "jar transforms Thread 35" [_thread_blocked, id=5972, stack(0x0000000027770000,0x0000000027870000)]
  0x000000001f844800 JavaThread "jar transforms Thread 34" [_thread_blocked, id=9400, stack(0x0000000027670000,0x0000000027770000)]
  0x000000001f846000 JavaThread "jar transforms Thread 33" [_thread_blocked, id=10440, stack(0x0000000027570000,0x0000000027670000)]
  0x000000001f842800 JavaThread "jar transforms Thread 32" [_thread_blocked, id=3464, stack(0x0000000027470000,0x0000000027570000)]
  0x000000001f843000 JavaThread "jar transforms Thread 31" [_thread_blocked, id=7816, stack(0x0000000027370000,0x0000000027470000)]
  0x000000001f848800 JavaThread "jar transforms Thread 30" [_thread_blocked, id=264, stack(0x0000000027270000,0x0000000027370000)]
  0x000000001f849000 JavaThread "jar transforms Thread 29" [_thread_blocked, id=12056, stack(0x0000000027170000,0x0000000027270000)]
  0x000000001f845800 JavaThread "jar transforms Thread 28" [_thread_blocked, id=4108, stack(0x0000000027070000,0x0000000027170000)]
  0x000000001fd9f000 JavaThread "jar transforms Thread 27" [_thread_blocked, id=3216, stack(0x0000000026f70000,0x0000000027070000)]
  0x000000001fd9e800 JavaThread "jar transforms Thread 26" [_thread_blocked, id=11936, stack(0x0000000026e70000,0x0000000026f70000)]
  0x000000001fd9a000 JavaThread "jar transforms Thread 25" [_thread_blocked, id=12756, stack(0x0000000026d70000,0x0000000026e70000)]
  0x000000001fd9d800 JavaThread "jar transforms Thread 24" [_thread_blocked, id=1520, stack(0x0000000026c70000,0x0000000026d70000)]
  0x000000001fd9d000 JavaThread "jar transforms Thread 23" [_thread_blocked, id=1604, stack(0x0000000026b70000,0x0000000026c70000)]
  0x000000001fd9c000 JavaThread "jar transforms Thread 22" [_thread_blocked, id=11544, stack(0x0000000026a70000,0x0000000026b70000)]
  0x000000001fd9b800 JavaThread "jar transforms Thread 21" [_thread_blocked, id=13072, stack(0x0000000026970000,0x0000000026a70000)]
  0x000000001fd9a800 JavaThread "jar transforms Thread 20" [_thread_blocked, id=9652, stack(0x0000000026870000,0x0000000026970000)]
  0x000000001fd92800 JavaThread "jar transforms Thread 19" [_thread_blocked, id=6288, stack(0x0000000026770000,0x0000000026870000)]
  0x000000001fd99000 JavaThread "jar transforms Thread 18" [_thread_blocked, id=6184, stack(0x0000000026670000,0x0000000026770000)]
  0x000000001fd98800 JavaThread "jar transforms Thread 17" [_thread_blocked, id=9448, stack(0x0000000026570000,0x0000000026670000)]
  0x000000001fd91000 JavaThread "jar transforms Thread 16" [_thread_blocked, id=4304, stack(0x0000000026470000,0x0000000026570000)]
  0x000000001fd91800 JavaThread "jar transforms Thread 15" [_thread_blocked, id=8308, stack(0x0000000026370000,0x0000000026470000)]
  0x000000001fd97800 JavaThread "jar transforms Thread 14" [_thread_blocked, id=9104, stack(0x0000000026270000,0x0000000026370000)]
  0x000000001fd95800 JavaThread "jar transforms Thread 13" [_thread_blocked, id=2264, stack(0x0000000026170000,0x0000000026270000)]
  0x000000001fd94800 JavaThread "jar transforms Thread 12" [_thread_blocked, id=5528, stack(0x0000000026070000,0x0000000026170000)]
  0x000000001fd90000 JavaThread "jar transforms Thread 11" [_thread_blocked, id=5604, stack(0x0000000025f70000,0x0000000026070000)]
  0x000000001fd94000 JavaThread "jar transforms Thread 10" [_thread_blocked, id=13208, stack(0x0000000025e70000,0x0000000025f70000)]
  0x000000001fd96000 JavaThread "jar transforms Thread 9" [_thread_blocked, id=15024, stack(0x0000000025d70000,0x0000000025e70000)]
  0x000000001fd97000 JavaThread "jar transforms Thread 8" [_thread_blocked, id=6508, stack(0x0000000025c70000,0x0000000025d70000)]
  0x000000001fd93000 JavaThread "jar transforms Thread 7" [_thread_blocked, id=2052, stack(0x0000000025b70000,0x0000000025c70000)]
  0x000000001fef9800 JavaThread "jar transforms Thread 6" [_thread_blocked, id=14332, stack(0x0000000025a70000,0x0000000025b70000)]
  0x000000001fef9000 JavaThread "jar transforms Thread 5" [_thread_blocked, id=656, stack(0x0000000025970000,0x0000000025a70000)]
  0x000000001fef8000 JavaThread "jar transforms Thread 4" [_thread_blocked, id=7664, stack(0x0000000025870000,0x0000000025970000)]
  0x000000001fef7800 JavaThread "jar transforms Thread 3" [_thread_blocked, id=5108, stack(0x0000000025770000,0x0000000025870000)]
  0x000000001fef0000 JavaThread "jar transforms Thread 2" [_thread_blocked, id=12348, stack(0x00000000247c0000,0x00000000248c0000)]
  0x000000001fef0800 JavaThread "Build operations Thread 12" [_thread_blocked, id=8376, stack(0x00000000254e0000,0x00000000255e0000)]
  0x000000001fef6800 JavaThread "Build operations Thread 11" [_thread_blocked, id=8620, stack(0x00000000253e0000,0x00000000254e0000)]
  0x000000001fef4800 JavaThread "Build operations Thread 10" [_thread_blocked, id=3076, stack(0x00000000252e0000,0x00000000253e0000)]
  0x000000001fef3800 JavaThread "Build operations Thread 9" [_thread_blocked, id=6956, stack(0x00000000251e0000,0x00000000252e0000)]
  0x000000001fef3000 JavaThread "Build operations Thread 8" [_thread_blocked, id=9760, stack(0x00000000250e0000,0x00000000251e0000)]
  0x000000001fef2000 JavaThread "Build operations Thread 7" [_thread_blocked, id=3204, stack(0x0000000024ee0000,0x0000000024fe0000)]
  0x000000001fef6000 JavaThread "Build operations Thread 6" [_thread_blocked, id=7392, stack(0x0000000024de0000,0x0000000024ee0000)]
  0x000000001fef5000 JavaThread "Build operations Thread 5" [_thread_blocked, id=4728, stack(0x0000000024ce0000,0x0000000024de0000)]
  0x000000001feeb800 JavaThread "Build operations Thread 4" [_thread_blocked, id=7148, stack(0x0000000024be0000,0x0000000024ce0000)]
  0x000000001fef1800 JavaThread "Build operations Thread 3" [_thread_blocked, id=11816, stack(0x0000000024ae0000,0x0000000024be0000)]
  0x000000001feef000 JavaThread "Build operations Thread 2" [_thread_blocked, id=14092, stack(0x00000000249e0000,0x0000000024ae0000)]
  0x000000001feee800 JavaThread "Build operations" [_thread_blocked, id=14316, stack(0x00000000248e0000,0x00000000249e0000)]
  0x000000001ca89800 JavaThread "Cache worker for file content cache (C:\Users\MOGA\.gradle\caches\6.5\fileContent)" [_thread_blocked, id=8508, stack(0x0000000022ec0000,0x0000000022fc0000)]
  0x000000001ca89000 JavaThread "jar transforms" [_thread_blocked, id=5564, stack(0x0000000022660000,0x0000000022760000)]
  0x000000001ca86800 JavaThread "Cache worker for execution history cache (C:\Users\MOGA\.gradle\caches\6.5\executionHistory)" [_thread_blocked, id=11604, stack(0x0000000022560000,0x0000000022660000)]
  0x000000001ca86000 JavaThread "Cache worker for cache directory md-rule (C:\Users\MOGA\.gradle\caches\6.5\md-rule)" [_thread_blocked, id=10732, stack(0x0000000022460000,0x0000000022560000)]
  0x000000001ca84800 JavaThread "Cache worker for cache directory md-supplier (C:\Users\MOGA\.gradle\caches\6.5\md-supplier)" [_thread_blocked, id=9060, stack(0x0000000022360000,0x0000000022460000)]
  0x000000001ca88000 JavaThread "Cache worker for checksums cache (C:\Users\MOGA\Desktop\Android_studio_kotlin\Hamakifinal\.gradle\checksums)" [_thread_blocked, id=4012, stack(0x0000000022060000,0x0000000022160000)]
  0x000000001ca83800 JavaThread "Cache worker for file hash cache (C:\Users\MOGA\Desktop\Android_studio_kotlin\Hamakifinal\.gradle\6.5\fileHashes)" [_thread_blocked, id=14800, stack(0x00000000227c0000,0x00000000228c0000)]
  0x000000001ca87800 JavaThread "Cache worker for file hash cache (C:\Users\MOGA\.gradle\caches\6.5\fileHashes)" [_thread_blocked, id=8076, stack(0x000000001ebf0000,0x000000001ecf0000)]
  0x000000001ca85000 JavaThread "File lock request listener" [_thread_in_native, id=8396, stack(0x000000001eaf0000,0x000000001ebf0000)]
  0x000000001cc54000 JavaThread "Cache worker for journal cache (C:\Users\MOGA\.gradle\caches\journal-1)" [_thread_blocked, id=9376, stack(0x000000001e9f0000,0x000000001eaf0000)]
  0x000000001c860000 JavaThread "Thread-9" [_thread_blocked, id=8948, stack(0x000000001e6f0000,0x000000001e7f0000)]
  0x000000001c8a2000 JavaThread "Stdin handler" [_thread_blocked, id=14200, stack(0x000000001e5f0000,0x000000001e6f0000)]
  0x000000001c897800 JavaThread "Asynchronous log dispatcher for DefaultDaemonConnection: socket connection from /127.0.0.1:61813 to /127.0.0.1:61814" [_thread_blocked, id=5092, stack(0x000000001e4f0000,0x000000001e5f0000)]
  0x000000001c894000 JavaThread "Daemon worker" [_thread_in_Java, id=5588, stack(0x000000001e3f0000,0x000000001e4f0000)]
  0x000000001c88d000 JavaThread "Cancel handler" [_thread_blocked, id=12748, stack(0x000000001e2f0000,0x000000001e3f0000)]
  0x000000001c7cd000 JavaThread "Handler for socket connection from /127.0.0.1:61813 to /127.0.0.1:61814" [_thread_in_native, id=2544, stack(0x000000001e1f0000,0x000000001e2f0000)]
  0x000000001c7cb000 JavaThread "Daemon" [_thread_blocked, id=14476, stack(0x000000001def0000,0x000000001dff0000)]
  0x000000001c7c5800 JavaThread "Daemon periodic checks" [_thread_blocked, id=13016, stack(0x000000001ddf0000,0x000000001def0000)]
  0x000000001c7be800 JavaThread "Incoming local TCP Connector on port 61813" [_thread_in_native, id=10096, stack(0x000000001dbb0000,0x000000001dcb0000)]
  0x000000001c6bf800 JavaThread "Daemon health stats" [_thread_blocked, id=11792, stack(0x000000001d570000,0x000000001d670000)]
  0x0000000019012800 JavaThread "Service Thread" daemon [_thread_blocked, id=10796, stack(0x000000001a9d0000,0x000000001aad0000)]
  0x0000000018f7f800 JavaThread "C1 CompilerThread3" daemon [_thread_blocked, id=6084, stack(0x000000001a8d0000,0x000000001a9d0000)]
  0x0000000018f7f000 JavaThread "C2 CompilerThread2" daemon [_thread_in_native, id=12240, stack(0x000000001a7d0000,0x000000001a8d0000)]
  0x0000000018f7b800 JavaThread "C2 CompilerThread1" daemon [_thread_in_native, id=2240, stack(0x000000001a6d0000,0x000000001a7d0000)]
=>0x0000000018f74800 JavaThread "C2 CompilerThread0" daemon [_thread_in_native, id=14224, stack(0x000000001a5d0000,0x000000001a6d0000)]
  0x0000000018f72800 JavaThread "Attach Listener" daemon [_thread_blocked, id=13876, stack(0x000000001a4d0000,0x000000001a5d0000)]
  0x0000000018f71000 JavaThread "Signal Dispatcher" daemon [_thread_blocked, id=9324, stack(0x000000001a3d0000,0x000000001a4d0000)]
  0x0000000017862000 JavaThread "Finalizer" daemon [_thread_blocked, id=15332, stack(0x000000001a1d0000,0x000000001a2d0000)]
  0x0000000018f63000 JavaThread "Reference Handler" daemon [_thread_blocked, id=13636, stack(0x000000001a0d0000,0x000000001a1d0000)]
  0x00000000025ed800 JavaThread "main" [_thread_blocked, id=4876, stack(0x0000000002280000,0x0000000002380000)]

Other Threads:
  0x0000000017855800 VMThread [stack: 0x0000000019fd0000,0x000000001a0d0000] [id=3008]
  0x0000000019013800 WatcherThread [stack: 0x000000001aad0000,0x000000001abd0000] [id=9344]

VM state:not at safepoint (normal execution)

VM Mutex/Monitor currently owned by a thread: None

heap address: 0x0000000080000000, size: 2048 MB, Compressed Oops mode: 32-bit
Narrow klass base: 0x0000000000000000, Narrow klass shift: 3
Compressed class space size: 1073741824 Address: 0x0000000100000000

Heap:
 PSYoungGen      total 252416K, used 166678K [0x00000000d5580000, 0x00000000e7380000, 0x0000000100000000)
  eden space 236032K, 70% used [0x00000000d5580000,0x00000000df8458b8,0x00000000e3c00000)
  from space 16384K, 0% used [0x00000000e5380000,0x00000000e5380000,0x00000000e6380000)
  to   space 13312K, 0% used [0x00000000e6680000,0x00000000e6680000,0x00000000e7380000)
 ParOldGen       total 82432K, used 15163K [0x0000000080000000, 0x0000000085080000, 0x00000000d5580000)
  object space 82432K, 18% used [0x0000000080000000,0x0000000080eceef0,0x0000000085080000)
 Metaspace       used 37539K, capacity 39268K, committed 39336K, reserved 1083392K
  class space    used 5187K, capacity 5534K, committed 5552K, reserved 1048576K

Card table byte_map: [0x00000000119b0000,0x0000000011dc0000] byte_map_base: 0x00000000115b0000

Marking Bits: (ParMarkBitMap*) 0x000000005188f030
 Begin Bits: [0x0000000012a70000, 0x0000000014a70000)
 End Bits:   [0x0000000014a70000, 0x0000000016a70000)

Polling page: 0x0000000000ab0000

CodeCache: size=245760Kb used=12951Kb max_used=12951Kb free=232809Kb
 bounds [0x00000000025f0000, 0x00000000032a0000, 0x00000000115f0000]
 total_blobs=4509 nmethods=3805 adapters=616
 compilation: enabled

Compilation events (10 events):
Event: 3.829 Thread 0x0000000018f7f800 nmethod 3804 0x0000000003295e90 code [0x0000000003295fe0, 0x0000000003296210]
Event: 3.829 Thread 0x0000000018f7f800 3805       3       com.google.common.collect.MapMakerInternalMap$StrongKeyWeakValueSegment::self (2 bytes)
Event: 3.829 Thread 0x0000000018f7f800 nmethod 3805 0x0000000003295b50 code [0x0000000003295ca0, 0x0000000003295df0]
Event: 3.831 Thread 0x0000000018f7f800 3806       1       java.util.concurrent.atomic.AtomicReferenceArray::length (6 bytes)
Event: 3.831 Thread 0x0000000018f7f000 3807   !   4       java.lang.ClassLoader::getPackage (118 bytes)
Event: 3.831 Thread 0x0000000018f7f800 nmethod 3806 0x0000000003295850 code [0x00000000032959a0, 0x0000000003295ab0]
Event: 3.835 Thread 0x0000000018f7f800 3809       3       org.gradle.internal.util.Trie::find (135 bytes)
Event: 3.836 Thread 0x0000000018f7f800 nmethod 3809 0x0000000003294b90 code [0x0000000003294d60, 0x00000000032954f8]
Event: 3.836 Thread 0x0000000018f7f800 3808       3       org.gradle.internal.classloader.FilteringClassLoader$TrieSet::find (9 bytes)
Event: 3.836 Thread 0x0000000018f7f800 nmethod 3808 0x0000000003294790 code [0x0000000003294900, 0x0000000003294aa8]

GC Heap History (10 events):
Event: 2.217 GC heap before
{Heap before GC invocations=5 (full 0):
 PSYoungGen      total 138240K, used 12318K [0x00000000d5580000, 0x00000000de180000, 0x0000000100000000)
  eden space 133120K, 5% used [0x00000000d5580000,0x00000000d5c8f928,0x00000000dd780000)
  from space 5120K, 99% used [0x00000000ddc80000,0x00000000de178030,0x00000000de180000)
  to   space 5120K, 0% used [0x00000000dd780000,0x00000000dd780000,0x00000000ddc80000)
 ParOldGen       total 87552K, used 10913K [0x0000000080000000, 0x0000000085580000, 0x00000000d5580000)
  object space 87552K, 12% used [0x0000000080000000,0x0000000080aa8698,0x0000000085580000)
 Metaspace       used 20582K, capacity 21224K, committed 21296K, reserved 1067008K
  class space    used 2878K, capacity 3076K, committed 3120K, reserved 1048576K
Event: 2.222 GC heap after
Heap after GC invocations=5 (full 0):
 PSYoungGen      total 138240K, used 5108K [0x00000000d5580000, 0x00000000e7380000, 0x0000000100000000)
  eden space 133120K, 0% used [0x00000000d5580000,0x00000000d5580000,0x00000000dd780000)
  from space 5120K, 99% used [0x00000000dd780000,0x00000000ddc7d060,0x00000000ddc80000)
  to   space 13312K, 0% used [0x00000000e6680000,0x00000000e6680000,0x00000000e7380000)
 ParOldGen       total 87552K, used 11284K [0x0000000080000000, 0x0000000085580000, 0x00000000d5580000)
  object space 87552K, 12% used [0x0000000080000000,0x0000000080b050a8,0x0000000085580000)
 Metaspace       used 20582K, capacity 21224K, committed 21296K, reserved 1067008K
  class space    used 2878K, capacity 3076K, committed 3120K, reserved 1048576K
}
Event: 2.222 GC heap before
{Heap before GC invocations=6 (full 1):
 PSYoungGen      total 138240K, used 5108K [0x00000000d5580000, 0x00000000e7380000, 0x0000000100000000)
  eden space 133120K, 0% used [0x00000000d5580000,0x00000000d5580000,0x00000000dd780000)
  from space 5120K, 99% used [0x00000000dd780000,0x00000000ddc7d060,0x00000000ddc80000)
  to   space 13312K, 0% used [0x00000000e6680000,0x00000000e6680000,0x00000000e7380000)
 ParOldGen       total 87552K, used 11284K [0x0000000080000000, 0x0000000085580000, 0x00000000d5580000)
  object space 87552K, 12% used [0x0000000080000000,0x0000000080b050a8,0x0000000085580000)
 Metaspace       used 20582K, capacity 21224K, committed 21296K, reserved 1067008K
  class space    used 2878K, capacity 3076K, committed 3120K, reserved 1048576K
Event: 2.251 GC heap after
Heap after GC invocations=6 (full 1):
 PSYoungGen      total 138240K, used 0K [0x00000000d5580000, 0x00000000e7380000, 0x0000000100000000)
  eden space 133120K, 0% used [0x00000000d5580000,0x00000000d5580000,0x00000000dd780000)
  from space 5120K, 0% used [0x00000000dd780000,0x00000000dd780000,0x00000000ddc80000)
  to   space 13312K, 0% used [0x00000000e6680000,0x00000000e6680000,0x00000000e7380000)
 ParOldGen       total 54272K, used 6854K [0x0000000080000000, 0x0000000083500000, 0x00000000d5580000)
  object space 54272K, 12% used [0x0000000080000000,0x00000000806b19a8,0x0000000083500000)
 Metaspace       used 20582K, capacity 21224K, committed 21296K, reserved 1067008K
  class space    used 2878K, capacity 3076K, committed 3120K, reserved 1048576K
}
Event: 3.071 GC heap before
{Heap before GC invocations=7 (full 1):
 PSYoungGen      total 138240K, used 133120K [0x00000000d5580000, 0x00000000e7380000, 0x0000000100000000)
  eden space 133120K, 100% used [0x00000000d5580000,0x00000000dd780000,0x00000000dd780000)
  from space 5120K, 0% used [0x00000000dd780000,0x00000000dd780000,0x00000000ddc80000)
  to   space 13312K, 0% used [0x00000000e6680000,0x00000000e6680000,0x00000000e7380000)
 ParOldGen       total 54272K, used 6854K [0x0000000080000000, 0x0000000083500000, 0x00000000d5580000)
  object space 54272K, 12% used [0x0000000080000000,0x00000000806b19a8,0x0000000083500000)
 Metaspace       used 32783K, capacity 33866K, committed 33968K, reserved 1079296K
  class space    used 4484K, capacity 4751K, committed 4784K, reserved 1048576K
Event: 3.083 GC heap after
Heap after GC invocations=7 (full 1):
 PSYoungGen      total 249344K, used 13294K [0x00000000d5580000, 0x00000000e7380000, 0x0000000100000000)
  eden space 236032K, 0% used [0x00000000d5580000,0x00000000d5580000,0x00000000e3c00000)
  from space 13312K, 99% used [0x00000000e6680000,0x00000000e737bb50,0x00000000e7380000)
  to   space 16384K, 0% used [0x00000000e5380000,0x00000000e5380000,0x00000000e6380000)
 ParOldGen       total 54272K, used 8184K [0x0000000080000000, 0x0000000083500000, 0x00000000d5580000)
  object space 54272K, 15% used [0x0000000080000000,0x00000000807fe1b0,0x0000000083500000)
 Metaspace       used 32783K, capacity 33866K, committed 33968K, reserved 1079296K
  class space    used 4484K, capacity 4751K, committed 4784K, reserved 1048576K
}
Event: 3.222 GC heap before
{Heap before GC invocations=8 (full 1):
 PSYoungGen      total 249344K, used 46468K [0x00000000d5580000, 0x00000000e7380000, 0x0000000100000000)
  eden space 236032K, 14% used [0x00000000d5580000,0x00000000d75e57a0,0x00000000e3c00000)
  from space 13312K, 99% used [0x00000000e6680000,0x00000000e737bb50,0x00000000e7380000)
  to   space 16384K, 0% used [0x00000000e5380000,0x00000000e5380000,0x00000000e6380000)
 ParOldGen       total 54272K, used 8184K [0x0000000080000000, 0x0000000083500000, 0x00000000d5580000)
  object space 54272K, 15% used [0x0000000080000000,0x00000000807fe1b0,0x0000000083500000)
 Metaspace       used 34316K, capacity 35414K, committed 35496K, reserved 1079296K
  class space    used 4727K, capacity 5002K, committed 5040K, reserved 1048576K
Event: 3.231 GC heap after
Heap after GC invocations=8 (full 1):
 PSYoungGen      total 252416K, used 8890K [0x00000000d5580000, 0x00000000e7380000, 0x0000000100000000)
  eden space 236032K, 0% used [0x00000000d5580000,0x00000000d5580000,0x00000000e3c00000)
  from space 16384K, 54% used [0x00000000e5380000,0x00000000e5c2eae8,0x00000000e6380000)
  to   space 13312K, 0% used [0x00000000e6680000,0x00000000e6680000,0x00000000e7380000)
 ParOldGen       total 54272K, used 8192K [0x0000000080000000, 0x0000000083500000, 0x00000000d5580000)
  object space 54272K, 15% used [0x0000000080000000,0x00000000808001b0,0x0000000083500000)
 Metaspace       used 34316K, capacity 35414K, committed 35496K, reserved 1079296K
  class space    used 4727K, capacity 5002K, committed 5040K, reserved 1048576K
}
Event: 3.231 GC heap before
{Heap before GC invocations=9 (full 2):
 PSYoungGen      total 252416K, used 8890K [0x00000000d5580000, 0x00000000e7380000, 0x0000000100000000)
  eden space 236032K, 0% used [0x00000000d5580000,0x00000000d5580000,0x00000000e3c00000)
  from space 16384K, 54% used [0x00000000e5380000,0x00000000e5c2eae8,0x00000000e6380000)
  to   space 13312K, 0% used [0x00000000e6680000,0x00000000e6680000,0x00000000e7380000)
 ParOldGen       total 54272K, used 8192K [0x0000000080000000, 0x0000000083500000, 0x00000000d5580000)
  object space 54272K, 15% used [0x0000000080000000,0x00000000808001b0,0x0000000083500000)
 Metaspace       used 34316K, capacity 35414K, committed 35496K, reserved 1079296K
  class space    used 4727K, capacity 5002K, committed 5040K, reserved 1048576K
Event: 3.316 GC heap after
Heap after GC invocations=9 (full 2):
 PSYoungGen      total 252416K, used 0K [0x00000000d5580000, 0x00000000e7380000, 0x0000000100000000)
  eden space 236032K, 0% used [0x00000000d5580000,0x00000000d5580000,0x00000000e3c00000)
  from space 16384K, 0% used [0x00000000e5380000,0x00000000e5380000,0x00000000e6380000)
  to   space 13312K, 0% used [0x00000000e6680000,0x00000000e6680000,0x00000000e7380000)
 ParOldGen       total 82432K, used 15163K [0x0000000080000000, 0x0000000085080000, 0x00000000d5580000)
  object space 82432K, 18% used [0x0000000080000000,0x0000000080eceef0,0x0000000085080000)
 Metaspace       used 34316K, capacity 35414K, committed 35496K, reserved 1079296K
  class space    used 4727K, capacity 5002K, committed 5040K, reserved 1048576K
}

Deoptimization events (10 events):
Event: 3.692 Thread 0x000000001c894000 Uncommon trap: reason=bimorphic action=maybe_recompile pc=0x0000000002ec4fe4 method=java.util.AbstractCollection.addAll(Ljava/util/Collection;)Z @ 29
Event: 3.707 Thread 0x000000001c894000 Uncommon trap: reason=range_check action=make_not_entrant pc=0x00000000030304b8 method=java.lang.String.charAt(I)C @ 27
Event: 3.723 Thread 0x000000001c894000 Uncommon trap: reason=unstable_if action=reinterpret pc=0x000000000294182c method=java.util.jar.JarFile.match([C[B[I[I)Z @ 29
Event: 3.776 Thread 0x000000001c894000 Uncommon trap: reason=unstable_if action=reinterpret pc=0x0000000002902390 method=java.util.regex.Pattern.has(I)Z @ 6
Event: 3.777 Thread 0x000000001c894000 Uncommon trap: reason=bimorphic action=maybe_recompile pc=0x0000000002ec4fe4 method=java.util.AbstractCollection.addAll(Ljava/util/Collection;)Z @ 29
Event: 3.794 Thread 0x000000001c894000 Uncommon trap: reason=predicate action=maybe_recompile pc=0x0000000002b5ba88 method=com.google.common.base.CharMatcher.indexIn(Ljava/lang/CharSequence;I)I @ 22
Event: 3.805 Thread 0x000000001c894000 Uncommon trap: reason=bimorphic action=maybe_recompile pc=0x0000000002fcac44 method=java.lang.ClassLoader.getPackage(Ljava/lang/String;)Ljava/lang/Package; @ 47
Event: 3.805 Thread 0x000000001c894000 Uncommon trap: reason=bimorphic action=maybe_recompile pc=0x0000000002fcac44 method=java.lang.ClassLoader.getPackage(Ljava/lang/String;)Ljava/lang/Package; @ 47
Event: 3.805 Thread 0x000000001c894000 Uncommon trap: reason=bimorphic action=maybe_recompile pc=0x0000000002fcac44 method=java.lang.ClassLoader.getPackage(Ljava/lang/String;)Ljava/lang/Package; @ 47
Event: 3.805 Thread 0x000000001c894000 Uncommon trap: reason=bimorphic action=maybe_recompile pc=0x0000000002fcac44 method=java.lang.ClassLoader.getPackage(Ljava/lang/String;)Ljava/lang/Package; @ 47

Classes redefined (0 events):
No events

Internal exceptions (10 events):
Event: 3.779 Thread 0x000000001c860000 Exception <a 'java/lang/NoSuchMethodError': <clinit>> (0x00000000d83ffcb0) thrown at [C:\src\AOSP-openjdk-git\hotspot\src\share\vm\prims\jni.cpp, line 1615]
Event: 3.779 Thread 0x000000001c860000 Exception <a 'java/lang/NoSuchMethodError': <clinit>> (0x00000000d8409f20) thrown at [C:\src\AOSP-openjdk-git\hotspot\src\share\vm\prims\jni.cpp, line 1615]
Event: 3.780 Thread 0x000000001c860000 Exception <a 'java/lang/NoSuchMethodError': <clinit>> (0x00000000d8414ff0) thrown at [C:\src\AOSP-openjdk-git\hotspot\src\share\vm\prims\jni.cpp, line 1615]
Event: 3.781 Thread 0x000000001c860000 Exception <a 'java/lang/NoSuchMethodError': <clinit>> (0x00000000d84283c0) thrown at [C:\src\AOSP-openjdk-git\hotspot\src\share\vm\prims\jni.cpp, line 1615]
Event: 3.788 Thread 0x000000001c894000 Exception <a 'java/lang/ClassNotFoundException': build_aellaln4e3l1dr23hksf04rtvBeanInfo> (0x00000000dedb9280) thrown at [C:\src\AOSP-openjdk-git\hotspot\src\share\vm\classfile\systemDictionary.cpp, line 210]
Event: 3.788 Thread 0x000000001c894000 Exception <a 'java/lang/ClassNotFoundException': build_aellaln4e3l1dr23hksf04rtvCustomizer> (0x00000000dedc4ec0) thrown at [C:\src\AOSP-openjdk-git\hotspot\src\share\vm\classfile\systemDictionary.cpp, line 210]
Event: 3.793 Thread 0x000000001c894000 Exception <a 'java/lang/ClassNotFoundException': org/gradle/plugin/use/internal/PluginRequestCollector$PluginDependenciesSpecImplBeanInfo> (0x00000000dee64ce8) thrown at [C:\src\AOSP-openjdk-git\hotspot\src\share\vm\classfile\systemDictionary.cpp, line 21
Event: 3.793 Thread 0x000000001c894000 Exception <a 'java/lang/ClassNotFoundException': org/gradle/plugin/use/internal/PluginRequestCollector$PluginDependenciesSpecImplCustomizer> (0x00000000deea4c28) thrown at [C:\src\AOSP-openjdk-git\hotspot\src\share\vm\classfile\systemDictionary.cpp, line 
Event: 3.822 Thread 0x000000001c894000 Exception <a 'java/lang/ClassNotFoundException': org/gradle/api/internal/plugins/DefaultObjectConfigurationActionBeanInfo> (0x00000000df385808) thrown at [C:\src\AOSP-openjdk-git\hotspot\src\share\vm\classfile\systemDictionary.cpp, line 210]
Event: 3.823 Thread 0x000000001c894000 Exception <a 'java/lang/ClassNotFoundException': org/gradle/api/internal/plugins/DefaultObjectConfigurationActionCustomizer> (0x00000000df3ccbd8) thrown at [C:\src\AOSP-openjdk-git\hotspot\src\share\vm\classfile\systemDictionary.cpp, line 210]

Events (10 events):
Event: 3.836 loading class com/google/common/base/CharMatcher$Invisible
Event: 3.836 loading class com/google/common/base/CharMatcher$Invisible done
Event: 3.836 loading class com/google/common/base/CharMatcher$SingleWidth
Event: 3.836 loading class com/google/common/base/CharMatcher$SingleWidth done
Event: 3.837 loading class com/google/common/base/CharMatcher$IsNot
Event: 3.837 loading class com/google/common/base/CharMatcher$IsNot done
Event: 3.837 loading class com/google/common/base/CharMatcher$JavaIsoControl
Event: 3.837 loading class com/google/common/base/CharMatcher$JavaIsoControl done
Event: 3.837 loading class com/google/common/base/Preconditions
Event: 3.837 loading class com/google/common/base/Preconditions done


Dynamic libraries:
0x00007ff6469f0000 - 0x00007ff646a21000 	C:\Program Files\Android\Android Studio\jre\bin\java.exe
0x00007ffd731d0000 - 0x00007ffd733c6000 	C:\Windows\SYSTEM32\ntdll.dll
0x00007ffd714f0000 - 0x00007ffd715ad000 	C:\Windows\System32\KERNEL32.DLL
0x00007ffd70b20000 - 0x00007ffd70de9000 	C:\Windows\System32\KERNELBASE.dll
0x00007ffd72030000 - 0x00007ffd720dc000 	C:\Windows\System32\ADVAPI32.dll
0x00007ffd72280000 - 0x00007ffd7231e000 	C:\Windows\System32\msvcrt.dll
0x00007ffd72680000 - 0x00007ffd7271c000 	C:\Windows\System32\sechost.dll
0x00007ffd71e40000 - 0x00007ffd71f6b000 	C:\Windows\System32\RPCRT4.dll
0x00007ffd71270000 - 0x00007ffd71410000 	C:\Windows\System32\USER32.dll
0x00007ffd70910000 - 0x00007ffd70932000 	C:\Windows\System32\win32u.dll
0x00007ffd720e0000 - 0x00007ffd7210a000 	C:\Windows\System32\GDI32.dll
0x00007ffd71120000 - 0x00007ffd7122b000 	C:\Windows\System32\gdi32full.dll
0x00007ffd70f50000 - 0x00007ffd70fed000 	C:\Windows\System32\msvcp_win.dll
0x00007ffd709a0000 - 0x00007ffd70aa0000 	C:\Windows\System32\ucrtbase.dll
0x00007ffd5b700000 - 0x00007ffd5b99b000 	C:\Windows\WinSxS\amd64_microsoft.windows.common-controls_6595b64144ccf1df_6.0.19041.746_none_ca02b4b61b8320a4\COMCTL32.dll
0x00007ffd71240000 - 0x00007ffd71270000 	C:\Windows\System32\IMM32.DLL
0x0000000051fd0000 - 0x00000000520a2000 	C:\Program Files\Android\Android Studio\jre\jre\bin\msvcr100.dll
0x00000000510c0000 - 0x000000005190b000 	C:\Program Files\Android\Android Studio\jre\jre\bin\server\jvm.dll
0x00007ffd71f70000 - 0x00007ffd71f78000 	C:\Windows\System32\PSAPI.DLL
0x00007ffd67f10000 - 0x00007ffd67f1a000 	C:\Windows\SYSTEM32\VERSION.dll
0x00007ffd6a510000 - 0x00007ffd6a519000 	C:\Windows\SYSTEM32\WSOCK32.dll
0x00007ffd5dc60000 - 0x00007ffd5dc87000 	C:\Windows\SYSTEM32\WINMM.dll
0x00007ffd72110000 - 0x00007ffd7217b000 	C:\Windows\System32\WS2_32.dll
0x00007ffd61dd0000 - 0x00007ffd61ddf000 	C:\Program Files\Android\Android Studio\jre\jre\bin\verify.dll
0x00007ffd4e3a0000 - 0x00007ffd4e3c9000 	C:\Program Files\Android\Android Studio\jre\jre\bin\java.dll
0x00007ffd60c20000 - 0x00007ffd60c36000 	C:\Program Files\Android\Android Studio\jre\jre\bin\zip.dll
0x00007ffd715b0000 - 0x00007ffd71cf3000 	C:\Windows\System32\SHELL32.dll
0x00007ffd6ea70000 - 0x00007ffd6f1ff000 	C:\Windows\SYSTEM32\windows.storage.dll
0x00007ffd72320000 - 0x00007ffd72676000 	C:\Windows\System32\combase.dll
0x00007ffd70370000 - 0x00007ffd7039c000 	C:\Windows\SYSTEM32\Wldp.dll
0x00007ffd71f80000 - 0x00007ffd7202e000 	C:\Windows\System32\SHCORE.dll
0x00007ffd727b0000 - 0x00007ffd72805000 	C:\Windows\System32\shlwapi.dll
0x00007ffd70840000 - 0x00007ffd70866000 	C:\Windows\SYSTEM32\profapi.dll
0x00007ffd507f0000 - 0x00007ffd5080a000 	C:\Program Files\Android\Android Studio\jre\jre\bin\net.dll
0x00007ffd700f0000 - 0x00007ffd7015a000 	C:\Windows\system32\mswsock.dll
0x00007ffd4f250000 - 0x00007ffd4f263000 	C:\Program Files\Android\Android Studio\jre\jre\bin\nio.dll
0x00007ffd69e10000 - 0x00007ffd69e37000 	C:\Users\MOGA\.gradle\native\f6784746aeab05261644944871eae4fe03e0ef1612fff0a4a95f87b438bc6780\windows-amd64\native-platform.dll
0x00007ffd61dc0000 - 0x00007ffd61dcd000 	C:\Program Files\Android\Android Studio\jre\jre\bin\management.dll
0x00007ffd702d0000 - 0x00007ffd702e8000 	C:\Windows\SYSTEM32\CRYPTSP.dll
0x00007ffd6fa20000 - 0x00007ffd6fa54000 	C:\Windows\system32\rsaenh.dll
0x00007ffd70af0000 - 0x00007ffd70b17000 	C:\Windows\System32\bcrypt.dll
0x00007ffd707c0000 - 0x00007ffd707ee000 	C:\Windows\SYSTEM32\USERENV.dll
0x00007ffd710a0000 - 0x00007ffd71120000 	C:\Windows\System32\bcryptprimitives.dll
0x00007ffd702c0000 - 0x00007ffd702cc000 	C:\Windows\SYSTEM32\CRYPTBASE.dll
0x00007ffd6fd90000 - 0x00007ffd6fdcb000 	C:\Windows\SYSTEM32\IPHLPAPI.DLL
0x00007ffd71230000 - 0x00007ffd71238000 	C:\Windows\System32\NSI.dll
0x00007ffd65830000 - 0x00007ffd65847000 	C:\Windows\SYSTEM32\dhcpcsvc6.DLL
0x00007ffd65750000 - 0x00007ffd6576d000 	C:\Windows\SYSTEM32\dhcpcsvc.DLL
0x00007ffd6fdd0000 - 0x00007ffd6fe9b000 	C:\Windows\SYSTEM32\DNSAPI.dll
0x00007ffd67f00000 - 0x00007ffd67f0b000 	C:\Windows\SYSTEM32\WINNSI.DLL

VM Arguments:
jvm_args: -Xmx2048m -Dfile.encoding=UTF-8 -Duser.country=US -Duser.language=en -Duser.variant 
java_command: org.gradle.launcher.daemon.bootstrap.GradleDaemon 6.5
java_class_path (initial): C:\Users\MOGA\.gradle\wrapper\dists\gradle-6.5-bin\6nifqtx7604sqp1q6g8wikw7p\gradle-6.5\lib\gradle-launcher-6.5.jar
Launcher Type: SUN_STANDARD

Environment Variables:
PATH=C:\Program Files (x86)\Common Files\Oracle\Java\javapath;C:\Windows\system32;C:\Windows;C:\Windows\System32\Wbem;C:\Windows\System32\WindowsPowerShell\v1.0\;C:\Windows\System32\OpenSSH\;C:\Program Files (x86)\NVIDIA Corporation\PhysX\Common;C:\Program Files\NVIDIA Corporation\NVIDIA NvDLISR;C:\Program Files\Git\cmd;C:\Users\MOGA\AppData\Local\Microsoft\WindowsApps;
USERNAME=MOGA
OS=Windows_NT
PROCESSOR_IDENTIFIER=Intel64 Family 6 Model 158 Stepping 10, GenuineIntel



---------------  S Y S T E M  ---------------

OS: Windows 10.0 , 64 bit Build 19041 (10.0.19041.662)

CPU:total 12 (initial active 12) (6 cores per cpu, 2 threads per core) family 6 model 158 stepping 10, cmov, cx8, fxsr, mmx, sse, sse2, sse3, ssse3, sse4.1, sse4.2, popcnt, avx, avx2, aes, clmul, erms, 3dnowpref, lzcnt, ht, tsc, tscinvbit, bmi1, bmi2, adx

Memory: 4k page, physical 8264944k(679556k free), swap 14556400k(5512k free)

vm_info: OpenJDK 64-Bit Server VM (25.242-b01) for windows-amd64 JRE (1.8.0_242-release-1644-b01), built by "builder" with MS VC++ 10.0 (VS2010)

time: Tue Jan 26 18:37:50 2021
timezone: Egypt Standard Time
elapsed time: 3 seconds (0d 0h 0m 3s)

