#
# There is insufficient memory for the Java Runtime Environment to continue.
# Native memory allocation (malloc) failed to allocate 32744 bytes for ChunkPool::allocate
# Possible reasons:
#   The system is out of physical RAM or swap space
#   The process is running with CompressedOops enabled, and the Java Heap may be blocking the growth of the native heap
# Possible solutions:
#   Reduce memory load on the system
#   Increase physical memory or swap space
#   Check if swap backing store is full
#   Decrease Java heap size (-Xmx/-Xms)
#   Decrease number of Java threads
#   Decrease Java thread stack sizes (-Xss)
#   Set larger code cache with -XX:ReservedCodeCacheSize=
#   JVM is running with Unscaled Compressed Oops mode in which the Java heap is
#     placed in the first 4GB address space. The Java Heap base address is the
#     maximum limit for the native heap growth. Please use -XX:HeapBaseMinAddress
#     to set the Java Heap base and to place the Java Heap above 4GB virtual address.
# This output file may be truncated or incomplete.
#
#  Out of Memory Error (allocation.cpp:272), pid=812, tid=0x0000000000003020
#
# JRE version: OpenJDK Runtime Environment (8.0_242-b01) (build 1.8.0_242-release-1644-b01)
# Java VM: OpenJDK 64-Bit Server VM (25.242-b01 mixed mode windows-amd64 compressed oops)
# Failed to write core dump. Minidumps are not enabled by default on client versions of Windows
#

---------------  T H R E A D  ---------------

Current thread (0x0000000019d82000):  JavaThread "C2 CompilerThread2" daemon [_thread_in_native, id=12320, stack(0x000000001b5d0000,0x000000001b6d0000)]

Stack: [0x000000001b5d0000,0x000000001b6d0000]
[error occurred during error reporting (printing stack bounds), id 0xc0000005]

Native frames: (J=compiled Java code, j=interpreted, Vv=VM code, C=native code)


Current CompileTask:
C2:   5991 5060       4       sun.reflect.generics.parser.SignatureParser::parsePackageNameAndSimpleClassTypeSignature (139 bytes)


---------------  P R O C E S S  ---------------

Java Threads: ( => current thread )
  0x0000000021ebb800 JavaThread "Cache worker for Build Output Cleanup Cache (C:\Users\MOGA\Desktop\Android_studio_kotlin\Hamakifinal\.gradle\buildOutputCleanup)" [_thread_blocked, id=6312, stack(0x000000002a260000,0x000000002a360000)]
  0x0000000021eb9800 JavaThread "jar transforms Thread 114" [_thread_blocked, id=1200, stack(0x000000002d7b0000,0x000000002d8b0000)]
  0x0000000021ebe000 JavaThread "jar transforms Thread 113" [_thread_blocked, id=7228, stack(0x000000002d6b0000,0x000000002d7b0000)]
  0x0000000021ebd000 JavaThread "jar transforms Thread 112" [_thread_blocked, id=13192, stack(0x000000002d4b0000,0x000000002d5b0000)]
  0x0000000021eb8800 JavaThread "jar transforms Thread 111" [_thread_blocked, id=14300, stack(0x000000002d3b0000,0x000000002d4b0000)]
  0x0000000021eba000 JavaThread "jar transforms Thread 110" [_thread_blocked, id=8724, stack(0x000000002d2b0000,0x000000002d3b0000)]
  0x0000000021eb0800 JavaThread "jar transforms Thread 109" [_thread_blocked, id=7744, stack(0x000000002d1b0000,0x000000002d2b0000)]
  0x0000000021eb6800 JavaThread "jar transforms Thread 108" [_thread_blocked, id=8480, stack(0x000000002d0b0000,0x000000002d1b0000)]
  0x0000000021eb5000 JavaThread "jar transforms Thread 107" [_thread_blocked, id=9952, stack(0x000000002cfb0000,0x000000002d0b0000)]
  0x0000000021eb4000 JavaThread "jar transforms Thread 106" [_thread_blocked, id=3540, stack(0x000000002ceb0000,0x000000002cfb0000)]
  0x0000000021eb3800 JavaThread "jar transforms Thread 105" [_thread_blocked, id=14516, stack(0x000000002cdb0000,0x000000002ceb0000)]
  0x0000000021eb5800 JavaThread "jar transforms Thread 104" [_thread_blocked, id=6256, stack(0x000000002ccb0000,0x000000002cdb0000)]
  0x0000000021eb7000 JavaThread "jar transforms Thread 103" [_thread_blocked, id=10252, stack(0x000000002cbb0000,0x000000002ccb0000)]
  0x0000000021eb2800 JavaThread "jar transforms Thread 102" [_thread_blocked, id=7120, stack(0x000000002cab0000,0x000000002cbb0000)]
  0x0000000021eb2000 JavaThread "jar transforms Thread 101" [_thread_blocked, id=10124, stack(0x000000002c9b0000,0x000000002cab0000)]
  0x0000000021eb1000 JavaThread "jar transforms Thread 100" [_thread_blocked, id=4504, stack(0x000000002c8b0000,0x000000002c9b0000)]
  0x000000001dab2000 JavaThread "jar transforms Thread 99" [_thread_blocked, id=9456, stack(0x000000002c7b0000,0x000000002c8b0000)]
  0x000000001dab0800 JavaThread "jar transforms Thread 98" [_thread_blocked, id=13436, stack(0x000000002c6b0000,0x000000002c7b0000)]
  0x000000001dab0000 JavaThread "jar transforms Thread 97" [_thread_blocked, id=13340, stack(0x000000002c5b0000,0x000000002c6b0000)]
  0x000000001daaf000 JavaThread "jar transforms Thread 96" [_thread_blocked, id=11280, stack(0x000000002c4b0000,0x000000002c5b0000)]
  0x000000001daae800 JavaThread "jar transforms Thread 95" [_thread_blocked, id=12512, stack(0x000000002c3b0000,0x000000002c4b0000)]
  0x000000001dab1800 JavaThread "jar transforms Thread 94" [_thread_blocked, id=11004, stack(0x000000002c2b0000,0x000000002c3b0000)]
  0x000000001daad800 JavaThread "jar transforms Thread 93" [_thread_blocked, id=8968, stack(0x000000002c1b0000,0x000000002c2b0000)]
  0x000000001dab3800 JavaThread "jar transforms Thread 92" [_thread_blocked, id=9048, stack(0x000000002c0b0000,0x000000002c1b0000)]
  0x000000001dab3000 JavaThread "jar transforms Thread 91" [_thread_blocked, id=8848, stack(0x000000002bfb0000,0x000000002c0b0000)]
  0x000000001daa6000 JavaThread "jar transforms Thread 90" [_thread_blocked, id=808, stack(0x000000002beb0000,0x000000002bfb0000)]
  0x000000001daad000 JavaThread "jar transforms Thread 89" [_thread_blocked, id=3576, stack(0x000000002bdb0000,0x000000002beb0000)]
  0x000000001daac000 JavaThread "jar transforms Thread 88" [_thread_blocked, id=10744, stack(0x000000002bcb0000,0x000000002bdb0000)]
  0x000000001daab800 JavaThread "jar transforms Thread 87" [_thread_blocked, id=7376, stack(0x000000002bbb0000,0x000000002bcb0000)]
  0x000000001daa5800 JavaThread "jar transforms Thread 86" [_thread_blocked, id=6056, stack(0x000000002bab0000,0x000000002bbb0000)]
  0x000000001daaa800 JavaThread "jar transforms Thread 85" [_thread_blocked, id=10316, stack(0x000000002b9b0000,0x000000002bab0000)]
  0x000000001daa9000 JavaThread "jar transforms Thread 84" [_thread_blocked, id=9244, stack(0x000000002b8b0000,0x000000002b9b0000)]
  0x000000001daa7000 JavaThread "jar transforms Thread 83" [_thread_blocked, id=3904, stack(0x000000002b7b0000,0x000000002b8b0000)]
  0x000000001daa4800 JavaThread "jar transforms Thread 82" [_thread_blocked, id=8640, stack(0x000000002b6b0000,0x000000002b7b0000)]
  0x000000001daa8800 JavaThread "jar transforms Thread 81" [_thread_blocked, id=3784, stack(0x000000002b5b0000,0x000000002b6b0000)]
  0x000000001daa7800 JavaThread "jar transforms Thread 80" [_thread_blocked, id=14528, stack(0x000000002b4b0000,0x000000002b5b0000)]
  0x000000001daaa000 JavaThread "jar transforms Thread 79" [_thread_blocked, id=13236, stack(0x000000002b3b0000,0x000000002b4b0000)]
  0x00000000213b6000 JavaThread "jar transforms Thread 78" [_thread_blocked, id=12344, stack(0x000000002b2b0000,0x000000002b3b0000)]
  0x00000000213b4800 JavaThread "jar transforms Thread 77" [_thread_blocked, id=1400, stack(0x000000002b1b0000,0x000000002b2b0000)]
  0x00000000213b8800 JavaThread "jar transforms Thread 76" [_thread_blocked, id=14132, stack(0x000000002b0b0000,0x000000002b1b0000)]
  0x00000000213b5800 JavaThread "jar transforms Thread 75" [_thread_blocked, id=8352, stack(0x000000002afb0000,0x000000002b0b0000)]
  0x00000000213ba800 JavaThread "jar transforms Thread 74" [_thread_blocked, id=9112, stack(0x000000002aeb0000,0x000000002afb0000)]
  0x00000000213b7000 JavaThread "jar transforms Thread 73" [_thread_blocked, id=6948, stack(0x000000002adb0000,0x000000002aeb0000)]
  0x00000000213b7800 JavaThread "jar transforms Thread 72" [_thread_blocked, id=9724, stack(0x000000002acb0000,0x000000002adb0000)]
  0x00000000213ba000 JavaThread "jar transforms Thread 71" [_thread_blocked, id=13988, stack(0x000000002abb0000,0x000000002acb0000)]
  0x00000000213b9000 JavaThread "jar transforms Thread 70" [_thread_blocked, id=12124, stack(0x000000002aab0000,0x000000002abb0000)]
  0x00000000213bb800 JavaThread "jar transforms Thread 69" [_thread_blocked, id=11668, stack(0x000000002a9b0000,0x000000002aab0000)]
  0x00000000213ad000 JavaThread "jar transforms Thread 68" [_thread_blocked, id=2288, stack(0x000000002a8b0000,0x000000002a9b0000)]
  0x00000000213b4000 JavaThread "jar transforms Thread 67" [_thread_blocked, id=1480, stack(0x000000002a7b0000,0x000000002a8b0000)]
  0x00000000213b3000 JavaThread "jar transforms Thread 66" [_thread_blocked, id=12152, stack(0x000000002a6b0000,0x000000002a7b0000)]
  0x00000000213b1000 JavaThread "jar transforms Thread 65" [_thread_blocked, id=4128, stack(0x000000002a5b0000,0x000000002a6b0000)]
  0x00000000213b1800 JavaThread "jar transforms Thread 64" [_thread_blocked, id=11196, stack(0x000000002a4b0000,0x000000002a5b0000)]
  0x00000000213ac800 JavaThread "jar transforms Thread 63" [_thread_blocked, id=1760, stack(0x000000002a3b0000,0x000000002a4b0000)]
  0x00000000213b0000 JavaThread "jar transforms Thread 62" [_thread_blocked, id=8784, stack(0x0000000026c20000,0x0000000026d20000)]
  0x00000000213b2800 JavaThread "jar transforms Thread 61" [_thread_blocked, id=11908, stack(0x000000002a160000,0x000000002a260000)]
  0x00000000213ae000 JavaThread "jar transforms Thread 60" [_thread_blocked, id=1532, stack(0x000000002a060000,0x000000002a160000)]
  0x00000000213af800 JavaThread "jar transforms Thread 59" [_thread_blocked, id=4840, stack(0x0000000029f60000,0x000000002a060000)]
  0x00000000213ae800 JavaThread "jar transforms Thread 58" [_thread_blocked, id=4936, stack(0x0000000029e60000,0x0000000029f60000)]
  0x0000000023631000 JavaThread "jar transforms Thread 57" [_thread_blocked, id=4236, stack(0x0000000029d60000,0x0000000029e60000)]
  0x000000002362e800 JavaThread "jar transforms Thread 56" [_thread_blocked, id=5512, stack(0x0000000029c60000,0x0000000029d60000)]
  0x0000000023634800 JavaThread "jar transforms Thread 55" [_thread_blocked, id=1752, stack(0x0000000029b60000,0x0000000029c60000)]
  0x0000000023634000 JavaThread "jar transforms Thread 54" [_thread_blocked, id=12208, stack(0x0000000029a60000,0x0000000029b60000)]
  0x0000000023635800 JavaThread "jar transforms Thread 53" [_thread_blocked, id=10416, stack(0x0000000029960000,0x0000000029a60000)]
  0x0000000023633000 JavaThread "jar transforms Thread 52" [_thread_blocked, id=12896, stack(0x0000000029860000,0x0000000029960000)]
  0x0000000023630000 JavaThread "jar transforms Thread 51" [_thread_blocked, id=12012, stack(0x0000000029760000,0x0000000029860000)]
  0x0000000023632800 JavaThread "jar transforms Thread 50" [_thread_blocked, id=15300, stack(0x0000000029660000,0x0000000029760000)]
  0x000000002362e000 JavaThread "jar transforms Thread 49" [_thread_blocked, id=14136, stack(0x0000000029560000,0x0000000029660000)]
  0x000000002362f800 JavaThread "jar transforms Thread 48" [_thread_blocked, id=9916, stack(0x0000000029460000,0x0000000029560000)]
  0x0000000023631800 JavaThread "jar transforms Thread 47" [_thread_blocked, id=11972, stack(0x0000000029360000,0x0000000029460000)]
  0x0000000023626000 JavaThread "jar transforms Thread 46" [_thread_blocked, id=14812, stack(0x0000000029260000,0x0000000029360000)]
  0x000000002362d000 JavaThread "jar transforms Thread 45" [_thread_blocked, id=10212, stack(0x0000000029160000,0x0000000029260000)]
  0x0000000023629000 JavaThread "jar transforms Thread 44" [_thread_blocked, id=12824, stack(0x0000000029060000,0x0000000029160000)]
  0x000000002362c800 JavaThread "jar transforms Thread 43" [_thread_blocked, id=12224, stack(0x0000000028f60000,0x0000000029060000)]
  0x000000002362b800 JavaThread "jar transforms Thread 42" [_thread_blocked, id=14456, stack(0x0000000028e60000,0x0000000028f60000)]
  0x000000002362a000 JavaThread "jar transforms Thread 41" [_thread_blocked, id=10308, stack(0x0000000028d60000,0x0000000028e60000)]
  0x0000000023627000 JavaThread "jar transforms Thread 40" [_thread_blocked, id=9136, stack(0x0000000028c60000,0x0000000028d60000)]
  0x0000000023628800 JavaThread "jar transforms Thread 39" [_thread_blocked, id=8868, stack(0x0000000028b60000,0x0000000028c60000)]
  0x000000002362b000 JavaThread "jar transforms Thread 38" [_thread_blocked, id=10944, stack(0x0000000028a60000,0x0000000028b60000)]
  0x0000000023627800 JavaThread "jar transforms Thread 37" [_thread_blocked, id=8748, stack(0x0000000028960000,0x0000000028a60000)]
  0x000000001deb0800 JavaThread "jar transforms Thread 36" [_thread_blocked, id=692, stack(0x0000000028860000,0x0000000028960000)]
  0x000000001deb0000 JavaThread "jar transforms Thread 35" [_thread_blocked, id=9452, stack(0x0000000028760000,0x0000000028860000)]
  0x000000001deae800 JavaThread "jar transforms Thread 34" [_thread_blocked, id=5112, stack(0x0000000028660000,0x0000000028760000)]
  0x000000001deaf000 JavaThread "jar transforms Thread 33" [_thread_blocked, id=5000, stack(0x0000000028560000,0x0000000028660000)]
  0x000000001deb1800 JavaThread "jar transforms Thread 32" [_thread_blocked, id=14752, stack(0x0000000028460000,0x0000000028560000)]
  0x000000001dea6800 JavaThread "jar transforms Thread 31" [_thread_blocked, id=11408, stack(0x0000000028360000,0x0000000028460000)]
  0x000000001dead800 JavaThread "jar transforms Thread 30" [_thread_blocked, id=2068, stack(0x0000000028260000,0x0000000028360000)]
  0x000000001dea8000 JavaThread "jar transforms Thread 29" [_thread_blocked, id=7956, stack(0x0000000028160000,0x0000000028260000)]
  0x000000001deac800 JavaThread "jar transforms Thread 28" [_thread_blocked, id=6140, stack(0x0000000028060000,0x0000000028160000)]
  0x000000001dea9800 JavaThread "jar transforms Thread 27" [_thread_blocked, id=796, stack(0x0000000027f60000,0x0000000028060000)]
  0x000000001deab000 JavaThread "jar transforms Thread 26" [_thread_blocked, id=1880, stack(0x0000000027e60000,0x0000000027f60000)]
  0x000000001deac000 JavaThread "jar transforms Thread 25" [_thread_blocked, id=8428, stack(0x0000000027d60000,0x0000000027e60000)]
  0x000000001dea6000 JavaThread "jar transforms Thread 24" [_thread_blocked, id=1188, stack(0x0000000027c60000,0x0000000027d60000)]
  0x000000001deaa800 JavaThread "jar transforms Thread 23" [_thread_blocked, id=14484, stack(0x0000000027b60000,0x0000000027c60000)]
  0x000000001dea2000 JavaThread "jar transforms Thread 22" [_thread_blocked, id=6692, stack(0x0000000027a60000,0x0000000027b60000)]
  0x000000001dea5000 JavaThread "jar transforms Thread 21" [_thread_blocked, id=9032, stack(0x0000000027960000,0x0000000027a60000)]
  0x000000001dea4800 JavaThread "jar transforms Thread 20" [_thread_blocked, id=13612, stack(0x0000000027860000,0x0000000027960000)]
  0x000000001dea3800 JavaThread "jar transforms Thread 19" [_thread_blocked, id=1940, stack(0x0000000027760000,0x0000000027860000)]
  0x000000001dea3000 JavaThread "jar transforms Thread 18" [_thread_blocked, id=13848, stack(0x0000000027660000,0x0000000027760000)]
  0x000000001dea9000 JavaThread "jar transforms Thread 17" [_thread_blocked, id=9300, stack(0x0000000027560000,0x0000000027660000)]
  0x000000001dea7800 JavaThread "jar transforms Thread 16" [_thread_blocked, id=14380, stack(0x0000000027460000,0x0000000027560000)]
  0x000000001c70f800 JavaThread "jar transforms Thread 15" [_thread_blocked, id=2988, stack(0x0000000027360000,0x0000000027460000)]
  0x000000001c70e800 JavaThread "jar transforms Thread 14" [_thread_blocked, id=11632, stack(0x0000000027260000,0x0000000027360000)]
  0x000000001c70e000 JavaThread "jar transforms Thread 13" [_thread_blocked, id=7292, stack(0x0000000027160000,0x0000000027260000)]
  0x000000001c711800 JavaThread "jar transforms Thread 12" [_thread_blocked, id=8188, stack(0x0000000027060000,0x0000000027160000)]
  0x000000001c711000 JavaThread "jar transforms Thread 11" [_thread_blocked, id=14096, stack(0x0000000026f60000,0x0000000027060000)]
  0x000000001c70d000 JavaThread "jar transforms Thread 10" [_thread_blocked, id=8084, stack(0x0000000026e60000,0x0000000026f60000)]
  0x000000001c710000 JavaThread "jar transforms Thread 9" [_thread_blocked, id=4028, stack(0x0000000026d60000,0x0000000026e60000)]
  0x000000001c713000 JavaThread "jar transforms Thread 8" [_thread_blocked, id=1580, stack(0x0000000026b20000,0x0000000026c20000)]
  0x000000001c714000 JavaThread "jar transforms Thread 7" [_thread_blocked, id=9280, stack(0x0000000026a20000,0x0000000026b20000)]
  0x000000001c712800 JavaThread "jar transforms Thread 6" [_thread_blocked, id=12468, stack(0x0000000026920000,0x0000000026a20000)]
  0x000000001d68a000 JavaThread "jar transforms Thread 5" [_thread_blocked, id=8404, stack(0x0000000026820000,0x0000000026920000)]
  0x000000001d689800 JavaThread "jar transforms Thread 4" [_thread_blocked, id=9984, stack(0x0000000026720000,0x0000000026820000)]
  0x000000001d68b800 JavaThread "jar transforms Thread 3" [_thread_blocked, id=6600, stack(0x0000000026620000,0x0000000026720000)]
  0x000000001d688800 JavaThread "jar transforms Thread 2" [_thread_blocked, id=8600, stack(0x0000000026520000,0x0000000026620000)]
  0x000000001d688000 JavaThread "Build operations Thread 12" [_thread_blocked, id=1984, stack(0x0000000026160000,0x0000000026260000)]
  0x000000001d68b000 JavaThread "Build operations Thread 11" [_thread_blocked, id=13248, stack(0x0000000026060000,0x0000000026160000)]
  0x000000001d686800 JavaThread "Build operations Thread 10" [_thread_blocked, id=3220, stack(0x0000000025f60000,0x0000000026060000)]
  0x000000001d687000 JavaThread "Build operations Thread 9" [_thread_blocked, id=612, stack(0x0000000025e60000,0x0000000025f60000)]
  0x000000001d67f000 JavaThread "Build operations Thread 8" [_thread_blocked, id=11852, stack(0x0000000025d60000,0x0000000025e60000)]
  0x000000001d685800 JavaThread "Build operations Thread 7" [_thread_blocked, id=13292, stack(0x0000000025c60000,0x0000000025d60000)]
  0x000000001d67e000 JavaThread "Build operations Thread 6" [_thread_blocked, id=4136, stack(0x0000000025a60000,0x0000000025b60000)]
  0x000000001d685000 JavaThread "Build operations Thread 5" [_thread_blocked, id=2096, stack(0x0000000025960000,0x0000000025a60000)]
  0x000000001d684000 JavaThread "Build operations Thread 4" [_thread_blocked, id=4448, stack(0x0000000025860000,0x0000000025960000)]
  0x000000001d683800 JavaThread "Build operations Thread 3" [_thread_blocked, id=8652, stack(0x0000000025760000,0x0000000025860000)]
  0x000000001d682800 JavaThread "Build operations Thread 2" [_thread_blocked, id=1468, stack(0x0000000025660000,0x0000000025760000)]
  0x000000001d682000 JavaThread "Build operations" [_thread_blocked, id=14396, stack(0x0000000025560000,0x0000000025660000)]
  0x000000001d677800 JavaThread "Cache worker for file content cache (C:\Users\MOGA\.gradle\caches\6.5\fileContent)" [_thread_blocked, id=11312, stack(0x0000000023e90000,0x0000000023f90000)]
  0x000000001d675800 JavaThread "jar transforms" [_thread_blocked, id=12200, stack(0x0000000023d90000,0x0000000023e90000)]
  0x000000001d676000 JavaThread "Cache worker for execution history cache (C:\Users\MOGA\.gradle\caches\6.5\executionHistory)" [_thread_blocked, id=1836, stack(0x0000000023690000,0x0000000023790000)]
  0x000000001d674800 JavaThread "Cache worker for cache directory md-rule (C:\Users\MOGA\.gradle\caches\6.5\md-rule)" [_thread_blocked, id=5556, stack(0x00000000224e0000,0x00000000225e0000)]
  0x000000001d67b800 JavaThread "Cache worker for cache directory md-supplier (C:\Users\MOGA\.gradle\caches\6.5\md-supplier)" [_thread_blocked, id=7628, stack(0x0000000022120000,0x0000000022220000)]
  0x000000001d67a800 JavaThread "Cache worker for checksums cache (C:\Users\MOGA\Desktop\Android_studio_kotlin\Hamakifinal\.gradle\checksums)" [_thread_blocked, id=6416, stack(0x0000000020e00000,0x0000000020f00000)]
  0x000000001d678800 JavaThread "Cache worker for file hash cache (C:\Users\MOGA\Desktop\Android_studio_kotlin\Hamakifinal\.gradle\6.5\fileHashes)" [_thread_blocked, id=12720, stack(0x000000001faf0000,0x000000001fbf0000)]
  0x000000001d67a000 JavaThread "Cache worker for file hash cache (C:\Users\MOGA\.gradle\caches\6.5\fileHashes)" [_thread_blocked, id=6824, stack(0x000000001f9f0000,0x000000001faf0000)]
  0x000000001d677000 JavaThread "File lock request listener" [_thread_in_native, id=11244, stack(0x000000001f8f0000,0x000000001f9f0000)]
  0x000000001da10800 JavaThread "Cache worker for journal cache (C:\Users\MOGA\.gradle\caches\journal-1)" [_thread_blocked, id=9144, stack(0x000000001f7f0000,0x000000001f8f0000)]
  0x000000001d603800 JavaThread "Thread-9" [_thread_blocked, id=8560, stack(0x000000001f4f0000,0x000000001f5f0000)]
  0x000000001d602000 JavaThread "Stdin handler" [_thread_blocked, id=9068, stack(0x000000001f3f0000,0x000000001f4f0000)]
  0x000000001d5ff800 JavaThread "Asynchronous log dispatcher for DefaultDaemonConnection: socket connection from /127.0.0.1:61976 to /127.0.0.1:61977" [_thread_blocked, id=9360, stack(0x000000001f2f0000,0x000000001f3f0000)]
  0x000000001d5fe000 JavaThread "Daemon worker" [_thread_in_vm, id=7500, stack(0x000000001f1f0000,0x000000001f2f0000)]
  0x000000001d60c000 JavaThread "Cancel handler" [_thread_blocked, id=9644, stack(0x000000001f0f0000,0x000000001f1f0000)]
  0x000000001d5ce000 JavaThread "Handler for socket connection from /127.0.0.1:61976 to /127.0.0.1:61977" [_thread_in_native, id=4652, stack(0x000000001eff0000,0x000000001f0f0000)]
  0x000000001d5cc800 JavaThread "Daemon" [_thread_blocked, id=12552, stack(0x000000001ecf0000,0x000000001edf0000)]
  0x000000001d5cd000 JavaThread "Daemon periodic checks" [_thread_blocked, id=11932, stack(0x000000001ebf0000,0x000000001ecf0000)]
  0x000000001d573800 JavaThread "Incoming local TCP Connector on port 61976" [_thread_in_native, id=14120, stack(0x000000001e9b0000,0x000000001eab0000)]
  0x000000001bacf800 JavaThread "Daemon health stats" [_thread_blocked, id=10588, stack(0x000000001e370000,0x000000001e470000)]
  0x0000000019e16800 JavaThread "Service Thread" daemon [_thread_blocked, id=2276, stack(0x000000001b7d0000,0x000000001b8d0000)]
  0x0000000019d82800 JavaThread "C1 CompilerThread3" daemon [_thread_blocked, id=8644, stack(0x000000001b6d0000,0x000000001b7d0000)]
=>0x0000000019d82000 JavaThread "C2 CompilerThread2" daemon [_thread_in_native, id=12320, stack(0x000000001b5d0000,0x000000001b6d0000)]
  0x0000000019d7c800 JavaThread "C2 CompilerThread1" daemon [_thread_in_native, id=11672, stack(0x000000001b4d0000,0x000000001b5d0000)]
  0x0000000019d74800 JavaThread "C2 CompilerThread0" daemon [_thread_in_native, id=8820, stack(0x000000001b3d0000,0x000000001b4d0000)]
  0x0000000019d72800 JavaThread "Attach Listener" daemon [_thread_blocked, id=8528, stack(0x000000001b2d0000,0x000000001b3d0000)]
  0x0000000019d71000 JavaThread "Signal Dispatcher" daemon [_thread_blocked, id=8716, stack(0x000000001b1d0000,0x000000001b2d0000)]
  0x0000000018692000 JavaThread "Finalizer" daemon [_thread_blocked, id=9156, stack(0x000000001afd0000,0x000000001b0d0000)]
  0x0000000019d63000 JavaThread "Reference Handler" daemon [_thread_blocked, id=13688, stack(0x000000001aed0000,0x000000001afd0000)]
  0x000000000318d800 JavaThread "main" [_thread_blocked, id=15296, stack(0x0000000003220000,0x0000000003320000)]

Other Threads:
  0x0000000018685800 VMThread [stack: 0x000000001add0000,0x000000001aed0000] [id=5080]
  0x0000000019e17000 WatcherThread [stack: 0x000000001b8d0000,0x000000001b9d0000] [id=7460]

VM state:not at safepoint (normal execution)

VM Mutex/Monitor currently owned by a thread: None

heap address: 0x0000000080000000, size: 2048 MB, Compressed Oops mode: 32-bit
Narrow klass base: 0x0000000000000000, Narrow klass shift: 3
Compressed class space size: 1073741824 Address: 0x0000000100000000

Heap:
 PSYoungGen      total 188928K, used 17396K [0x00000000d5580000, 0x00000000e3200000, 0x0000000100000000)
  eden space 179712K, 9% used [0x00000000d5580000,0x00000000d667d0b8,0x00000000e0500000)
  from space 9216K, 0% used [0x00000000e2900000,0x00000000e2900000,0x00000000e3200000)
  to   space 14848K, 0% used [0x00000000e1500000,0x00000000e1500000,0x00000000e2380000)
 ParOldGen       total 57856K, used 33648K [0x0000000080000000, 0x0000000083880000, 0x00000000d5580000)
  object space 57856K, 58% used [0x0000000080000000,0x00000000820dc398,0x0000000083880000)
 Metaspace       used 57397K, capacity 59657K, committed 60056K, reserved 1105920K
  class space    used 7816K, capacity 8282K, committed 8368K, reserved 1048576K

Card table byte_map: [0x00000000127e0000,0x0000000012bf0000] byte_map_base: 0x00000000123e0000

Marking Bits: (ParMarkBitMap*) 0x000000005188f030
 Begin Bits: [0x00000000138a0000, 0x00000000158a0000)
 End Bits:   [0x00000000158a0000, 0x00000000178a0000)

Polling page: 0x0000000001810000

CodeCache: size=245760Kb used=16744Kb max_used=16746Kb free=229016Kb
 bounds [0x0000000003420000, 0x0000000004490000, 0x0000000012420000]
 total_blobs=5682 nmethods=4912 adapters=680
 compilation: enabled

Compilation events (10 events):
Event: 5.979 Thread 0x0000000019d82800 5197       3       org.gradle.api.internal.tasks.AbstractTaskDependency::<init> (5 bytes)
Event: 5.979 Thread 0x0000000019d82800 nmethod 5197 0x0000000003652610 code [0x0000000003652760, 0x0000000003652910]
Event: 5.980 Thread 0x0000000019d82800 5198       3       org.gradle.api.internal.project.taskfactory.DefaultTaskClassInfoStore::createTaskAction (215 bytes)
Event: 5.982 Thread 0x0000000019d82800 nmethod 5198 0x00000000044853d0 code [0x0000000004485960, 0x00000000044898d8]
Event: 5.989 Thread 0x0000000019d82800 5199       3       org.gradle.internal.build.event.types.DefaultBinaryPluginIdentifier::hashCode (8 bytes)
Event: 5.989 Thread 0x0000000019d82800 nmethod 5199 0x00000000036521d0 code [0x0000000003652340, 0x0000000003652548]
Event: 5.989 Thread 0x0000000019d82800 5200       3       org.gradle.api.internal.DefaultNamedDomainObjectCollection$AbstractDomainObjectCreatingProvider::getType (5 bytes)
Event: 5.989 Thread 0x0000000019d82800 nmethod 5200 0x0000000003651e90 code [0x0000000003651fe0, 0x0000000003652150]
Event: 5.990 Thread 0x0000000019d74800 5201       4       java.lang.Class::forName (53 bytes)
Event: 5.991 Thread 0x0000000019d74800 nmethod 5201 0x000000000359f5d0 code [0x000000000359f720, 0x000000000359f7a8]

GC Heap History (10 events):
Event: 3.230 GC heap before
{Heap before GC invocations=9 (full 2):
 PSYoungGen      total 138240K, used 7357K [0x00000000d5580000, 0x00000000e3800000, 0x0000000100000000)
  eden space 121856K, 0% used [0x00000000d5580000,0x00000000d5580000,0x00000000dcc80000)
  from space 16384K, 44% used [0x00000000dcc80000,0x00000000dd3af778,0x00000000ddc80000)
  to   space 15360K, 0% used [0x00000000e2900000,0x00000000e2900000,0x00000000e3800000)
 ParOldGen       total 57856K, used 16177K [0x0000000080000000, 0x0000000083880000, 0x00000000d5580000)
  object space 57856K, 27% used [0x0000000080000000,0x0000000080fcc430,0x0000000083880000)
 Metaspace       used 34248K, capacity 35412K, committed 35496K, reserved 1079296K
  class space    used 4719K, capacity 5001K, committed 5040K, reserved 1048576K
Event: 3.276 GC heap after
Heap after GC invocations=9 (full 2):
 PSYoungGen      total 138240K, used 0K [0x00000000d5580000, 0x00000000e3800000, 0x0000000100000000)
  eden space 121856K, 0% used [0x00000000d5580000,0x00000000d5580000,0x00000000dcc80000)
  from space 16384K, 0% used [0x00000000dcc80000,0x00000000dcc80000,0x00000000ddc80000)
  to   space 15360K, 0% used [0x00000000e2900000,0x00000000e2900000,0x00000000e3800000)
 ParOldGen       total 57856K, used 15395K [0x0000000080000000, 0x0000000083880000, 0x00000000d5580000)
  object space 57856K, 26% used [0x0000000080000000,0x0000000080f08d78,0x0000000083880000)
 Metaspace       used 34248K, capacity 35412K, committed 35496K, reserved 1079296K
  class space    used 4719K, capacity 5001K, committed 5040K, reserved 1048576K
}
Event: 3.809 GC heap before
{Heap before GC invocations=10 (full 2):
 PSYoungGen      total 138240K, used 121856K [0x00000000d5580000, 0x00000000e3800000, 0x0000000100000000)
  eden space 121856K, 100% used [0x00000000d5580000,0x00000000dcc80000,0x00000000dcc80000)
  from space 16384K, 0% used [0x00000000dcc80000,0x00000000dcc80000,0x00000000ddc80000)
  to   space 15360K, 0% used [0x00000000e2900000,0x00000000e2900000,0x00000000e3800000)
 ParOldGen       total 57856K, used 15395K [0x0000000080000000, 0x0000000083880000, 0x00000000d5580000)
  object space 57856K, 26% used [0x0000000080000000,0x0000000080f08d78,0x0000000083880000)
 Metaspace       used 37691K, capacity 39434K, committed 39720K, reserved 1083392K
  class space    used 5212K, capacity 5567K, committed 5680K, reserved 1048576K
Event: 3.818 GC heap after
Heap after GC invocations=10 (full 2):
 PSYoungGen      total 188928K, used 9108K [0x00000000d5580000, 0x00000000e3200000, 0x0000000100000000)
  eden space 179712K, 0% used [0x00000000d5580000,0x00000000d5580000,0x00000000e0500000)
  from space 9216K, 98% used [0x00000000e2900000,0x00000000e31e50c8,0x00000000e3200000)
  to   space 14848K, 0% used [0x00000000e1500000,0x00000000e1500000,0x00000000e2380000)
 ParOldGen       total 57856K, used 15403K [0x0000000080000000, 0x0000000083880000, 0x00000000d5580000)
  object space 57856K, 26% used [0x0000000080000000,0x0000000080f0ad78,0x0000000083880000)
 Metaspace       used 37691K, capacity 39434K, committed 39720K, reserved 1083392K
  class space    used 5212K, capacity 5567K, committed 5680K, reserved 1048576K
}
Event: 5.210 GC heap before
{Heap before GC invocations=11 (full 2):
 PSYoungGen      total 188928K, used 188820K [0x00000000d5580000, 0x00000000e3200000, 0x0000000100000000)
  eden space 179712K, 100% used [0x00000000d5580000,0x00000000e0500000,0x00000000e0500000)
  from space 9216K, 98% used [0x00000000e2900000,0x00000000e31e50c8,0x00000000e3200000)
  to   space 14848K, 0% used [0x00000000e1500000,0x00000000e1500000,0x00000000e2380000)
 ParOldGen       total 57856K, used 15403K [0x0000000080000000, 0x0000000083880000, 0x00000000d5580000)
  object space 57856K, 26% used [0x0000000080000000,0x0000000080f0ad78,0x0000000083880000)
 Metaspace       used 53527K, capacity 55663K, committed 55976K, reserved 1101824K
  class space    used 7134K, capacity 7586K, committed 7600K, reserved 1048576K
Event: 5.235 GC heap after
Heap after GC invocations=11 (full 2):
 PSYoungGen      total 194560K, used 14836K [0x00000000d5580000, 0x00000000e3200000, 0x0000000100000000)
  eden space 179712K, 0% used [0x00000000d5580000,0x00000000d5580000,0x00000000e0500000)
  from space 14848K, 99% used [0x00000000e1500000,0x00000000e237d300,0x00000000e2380000)
  to   space 9216K, 0% used [0x00000000e2900000,0x00000000e2900000,0x00000000e3200000)
 ParOldGen       total 57856K, used 28677K [0x0000000080000000, 0x0000000083880000, 0x00000000d5580000)
  object space 57856K, 49% used [0x0000000080000000,0x0000000081c014e8,0x0000000083880000)
 Metaspace       used 53527K, capacity 55663K, committed 55976K, reserved 1101824K
  class space    used 7134K, capacity 7586K, committed 7600K, reserved 1048576K
}
Event: 5.572 GC heap before
{Heap before GC invocations=12 (full 2):
 PSYoungGen      total 194560K, used 46211K [0x00000000d5580000, 0x00000000e3200000, 0x0000000100000000)
  eden space 179712K, 17% used [0x00000000d5580000,0x00000000d7423af8,0x00000000e0500000)
  from space 14848K, 99% used [0x00000000e1500000,0x00000000e237d300,0x00000000e2380000)
  to   space 9216K, 0% used [0x00000000e2900000,0x00000000e2900000,0x00000000e3200000)
 ParOldGen       total 57856K, used 28677K [0x0000000080000000, 0x0000000083880000, 0x00000000d5580000)
  object space 57856K, 49% used [0x0000000080000000,0x0000000081c014e8,0x0000000083880000)
 Metaspace       used 56763K, capacity 59039K, committed 59160K, reserved 1103872K
  class space    used 7706K, capacity 8177K, committed 8240K, reserved 1048576K
Event: 5.631 GC heap after
Heap after GC invocations=12 (full 2):
 PSYoungGen      total 188928K, used 9200K [0x00000000d5580000, 0x00000000e3200000, 0x0000000100000000)
  eden space 179712K, 0% used [0x00000000d5580000,0x00000000d5580000,0x00000000e0500000)
  from space 9216K, 99% used [0x00000000e2900000,0x00000000e31fc040,0x00000000e3200000)
  to   space 14848K, 0% used [0x00000000e1500000,0x00000000e1500000,0x00000000e2380000)
 ParOldGen       total 57856K, used 38291K [0x0000000080000000, 0x0000000083880000, 0x00000000d5580000)
  object space 57856K, 66% used [0x0000000080000000,0x0000000082564c18,0x0000000083880000)
 Metaspace       used 56763K, capacity 59039K, committed 59160K, reserved 1103872K
  class space    used 7706K, capacity 8177K, committed 8240K, reserved 1048576K
}
Event: 5.631 GC heap before
{Heap before GC invocations=13 (full 3):
 PSYoungGen      total 188928K, used 9200K [0x00000000d5580000, 0x00000000e3200000, 0x0000000100000000)
  eden space 179712K, 0% used [0x00000000d5580000,0x00000000d5580000,0x00000000e0500000)
  from space 9216K, 99% used [0x00000000e2900000,0x00000000e31fc040,0x00000000e3200000)
  to   space 14848K, 0% used [0x00000000e1500000,0x00000000e1500000,0x00000000e2380000)
 ParOldGen       total 57856K, used 38291K [0x0000000080000000, 0x0000000083880000, 0x00000000d5580000)
  object space 57856K, 66% used [0x0000000080000000,0x0000000082564c18,0x0000000083880000)
 Metaspace       used 56763K, capacity 59039K, committed 59160K, reserved 1103872K
  class space    used 7706K, capacity 8177K, committed 8240K, reserved 1048576K
Event: 5.842 GC heap after
Heap after GC invocations=13 (full 3):
 PSYoungGen      total 188928K, used 0K [0x00000000d5580000, 0x00000000e3200000, 0x0000000100000000)
  eden space 179712K, 0% used [0x00000000d5580000,0x00000000d5580000,0x00000000e0500000)
  from space 9216K, 0% used [0x00000000e2900000,0x00000000e2900000,0x00000000e3200000)
  to   space 14848K, 0% used [0x00000000e1500000,0x00000000e1500000,0x00000000e2380000)
 ParOldGen       total 57856K, used 33648K [0x0000000080000000, 0x0000000083880000, 0x00000000d5580000)
  object space 57856K, 58% used [0x0000000080000000,0x00000000820dc398,0x0000000083880000)
 Metaspace       used 56695K, capacity 58805K, committed 59160K, reserved 1103872K
  class space    used 7684K, capacity 8138K, committed 8240K, reserved 1048576K
}

Deoptimization events (10 events):
Event: 4.877 Thread 0x000000001d5fe000 Uncommon trap: reason=unstable_if action=reinterpret pc=0x00000000035de524 method=java.lang.String.replace(CC)Ljava/lang/String; @ 2
Event: 4.880 Thread 0x000000001d5fe000 Uncommon trap: reason=bimorphic action=maybe_recompile pc=0x00000000040892b4 method=org.codehaus.groovy.runtime.metaclass.MetaMethodIndex.addMethodToList(Ljava/lang/Object;Lgroovy/lang/MetaMethod;)Ljava/lang/Object; @ 96
Event: 4.880 Thread 0x000000001d5fe000 Uncommon trap: reason=unstable_if action=reinterpret pc=0x00000000040891f8 method=org.codehaus.groovy.runtime.metaclass.MetaMethodIndex.isNonRealMethod(Lgroovy/lang/MetaMethod;)Z @ 4
Event: 4.880 Thread 0x000000001d5fe000 Uncommon trap: reason=unstable_if action=reinterpret pc=0x000000000406ae1c method=groovy.lang.MetaClassImpl$1MOPIter.methodNameAction(Ljava/lang/Class;Lorg/codehaus/groovy/runtime/metaclass/MetaMethodIndex$Entry;)V @ 182
Event: 4.954 Thread 0x000000001d5fe000 Uncommon trap: reason=unstable_if action=reinterpret pc=0x00000000037e12a4 method=java.lang.String.lastIndexOf([CII[CIII)I @ 17
Event: 4.954 Thread 0x000000001d5fe000 Uncommon trap: reason=unstable_if action=reinterpret pc=0x0000000003b178dc method=sun.net.www.protocol.jar.Handler.parseURL(Ljava/net/URL;Ljava/lang/String;II)V @ 116
Event: 5.083 Thread 0x000000001d5fe000 Uncommon trap: reason=null_check action=make_not_entrant pc=0x0000000003bc5310 method=java.lang.Class.searchMethods([Ljava/lang/reflect/Method;Ljava/lang/String;[Ljava/lang/Class;)Ljava/lang/reflect/Method; @ 59
Event: 5.474 Thread 0x000000001d5fe000 Uncommon trap: reason=unstable_if action=reinterpret pc=0x00000000042055a8 method=sun.misc.MetaIndex.mayContain(Ljava/lang/String;)Z @ 38
Event: 5.476 Thread 0x000000001d5fe000 Uncommon trap: reason=unstable_if action=reinterpret pc=0x000000000412960c method=java.security.CodeSource.hashCode()I @ 4
Event: 5.906 Thread 0x000000001d5fe000 Uncommon trap: reason=null_check action=make_not_entrant pc=0x00000000041fb2d8 method=java.lang.ThreadLocal$ThreadLocalMap.getEntryAfterMiss(Ljava/lang/ThreadLocal;ILjava/lang/ThreadLocal$ThreadLocalMap$Entry;)Ljava/lang/ThreadLocal$ThreadLocalMap$Entry; 

Classes redefined (0 events):
No events

Internal exceptions (10 events):
Event: 5.881 Thread 0x000000001d5fe000 Exception <a 'java/lang/ClassNotFoundException': com/android/build/gradle/internal/api/ReadOnlyBuildTypeCustomizer> (0x00000000d5c39000) thrown at [C:\src\AOSP-openjdk-git\hotspot\src\share\vm\classfile\systemDictionary.cpp, line 210]
Event: 5.906 Thread 0x000000001d5fe000 Implicit null exception at 0x00000000041fadf7 to 0x00000000041fb2b9
Event: 5.954 Thread 0x000000001d5fe000 Exception <a 'java/lang/ClassNotFoundException': org/gradle/api/internal/file/collections/DefaultConfigurableFileTreeBeanInfo> (0x00000000d6311810) thrown at [C:\src\AOSP-openjdk-git\hotspot\src\share\vm\classfile\systemDictionary.cpp, line 210]
Event: 5.955 Thread 0x000000001d5fe000 Exception <a 'java/lang/ClassNotFoundException': org/gradle/api/internal/file/CompositeFileTreeBeanInfo> (0x00000000d632bae0) thrown at [C:\src\AOSP-openjdk-git\hotspot\src\share\vm\classfile\systemDictionary.cpp, line 210]
Event: 5.956 Thread 0x000000001d5fe000 Exception <a 'java/lang/ClassNotFoundException': org/gradle/api/internal/file/CompositeFileCollectionBeanInfo> (0x00000000d6347b78) thrown at [C:\src\AOSP-openjdk-git\hotspot\src\share\vm\classfile\systemDictionary.cpp, line 210]
Event: 5.957 Thread 0x000000001d5fe000 Exception <a 'java/lang/ClassNotFoundException': org/gradle/api/internal/file/AbstractFileCollectionBeanInfo> (0x00000000d6363b80) thrown at [C:\src\AOSP-openjdk-git\hotspot\src\share\vm\classfile\systemDictionary.cpp, line 210]
Event: 5.958 Thread 0x000000001d5fe000 Exception <a 'java/lang/ClassNotFoundException': org/gradle/api/internal/file/AbstractFileCollectionCustomizer> (0x00000000d6380188) thrown at [C:\src\AOSP-openjdk-git\hotspot\src\share\vm\classfile\systemDictionary.cpp, line 210]
Event: 5.961 Thread 0x000000001d5fe000 Exception <a 'java/lang/ClassNotFoundException': org/gradle/api/internal/file/CompositeFileCollectionCustomizer> (0x00000000d63adda8) thrown at [C:\src\AOSP-openjdk-git\hotspot\src\share\vm\classfile\systemDictionary.cpp, line 210]
Event: 5.964 Thread 0x000000001d5fe000 Exception <a 'java/lang/ClassNotFoundException': org/gradle/api/internal/file/CompositeFileTreeCustomizer> (0x00000000d63d56f8) thrown at [C:\src\AOSP-openjdk-git\hotspot\src\share\vm\classfile\systemDictionary.cpp, line 210]
Event: 5.967 Thread 0x000000001d5fe000 Exception <a 'java/lang/ClassNotFoundException': org/gradle/api/internal/file/collections/DefaultConfigurableFileTreeCustomizer> (0x00000000d6403148) thrown at [C:\src\AOSP-openjdk-git\hotspot\src\share\vm\classfile\systemDictionary.cpp, line 210]

Events (10 events):
Event: 5.988 loading class org/gradle/api/internal/provider/MapCollectors$EntriesFromMapProvider
Event: 5.988 loading class org/gradle/api/internal/provider/MapCollectors$EntriesFromMapProvider done
Event: 5.989 loading class org/gradle/process/ExecOperations
Event: 5.989 loading class org/gradle/process/ExecOperations done
Event: 5.989 loading class com/android/build/gradle/tasks/AidlCompile$Companion
Event: 5.989 loading class com/android/build/gradle/tasks/AidlCompile$Companion done
Event: 5.990 loading class org/gradle/api/file/FileTree
Event: 5.990 loading class org/gradle/api/file/FileTree done
Event: 5.990 loading class org/gradle/api/tasks/SkipWhenEmpty
Event: 5.990 loading class org/gradle/api/tasks/SkipWhenEmpty done


Dynamic libraries:
0x00007ff6469f0000 - 0x00007ff646a21000 	C:\Program Files\Android\Android Studio\jre\bin\java.exe
0x00007ffd731d0000 - 0x00007ffd733c6000 	C:\Windows\SYSTEM32\ntdll.dll
0x00007ffd714f0000 - 0x00007ffd715ad000 	C:\Windows\System32\KERNEL32.DLL
0x00007ffd70b20000 - 0x00007ffd70de9000 	C:\Windows\System32\KERNELBASE.dll
0x00007ffd72030000 - 0x00007ffd720dc000 	C:\Windows\System32\ADVAPI32.dll
0x00007ffd72280000 - 0x00007ffd7231e000 	C:\Windows\System32\msvcrt.dll
0x00007ffd72680000 - 0x00007ffd7271c000 	C:\Windows\System32\sechost.dll
0x00007ffd71e40000 - 0x00007ffd71f6b000 	C:\Windows\System32\RPCRT4.dll
0x00007ffd71270000 - 0x00007ffd71410000 	C:\Windows\System32\USER32.dll
0x00007ffd70910000 - 0x00007ffd70932000 	C:\Windows\System32\win32u.dll
0x00007ffd720e0000 - 0x00007ffd7210a000 	C:\Windows\System32\GDI32.dll
0x00007ffd71120000 - 0x00007ffd7122b000 	C:\Windows\System32\gdi32full.dll
0x00007ffd70f50000 - 0x00007ffd70fed000 	C:\Windows\System32\msvcp_win.dll
0x00007ffd709a0000 - 0x00007ffd70aa0000 	C:\Windows\System32\ucrtbase.dll
0x00007ffd5b700000 - 0x00007ffd5b99b000 	C:\Windows\WinSxS\amd64_microsoft.windows.common-controls_6595b64144ccf1df_6.0.19041.746_none_ca02b4b61b8320a4\COMCTL32.dll
0x00007ffd71240000 - 0x00007ffd71270000 	C:\Windows\System32\IMM32.DLL
0x0000000051fd0000 - 0x00000000520a2000 	C:\Program Files\Android\Android Studio\jre\jre\bin\msvcr100.dll
0x00000000510c0000 - 0x000000005190b000 	C:\Program Files\Android\Android Studio\jre\jre\bin\server\jvm.dll
0x00007ffd71f70000 - 0x00007ffd71f78000 	C:\Windows\System32\PSAPI.DLL
0x00007ffd6a510000 - 0x00007ffd6a519000 	C:\Windows\SYSTEM32\WSOCK32.dll
0x00007ffd5dc60000 - 0x00007ffd5dc87000 	C:\Windows\SYSTEM32\WINMM.dll
0x00007ffd67f10000 - 0x00007ffd67f1a000 	C:\Windows\SYSTEM32\VERSION.dll
0x00007ffd72110000 - 0x00007ffd7217b000 	C:\Windows\System32\WS2_32.dll
0x00007ffd61dd0000 - 0x00007ffd61ddf000 	C:\Program Files\Android\Android Studio\jre\jre\bin\verify.dll
0x00007ffd4e3a0000 - 0x00007ffd4e3c9000 	C:\Program Files\Android\Android Studio\jre\jre\bin\java.dll
0x00007ffd60c20000 - 0x00007ffd60c36000 	C:\Program Files\Android\Android Studio\jre\jre\bin\zip.dll
0x00007ffd715b0000 - 0x00007ffd71cf3000 	C:\Windows\System32\SHELL32.dll
0x00007ffd6ea70000 - 0x00007ffd6f1ff000 	C:\Windows\SYSTEM32\windows.storage.dll
0x00007ffd72320000 - 0x00007ffd72676000 	C:\Windows\System32\combase.dll
0x00007ffd70370000 - 0x00007ffd7039c000 	C:\Windows\SYSTEM32\Wldp.dll
0x00007ffd71f80000 - 0x00007ffd7202e000 	C:\Windows\System32\SHCORE.dll
0x00007ffd727b0000 - 0x00007ffd72805000 	C:\Windows\System32\shlwapi.dll
0x00007ffd70840000 - 0x00007ffd70866000 	C:\Windows\SYSTEM32\profapi.dll
0x00007ffd507f0000 - 0x00007ffd5080a000 	C:\Program Files\Android\Android Studio\jre\jre\bin\net.dll
0x00007ffd700f0000 - 0x00007ffd7015a000 	C:\Windows\system32\mswsock.dll
0x00007ffd4f250000 - 0x00007ffd4f263000 	C:\Program Files\Android\Android Studio\jre\jre\bin\nio.dll
0x00007ffd69e10000 - 0x00007ffd69e37000 	C:\Users\MOGA\.gradle\native\f6784746aeab05261644944871eae4fe03e0ef1612fff0a4a95f87b438bc6780\windows-amd64\native-platform.dll
0x00007ffd61dc0000 - 0x00007ffd61dcd000 	C:\Program Files\Android\Android Studio\jre\jre\bin\management.dll
0x00007ffd702d0000 - 0x00007ffd702e8000 	C:\Windows\SYSTEM32\CRYPTSP.dll
0x00007ffd6fa20000 - 0x00007ffd6fa54000 	C:\Windows\system32\rsaenh.dll
0x00007ffd70af0000 - 0x00007ffd70b17000 	C:\Windows\System32\bcrypt.dll
0x00007ffd707c0000 - 0x00007ffd707ee000 	C:\Windows\SYSTEM32\USERENV.dll
0x00007ffd710a0000 - 0x00007ffd71120000 	C:\Windows\System32\bcryptprimitives.dll
0x00007ffd702c0000 - 0x00007ffd702cc000 	C:\Windows\SYSTEM32\CRYPTBASE.dll
0x00007ffd6fd90000 - 0x00007ffd6fdcb000 	C:\Windows\SYSTEM32\IPHLPAPI.DLL
0x00007ffd71230000 - 0x00007ffd71238000 	C:\Windows\System32\NSI.dll
0x00007ffd65830000 - 0x00007ffd65847000 	C:\Windows\SYSTEM32\dhcpcsvc6.DLL
0x00007ffd65750000 - 0x00007ffd6576d000 	C:\Windows\SYSTEM32\dhcpcsvc.DLL
0x00007ffd6fdd0000 - 0x00007ffd6fe9b000 	C:\Windows\SYSTEM32\DNSAPI.dll
0x00007ffd67f00000 - 0x00007ffd67f0b000 	C:\Windows\SYSTEM32\WINNSI.DLL

VM Arguments:
jvm_args: -Xmx2048m -Dfile.encoding=UTF-8 -Duser.country=US -Duser.language=en -Duser.variant 
java_command: org.gradle.launcher.daemon.bootstrap.GradleDaemon 6.5
java_class_path (initial): C:\Users\MOGA\.gradle\wrapper\dists\gradle-6.5-all\2oz4ud9k3tuxjg84bbf55q0tn\gradle-6.5\lib\gradle-launcher-6.5.jar
Launcher Type: SUN_STANDARD

Environment Variables:
PATH=C:\Program Files (x86)\Common Files\Oracle\Java\javapath;C:\Windows\system32;C:\Windows;C:\Windows\System32\Wbem;C:\Windows\System32\WindowsPowerShell\v1.0\;C:\Windows\System32\OpenSSH\;C:\Program Files (x86)\NVIDIA Corporation\PhysX\Common;C:\Program Files\NVIDIA Corporation\NVIDIA NvDLISR;C:\Program Files\Git\cmd;C:\Users\MOGA\AppData\Local\Microsoft\WindowsApps;
USERNAME=MOGA
OS=Windows_NT
PROCESSOR_IDENTIFIER=Intel64 Family 6 Model 158 Stepping 10, GenuineIntel



---------------  S Y S T E M  ---------------

OS: Windows 10.0 , 64 bit Build 19041 (10.0.19041.662)

CPU:total 12 (initial active 12) (6 cores per cpu, 2 threads per core) family 6 model 158 stepping 10, cmov, cx8, fxsr, mmx, sse, sse2, sse3, ssse3, sse4.1, sse4.2, popcnt, avx, avx2, aes, clmul, erms, 3dnowpref, lzcnt, ht, tsc, tscinvbit, bmi1, bmi2, adx

Memory: 4k page, physical 8264944k(678400k free), swap 14556400k(5228k free)

vm_info: OpenJDK 64-Bit Server VM (25.242-b01) for windows-amd64 JRE (1.8.0_242-release-1644-b01), built by "builder" with MS VC++ 10.0 (VS2010)

time: Tue Jan 26 18:41:18 2021
timezone: Egypt Standard Time
elapsed time: 6 seconds (0d 0h 0m 6s)

