#
# There is insufficient memory for the Java Runtime Environment to continue.
# Native memory allocation (malloc) failed to allocate 807696 bytes for Chunk::new
# Possible reasons:
#   The system is out of physical RAM or swap space
#   The process is running with CompressedOops enabled, and the Java Heap may be blocking the growth of the native heap
# Possible solutions:
#   Reduce memory load on the system
#   Increase physical memory or swap space
#   Check if swap backing store is full
#   Decrease Java heap size (-Xmx/-Xms)
#   Decrease number of Java threads
#   Decrease Java thread stack sizes (-Xss)
#   Set larger code cache with -XX:ReservedCodeCacheSize=
#   JVM is running with Unscaled Compressed Oops mode in which the Java heap is
#     placed in the first 4GB address space. The Java Heap base address is the
#     maximum limit for the native heap growth. Please use -XX:HeapBaseMinAddress
#     to set the Java Heap base and to place the Java Heap above 4GB virtual address.
# This output file may be truncated or incomplete.
#
#  Out of Memory Error (allocation.cpp:389), pid=9912, tid=0x00000000000025b8
#
# JRE version: OpenJDK Runtime Environment (8.0_242-b01) (build 1.8.0_242-release-1644-b01)
# Java VM: OpenJDK 64-Bit Server VM (25.242-b01 mixed mode windows-amd64 compressed oops)
# Failed to write core dump. Minidumps are not enabled by default on client versions of Windows
#

---------------  T H R E A D  ---------------

Current thread (0x0000000019bbc000):  JavaThread "C2 CompilerThread1" daemon [_thread_in_native, id=9656, stack(0x000000001b320000,0x000000001b420000)]

Stack: [0x000000001b320000,0x000000001b420000]
[error occurred during error reporting (printing stack bounds), id 0xc0000005]

Native frames: (J=compiled Java code, j=interpreted, Vv=VM code, C=native code)


Current CompileTask:
C2:   3826 3727       4       org.objectweb.asm.Frame::execute (2318 bytes)


---------------  P R O C E S S  ---------------

Java Threads: ( => current thread )
  0x000000001ba04800 JavaThread "jar transforms Thread 114" [_thread_blocked, id=6256, stack(0x000000002d130000,0x000000002d230000)]
  0x000000001ba02800 JavaThread "jar transforms Thread 113" [_thread_blocked, id=7520, stack(0x000000002d030000,0x000000002d130000)]
  0x000000001ba01800 JavaThread "jar transforms Thread 112" [_thread_blocked, id=3852, stack(0x000000002cf30000,0x000000002d030000)]
  0x000000001ba00000 JavaThread "jar transforms Thread 111" [_thread_blocked, id=14232, stack(0x000000002ce30000,0x000000002cf30000)]
  0x000000001ba01000 JavaThread "jar transforms Thread 110" [_thread_blocked, id=5000, stack(0x000000002cd30000,0x000000002ce30000)]
  0x000000001ba03000 JavaThread "jar transforms Thread 109" [_thread_blocked, id=7924, stack(0x000000002cc30000,0x000000002cd30000)]
  0x000000001ba04000 JavaThread "jar transforms Thread 108" [_thread_blocked, id=2860, stack(0x000000002cb30000,0x000000002cc30000)]
  0x00000000245aa800 JavaThread "jar transforms Thread 107" [_thread_blocked, id=10952, stack(0x000000002ca30000,0x000000002cb30000)]
  0x00000000245a9800 JavaThread "jar transforms Thread 106" [_thread_blocked, id=13584, stack(0x000000002c830000,0x000000002c930000)]
  0x00000000245a9000 JavaThread "jar transforms Thread 105" [_thread_blocked, id=2188, stack(0x000000002c730000,0x000000002c830000)]
  0x00000000245a8000 JavaThread "jar transforms Thread 104" [_thread_blocked, id=2880, stack(0x000000002c630000,0x000000002c730000)]
  0x00000000245a7800 JavaThread "jar transforms Thread 103" [_thread_blocked, id=3688, stack(0x000000002c530000,0x000000002c630000)]
  0x00000000245ac000 JavaThread "jar transforms Thread 102" [_thread_blocked, id=10016, stack(0x000000002c430000,0x000000002c530000)]
  0x00000000245a6800 JavaThread "jar transforms Thread 101" [_thread_blocked, id=7344, stack(0x000000002c330000,0x000000002c430000)]
  0x00000000245ad800 JavaThread "jar transforms Thread 100" [_thread_blocked, id=6648, stack(0x000000002c230000,0x000000002c330000)]
  0x00000000245ac800 JavaThread "jar transforms Thread 99" [_thread_blocked, id=6996, stack(0x000000002c130000,0x000000002c230000)]
  0x00000000245ab000 JavaThread "jar transforms Thread 98" [_thread_blocked, id=15104, stack(0x000000002c030000,0x000000002c130000)]
  0x000000002459f000 JavaThread "jar transforms Thread 97" [_thread_blocked, id=15120, stack(0x000000002bf30000,0x000000002c030000)]
  0x00000000245a6000 JavaThread "jar transforms Thread 96" [_thread_blocked, id=11996, stack(0x000000002be30000,0x000000002bf30000)]
  0x00000000245a3000 JavaThread "jar transforms Thread 95" [_thread_blocked, id=8448, stack(0x000000002bd30000,0x000000002be30000)]
  0x00000000245a2000 JavaThread "jar transforms Thread 94" [_thread_blocked, id=10680, stack(0x000000002bc30000,0x000000002bd30000)]
  0x00000000245a5000 JavaThread "jar transforms Thread 93" [_thread_blocked, id=7252, stack(0x000000002bb30000,0x000000002bc30000)]
  0x00000000245a4800 JavaThread "jar transforms Thread 92" [_thread_blocked, id=9664, stack(0x000000002ba30000,0x000000002bb30000)]
  0x000000002459e800 JavaThread "jar transforms Thread 91" [_thread_blocked, id=2912, stack(0x000000002b930000,0x000000002ba30000)]
  0x00000000245a0000 JavaThread "jar transforms Thread 90" [_thread_blocked, id=14804, stack(0x000000002b830000,0x000000002b930000)]
  0x00000000245a3800 JavaThread "jar transforms Thread 89" [_thread_blocked, id=6808, stack(0x000000002b730000,0x000000002b830000)]
  0x00000000245a1800 JavaThread "jar transforms Thread 88" [_thread_blocked, id=1692, stack(0x000000002b630000,0x000000002b730000)]
  0x00000000245a0800 JavaThread "jar transforms Thread 87" [_thread_blocked, id=5488, stack(0x000000002b530000,0x000000002b630000)]
  0x000000001d8aa800 JavaThread "jar transforms Thread 86" [_thread_blocked, id=11076, stack(0x000000002b430000,0x000000002b530000)]
  0x000000001d8a3000 JavaThread "jar transforms Thread 85" [_thread_blocked, id=13168, stack(0x000000002b330000,0x000000002b430000)]
  0x000000001d8aa000 JavaThread "jar transforms Thread 84" [_thread_blocked, id=12764, stack(0x000000002b230000,0x000000002b330000)]
  0x000000001d8a2800 JavaThread "jar transforms Thread 83" [_thread_blocked, id=3504, stack(0x000000002b130000,0x000000002b230000)]
  0x000000001d8a7000 JavaThread "jar transforms Thread 82" [_thread_blocked, id=11032, stack(0x000000002b030000,0x000000002b130000)]
  0x000000001d8a9000 JavaThread "jar transforms Thread 81" [_thread_blocked, id=9772, stack(0x000000002af30000,0x000000002b030000)]
  0x000000001d8a6000 JavaThread "jar transforms Thread 80" [_thread_blocked, id=4540, stack(0x000000002ae30000,0x000000002af30000)]
  0x000000001d8a8800 JavaThread "jar transforms Thread 79" [_thread_blocked, id=15016, stack(0x000000002ad30000,0x000000002ae30000)]
  0x000000001d8a5800 JavaThread "jar transforms Thread 78" [_thread_blocked, id=8888, stack(0x000000002ac30000,0x000000002ad30000)]
  0x000000001d8a1000 JavaThread "jar transforms Thread 77" [_thread_blocked, id=11568, stack(0x000000002ab30000,0x000000002ac30000)]
  0x000000001d8a1800 JavaThread "jar transforms Thread 76" [_thread_blocked, id=5112, stack(0x000000002aa30000,0x000000002ab30000)]
  0x000000001d8a7800 JavaThread "jar transforms Thread 75" [_thread_blocked, id=10852, stack(0x000000002a930000,0x000000002aa30000)]
  0x000000001d8a4800 JavaThread "jar transforms Thread 74" [_thread_blocked, id=2068, stack(0x000000002a830000,0x000000002a930000)]
  0x000000001d8a4000 JavaThread "jar transforms Thread 73" [_thread_blocked, id=14752, stack(0x000000002a730000,0x000000002a830000)]
  0x000000001d89d000 JavaThread "jar transforms Thread 72" [_thread_blocked, id=4744, stack(0x000000002a630000,0x000000002a730000)]
  0x000000001d8a0000 JavaThread "jar transforms Thread 71" [_thread_blocked, id=11004, stack(0x000000002a530000,0x000000002a630000)]
  0x000000001d89f800 JavaThread "jar transforms Thread 70" [_thread_blocked, id=8848, stack(0x000000002a430000,0x000000002a530000)]
  0x000000001d89c800 JavaThread "jar transforms Thread 69" [_thread_blocked, id=11280, stack(0x000000002a330000,0x000000002a430000)]
  0x000000001d89e000 JavaThread "jar transforms Thread 68" [_thread_blocked, id=7376, stack(0x000000002a230000,0x000000002a330000)]
  0x000000001d89b800 JavaThread "jar transforms Thread 67" [_thread_blocked, id=14300, stack(0x000000002a130000,0x000000002a230000)]
  0x000000001d89e800 JavaThread "jar transforms Thread 66" [_thread_blocked, id=13436, stack(0x000000002a030000,0x000000002a130000)]
  0x0000000023208800 JavaThread "jar transforms Thread 65" [_thread_blocked, id=3540, stack(0x0000000029f30000,0x000000002a030000)]
  0x0000000023207000 JavaThread "jar transforms Thread 64" [_thread_blocked, id=9952, stack(0x0000000029e30000,0x0000000029f30000)]
  0x0000000023206000 JavaThread "jar transforms Thread 63" [_thread_blocked, id=12752, stack(0x0000000029d30000,0x0000000029e30000)]
  0x000000002320c000 JavaThread "jar transforms Thread 62" [_thread_blocked, id=13640, stack(0x0000000029c30000,0x0000000029d30000)]
  0x0000000023207800 JavaThread "jar transforms Thread 61" [_thread_blocked, id=11384, stack(0x0000000029b30000,0x0000000029c30000)]
  0x000000002320b800 JavaThread "jar transforms Thread 60" [_thread_blocked, id=10744, stack(0x0000000029a30000,0x0000000029b30000)]
  0x000000002320a000 JavaThread "jar transforms Thread 59" [_thread_blocked, id=3576, stack(0x0000000029930000,0x0000000029a30000)]
  0x000000002320a800 JavaThread "jar transforms Thread 58" [_thread_blocked, id=6056, stack(0x0000000029830000,0x0000000029930000)]
  0x0000000023209000 JavaThread "jar transforms Thread 57" [_thread_blocked, id=11668, stack(0x0000000029730000,0x0000000029830000)]
  0x00000000231fe800 JavaThread "jar transforms Thread 56" [_thread_blocked, id=4352, stack(0x0000000029630000,0x0000000029730000)]
  0x0000000023201800 JavaThread "jar transforms Thread 55" [_thread_blocked, id=9512, stack(0x0000000029530000,0x0000000029630000)]
  0x0000000023200000 JavaThread "jar transforms Thread 54" [_thread_blocked, id=1780, stack(0x0000000029430000,0x0000000029530000)]
  0x0000000023201000 JavaThread "jar transforms Thread 53" [_thread_blocked, id=808, stack(0x0000000029330000,0x0000000029430000)]
  0x0000000023205800 JavaThread "jar transforms Thread 52" [_thread_blocked, id=8688, stack(0x0000000029230000,0x0000000029330000)]
  0x0000000023204000 JavaThread "jar transforms Thread 51" [_thread_blocked, id=6048, stack(0x0000000029130000,0x0000000029230000)]
  0x00000000231fe000 JavaThread "jar transforms Thread 50" [_thread_blocked, id=9580, stack(0x0000000029030000,0x0000000029130000)]
  0x0000000023204800 JavaThread "jar transforms Thread 49" [_thread_blocked, id=11060, stack(0x0000000028f30000,0x0000000029030000)]
  0x00000000231fd000 JavaThread "jar transforms Thread 48" [_thread_blocked, id=1504, stack(0x0000000028e30000,0x0000000028f30000)]
  0x0000000023202800 JavaThread "jar transforms Thread 47" [_thread_blocked, id=1424, stack(0x0000000028d30000,0x0000000028e30000)]
  0x0000000023203000 JavaThread "jar transforms Thread 46" [_thread_blocked, id=11284, stack(0x0000000028c30000,0x0000000028d30000)]
  0x00000000231ff800 JavaThread "jar transforms Thread 45" [_thread_blocked, id=2820, stack(0x0000000028b30000,0x0000000028c30000)]
  0x0000000021049800 JavaThread "jar transforms Thread 44" [_thread_blocked, id=3184, stack(0x0000000028a30000,0x0000000028b30000)]
  0x000000002104f800 JavaThread "jar transforms Thread 43" [_thread_blocked, id=1740, stack(0x0000000028930000,0x0000000028a30000)]
  0x000000002104e800 JavaThread "jar transforms Thread 42" [_thread_blocked, id=13624, stack(0x0000000028830000,0x0000000028930000)]
  0x000000002104d000 JavaThread "jar transforms Thread 41" [_thread_blocked, id=12408, stack(0x0000000028730000,0x0000000028830000)]
  0x0000000021048800 JavaThread "jar transforms Thread 40" [_thread_blocked, id=7336, stack(0x0000000028630000,0x0000000028730000)]
  0x000000002104c800 JavaThread "jar transforms Thread 39" [_thread_blocked, id=7480, stack(0x0000000028530000,0x0000000028630000)]
  0x000000002104b000 JavaThread "jar transforms Thread 38" [_thread_blocked, id=1844, stack(0x0000000028430000,0x0000000028530000)]
  0x000000002104e000 JavaThread "jar transforms Thread 37" [_thread_blocked, id=9180, stack(0x0000000028330000,0x0000000028430000)]
  0x000000002104b800 JavaThread "jar transforms Thread 36" [_thread_blocked, id=12088, stack(0x0000000028230000,0x0000000028330000)]
  0x000000002104a000 JavaThread "jar transforms Thread 35" [_thread_blocked, id=11168, stack(0x0000000028130000,0x0000000028230000)]
  0x0000000021041000 JavaThread "jar transforms Thread 34" [_thread_blocked, id=12584, stack(0x0000000028030000,0x0000000028130000)]
  0x0000000021048000 JavaThread "jar transforms Thread 33" [_thread_blocked, id=5960, stack(0x0000000027f30000,0x0000000028030000)]
  0x0000000021047000 JavaThread "jar transforms Thread 32" [_thread_blocked, id=4904, stack(0x0000000027e30000,0x0000000027f30000)]
  0x0000000021046800 JavaThread "jar transforms Thread 31" [_thread_blocked, id=9056, stack(0x0000000027d30000,0x0000000027e30000)]
  0x0000000021045800 JavaThread "jar transforms Thread 30" [_thread_blocked, id=6232, stack(0x0000000027c30000,0x0000000027d30000)]
  0x0000000021044000 JavaThread "jar transforms Thread 29" [_thread_blocked, id=7528, stack(0x0000000027b30000,0x0000000027c30000)]
  0x0000000021045000 JavaThread "jar transforms Thread 28" [_thread_blocked, id=9816, stack(0x0000000027a30000,0x0000000027b30000)]
  0x0000000021042000 JavaThread "jar transforms Thread 27" [_thread_blocked, id=8676, stack(0x0000000027930000,0x0000000027a30000)]
  0x0000000021043800 JavaThread "jar transforms Thread 26" [_thread_blocked, id=10456, stack(0x0000000027830000,0x0000000027930000)]
  0x0000000021042800 JavaThread "jar transforms Thread 25" [_thread_blocked, id=6392, stack(0x0000000027730000,0x0000000027830000)]
  0x0000000021040800 JavaThread "jar transforms Thread 24" [_thread_blocked, id=6328, stack(0x0000000027630000,0x0000000027730000)]
  0x00000000212ee000 JavaThread "jar transforms Thread 23" [_thread_blocked, id=7636, stack(0x0000000027530000,0x0000000027630000)]
  0x00000000212f2800 JavaThread "jar transforms Thread 22" [_thread_blocked, id=13788, stack(0x0000000027430000,0x0000000027530000)]
  0x00000000212f1800 JavaThread "jar transforms Thread 21" [_thread_blocked, id=8912, stack(0x0000000027330000,0x0000000027430000)]
  0x00000000212ec800 JavaThread "jar transforms Thread 20" [_thread_blocked, id=2744, stack(0x0000000027230000,0x0000000027330000)]
  0x00000000212ed000 JavaThread "jar transforms Thread 19" [_thread_blocked, id=11828, stack(0x0000000027130000,0x0000000027230000)]
  0x00000000212ea000 JavaThread "jar transforms Thread 18" [_thread_blocked, id=792, stack(0x0000000027030000,0x0000000027130000)]
  0x00000000212ee800 JavaThread "jar transforms Thread 17" [_thread_blocked, id=12220, stack(0x0000000026f30000,0x0000000027030000)]
  0x00000000212eb000 JavaThread "jar transforms Thread 16" [_thread_blocked, id=12036, stack(0x0000000026e30000,0x0000000026f30000)]
  0x00000000212f1000 JavaThread "jar transforms Thread 15" [_thread_blocked, id=2144, stack(0x0000000026d30000,0x0000000026e30000)]
  0x00000000212ef800 JavaThread "jar transforms Thread 14" [_thread_blocked, id=11332, stack(0x0000000026c30000,0x0000000026d30000)]
  0x00000000212f0000 JavaThread "jar transforms Thread 13" [_thread_blocked, id=13576, stack(0x0000000026b30000,0x0000000026c30000)]
  0x00000000212eb800 JavaThread "jar transforms Thread 12" [_thread_blocked, id=13776, stack(0x0000000026a30000,0x0000000026b30000)]
  0x00000000212e3800 JavaThread "jar transforms Thread 11" [_thread_blocked, id=5508, stack(0x0000000026930000,0x0000000026a30000)]
  0x00000000212e8800 JavaThread "jar transforms Thread 10" [_thread_blocked, id=3472, stack(0x0000000026830000,0x0000000026930000)]
  0x00000000212e6800 JavaThread "jar transforms Thread 9" [_thread_blocked, id=1388, stack(0x0000000026730000,0x0000000026830000)]
  0x00000000212e5800 JavaThread "jar transforms Thread 8" [_thread_blocked, id=7776, stack(0x0000000026630000,0x0000000026730000)]
  0x00000000212e7000 JavaThread "jar transforms Thread 7" [_thread_blocked, id=11516, stack(0x0000000026530000,0x0000000026630000)]
  0x00000000212e8000 JavaThread "jar transforms Thread 6" [_thread_blocked, id=12228, stack(0x0000000026430000,0x0000000026530000)]
  0x00000000212e5000 JavaThread "jar transforms Thread 5" [_thread_blocked, id=10596, stack(0x0000000026330000,0x0000000026430000)]
  0x00000000212e9800 JavaThread "jar transforms Thread 4" [_thread_blocked, id=14984, stack(0x0000000026230000,0x0000000026330000)]
  0x00000000212e4000 JavaThread "jar transforms Thread 3" [_thread_blocked, id=11580, stack(0x0000000026130000,0x0000000026230000)]
  0x000000001cfd6000 JavaThread "jar transforms Thread 2" [_thread_blocked, id=15008, stack(0x0000000026030000,0x0000000026130000)]
  0x000000001cfd4800 JavaThread "Build operations Thread 12" [_thread_blocked, id=14320, stack(0x0000000025f30000,0x0000000026030000)]
  0x000000001cfd5000 JavaThread "Build operations Thread 11" [_thread_blocked, id=8924, stack(0x0000000025e30000,0x0000000025f30000)]
  0x000000001cfd3800 JavaThread "Build operations Thread 10" [_thread_blocked, id=6268, stack(0x0000000025d30000,0x0000000025e30000)]
  0x000000001cfd3000 JavaThread "Build operations Thread 9" [_thread_blocked, id=12392, stack(0x0000000025c30000,0x0000000025d30000)]
  0x000000001cfd1800 JavaThread "Build operations Thread 8" [_thread_blocked, id=15256, stack(0x0000000025b30000,0x0000000025c30000)]
  0x000000001cfd2000 JavaThread "Build operations Thread 7" [_thread_blocked, id=14184, stack(0x0000000025930000,0x0000000025a30000)]
  0x000000001cfca000 JavaThread "Build operations Thread 6" [_thread_blocked, id=1456, stack(0x0000000025830000,0x0000000025930000)]
  0x000000001cfd0800 JavaThread "Build operations Thread 5" [_thread_blocked, id=6880, stack(0x0000000025730000,0x0000000025830000)]
  0x000000001cfd0000 JavaThread "Build operations Thread 4" [_thread_blocked, id=10072, stack(0x0000000025630000,0x0000000025730000)]
  0x000000001cfcf000 JavaThread "Build operations Thread 3" [_thread_blocked, id=4984, stack(0x0000000025530000,0x0000000025630000)]
  0x000000001cfc7800 JavaThread "Build operations Thread 2" [_thread_blocked, id=2332, stack(0x0000000025430000,0x0000000025530000)]
  0x000000001cfce800 JavaThread "Build operations" [_thread_blocked, id=6800, stack(0x0000000025330000,0x0000000025430000)]
  0x000000001d5c2800 JavaThread "Cache worker for file content cache (C:\Users\MOGA\.gradle\caches\6.5\fileContent)" [_thread_blocked, id=12900, stack(0x0000000023c60000,0x0000000023d60000)]
  0x000000001d5c2000 JavaThread "jar transforms" [_thread_blocked, id=10672, stack(0x0000000023b60000,0x0000000023c60000)]
  0x000000001d5c0800 JavaThread "Cache worker for execution history cache (C:\Users\MOGA\.gradle\caches\6.5\executionHistory)" [_thread_blocked, id=14764, stack(0x0000000023460000,0x0000000023560000)]
  0x000000001d5bf800 JavaThread "Cache worker for cache directory md-rule (C:\Users\MOGA\.gradle\caches\6.5\md-rule)" [_thread_blocked, id=6952, stack(0x0000000023360000,0x0000000023460000)]
  0x000000001d5be800 JavaThread "Cache worker for cache directory md-supplier (C:\Users\MOGA\.gradle\caches\6.5\md-supplier)" [_thread_blocked, id=4220, stack(0x0000000023260000,0x0000000023360000)]
  0x000000001d5c5800 JavaThread "Cache worker for checksums cache (C:\Users\MOGA\Desktop\Android_studio_kotlin\Hamakifinal\.gradle\checksums)" [_thread_blocked, id=12212, stack(0x00000000220b0000,0x00000000221b0000)]
  0x000000001d5c5000 JavaThread "Cache worker for file hash cache (C:\Users\MOGA\Desktop\Android_studio_kotlin\Hamakifinal\.gradle\6.5\fileHashes)" [_thread_blocked, id=2308, stack(0x0000000021d90000,0x0000000021e90000)]
  0x000000001d5c4000 JavaThread "Cache worker for file hash cache (C:\Users\MOGA\.gradle\caches\6.5\fileHashes)" [_thread_blocked, id=2580, stack(0x000000001f840000,0x000000001f940000)]
  0x000000001d5c1000 JavaThread "File lock request listener" [_thread_in_native, id=3348, stack(0x000000001f740000,0x000000001f840000)]
  0x000000001d626800 JavaThread "Cache worker for journal cache (C:\Users\MOGA\.gradle\caches\journal-1)" [_thread_blocked, id=11600, stack(0x000000001f640000,0x000000001f740000)]
  0x000000001d42b000 JavaThread "Thread-9" [_thread_blocked, id=6220, stack(0x000000001f340000,0x000000001f440000)]
  0x000000001d420000 JavaThread "Stdin handler" [_thread_blocked, id=1968, stack(0x000000001f240000,0x000000001f340000)]
  0x000000001d3f3000 JavaThread "Asynchronous log dispatcher for DefaultDaemonConnection: socket connection from /127.0.0.1:61708 to /127.0.0.1:61709" [_thread_blocked, id=7204, stack(0x000000001f140000,0x000000001f240000)]
  0x000000001d3ef800 JavaThread "Daemon worker" [_thread_in_vm, id=9532, stack(0x000000001f040000,0x000000001f140000)]
  0x000000001d3f6000 JavaThread "Cancel handler" [_thread_blocked, id=2100, stack(0x000000001ef40000,0x000000001f040000)]
  0x000000001d3d8800 JavaThread "Handler for socket connection from /127.0.0.1:61708 to /127.0.0.1:61709" [_thread_in_native, id=10644, stack(0x000000001ee40000,0x000000001ef40000)]
  0x000000001d407800 JavaThread "Daemon" [_thread_blocked, id=10840, stack(0x000000001ed40000,0x000000001ee40000)]
  0x000000001d3d7800 JavaThread "Daemon periodic checks" [_thread_blocked, id=5972, stack(0x000000001ea40000,0x000000001eb40000)]
  0x000000001d35f800 JavaThread "Incoming local TCP Connector on port 61708" [_thread_in_native, id=15268, stack(0x000000001e800000,0x000000001e900000)]
  0x000000001d09b800 JavaThread "Daemon health stats" [_thread_blocked, id=7816, stack(0x000000001e1c0000,0x000000001e2c0000)]
  0x0000000019bd2800 JavaThread "Service Thread" daemon [_thread_blocked, id=12056, stack(0x000000001b620000,0x000000001b720000)]
  0x0000000019bc2000 JavaThread "C1 CompilerThread3" daemon [_thread_blocked, id=4108, stack(0x000000001b520000,0x000000001b620000)]
  0x0000000019bc1000 JavaThread "C2 CompilerThread2" daemon [_thread_in_native, id=3216, stack(0x000000001b420000,0x000000001b520000)]
=>0x0000000019bbc000 JavaThread "C2 CompilerThread1" daemon [_thread_in_native, id=9656, stack(0x000000001b320000,0x000000001b420000)]
  0x0000000019bb3800 JavaThread "C2 CompilerThread0" daemon [_thread_blocked, id=11936, stack(0x000000001b220000,0x000000001b320000)]
  0x0000000019bb1800 JavaThread "Attach Listener" daemon [_thread_blocked, id=12756, stack(0x000000001b120000,0x000000001b220000)]
  0x0000000019bb0000 JavaThread "Signal Dispatcher" daemon [_thread_blocked, id=1520, stack(0x000000001b020000,0x000000001b120000)]
  0x00000000184e2000 JavaThread "Finalizer" daemon [_thread_blocked, id=1604, stack(0x000000001ae10000,0x000000001af10000)]
  0x0000000019ba3000 JavaThread "Reference Handler" daemon [_thread_blocked, id=11544, stack(0x000000001ad10000,0x000000001ae10000)]
  0x0000000002fad800 JavaThread "main" [_thread_blocked, id=9400, stack(0x0000000003030000,0x0000000003130000)]

Other Threads:
  0x0000000019b82800 VMThread [stack: 0x000000001ac10000,0x000000001ad10000] [id=13072]
  0x0000000019bd3000 WatcherThread [stack: 0x000000001b720000,0x000000001b820000] [id=264]

VM state:not at safepoint (normal execution)

VM Mutex/Monitor currently owned by a thread: None

heap address: 0x0000000080000000, size: 2048 MB, Compressed Oops mode: 32-bit
Narrow klass base: 0x0000000000000000, Narrow klass shift: 3
Compressed class space size: 1073741824 Address: 0x0000000100000000

Heap:
 PSYoungGen      total 276480K, used 169524K [0x00000000d5580000, 0x00000000ef080000, 0x0000000100000000)
  eden space 260096K, 65% used [0x00000000d5580000,0x00000000dfb0d3d0,0x00000000e5380000)
  from space 16384K, 0% used [0x00000000e5380000,0x00000000e5380000,0x00000000e6380000)
  to   space 15872K, 0% used [0x00000000ee100000,0x00000000ee100000,0x00000000ef080000)
 ParOldGen       total 81920K, used 15118K [0x0000000080000000, 0x0000000085000000, 0x00000000d5580000)
  object space 81920K, 18% used [0x0000000080000000,0x0000000080ec3928,0x0000000085000000)
 Metaspace       used 36773K, capacity 38394K, committed 38696K, reserved 1083392K
  class space    used 5061K, capacity 5368K, committed 5424K, reserved 1048576K

Card table byte_map: [0x0000000012600000,0x0000000012a10000] byte_map_base: 0x0000000012200000

Marking Bits: (ParMarkBitMap*) 0x000000005188f030
 Begin Bits: [0x00000000136c0000, 0x00000000156c0000)
 End Bits:   [0x00000000156c0000, 0x00000000176c0000)

Polling page: 0x0000000002f80000

CodeCache: size=245760Kb used=12755Kb max_used=12755Kb free=233004Kb
 bounds [0x0000000003240000, 0x0000000003ec0000, 0x0000000012240000]
 total_blobs=4443 nmethods=3742 adapters=613
 compilation: enabled

Compilation events (10 events):
Event: 3.788 Thread 0x0000000019bc2000 nmethod 3732 0x0000000003ea0390 code [0x0000000003ea0540, 0x0000000003ea07a8]
Event: 3.788 Thread 0x0000000019bc2000 3733       3       sun.nio.cs.UTF_8$Decoder::<init> (8 bytes)
Event: 3.788 Thread 0x0000000019bc2000 nmethod 3733 0x0000000003eaeb50 code [0x0000000003eaece0, 0x0000000003eaeee8]
Event: 3.800 Thread 0x0000000019bc2000 3734       3       java.util.jar.JarFile::<init> (15 bytes)
Event: 3.800 Thread 0x0000000019bc2000 nmethod 3734 0x0000000003eb3310 code [0x0000000003eb34a0, 0x0000000003eb37b8]
Event: 3.801 Thread 0x0000000019bc2000 3735       3       sun.net.util.IPAddressUtil::checkExternalForm (69 bytes)
Event: 3.802 Thread 0x0000000019bc2000 nmethod 3735 0x0000000003eb3910 code [0x0000000003eb3b40, 0x0000000003eb4788]
Event: 3.820 Thread 0x0000000019bc2000 3736       3       sun.misc.MetaIndex::forJar (13 bytes)
Event: 3.820 Thread 0x0000000019bc2000 nmethod 3736 0x0000000003eb4c90 code [0x0000000003eb4e00, 0x0000000003eb5118]
Event: 3.820 Thread 0x0000000019bc2000 3737       3       sun.misc.URLClassPath$JarLoader::<init> (147 bytes)

GC Heap History (10 events):
Event: 2.165 GC heap before
{Heap before GC invocations=5 (full 0):
 PSYoungGen      total 138240K, used 10238K [0x00000000d5580000, 0x00000000de180000, 0x0000000100000000)
  eden space 133120K, 3% used [0x00000000d5580000,0x00000000d5a82b18,0x00000000dd780000)
  from space 5120K, 99% used [0x00000000ddc80000,0x00000000de17d060,0x00000000de180000)
  to   space 5120K, 0% used [0x00000000dd780000,0x00000000dd780000,0x00000000ddc80000)
 ParOldGen       total 87552K, used 10851K [0x0000000080000000, 0x0000000085580000, 0x00000000d5580000)
  object space 87552K, 12% used [0x0000000080000000,0x0000000080a98d48,0x0000000085580000)
 Metaspace       used 20566K, capacity 21208K, committed 21296K, reserved 1067008K
  class space    used 2876K, capacity 3076K, committed 3120K, reserved 1048576K
Event: 2.177 GC heap after
Heap after GC invocations=5 (full 0):
 PSYoungGen      total 138240K, used 5108K [0x00000000d5580000, 0x00000000e7380000, 0x0000000100000000)
  eden space 133120K, 0% used [0x00000000d5580000,0x00000000d5580000,0x00000000dd780000)
  from space 5120K, 99% used [0x00000000dd780000,0x00000000ddc7d060,0x00000000ddc80000)
  to   space 13312K, 0% used [0x00000000e6680000,0x00000000e6680000,0x00000000e7380000)
 ParOldGen       total 87552K, used 11125K [0x0000000080000000, 0x0000000085580000, 0x00000000d5580000)
  object space 87552K, 12% used [0x0000000080000000,0x0000000080add6b0,0x0000000085580000)
 Metaspace       used 20566K, capacity 21208K, committed 21296K, reserved 1067008K
  class space    used 2876K, capacity 3076K, committed 3120K, reserved 1048576K
}
Event: 2.177 GC heap before
{Heap before GC invocations=6 (full 1):
 PSYoungGen      total 138240K, used 5108K [0x00000000d5580000, 0x00000000e7380000, 0x0000000100000000)
  eden space 133120K, 0% used [0x00000000d5580000,0x00000000d5580000,0x00000000dd780000)
  from space 5120K, 99% used [0x00000000dd780000,0x00000000ddc7d060,0x00000000ddc80000)
  to   space 13312K, 0% used [0x00000000e6680000,0x00000000e6680000,0x00000000e7380000)
 ParOldGen       total 87552K, used 11125K [0x0000000080000000, 0x0000000085580000, 0x00000000d5580000)
  object space 87552K, 12% used [0x0000000080000000,0x0000000080add6b0,0x0000000085580000)
 Metaspace       used 20566K, capacity 21208K, committed 21296K, reserved 1067008K
  class space    used 2876K, capacity 3076K, committed 3120K, reserved 1048576K
Event: 2.243 GC heap after
Heap after GC invocations=6 (full 1):
 PSYoungGen      total 138240K, used 0K [0x00000000d5580000, 0x00000000e7380000, 0x0000000100000000)
  eden space 133120K, 0% used [0x00000000d5580000,0x00000000d5580000,0x00000000dd780000)
  from space 5120K, 0% used [0x00000000dd780000,0x00000000dd780000,0x00000000ddc80000)
  to   space 13312K, 0% used [0x00000000e6680000,0x00000000e6680000,0x00000000e7380000)
 ParOldGen       total 55808K, used 6792K [0x0000000080000000, 0x0000000083680000, 0x00000000d5580000)
  object space 55808K, 12% used [0x0000000080000000,0x00000000806a2230,0x0000000083680000)
 Metaspace       used 20566K, capacity 21208K, committed 21296K, reserved 1067008K
  class space    used 2876K, capacity 3076K, committed 3120K, reserved 1048576K
}
Event: 3.109 GC heap before
{Heap before GC invocations=7 (full 1):
 PSYoungGen      total 138240K, used 133120K [0x00000000d5580000, 0x00000000e7380000, 0x0000000100000000)
  eden space 133120K, 100% used [0x00000000d5580000,0x00000000dd780000,0x00000000dd780000)
  from space 5120K, 0% used [0x00000000dd780000,0x00000000dd780000,0x00000000ddc80000)
  to   space 13312K, 0% used [0x00000000e6680000,0x00000000e6680000,0x00000000e7380000)
 ParOldGen       total 55808K, used 6792K [0x0000000080000000, 0x0000000083680000, 0x00000000d5580000)
  object space 55808K, 12% used [0x0000000080000000,0x00000000806a2230,0x0000000083680000)
 Metaspace       used 32740K, capacity 33754K, committed 33968K, reserved 1079296K
  class space    used 4472K, capacity 4719K, committed 4784K, reserved 1048576K
Event: 3.120 GC heap after
Heap after GC invocations=7 (full 1):
 PSYoungGen      total 242176K, used 13301K [0x00000000d5580000, 0x00000000e7380000, 0x0000000100000000)
  eden space 228864K, 0% used [0x00000000d5580000,0x00000000d5580000,0x00000000e3500000)
  from space 13312K, 99% used [0x00000000e6680000,0x00000000e737d510,0x00000000e7380000)
  to   space 16384K, 0% used [0x00000000e5380000,0x00000000e5380000,0x00000000e6380000)
 ParOldGen       total 55808K, used 8077K [0x0000000080000000, 0x0000000083680000, 0x00000000d5580000)
  object space 55808K, 14% used [0x0000000080000000,0x00000000807e34c8,0x0000000083680000)
 Metaspace       used 32740K, capacity 33754K, committed 33968K, reserved 1079296K
  class space    used 4472K, capacity 4719K, committed 4784K, reserved 1048576K
}
Event: 3.270 GC heap before
{Heap before GC invocations=8 (full 1):
 PSYoungGen      total 242176K, used 46751K [0x00000000d5580000, 0x00000000e7380000, 0x0000000100000000)
  eden space 228864K, 14% used [0x00000000d5580000,0x00000000d762aa18,0x00000000e3500000)
  from space 13312K, 99% used [0x00000000e6680000,0x00000000e737d510,0x00000000e7380000)
  to   space 16384K, 0% used [0x00000000e5380000,0x00000000e5380000,0x00000000e6380000)
 ParOldGen       total 55808K, used 8077K [0x0000000080000000, 0x0000000083680000, 0x00000000d5580000)
  object space 55808K, 14% used [0x0000000080000000,0x00000000807e34c8,0x0000000083680000)
 Metaspace       used 34239K, capacity 35396K, committed 35496K, reserved 1079296K
  class space    used 4712K, capacity 5001K, committed 5040K, reserved 1048576K
Event: 3.278 GC heap after
Heap after GC invocations=8 (full 1):
 PSYoungGen      total 276480K, used 8811K [0x00000000d5580000, 0x00000000ef080000, 0x0000000100000000)
  eden space 260096K, 0% used [0x00000000d5580000,0x00000000d5580000,0x00000000e5380000)
  from space 16384K, 53% used [0x00000000e5380000,0x00000000e5c1ac68,0x00000000e6380000)
  to   space 15872K, 0% used [0x00000000ee100000,0x00000000ee100000,0x00000000ef080000)
 ParOldGen       total 55808K, used 8085K [0x0000000080000000, 0x0000000083680000, 0x00000000d5580000)
  object space 55808K, 14% used [0x0000000080000000,0x00000000807e54c8,0x0000000083680000)
 Metaspace       used 34239K, capacity 35396K, committed 35496K, reserved 1079296K
  class space    used 4712K, capacity 5001K, committed 5040K, reserved 1048576K
}
Event: 3.278 GC heap before
{Heap before GC invocations=9 (full 2):
 PSYoungGen      total 276480K, used 8811K [0x00000000d5580000, 0x00000000ef080000, 0x0000000100000000)
  eden space 260096K, 0% used [0x00000000d5580000,0x00000000d5580000,0x00000000e5380000)
  from space 16384K, 53% used [0x00000000e5380000,0x00000000e5c1ac68,0x00000000e6380000)
  to   space 15872K, 0% used [0x00000000ee100000,0x00000000ee100000,0x00000000ef080000)
 ParOldGen       total 55808K, used 8085K [0x0000000080000000, 0x0000000083680000, 0x00000000d5580000)
  object space 55808K, 14% used [0x0000000080000000,0x00000000807e54c8,0x0000000083680000)
 Metaspace       used 34239K, capacity 35396K, committed 35496K, reserved 1079296K
  class space    used 4712K, capacity 5001K, committed 5040K, reserved 1048576K
Event: 3.366 GC heap after
Heap after GC invocations=9 (full 2):
 PSYoungGen      total 276480K, used 0K [0x00000000d5580000, 0x00000000ef080000, 0x0000000100000000)
  eden space 260096K, 0% used [0x00000000d5580000,0x00000000d5580000,0x00000000e5380000)
  from space 16384K, 0% used [0x00000000e5380000,0x00000000e5380000,0x00000000e6380000)
  to   space 15872K, 0% used [0x00000000ee100000,0x00000000ee100000,0x00000000ef080000)
 ParOldGen       total 81920K, used 15118K [0x0000000080000000, 0x0000000085000000, 0x00000000d5580000)
  object space 81920K, 18% used [0x0000000080000000,0x0000000080ec3928,0x0000000085000000)
 Metaspace       used 34239K, capacity 35396K, committed 35496K, reserved 1079296K
  class space    used 4712K, capacity 5001K, committed 5040K, reserved 1048576K
}

Deoptimization events (10 events):
Event: 3.606 Thread 0x000000001cfd0000 Uncommon trap: reason=class_check action=maybe_recompile pc=0x00000000037a0f9c method=java.util.concurrent.ConcurrentHashMap.putVal(Ljava/lang/Object;Ljava/lang/Object;Z)Ljava/lang/Object; @ 192
Event: 3.606 Thread 0x000000001cfcf000 Uncommon trap: reason=class_check action=maybe_recompile pc=0x00000000037a0f9c method=java.util.concurrent.ConcurrentHashMap.putVal(Ljava/lang/Object;Ljava/lang/Object;Z)Ljava/lang/Object; @ 192
Event: 3.610 Thread 0x000000001cfd3000 Uncommon trap: reason=unstable_if action=reinterpret pc=0x0000000003d6f81c method=com.esotericsoftware.kryo.io.Input.readUtf8Length(I)I @ 9
Event: 3.611 Thread 0x000000001cfc7800 Uncommon trap: reason=unstable_if action=reinterpret pc=0x0000000003d17364 method=com.esotericsoftware.kryo.io.Input.readUtf8Length(I)I @ 9
Event: 3.613 Thread 0x000000001cfd0800 Uncommon trap: reason=unstable_if action=reinterpret pc=0x000000000371471c method=java.util.concurrent.ConcurrentHashMap.addCount(JI)V @ 34
Event: 3.613 Thread 0x000000001cfd0800 Uncommon trap: reason=unstable_if action=reinterpret pc=0x00000000037a0dfc method=java.util.concurrent.ConcurrentHashMap.addCount(JI)V @ 7
Event: 3.693 Thread 0x000000001d3ef800 Uncommon trap: reason=unstable_if action=reinterpret pc=0x0000000003e11608 method=org.gradle.internal.snapshot.PathUtil.equalChars(CCLorg/gradle/internal/snapshot/CaseSensitivity;)Z @ 11
Event: 3.745 Thread 0x000000001d3ef800 Uncommon trap: reason=bimorphic action=maybe_recompile pc=0x0000000003b2e110 method=java.util.AbstractCollection.addAll(Ljava/util/Collection;)Z @ 29
Event: 3.762 Thread 0x000000001d3ef800 Uncommon trap: reason=range_check action=make_not_entrant pc=0x0000000003c93678 method=java.lang.String.charAt(I)C @ 27
Event: 3.780 Thread 0x000000001d3ef800 Uncommon trap: reason=unstable_if action=reinterpret pc=0x000000000359d82c method=java.util.jar.JarFile.match([C[B[I[I)Z @ 29

Classes redefined (0 events):
No events

Internal exceptions (10 events):
Event: 3.782 Thread 0x000000001d3ef800 Exception <a 'java/security/PrivilegedActionException'> (0x00000000df2d3e20) thrown at [C:\src\AOSP-openjdk-git\hotspot\src\share\vm\prims\jvm.cpp, line 1502]
Event: 3.788 Thread 0x000000001d3ef800 Exception <a 'java/security/PrivilegedActionException'> (0x00000000df35de20) thrown at [C:\src\AOSP-openjdk-git\hotspot\src\share\vm\prims\jvm.cpp, line 1502]
Event: 3.788 Thread 0x000000001d3ef800 Exception <a 'java/security/PrivilegedActionException'> (0x00000000df35eba0) thrown at [C:\src\AOSP-openjdk-git\hotspot\src\share\vm\prims\jvm.cpp, line 1502]
Event: 3.820 Thread 0x000000001d3ef800 Exception <a 'java/security/PrivilegedActionException'> (0x00000000df52e1a8) thrown at [C:\src\AOSP-openjdk-git\hotspot\src\share\vm\prims\jvm.cpp, line 1502]
Event: 3.820 Thread 0x000000001d3ef800 Exception <a 'java/security/PrivilegedActionException'> (0x00000000df52ef28) thrown at [C:\src\AOSP-openjdk-git\hotspot\src\share\vm\prims\jvm.cpp, line 1502]
Event: 3.820 Thread 0x000000001d3ef800 Exception <a 'java/security/PrivilegedActionException'> (0x00000000df531ed0) thrown at [C:\src\AOSP-openjdk-git\hotspot\src\share\vm\prims\jvm.cpp, line 1502]
Event: 3.820 Thread 0x000000001d3ef800 Exception <a 'java/security/PrivilegedActionException'> (0x00000000df532c50) thrown at [C:\src\AOSP-openjdk-git\hotspot\src\share\vm\prims\jvm.cpp, line 1502]
Event: 3.820 Thread 0x000000001d3ef800 Exception <a 'java/security/PrivilegedActionException'> (0x00000000df535e10) thrown at [C:\src\AOSP-openjdk-git\hotspot\src\share\vm\prims\jvm.cpp, line 1502]
Event: 3.820 Thread 0x000000001d3ef800 Exception <a 'java/security/PrivilegedActionException'> (0x00000000df536b90) thrown at [C:\src\AOSP-openjdk-git\hotspot\src\share\vm\prims\jvm.cpp, line 1502]
Event: 3.820 Thread 0x000000001d3ef800 Exception <a 'java/security/PrivilegedActionException'> (0x00000000df539b50) thrown at [C:\src\AOSP-openjdk-git\hotspot\src\share\vm\prims\jvm.cpp, line 1502]

Events (10 events):
Event: 3.776 loading class org/gradle/api/tasks/Delete_DecoratedBeanInfo done
Event: 3.776 loading class org/gradle/api/tasks/Delete_DecoratedBeanInfo
Event: 3.776 loading class org/gradle/api/tasks/Delete_DecoratedBeanInfo done
Event: 3.780 Thread 0x000000001d3ef800 Uncommon trap: trap_request=0xffffff65 fr.pc=0x000000000359d82c
Event: 3.780 Thread 0x000000001d3ef800 DEOPT PACKING pc=0x000000000359d82c sp=0x000000001f136c50
Event: 3.780 Thread 0x000000001d3ef800 DEOPT UNPACKING pc=0x000000000328557b sp=0x000000001f136c00 mode 2
Event: 3.801 Thread 0x000000001d3ef800 DEOPT PACKING pc=0x0000000003eb2e95 sp=0x000000001f136c40
Event: 3.801 Thread 0x000000001d3ef800 DEOPT UNPACKING pc=0x00000000032875d0 sp=0x000000001f136978 mode 0
Event: 3.804 Thread 0x000000001d3ef800 DEOPT PACKING pc=0x0000000003eb2e95 sp=0x000000001f136c40
Event: 3.804 Thread 0x000000001d3ef800 DEOPT UNPACKING pc=0x00000000032875d0 sp=0x000000001f136978 mode 0


Dynamic libraries:
0x00007ff6469f0000 - 0x00007ff646a21000 	C:\Program Files\Android\Android Studio\jre\bin\java.exe
0x00007ffd731d0000 - 0x00007ffd733c6000 	C:\Windows\SYSTEM32\ntdll.dll
0x00007ffd714f0000 - 0x00007ffd715ad000 	C:\Windows\System32\KERNEL32.DLL
0x00007ffd70b20000 - 0x00007ffd70de9000 	C:\Windows\System32\KERNELBASE.dll
0x00007ffd72030000 - 0x00007ffd720dc000 	C:\Windows\System32\ADVAPI32.dll
0x00007ffd72280000 - 0x00007ffd7231e000 	C:\Windows\System32\msvcrt.dll
0x00007ffd72680000 - 0x00007ffd7271c000 	C:\Windows\System32\sechost.dll
0x00007ffd71e40000 - 0x00007ffd71f6b000 	C:\Windows\System32\RPCRT4.dll
0x00007ffd71270000 - 0x00007ffd71410000 	C:\Windows\System32\USER32.dll
0x00007ffd70910000 - 0x00007ffd70932000 	C:\Windows\System32\win32u.dll
0x00007ffd720e0000 - 0x00007ffd7210a000 	C:\Windows\System32\GDI32.dll
0x00007ffd71120000 - 0x00007ffd7122b000 	C:\Windows\System32\gdi32full.dll
0x00007ffd70f50000 - 0x00007ffd70fed000 	C:\Windows\System32\msvcp_win.dll
0x00007ffd709a0000 - 0x00007ffd70aa0000 	C:\Windows\System32\ucrtbase.dll
0x00007ffd5b700000 - 0x00007ffd5b99b000 	C:\Windows\WinSxS\amd64_microsoft.windows.common-controls_6595b64144ccf1df_6.0.19041.746_none_ca02b4b61b8320a4\COMCTL32.dll
0x00007ffd71240000 - 0x00007ffd71270000 	C:\Windows\System32\IMM32.DLL
0x0000000051fd0000 - 0x00000000520a2000 	C:\Program Files\Android\Android Studio\jre\jre\bin\msvcr100.dll
0x00000000510c0000 - 0x000000005190b000 	C:\Program Files\Android\Android Studio\jre\jre\bin\server\jvm.dll
0x00007ffd71f70000 - 0x00007ffd71f78000 	C:\Windows\System32\PSAPI.DLL
0x00007ffd6a510000 - 0x00007ffd6a519000 	C:\Windows\SYSTEM32\WSOCK32.dll
0x00007ffd67f10000 - 0x00007ffd67f1a000 	C:\Windows\SYSTEM32\VERSION.dll
0x00007ffd5dc60000 - 0x00007ffd5dc87000 	C:\Windows\SYSTEM32\WINMM.dll
0x00007ffd72110000 - 0x00007ffd7217b000 	C:\Windows\System32\WS2_32.dll
0x00007ffd61dd0000 - 0x00007ffd61ddf000 	C:\Program Files\Android\Android Studio\jre\jre\bin\verify.dll
0x00007ffd4e3a0000 - 0x00007ffd4e3c9000 	C:\Program Files\Android\Android Studio\jre\jre\bin\java.dll
0x00007ffd60c20000 - 0x00007ffd60c36000 	C:\Program Files\Android\Android Studio\jre\jre\bin\zip.dll
0x00007ffd715b0000 - 0x00007ffd71cf3000 	C:\Windows\System32\SHELL32.dll
0x00007ffd6ea70000 - 0x00007ffd6f1ff000 	C:\Windows\SYSTEM32\windows.storage.dll
0x00007ffd72320000 - 0x00007ffd72676000 	C:\Windows\System32\combase.dll
0x00007ffd70370000 - 0x00007ffd7039c000 	C:\Windows\SYSTEM32\Wldp.dll
0x00007ffd71f80000 - 0x00007ffd7202e000 	C:\Windows\System32\SHCORE.dll
0x00007ffd727b0000 - 0x00007ffd72805000 	C:\Windows\System32\shlwapi.dll
0x00007ffd70840000 - 0x00007ffd70866000 	C:\Windows\SYSTEM32\profapi.dll
0x00007ffd507f0000 - 0x00007ffd5080a000 	C:\Program Files\Android\Android Studio\jre\jre\bin\net.dll
0x00007ffd700f0000 - 0x00007ffd7015a000 	C:\Windows\system32\mswsock.dll
0x00007ffd4f250000 - 0x00007ffd4f263000 	C:\Program Files\Android\Android Studio\jre\jre\bin\nio.dll
0x00007ffd69e10000 - 0x00007ffd69e37000 	C:\Users\MOGA\.gradle\native\f6784746aeab05261644944871eae4fe03e0ef1612fff0a4a95f87b438bc6780\windows-amd64\native-platform.dll
0x00007ffd61dc0000 - 0x00007ffd61dcd000 	C:\Program Files\Android\Android Studio\jre\jre\bin\management.dll
0x00007ffd702d0000 - 0x00007ffd702e8000 	C:\Windows\SYSTEM32\CRYPTSP.dll
0x00007ffd6fa20000 - 0x00007ffd6fa54000 	C:\Windows\system32\rsaenh.dll
0x00007ffd70af0000 - 0x00007ffd70b17000 	C:\Windows\System32\bcrypt.dll
0x00007ffd707c0000 - 0x00007ffd707ee000 	C:\Windows\SYSTEM32\USERENV.dll
0x00007ffd710a0000 - 0x00007ffd71120000 	C:\Windows\System32\bcryptprimitives.dll
0x00007ffd702c0000 - 0x00007ffd702cc000 	C:\Windows\SYSTEM32\CRYPTBASE.dll
0x00007ffd6fd90000 - 0x00007ffd6fdcb000 	C:\Windows\SYSTEM32\IPHLPAPI.DLL
0x00007ffd71230000 - 0x00007ffd71238000 	C:\Windows\System32\NSI.dll
0x00007ffd65830000 - 0x00007ffd65847000 	C:\Windows\SYSTEM32\dhcpcsvc6.DLL
0x00007ffd65750000 - 0x00007ffd6576d000 	C:\Windows\SYSTEM32\dhcpcsvc.DLL
0x00007ffd6fdd0000 - 0x00007ffd6fe9b000 	C:\Windows\SYSTEM32\DNSAPI.dll
0x00007ffd67f00000 - 0x00007ffd67f0b000 	C:\Windows\SYSTEM32\WINNSI.DLL

VM Arguments:
jvm_args: -Xmx2048m -Dfile.encoding=UTF-8 -Duser.country=US -Duser.language=en -Duser.variant 
java_command: org.gradle.launcher.daemon.bootstrap.GradleDaemon 6.5
java_class_path (initial): C:\Users\MOGA\.gradle\wrapper\dists\gradle-6.5-bin\6nifqtx7604sqp1q6g8wikw7p\gradle-6.5\lib\gradle-launcher-6.5.jar
Launcher Type: SUN_STANDARD

Environment Variables:
PATH=C:\Program Files (x86)\Common Files\Oracle\Java\javapath;C:\Windows\system32;C:\Windows;C:\Windows\System32\Wbem;C:\Windows\System32\WindowsPowerShell\v1.0\;C:\Windows\System32\OpenSSH\;C:\Program Files (x86)\NVIDIA Corporation\PhysX\Common;C:\Program Files\NVIDIA Corporation\NVIDIA NvDLISR;C:\Program Files\Git\cmd;C:\Users\MOGA\AppData\Local\Microsoft\WindowsApps;
USERNAME=MOGA
OS=Windows_NT
PROCESSOR_IDENTIFIER=Intel64 Family 6 Model 158 Stepping 10, GenuineIntel



---------------  S Y S T E M  ---------------

OS: Windows 10.0 , 64 bit Build 19041 (10.0.19041.662)

CPU:total 12 (initial active 12) (6 cores per cpu, 2 threads per core) family 6 model 158 stepping 10, cmov, cx8, fxsr, mmx, sse, sse2, sse3, ssse3, sse4.1, sse4.2, popcnt, avx, avx2, aes, clmul, erms, 3dnowpref, lzcnt, ht, tsc, tscinvbit, bmi1, bmi2, adx

Memory: 4k page, physical 8264944k(838996k free), swap 14556400k(5776k free)

vm_info: OpenJDK 64-Bit Server VM (25.242-b01) for windows-amd64 JRE (1.8.0_242-release-1644-b01), built by "builder" with MS VC++ 10.0 (VS2010)

time: Tue Jan 26 18:35:50 2021
timezone: Egypt Standard Time
elapsed time: 3 seconds (0d 0h 0m 3s)

