#
# There is insufficient memory for the Java Runtime Environment to continue.
# Native memory allocation (malloc) failed to allocate 32744 bytes for ChunkPool::allocate
# Possible reasons:
#   The system is out of physical RAM or swap space
#   The process is running with CompressedOops enabled, and the Java Heap may be blocking the growth of the native heap
# Possible solutions:
#   Reduce memory load on the system
#   Increase physical memory or swap space
#   Check if swap backing store is full
#   Decrease Java heap size (-Xmx/-Xms)
#   Decrease number of Java threads
#   Decrease Java thread stack sizes (-Xss)
#   Set larger code cache with -XX:ReservedCodeCacheSize=
#   JVM is running with Unscaled Compressed Oops mode in which the Java heap is
#     placed in the first 4GB address space. The Java Heap base address is the
#     maximum limit for the native heap growth. Please use -XX:HeapBaseMinAddress
#     to set the Java Heap base and to place the Java Heap above 4GB virtual address.
# This output file may be truncated or incomplete.
#
#  Out of Memory Error (allocation.cpp:272), pid=14200, tid=0x0000000000002934
#
# JRE version: OpenJDK Runtime Environment (8.0_242-b01) (build 1.8.0_242-release-1644-b01)
# Java VM: OpenJDK 64-Bit Server VM (25.242-b01 mixed mode windows-amd64 compressed oops)
# Failed to write core dump. Minidumps are not enabled by default on client versions of Windows
#

---------------  T H R E A D  ---------------

Current thread (0x000000001921f800):  JavaThread "C1 CompilerThread3" daemon [_thread_in_native, id=10548, stack(0x000000001ab70000,0x000000001ac70000)]

Stack: [0x000000001ab70000,0x000000001ac70000]
[error occurred during error reporting (printing stack bounds), id 0xc0000005]

Native frames: (J=compiled Java code, j=interpreted, Vv=VM code, C=native code)


Current CompileTask:
C1:   1871 1522       3       java.util.LinkedList$ListItr::remove (84 bytes)


---------------  P R O C E S S  ---------------

Java Threads: ( => current thread )
  0x000000001cbb4800 JavaThread "Cache worker for file hash cache (C:\Users\MOGA\.gradle\caches\6.5\fileHashes)" [_thread_blocked, id=6696, stack(0x000000001ee90000,0x000000001ef90000)]
  0x000000001cbb6000 JavaThread "File lock request listener" [_thread_in_native, id=15092, stack(0x000000001ed90000,0x000000001ee90000)]
  0x000000001b208000 JavaThread "Cache worker for journal cache (C:\Users\MOGA\.gradle\caches\journal-1)" [_thread_blocked, id=8332, stack(0x000000001ec90000,0x000000001ed90000)]
  0x000000001af76000 JavaThread "Thread-9" [_thread_blocked, id=5424, stack(0x000000001e990000,0x000000001ea90000)]
  0x000000001cb76000 JavaThread "Stdin handler" [_thread_blocked, id=12080, stack(0x000000001e890000,0x000000001e990000)]
  0x000000001cb7c800 JavaThread "Asynchronous log dispatcher for DefaultDaemonConnection: socket connection from /127.0.0.1:62115 to /127.0.0.1:62116" [_thread_blocked, id=11168, stack(0x000000001e790000,0x000000001e890000)]
  0x000000001cb8b000 JavaThread "Daemon worker" [_thread_in_vm, id=5472, stack(0x000000001e690000,0x000000001e790000)]
  0x000000001cbaf000 JavaThread "Cancel handler" [_thread_blocked, id=3364, stack(0x000000001e590000,0x000000001e690000)]
  0x000000001cb52800 JavaThread "Handler for socket connection from /127.0.0.1:62115 to /127.0.0.1:62116" [_thread_in_native, id=7692, stack(0x000000001e490000,0x000000001e590000)]
  0x000000001cb4e000 JavaThread "Daemon" [_thread_blocked, id=14164, stack(0x000000001e190000,0x000000001e290000)]
  0x000000001cb1c000 JavaThread "Daemon periodic checks" [_thread_blocked, id=8424, stack(0x000000001e090000,0x000000001e190000)]
  0x000000001cab4000 JavaThread "Incoming local TCP Connector on port 62115" [_thread_in_native, id=9508, stack(0x000000001de50000,0x000000001df50000)]
  0x000000001ca87000 JavaThread "Daemon health stats" [_thread_blocked, id=12912, stack(0x000000001d810000,0x000000001d910000)]
  0x00000000192aa000 JavaThread "Service Thread" daemon [_thread_blocked, id=11540, stack(0x000000001ac70000,0x000000001ad70000)]
=>0x000000001921f800 JavaThread "C1 CompilerThread3" daemon [_thread_in_native, id=10548, stack(0x000000001ab70000,0x000000001ac70000)]
  0x000000001921f000 JavaThread "C2 CompilerThread2" daemon [_thread_in_native, id=15016, stack(0x000000001aa70000,0x000000001ab70000)]
  0x000000001921b800 JavaThread "C2 CompilerThread1" daemon [_thread_in_native, id=11568, stack(0x000000001a970000,0x000000001aa70000)]
  0x0000000019214800 JavaThread "C2 CompilerThread0" daemon [_thread_blocked, id=4140, stack(0x000000001a870000,0x000000001a970000)]
  0x0000000019212800 JavaThread "Attach Listener" daemon [_thread_blocked, id=2912, stack(0x000000001a770000,0x000000001a870000)]
  0x0000000019211000 JavaThread "Signal Dispatcher" daemon [_thread_blocked, id=9076, stack(0x000000001a670000,0x000000001a770000)]
  0x0000000017b42000 JavaThread "Finalizer" daemon [_thread_blocked, id=2448, stack(0x000000001a470000,0x000000001a570000)]
  0x0000000019203000 JavaThread "Reference Handler" daemon [_thread_blocked, id=10816, stack(0x000000001a370000,0x000000001a470000)]
  0x00000000026cd800 JavaThread "main" [_thread_blocked, id=6232, stack(0x00000000026d0000,0x00000000027d0000)]

Other Threads:
  0x0000000017b35800 VMThread [stack: 0x000000001a270000,0x000000001a370000] [id=9344]
  0x00000000192ab000 WatcherThread [stack: 0x000000001ad70000,0x000000001ae70000] [id=6740]

VM state:not at safepoint (normal execution)

VM Mutex/Monitor currently owned by a thread: None

heap address: 0x0000000080000000, size: 2048 MB, Compressed Oops mode: 32-bit
Narrow klass base: 0x0000000000000000, Narrow klass shift: 3
Compressed class space size: 1073741824 Address: 0x0000000100000000

Heap:
 PSYoungGen      total 38400K, used 18884K [0x00000000d5580000, 0x00000000d8000000, 0x0000000100000000)
  eden space 33280K, 41% used [0x00000000d5580000,0x00000000d62f9130,0x00000000d7600000)
  from space 5120K, 99% used [0x00000000d7b00000,0x00000000d7ff8020,0x00000000d8000000)
  to   space 5120K, 0% used [0x00000000d7600000,0x00000000d7600000,0x00000000d7b00000)
 ParOldGen       total 87552K, used 3712K [0x0000000080000000, 0x0000000085580000, 0x00000000d5580000)
  object space 87552K, 4% used [0x0000000080000000,0x00000000803a03c0,0x0000000085580000)
 Metaspace       used 16641K, capacity 17244K, committed 17280K, reserved 1064960K
  class space    used 2228K, capacity 2400K, committed 2432K, reserved 1048576K

Card table byte_map: [0x0000000011c90000,0x00000000120a0000] byte_map_base: 0x0000000011890000

Marking Bits: (ParMarkBitMap*) 0x000000005188f030
 Begin Bits: [0x0000000012d50000, 0x0000000014d50000)
 End Bits:   [0x0000000014d50000, 0x0000000016d50000)

Polling page: 0x0000000000700000

CodeCache: size=245760Kb used=5355Kb max_used=5355Kb free=240404Kb
 bounds [0x00000000028d0000, 0x0000000002e20000, 0x00000000118d0000]
 total_blobs=1914 nmethods=1515 adapters=312
 compilation: enabled

Compilation events (10 events):
Event: 1.845 Thread 0x0000000019214800 1517       4       jdk.internal.org.objectweb.asm.Type::getArgumentsAndReturnSizes (151 bytes)
Event: 1.845 Thread 0x000000001921f800 1518       3       jdk.internal.org.objectweb.asm.Frame::<init> (5 bytes)
Event: 1.845 Thread 0x000000001921f800 nmethod 1518 0x0000000002e07910 code [0x0000000002e07a60, 0x0000000002e07c10]
Event: 1.848 Thread 0x0000000019214800 nmethod 1517 0x0000000002e07010 code [0x0000000002e07160, 0x0000000002e074f8]
Event: 1.850 Thread 0x000000001921f000 1519   !   4       java.net.URLClassLoader$1::run (63 bytes)
Event: 1.853 Thread 0x000000001921f800 1520   !   3       org.gradle.internal.classloader.TransformingClassLoader::findClass (203 bytes)
Event: 1.855 Thread 0x000000001921f800 nmethod 1520 0x0000000002e0b610 code [0x0000000002e0bac0, 0x0000000002e0e878]
Event: 1.855 Thread 0x000000001921f800 1521       3       org.gradle.initialization.MixInLegacyTypesClassLoader::shouldTransform (42 bytes)
Event: 1.855 Thread 0x000000001921f800 nmethod 1521 0x0000000002e0ae90 code [0x0000000002e0b020, 0x0000000002e0b478]
Event: 1.862 Thread 0x000000001921f800 1522       3       java.util.LinkedList$ListItr::remove (84 bytes)

GC Heap History (8 events):
Event: 0.525 GC heap before
{Heap before GC invocations=1 (full 0):
 PSYoungGen      total 38400K, used 33280K [0x00000000d5580000, 0x00000000d8000000, 0x0000000100000000)
  eden space 33280K, 100% used [0x00000000d5580000,0x00000000d7600000,0x00000000d7600000)
  from space 5120K, 0% used [0x00000000d7b00000,0x00000000d7b00000,0x00000000d8000000)
  to   space 5120K, 0% used [0x00000000d7600000,0x00000000d7600000,0x00000000d7b00000)
 ParOldGen       total 87552K, used 0K [0x0000000080000000, 0x0000000085580000, 0x00000000d5580000)
  object space 87552K, 0% used [0x0000000080000000,0x0000000080000000,0x0000000085580000)
 Metaspace       used 7200K, capacity 7454K, committed 7680K, reserved 1056768K
  class space    used 890K, capacity 973K, committed 1024K, reserved 1048576K
Event: 0.530 GC heap after
Heap after GC invocations=1 (full 0):
 PSYoungGen      total 38400K, used 4414K [0x00000000d5580000, 0x00000000d8000000, 0x0000000100000000)
  eden space 33280K, 0% used [0x00000000d5580000,0x00000000d5580000,0x00000000d7600000)
  from space 5120K, 86% used [0x00000000d7600000,0x00000000d7a4f988,0x00000000d7b00000)
  to   space 5120K, 0% used [0x00000000d7b00000,0x00000000d7b00000,0x00000000d8000000)
 ParOldGen       total 87552K, used 16K [0x0000000080000000, 0x0000000085580000, 0x00000000d5580000)
  object space 87552K, 0% used [0x0000000080000000,0x0000000080004000,0x0000000085580000)
 Metaspace       used 7200K, capacity 7454K, committed 7680K, reserved 1056768K
  class space    used 890K, capacity 973K, committed 1024K, reserved 1048576K
}
Event: 0.743 GC heap before
{Heap before GC invocations=2 (full 0):
 PSYoungGen      total 38400K, used 37694K [0x00000000d5580000, 0x00000000d8000000, 0x0000000100000000)
  eden space 33280K, 100% used [0x00000000d5580000,0x00000000d7600000,0x00000000d7600000)
  from space 5120K, 86% used [0x00000000d7600000,0x00000000d7a4f988,0x00000000d7b00000)
  to   space 5120K, 0% used [0x00000000d7b00000,0x00000000d7b00000,0x00000000d8000000)
 ParOldGen       total 87552K, used 16K [0x0000000080000000, 0x0000000085580000, 0x00000000d5580000)
  object space 87552K, 0% used [0x0000000080000000,0x0000000080004000,0x0000000085580000)
 Metaspace       used 7453K, capacity 7766K, committed 7936K, reserved 1056768K
  class space    used 917K, capacity 1013K, committed 1024K, reserved 1048576K
Event: 0.752 GC heap after
Heap after GC invocations=2 (full 0):
 PSYoungGen      total 38400K, used 3329K [0x00000000d5580000, 0x00000000d8000000, 0x0000000100000000)
  eden space 33280K, 0% used [0x00000000d5580000,0x00000000d5580000,0x00000000d7600000)
  from space 5120K, 65% used [0x00000000d7b00000,0x00000000d7e405e8,0x00000000d8000000)
  to   space 5120K, 0% used [0x00000000d7600000,0x00000000d7600000,0x00000000d7b00000)
 ParOldGen       total 87552K, used 24K [0x0000000080000000, 0x0000000085580000, 0x00000000d5580000)
  object space 87552K, 0% used [0x0000000080000000,0x0000000080006000,0x0000000085580000)
 Metaspace       used 7453K, capacity 7766K, committed 7936K, reserved 1056768K
  class space    used 917K, capacity 1013K, committed 1024K, reserved 1048576K
}
Event: 1.527 GC heap before
{Heap before GC invocations=3 (full 0):
 PSYoungGen      total 38400K, used 36609K [0x00000000d5580000, 0x00000000d8000000, 0x0000000100000000)
  eden space 33280K, 100% used [0x00000000d5580000,0x00000000d7600000,0x00000000d7600000)
  from space 5120K, 65% used [0x00000000d7b00000,0x00000000d7e405e8,0x00000000d8000000)
  to   space 5120K, 0% used [0x00000000d7600000,0x00000000d7600000,0x00000000d7b00000)
 ParOldGen       total 87552K, used 24K [0x0000000080000000, 0x0000000085580000, 0x00000000d5580000)
  object space 87552K, 0% used [0x0000000080000000,0x0000000080006000,0x0000000085580000)
 Metaspace       used 12183K, capacity 12508K, committed 12800K, reserved 1060864K
  class space    used 1626K, capacity 1726K, committed 1792K, reserved 1048576K
Event: 1.532 GC heap after
Heap after GC invocations=3 (full 0):
 PSYoungGen      total 38400K, used 5120K [0x00000000d5580000, 0x00000000d8000000, 0x0000000100000000)
  eden space 33280K, 0% used [0x00000000d5580000,0x00000000d5580000,0x00000000d7600000)
  from space 5120K, 100% used [0x00000000d7600000,0x00000000d7b00000,0x00000000d7b00000)
  to   space 5120K, 0% used [0x00000000d7b00000,0x00000000d7b00000,0x00000000d8000000)
 ParOldGen       total 87552K, used 1196K [0x0000000080000000, 0x0000000085580000, 0x00000000d5580000)
  object space 87552K, 1% used [0x0000000080000000,0x000000008012b188,0x0000000085580000)
 Metaspace       used 12183K, capacity 12508K, committed 12800K, reserved 1060864K
  class space    used 1626K, capacity 1726K, committed 1792K, reserved 1048576K
}
Event: 1.762 GC heap before
{Heap before GC invocations=4 (full 0):
 PSYoungGen      total 38400K, used 38400K [0x00000000d5580000, 0x00000000d8000000, 0x0000000100000000)
  eden space 33280K, 100% used [0x00000000d5580000,0x00000000d7600000,0x00000000d7600000)
  from space 5120K, 100% used [0x00000000d7600000,0x00000000d7b00000,0x00000000d7b00000)
  to   space 5120K, 0% used [0x00000000d7b00000,0x00000000d7b00000,0x00000000d8000000)
 ParOldGen       total 87552K, used 1196K [0x0000000080000000, 0x0000000085580000, 0x00000000d5580000)
  object space 87552K, 1% used [0x0000000080000000,0x000000008012b188,0x0000000085580000)
 Metaspace       used 15400K, capacity 15908K, committed 16128K, reserved 1062912K
  class space    used 2034K, capacity 2188K, committed 2304K, reserved 1048576K
Event: 1.777 GC heap after
Heap after GC invocations=4 (full 0):
 PSYoungGen      total 38400K, used 5088K [0x00000000d5580000, 0x00000000d8000000, 0x0000000100000000)
  eden space 33280K, 0% used [0x00000000d5580000,0x00000000d5580000,0x00000000d7600000)
  from space 5120K, 99% used [0x00000000d7b00000,0x00000000d7ff8020,0x00000000d8000000)
  to   space 5120K, 0% used [0x00000000d7600000,0x00000000d7600000,0x00000000d7b00000)
 ParOldGen       total 87552K, used 3712K [0x0000000080000000, 0x0000000085580000, 0x00000000d5580000)
  object space 87552K, 4% used [0x0000000080000000,0x00000000803a03c0,0x0000000085580000)
 Metaspace       used 15400K, capacity 15908K, committed 16128K, reserved 1062912K
  class space    used 2034K, capacity 2188K, committed 2304K, reserved 1048576K
}

Deoptimization events (10 events):
Event: 1.512 Thread 0x000000001cb8b000 Uncommon trap: reason=bimorphic action=maybe_recompile pc=0x0000000002b99138 method=java.util.HashMap.putVal(ILjava/lang/Object;Ljava/lang/Object;ZZ)Ljava/lang/Object; @ 253
Event: 1.512 Thread 0x000000001cb8b000 Uncommon trap: reason=bimorphic action=maybe_recompile pc=0x0000000002b99138 method=java.util.HashMap.putVal(ILjava/lang/Object;Ljava/lang/Object;ZZ)Ljava/lang/Object; @ 253
Event: 1.512 Thread 0x000000001cb8b000 Uncommon trap: reason=bimorphic action=maybe_recompile pc=0x0000000002b99138 method=java.util.HashMap.putVal(ILjava/lang/Object;Ljava/lang/Object;ZZ)Ljava/lang/Object; @ 253
Event: 1.512 Thread 0x000000001cb8b000 Uncommon trap: reason=bimorphic action=maybe_recompile pc=0x0000000002b99138 method=java.util.HashMap.putVal(ILjava/lang/Object;Ljava/lang/Object;ZZ)Ljava/lang/Object; @ 253
Event: 1.670 Thread 0x000000001cb8b000 Uncommon trap: reason=class_check action=maybe_recompile pc=0x0000000002be1ad8 method=java.util.regex.Matcher.match(II)Z @ 86
Event: 1.691 Thread 0x000000001cb8b000 Uncommon trap: reason=class_check action=maybe_recompile pc=0x0000000002be1ad8 method=java.util.regex.Matcher.match(II)Z @ 86
Event: 1.691 Thread 0x000000001cb8b000 Uncommon trap: reason=class_check action=maybe_recompile pc=0x0000000002be1ad8 method=java.util.regex.Matcher.match(II)Z @ 86
Event: 1.691 Thread 0x000000001cb8b000 Uncommon trap: reason=class_check action=maybe_recompile pc=0x0000000002a7d48c method=java.util.regex.Matcher.match(II)Z @ 86
Event: 1.759 Thread 0x000000001cb8b000 Uncommon trap: reason=unstable_if action=reinterpret pc=0x0000000002bd911c method=java.io.File.getName()Ljava/lang/String; @ 16
Event: 1.759 Thread 0x000000001cb8b000 Uncommon trap: reason=unstable_if action=reinterpret pc=0x0000000002bee714 method=java.lang.String.substring(I)Ljava/lang/String; @ 35

Classes redefined (0 events):
No events

Internal exceptions (10 events):
Event: 1.484 Thread 0x000000001cb52800 Exception <a 'java/lang/NoSuchMethodError': <clinit>> (0x00000000d73741b0) thrown at [C:\src\AOSP-openjdk-git\hotspot\src\share\vm\prims\jni.cpp, line 1615]
Event: 1.485 Thread 0x000000001cb52800 Exception <a 'java/lang/NoSuchMethodError': <clinit>> (0x00000000d737d8b8) thrown at [C:\src\AOSP-openjdk-git\hotspot\src\share\vm\prims\jni.cpp, line 1615]
Event: 1.486 Thread 0x000000001cb52800 Exception <a 'java/lang/NoSuchMethodError': <clinit>> (0x00000000d7391e88) thrown at [C:\src\AOSP-openjdk-git\hotspot\src\share\vm\prims\jni.cpp, line 1615]
Event: 1.492 Thread 0x000000001cb52800 Exception <a 'java/lang/NoSuchMethodError': <clinit>> (0x00000000d73ff630) thrown at [C:\src\AOSP-openjdk-git\hotspot\src\share\vm\prims\jni.cpp, line 1615]
Event: 1.495 Thread 0x000000001cb52800 Exception <a 'java/lang/NoSuchMethodError': <clinit>> (0x00000000d7439b38) thrown at [C:\src\AOSP-openjdk-git\hotspot\src\share\vm\prims\jni.cpp, line 1615]
Event: 1.498 Thread 0x000000001cb52800 Exception <a 'java/lang/NoSuchMethodError': <clinit>> (0x00000000d746f730) thrown at [C:\src\AOSP-openjdk-git\hotspot\src\share\vm\prims\jni.cpp, line 1615]
Event: 1.499 Thread 0x000000001cb52800 Exception <a 'java/lang/NoSuchMethodError': <clinit>> (0x00000000d747bc60) thrown at [C:\src\AOSP-openjdk-git\hotspot\src\share\vm\prims\jni.cpp, line 1615]
Event: 1.797 Thread 0x000000001cb8b000 Exception <a 'java/lang/NoSuchMethodError': java.lang.Object.lambda$and$0(Ljava/util/function/Predicate;Ljava/lang/Object;)Z> (0x00000000d56fb0c8) thrown at [C:\src\AOSP-openjdk-git\hotspot\src\share\vm\interpreter\linkResolver.cpp, line 620]
Event: 1.800 Thread 0x000000001cb8b000 Exception <a 'java/lang/IncompatibleClassChangeError': Found class java.lang.Object, but interface was expected> (0x00000000d570b3c0) thrown at [C:\src\AOSP-openjdk-git\hotspot\src\share\vm\interpreter\linkResolver.cpp, line 653]
Event: 1.801 Thread 0x000000001cb8b000 Exception <a 'java/lang/NoSuchMethodError': java.lang.Object.lambda$or$2(Ljava/util/function/Predicate;Ljava/lang/Object;)Z> (0x00000000d570ff10) thrown at [C:\src\AOSP-openjdk-git\hotspot\src\share\vm\interpreter\linkResolver.cpp, line 620]

Events (10 events):
Event: 1.861 loading class org/gradle/internal/resolve/resolver/DependencyToComponentIdResolver
Event: 1.861 loading class org/gradle/internal/resolve/resolver/DependencyToComponentIdResolver done
Event: 1.861 loading class org/gradle/internal/resolve/resolver/ArtifactResolver
Event: 1.861 loading class org/gradle/internal/resolve/resolver/ArtifactResolver done
Event: 1.861 loading class org/gradle/internal/resolve/resolver/OriginArtifactSelector
Event: 1.861 loading class org/gradle/internal/resolve/resolver/OriginArtifactSelector done
Event: 1.861 loading class org/gradle/api/internal/artifacts/ivyservice/ivyresolve/ComponentResolvers
Event: 1.861 loading class org/gradle/api/internal/artifacts/ivyservice/ivyresolve/ComponentResolvers done
Event: 1.862 loading class org/gradle/internal/component/external/model/ModuleComponentArtifactMetadata
Event: 1.862 loading class org/gradle/internal/component/external/model/ModuleComponentArtifactMetadata done


Dynamic libraries:
0x00007ff6469f0000 - 0x00007ff646a21000 	C:\Program Files\Android\Android Studio\jre\bin\java.exe
0x00007ffd731d0000 - 0x00007ffd733c6000 	C:\Windows\SYSTEM32\ntdll.dll
0x00007ffd714f0000 - 0x00007ffd715ad000 	C:\Windows\System32\KERNEL32.DLL
0x00007ffd70b20000 - 0x00007ffd70de9000 	C:\Windows\System32\KERNELBASE.dll
0x00007ffd72030000 - 0x00007ffd720dc000 	C:\Windows\System32\ADVAPI32.dll
0x00007ffd72280000 - 0x00007ffd7231e000 	C:\Windows\System32\msvcrt.dll
0x00007ffd72680000 - 0x00007ffd7271c000 	C:\Windows\System32\sechost.dll
0x00007ffd71e40000 - 0x00007ffd71f6b000 	C:\Windows\System32\RPCRT4.dll
0x00007ffd71270000 - 0x00007ffd71410000 	C:\Windows\System32\USER32.dll
0x00007ffd70910000 - 0x00007ffd70932000 	C:\Windows\System32\win32u.dll
0x00007ffd720e0000 - 0x00007ffd7210a000 	C:\Windows\System32\GDI32.dll
0x00007ffd71120000 - 0x00007ffd7122b000 	C:\Windows\System32\gdi32full.dll
0x00007ffd70f50000 - 0x00007ffd70fed000 	C:\Windows\System32\msvcp_win.dll
0x00007ffd709a0000 - 0x00007ffd70aa0000 	C:\Windows\System32\ucrtbase.dll
0x00007ffd5b700000 - 0x00007ffd5b99b000 	C:\Windows\WinSxS\amd64_microsoft.windows.common-controls_6595b64144ccf1df_6.0.19041.746_none_ca02b4b61b8320a4\COMCTL32.dll
0x00007ffd71240000 - 0x00007ffd71270000 	C:\Windows\System32\IMM32.DLL
0x0000000051fd0000 - 0x00000000520a2000 	C:\Program Files\Android\Android Studio\jre\jre\bin\msvcr100.dll
0x00000000510c0000 - 0x000000005190b000 	C:\Program Files\Android\Android Studio\jre\jre\bin\server\jvm.dll
0x00007ffd71f70000 - 0x00007ffd71f78000 	C:\Windows\System32\PSAPI.DLL
0x00007ffd6a510000 - 0x00007ffd6a519000 	C:\Windows\SYSTEM32\WSOCK32.dll
0x00007ffd5dc60000 - 0x00007ffd5dc87000 	C:\Windows\SYSTEM32\WINMM.dll
0x00007ffd67f10000 - 0x00007ffd67f1a000 	C:\Windows\SYSTEM32\VERSION.dll
0x00007ffd72110000 - 0x00007ffd7217b000 	C:\Windows\System32\WS2_32.dll
0x00007ffd61dd0000 - 0x00007ffd61ddf000 	C:\Program Files\Android\Android Studio\jre\jre\bin\verify.dll
0x00007ffd4e3a0000 - 0x00007ffd4e3c9000 	C:\Program Files\Android\Android Studio\jre\jre\bin\java.dll
0x00007ffd60c20000 - 0x00007ffd60c36000 	C:\Program Files\Android\Android Studio\jre\jre\bin\zip.dll
0x00007ffd715b0000 - 0x00007ffd71cf3000 	C:\Windows\System32\SHELL32.dll
0x00007ffd6ea70000 - 0x00007ffd6f1ff000 	C:\Windows\SYSTEM32\windows.storage.dll
0x00007ffd72320000 - 0x00007ffd72676000 	C:\Windows\System32\combase.dll
0x00007ffd70370000 - 0x00007ffd7039c000 	C:\Windows\SYSTEM32\Wldp.dll
0x00007ffd71f80000 - 0x00007ffd7202e000 	C:\Windows\System32\SHCORE.dll
0x00007ffd727b0000 - 0x00007ffd72805000 	C:\Windows\System32\shlwapi.dll
0x00007ffd70840000 - 0x00007ffd70866000 	C:\Windows\SYSTEM32\profapi.dll
0x00007ffd507f0000 - 0x00007ffd5080a000 	C:\Program Files\Android\Android Studio\jre\jre\bin\net.dll
0x00007ffd700f0000 - 0x00007ffd7015a000 	C:\Windows\system32\mswsock.dll
0x00007ffd4f250000 - 0x00007ffd4f263000 	C:\Program Files\Android\Android Studio\jre\jre\bin\nio.dll
0x00007ffd69e10000 - 0x00007ffd69e37000 	C:\Users\MOGA\.gradle\native\f6784746aeab05261644944871eae4fe03e0ef1612fff0a4a95f87b438bc6780\windows-amd64\native-platform.dll
0x00007ffd61dc0000 - 0x00007ffd61dcd000 	C:\Program Files\Android\Android Studio\jre\jre\bin\management.dll
0x00007ffd702d0000 - 0x00007ffd702e8000 	C:\Windows\SYSTEM32\CRYPTSP.dll
0x00007ffd6fa20000 - 0x00007ffd6fa54000 	C:\Windows\system32\rsaenh.dll
0x00007ffd70af0000 - 0x00007ffd70b17000 	C:\Windows\System32\bcrypt.dll
0x00007ffd707c0000 - 0x00007ffd707ee000 	C:\Windows\SYSTEM32\USERENV.dll
0x00007ffd710a0000 - 0x00007ffd71120000 	C:\Windows\System32\bcryptprimitives.dll
0x00007ffd702c0000 - 0x00007ffd702cc000 	C:\Windows\SYSTEM32\CRYPTBASE.dll
0x00007ffd6fd90000 - 0x00007ffd6fdcb000 	C:\Windows\SYSTEM32\IPHLPAPI.DLL
0x00007ffd71230000 - 0x00007ffd71238000 	C:\Windows\System32\NSI.dll
0x00007ffd65830000 - 0x00007ffd65847000 	C:\Windows\SYSTEM32\dhcpcsvc6.DLL
0x00007ffd65750000 - 0x00007ffd6576d000 	C:\Windows\SYSTEM32\dhcpcsvc.DLL
0x00007ffd6fdd0000 - 0x00007ffd6fe9b000 	C:\Windows\SYSTEM32\DNSAPI.dll
0x00007ffd67f00000 - 0x00007ffd67f0b000 	C:\Windows\SYSTEM32\WINNSI.DLL

VM Arguments:
jvm_args: -Xmx2048m -Dfile.encoding=UTF-8 -Duser.country=US -Duser.language=en -Duser.variant 
java_command: org.gradle.launcher.daemon.bootstrap.GradleDaemon 6.5
java_class_path (initial): C:\Users\MOGA\.gradle\wrapper\dists\gradle-6.5-all\2oz4ud9k3tuxjg84bbf55q0tn\gradle-6.5\lib\gradle-launcher-6.5.jar
Launcher Type: SUN_STANDARD

Environment Variables:
PATH=C:\Program Files (x86)\Common Files\Oracle\Java\javapath;C:\Windows\system32;C:\Windows;C:\Windows\System32\Wbem;C:\Windows\System32\WindowsPowerShell\v1.0\;C:\Windows\System32\OpenSSH\;C:\Program Files (x86)\NVIDIA Corporation\PhysX\Common;C:\Program Files\NVIDIA Corporation\NVIDIA NvDLISR;C:\Program Files\Git\cmd;C:\Users\MOGA\AppData\Local\Microsoft\WindowsApps;
USERNAME=MOGA
OS=Windows_NT
PROCESSOR_IDENTIFIER=Intel64 Family 6 Model 158 Stepping 10, GenuineIntel



---------------  S Y S T E M  ---------------

OS: Windows 10.0 , 64 bit Build 19041 (10.0.19041.662)

CPU:total 12 (initial active 12) (6 cores per cpu, 2 threads per core) family 6 model 158 stepping 10, cmov, cx8, fxsr, mmx, sse, sse2, sse3, ssse3, sse4.1, sse4.2, popcnt, avx, avx2, aes, clmul, erms, 3dnowpref, lzcnt, ht, tsc, tscinvbit, bmi1, bmi2, adx

Memory: 4k page, physical 8264944k(668548k free), swap 14556400k(5136k free)

vm_info: OpenJDK 64-Bit Server VM (25.242-b01) for windows-amd64 JRE (1.8.0_242-release-1644-b01), built by "builder" with MS VC++ 10.0 (VS2010)

time: Tue Jan 26 18:43:01 2021
timezone: Egypt Standard Time
elapsed time: 1 seconds (0d 0h 0m 1s)

