#
# There is insufficient memory for the Java Runtime Environment to continue.
# Native memory allocation (malloc) failed to allocate 803216 bytes for Chunk::new
# Possible reasons:
#   The system is out of physical RAM or swap space
#   The process is running with CompressedOops enabled, and the Java Heap may be blocking the growth of the native heap
# Possible solutions:
#   Reduce memory load on the system
#   Increase physical memory or swap space
#   Check if swap backing store is full
#   Decrease Java heap size (-Xmx/-Xms)
#   Decrease number of Java threads
#   Decrease Java thread stack sizes (-Xss)
#   Set larger code cache with -XX:ReservedCodeCacheSize=
#   JVM is running with Unscaled Compressed Oops mode in which the Java heap is
#     placed in the first 4GB address space. The Java Heap base address is the
#     maximum limit for the native heap growth. Please use -XX:HeapBaseMinAddress
#     to set the Java Heap base and to place the Java Heap above 4GB virtual address.
# This output file may be truncated or incomplete.
#
#  Out of Memory Error (allocation.cpp:389), pid=5112, tid=0x0000000000001388
#
# JRE version: OpenJDK Runtime Environment (8.0_242-b01) (build 1.8.0_242-release-1644-b01)
# Java VM: OpenJDK 64-Bit Server VM (25.242-b01 mixed mode windows-amd64 compressed oops)
# Failed to write core dump. Minidumps are not enabled by default on client versions of Windows
#

---------------  T H R E A D  ---------------

Current thread (0x00000000196a1000):  JavaThread "C2 CompilerThread2" daemon [_thread_in_native, id=5000, stack(0x000000001aef0000,0x000000001aff0000)]

Stack: [0x000000001aef0000,0x000000001aff0000]
[error occurred during error reporting (printing stack bounds), id 0xc0000005]

Native frames: (J=compiled Java code, j=interpreted, Vv=VM code, C=native code)


Current CompileTask:
C2:   4338 4219   !   4       sun.misc.Resource::getBytes (242 bytes)


---------------  P R O C E S S  ---------------

Java Threads: ( => current thread )
  0x0000000020c4e000 JavaThread "Cache worker for Build Output Cleanup Cache (C:\Users\MOGA\Desktop\Android_studio_kotlin\Hamakifinal\.gradle\buildOutputCleanup)" [_thread_blocked, id=11408, stack(0x00000000274d0000,0x00000000275d0000)]
  0x0000000020c52000 JavaThread "jar transforms Thread 114" [_thread_blocked, id=7956, stack(0x000000002ce20000,0x000000002cf20000)]
  0x0000000020c53800 JavaThread "jar transforms Thread 113" [_thread_blocked, id=6140, stack(0x000000002cd20000,0x000000002ce20000)]
  0x0000000020c4d800 JavaThread "jar transforms Thread 112" [_thread_blocked, id=796, stack(0x000000002cc20000,0x000000002cd20000)]
  0x0000000023cb8000 JavaThread "jar transforms Thread 111" [_thread_blocked, id=1880, stack(0x000000002cb20000,0x000000002cc20000)]
  0x0000000023cb8800 JavaThread "jar transforms Thread 110" [_thread_blocked, id=1188, stack(0x000000002ca20000,0x000000002cb20000)]
  0x0000000023cb5800 JavaThread "jar transforms Thread 109" [_thread_blocked, id=14484, stack(0x000000002c920000,0x000000002ca20000)]
  0x0000000023cb5000 JavaThread "jar transforms Thread 108" [_thread_blocked, id=6692, stack(0x000000002c820000,0x000000002c920000)]
  0x0000000023cb6800 JavaThread "jar transforms Thread 107" [_thread_blocked, id=9032, stack(0x000000002c720000,0x000000002c820000)]
  0x0000000023cb1000 JavaThread "jar transforms Thread 106" [_thread_blocked, id=13612, stack(0x000000002c620000,0x000000002c720000)]
  0x0000000023cb4000 JavaThread "jar transforms Thread 105" [_thread_blocked, id=1940, stack(0x000000002c520000,0x000000002c620000)]
  0x0000000023cb3800 JavaThread "jar transforms Thread 104" [_thread_blocked, id=13848, stack(0x000000002c420000,0x000000002c520000)]
  0x0000000023cb2800 JavaThread "jar transforms Thread 103" [_thread_blocked, id=9300, stack(0x000000002c320000,0x000000002c420000)]
  0x0000000023cb2000 JavaThread "jar transforms Thread 102" [_thread_blocked, id=14380, stack(0x000000002c220000,0x000000002c320000)]
  0x0000000023cb7000 JavaThread "jar transforms Thread 101" [_thread_blocked, id=2988, stack(0x000000002c120000,0x000000002c220000)]
  0x0000000023cab000 JavaThread "jar transforms Thread 100" [_thread_blocked, id=11632, stack(0x000000002c020000,0x000000002c120000)]
  0x0000000023cae000 JavaThread "jar transforms Thread 99" [_thread_blocked, id=7292, stack(0x000000002bf20000,0x000000002c020000)]
  0x0000000023caa000 JavaThread "jar transforms Thread 98" [_thread_blocked, id=8188, stack(0x000000002be20000,0x000000002bf20000)]
  0x0000000023cb0800 JavaThread "jar transforms Thread 97" [_thread_blocked, id=14096, stack(0x000000002bd20000,0x000000002be20000)]
  0x0000000023cab800 JavaThread "jar transforms Thread 96" [_thread_blocked, id=8084, stack(0x000000002bc20000,0x000000002bd20000)]
  0x0000000023cac800 JavaThread "jar transforms Thread 95" [_thread_blocked, id=4028, stack(0x000000002bb20000,0x000000002bc20000)]
  0x0000000023caf800 JavaThread "jar transforms Thread 94" [_thread_blocked, id=1580, stack(0x000000002ba20000,0x000000002bb20000)]
  0x0000000023ca9800 JavaThread "jar transforms Thread 93" [_thread_blocked, id=9280, stack(0x000000002b920000,0x000000002ba20000)]
  0x0000000023caf000 JavaThread "jar transforms Thread 92" [_thread_blocked, id=12468, stack(0x000000002b820000,0x000000002b920000)]
  0x0000000023cad000 JavaThread "jar transforms Thread 91" [_thread_blocked, id=8404, stack(0x000000002b720000,0x000000002b820000)]
  0x000000001d271800 JavaThread "jar transforms Thread 90" [_thread_blocked, id=9984, stack(0x000000002b620000,0x000000002b720000)]
  0x000000001d273800 JavaThread "jar transforms Thread 89" [_thread_blocked, id=6600, stack(0x000000002b520000,0x000000002b620000)]
  0x000000001d277800 JavaThread "jar transforms Thread 88" [_thread_blocked, id=8600, stack(0x000000002b420000,0x000000002b520000)]
  0x000000001d273000 JavaThread "jar transforms Thread 87" [_thread_blocked, id=1984, stack(0x000000002b320000,0x000000002b420000)]
  0x000000001d276800 JavaThread "jar transforms Thread 86" [_thread_blocked, id=13248, stack(0x000000002b220000,0x000000002b320000)]
  0x000000001d275000 JavaThread "jar transforms Thread 85" [_thread_blocked, id=3220, stack(0x000000002b120000,0x000000002b220000)]
  0x000000001d270800 JavaThread "jar transforms Thread 84" [_thread_blocked, id=612, stack(0x000000002b020000,0x000000002b120000)]
  0x000000001d276000 JavaThread "jar transforms Thread 83" [_thread_blocked, id=11852, stack(0x000000002af20000,0x000000002b020000)]
  0x000000001d272000 JavaThread "jar transforms Thread 82" [_thread_blocked, id=13292, stack(0x000000002ae20000,0x000000002af20000)]
  0x000000001d274800 JavaThread "jar transforms Thread 81" [_thread_blocked, id=4136, stack(0x000000002ad20000,0x000000002ae20000)]
  0x000000001d269000 JavaThread "jar transforms Thread 80" [_thread_blocked, id=2096, stack(0x000000002ac20000,0x000000002ad20000)]
  0x000000001d270000 JavaThread "jar transforms Thread 79" [_thread_blocked, id=4448, stack(0x000000002ab20000,0x000000002ac20000)]
  0x000000001d26f000 JavaThread "jar transforms Thread 78" [_thread_blocked, id=8652, stack(0x000000002aa20000,0x000000002ab20000)]
  0x000000001d26a800 JavaThread "jar transforms Thread 77" [_thread_blocked, id=1468, stack(0x000000002a920000,0x000000002aa20000)]
  0x000000001d26d800 JavaThread "jar transforms Thread 76" [_thread_blocked, id=14396, stack(0x000000002a820000,0x000000002a920000)]
  0x000000001d26e800 JavaThread "jar transforms Thread 75" [_thread_blocked, id=11312, stack(0x000000002a720000,0x000000002a820000)]
  0x000000001d26d000 JavaThread "jar transforms Thread 74" [_thread_blocked, id=12200, stack(0x000000002a620000,0x000000002a720000)]
  0x000000001d26b800 JavaThread "jar transforms Thread 73" [_thread_blocked, id=1936, stack(0x000000002a520000,0x000000002a620000)]
  0x000000001d268800 JavaThread "jar transforms Thread 72" [_thread_blocked, id=9004, stack(0x000000002a420000,0x000000002a520000)]
  0x000000001d26c000 JavaThread "jar transforms Thread 71" [_thread_blocked, id=1836, stack(0x000000002a320000,0x000000002a420000)]
  0x000000001d26a000 JavaThread "jar transforms Thread 70" [_thread_blocked, id=9360, stack(0x000000002a220000,0x000000002a320000)]
  0x000000001d5ca800 JavaThread "jar transforms Thread 69" [_thread_blocked, id=5556, stack(0x000000002a120000,0x000000002a220000)]
  0x000000001d5ca000 JavaThread "jar transforms Thread 68" [_thread_blocked, id=7628, stack(0x000000002a020000,0x000000002a120000)]
  0x000000001d5c8800 JavaThread "jar transforms Thread 67" [_thread_blocked, id=6416, stack(0x0000000029f20000,0x000000002a020000)]
  0x000000001d5cb800 JavaThread "jar transforms Thread 66" [_thread_blocked, id=12720, stack(0x0000000029e20000,0x0000000029f20000)]
  0x000000001d5c7000 JavaThread "jar transforms Thread 65" [_thread_blocked, id=6824, stack(0x0000000029d20000,0x0000000029e20000)]
  0x000000001d5c7800 JavaThread "jar transforms Thread 64" [_thread_blocked, id=11244, stack(0x0000000029c20000,0x0000000029d20000)]
  0x000000001d5c6000 JavaThread "jar transforms Thread 63" [_thread_blocked, id=9144, stack(0x0000000029b20000,0x0000000029c20000)]
  0x000000001d5c9000 JavaThread "jar transforms Thread 62" [_thread_blocked, id=8560, stack(0x0000000029a20000,0x0000000029b20000)]
  0x000000001d5be800 JavaThread "jar transforms Thread 61" [_thread_blocked, id=9068, stack(0x0000000029920000,0x0000000029a20000)]
  0x000000001d5c5800 JavaThread "jar transforms Thread 60" [_thread_blocked, id=9108, stack(0x0000000029820000,0x0000000029920000)]
  0x000000001d5c4800 JavaThread "jar transforms Thread 59" [_thread_blocked, id=5472, stack(0x0000000029720000,0x0000000029820000)]
  0x000000001d5c1800 JavaThread "jar transforms Thread 58" [_thread_blocked, id=7500, stack(0x0000000029620000,0x0000000029720000)]
  0x000000001d5c4000 JavaThread "jar transforms Thread 57" [_thread_blocked, id=9644, stack(0x0000000029520000,0x0000000029620000)]
  0x000000001d5c1000 JavaThread "jar transforms Thread 56" [_thread_blocked, id=4652, stack(0x0000000029420000,0x0000000029520000)]
  0x000000001d5bc800 JavaThread "jar transforms Thread 55" [_thread_blocked, id=12552, stack(0x0000000029320000,0x0000000029420000)]
  0x000000001d5c2800 JavaThread "jar transforms Thread 54" [_thread_blocked, id=688, stack(0x0000000029220000,0x0000000029320000)]
  0x000000001d5c3000 JavaThread "jar transforms Thread 53" [_thread_blocked, id=11932, stack(0x0000000029120000,0x0000000029220000)]
  0x000000001d5be000 JavaThread "jar transforms Thread 52" [_thread_blocked, id=14120, stack(0x0000000029020000,0x0000000029120000)]
  0x000000001d5bd000 JavaThread "jar transforms Thread 51" [_thread_blocked, id=7800, stack(0x0000000028f20000,0x0000000029020000)]
  0x000000001d5bf800 JavaThread "jar transforms Thread 50" [_thread_blocked, id=6420, stack(0x0000000028e20000,0x0000000028f20000)]
  0x000000001d5c0000 JavaThread "jar transforms Thread 49" [_thread_blocked, id=10588, stack(0x0000000028d20000,0x0000000028e20000)]
  0x000000001d5bb800 JavaThread "jar transforms Thread 48" [_thread_blocked, id=7460, stack(0x0000000028c20000,0x0000000028d20000)]
  0x000000001d5ba800 JavaThread "jar transforms Thread 47" [_thread_blocked, id=2276, stack(0x0000000028b20000,0x0000000028c20000)]
  0x000000001d5b3000 JavaThread "jar transforms Thread 46" [_thread_blocked, id=8644, stack(0x0000000028a20000,0x0000000028b20000)]
  0x000000001d5ba000 JavaThread "jar transforms Thread 45" [_thread_blocked, id=12320, stack(0x0000000028920000,0x0000000028a20000)]
  0x000000001d5b9000 JavaThread "jar transforms Thread 44" [_thread_blocked, id=11672, stack(0x0000000028820000,0x0000000028920000)]
  0x000000001d5b6000 JavaThread "jar transforms Thread 43" [_thread_blocked, id=8820, stack(0x0000000028720000,0x0000000028820000)]
  0x000000001d5b1800 JavaThread "jar transforms Thread 42" [_thread_blocked, id=8528, stack(0x0000000028620000,0x0000000028720000)]
  0x000000001d5b7800 JavaThread "jar transforms Thread 41" [_thread_blocked, id=8716, stack(0x0000000028520000,0x0000000028620000)]
  0x000000001d5b8800 JavaThread "jar transforms Thread 40" [_thread_blocked, id=9156, stack(0x0000000028420000,0x0000000028520000)]
  0x000000001d5b4000 JavaThread "jar transforms Thread 39" [_thread_blocked, id=13688, stack(0x0000000028320000,0x0000000028420000)]
  0x000000001d5b7000 JavaThread "jar transforms Thread 38" [_thread_blocked, id=5080, stack(0x0000000028220000,0x0000000028320000)]
  0x000000001d5b5800 JavaThread "jar transforms Thread 37" [_thread_blocked, id=4988, stack(0x0000000028120000,0x0000000028220000)]
  0x000000001d5b4800 JavaThread "jar transforms Thread 36" [_thread_blocked, id=3312, stack(0x0000000028020000,0x0000000028120000)]
  0x000000001d5ae000 JavaThread "jar transforms Thread 35" [_thread_blocked, id=3108, stack(0x0000000027f20000,0x0000000028020000)]
  0x000000001d5b2800 JavaThread "jar transforms Thread 34" [_thread_blocked, id=8680, stack(0x0000000027e20000,0x0000000027f20000)]
  0x000000001d5ac800 JavaThread "jar transforms Thread 33" [_thread_blocked, id=14704, stack(0x0000000027d20000,0x0000000027e20000)]
  0x000000001d5ad000 JavaThread "jar transforms Thread 32" [_thread_blocked, id=8660, stack(0x0000000027c20000,0x0000000027d20000)]
  0x000000001d5ae800 JavaThread "jar transforms Thread 31" [_thread_blocked, id=11484, stack(0x0000000027b20000,0x0000000027c20000)]
  0x000000001d5af800 JavaThread "jar transforms Thread 30" [_thread_blocked, id=8800, stack(0x0000000027a20000,0x0000000027b20000)]
  0x000000001d5b1000 JavaThread "jar transforms Thread 29" [_thread_blocked, id=5944, stack(0x0000000027920000,0x0000000027a20000)]
  0x000000001d5b0000 JavaThread "jar transforms Thread 28" [_thread_blocked, id=504, stack(0x0000000027820000,0x0000000027920000)]
  0x0000000023d96800 JavaThread "jar transforms Thread 27" [_thread_blocked, id=15296, stack(0x00000000273d0000,0x00000000274d0000)]
  0x0000000023d96000 JavaThread "jar transforms Thread 26" [_thread_blocked, id=6696, stack(0x00000000272d0000,0x00000000273d0000)]
  0x0000000023d95000 JavaThread "jar transforms Thread 25" [_thread_blocked, id=5644, stack(0x00000000271d0000,0x00000000272d0000)]
  0x0000000023d94800 JavaThread "jar transforms Thread 24" [_thread_blocked, id=3028, stack(0x00000000270d0000,0x00000000271d0000)]
  0x0000000023d93800 JavaThread "jar transforms Thread 23" [_thread_blocked, id=8336, stack(0x0000000026fd0000,0x00000000270d0000)]
  0x0000000023d93000 JavaThread "jar transforms Thread 22" [_thread_blocked, id=8424, stack(0x0000000026ed0000,0x0000000026fd0000)]
  0x0000000023d92000 JavaThread "jar transforms Thread 21" [_thread_blocked, id=14164, stack(0x0000000026dd0000,0x0000000026ed0000)]
  0x0000000023d8a800 JavaThread "jar transforms Thread 20" [_thread_blocked, id=9508, stack(0x0000000026cd0000,0x0000000026dd0000)]
  0x0000000023d8b800 JavaThread "jar transforms Thread 19" [_thread_blocked, id=8004, stack(0x0000000026bd0000,0x0000000026cd0000)]
  0x0000000023d91800 JavaThread "jar transforms Thread 18" [_thread_blocked, id=13304, stack(0x0000000026ad0000,0x0000000026bd0000)]
  0x0000000023d8a000 JavaThread "jar transforms Thread 17" [_thread_blocked, id=12684, stack(0x00000000269d0000,0x0000000026ad0000)]
  0x0000000023d90800 JavaThread "jar transforms Thread 16" [_thread_blocked, id=7700, stack(0x00000000268d0000,0x00000000269d0000)]
  0x0000000023d8e800 JavaThread "jar transforms Thread 15" [_thread_blocked, id=15092, stack(0x00000000267d0000,0x00000000268d0000)]
  0x0000000023d8f000 JavaThread "jar transforms Thread 14" [_thread_blocked, id=7692, stack(0x00000000266d0000,0x00000000267d0000)]
  0x0000000023d90000 JavaThread "jar transforms Thread 13" [_thread_blocked, id=12912, stack(0x00000000265d0000,0x00000000266d0000)]
  0x0000000023d89000 JavaThread "jar transforms Thread 12" [_thread_blocked, id=8332, stack(0x00000000264d0000,0x00000000265d0000)]
  0x0000000023d8d000 JavaThread "jar transforms Thread 11" [_thread_blocked, id=812, stack(0x00000000263d0000,0x00000000264d0000)]
  0x0000000023d88800 JavaThread "jar transforms Thread 10" [_thread_blocked, id=3364, stack(0x00000000262d0000,0x00000000263d0000)]
  0x0000000023d87800 JavaThread "jar transforms Thread 9" [_thread_blocked, id=11744, stack(0x00000000261d0000,0x00000000262d0000)]
  0x0000000023d8c000 JavaThread "jar transforms Thread 8" [_thread_blocked, id=2620, stack(0x00000000260d0000,0x00000000261d0000)]
  0x0000000023d8d800 JavaThread "jar transforms Thread 7" [_thread_blocked, id=6520, stack(0x0000000025fd0000,0x00000000260d0000)]
  0x0000000022417800 JavaThread "jar transforms Thread 6" [_thread_blocked, id=6844, stack(0x0000000025ed0000,0x0000000025fd0000)]
  0x0000000022415800 JavaThread "jar transforms Thread 5" [_thread_blocked, id=5152, stack(0x0000000025dd0000,0x0000000025ed0000)]
  0x0000000022414800 JavaThread "jar transforms Thread 4" [_thread_blocked, id=5252, stack(0x0000000025cd0000,0x0000000025dd0000)]
  0x0000000022413000 JavaThread "jar transforms Thread 3" [_thread_blocked, id=13296, stack(0x0000000025bd0000,0x0000000025cd0000)]
  0x000000002241a000 JavaThread "jar transforms Thread 2" [_thread_blocked, id=14400, stack(0x0000000025ad0000,0x0000000025bd0000)]
  0x0000000022414000 JavaThread "Build operations Thread 12" [_thread_blocked, id=1764, stack(0x00000000259d0000,0x0000000025ad0000)]
  0x0000000022419000 JavaThread "Build operations Thread 11" [_thread_blocked, id=4688, stack(0x00000000258d0000,0x00000000259d0000)]
  0x0000000022416000 JavaThread "Build operations Thread 10" [_thread_blocked, id=9328, stack(0x00000000257d0000,0x00000000258d0000)]
  0x0000000022417000 JavaThread "Build operations Thread 9" [_thread_blocked, id=1020, stack(0x00000000256d0000,0x00000000257d0000)]
  0x0000000022418800 JavaThread "Build operations Thread 8" [_thread_blocked, id=9660, stack(0x00000000255d0000,0x00000000256d0000)]
  0x000000002240b800 JavaThread "Build operations Thread 7" [_thread_blocked, id=10460, stack(0x00000000254d0000,0x00000000255d0000)]
  0x000000002240c800 JavaThread "Build operations Thread 6" [_thread_blocked, id=2248, stack(0x00000000252d0000,0x00000000253d0000)]
  0x0000000022411000 JavaThread "Build operations Thread 5" [_thread_blocked, id=8064, stack(0x00000000251d0000,0x00000000252d0000)]
  0x0000000022412800 JavaThread "Build operations Thread 4" [_thread_blocked, id=11268, stack(0x00000000250d0000,0x00000000251d0000)]
  0x000000002240e000 JavaThread "Build operations Thread 3" [_thread_blocked, id=14364, stack(0x0000000024fd0000,0x00000000250d0000)]
  0x0000000022410000 JavaThread "Build operations Thread 2" [_thread_blocked, id=11208, stack(0x0000000024ed0000,0x0000000024fd0000)]
  0x000000002240b000 JavaThread "Build operations" [_thread_blocked, id=14548, stack(0x0000000024dd0000,0x0000000024ed0000)]
  0x000000001cf9f800 JavaThread "Cache worker for file content cache (C:\Users\MOGA\.gradle\caches\6.5\fileContent)" [_thread_blocked, id=3252, stack(0x0000000023700000,0x0000000023800000)]
  0x000000001cf9c800 JavaThread "jar transforms" [_thread_blocked, id=14044, stack(0x0000000023600000,0x0000000023700000)]
  0x000000001cf9e000 JavaThread "Cache worker for execution history cache (C:\Users\MOGA\.gradle\caches\6.5\executionHistory)" [_thread_blocked, id=4020, stack(0x0000000022f00000,0x0000000023000000)]
  0x000000001cf9b800 JavaThread "Cache worker for cache directory md-rule (C:\Users\MOGA\.gradle\caches\6.5\md-rule)" [_thread_blocked, id=9220, stack(0x0000000022e00000,0x0000000022f00000)]
  0x000000001cf9b000 JavaThread "Cache worker for cache directory md-supplier (C:\Users\MOGA\.gradle\caches\6.5\md-supplier)" [_thread_blocked, id=11260, stack(0x0000000022d00000,0x0000000022e00000)]
  0x000000001cf9a000 JavaThread "Cache worker for checksums cache (C:\Users\MOGA\Desktop\Android_studio_kotlin\Hamakifinal\.gradle\checksums)" [_thread_blocked, id=2608, stack(0x0000000022c00000,0x0000000022d00000)]
  0x000000001cf99800 JavaThread "Cache worker for file hash cache (C:\Users\MOGA\Desktop\Android_studio_kotlin\Hamakifinal\.gradle\6.5\fileHashes)" [_thread_blocked, id=10076, stack(0x0000000021860000,0x0000000021960000)]
  0x000000001cf98800 JavaThread "Cache worker for file hash cache (C:\Users\MOGA\.gradle\caches\6.5\fileHashes)" [_thread_blocked, id=12816, stack(0x000000001f310000,0x000000001f410000)]
  0x000000001cf9e800 JavaThread "File lock request listener" [_thread_in_native, id=6668, stack(0x000000001f210000,0x000000001f310000)]
  0x000000001cfa6800 JavaThread "Cache worker for journal cache (C:\Users\MOGA\.gradle\caches\journal-1)" [_thread_blocked, id=12000, stack(0x000000001f110000,0x000000001f210000)]
  0x000000001cf02800 JavaThread "Thread-9" [_thread_blocked, id=14848, stack(0x000000001ee10000,0x000000001ef10000)]
  0x000000001cf00800 JavaThread "Stdin handler" [_thread_blocked, id=9288, stack(0x000000001ed10000,0x000000001ee10000)]
  0x000000001cefe000 JavaThread "Asynchronous log dispatcher for DefaultDaemonConnection: socket connection from /127.0.0.1:61844 to /127.0.0.1:61845" [_thread_blocked, id=5208, stack(0x000000001ec10000,0x000000001ed10000)]
  0x000000001cef2000 JavaThread "Daemon worker" [_thread_in_vm, id=8756, stack(0x000000001eb10000,0x000000001ec10000)]
  0x000000001cef1800 JavaThread "Cancel handler" [_thread_blocked, id=9016, stack(0x000000001ea10000,0x000000001eb10000)]
  0x000000001cec1000 JavaThread "Handler for socket connection from /127.0.0.1:61844 to /127.0.0.1:61845" [_thread_in_native, id=14816, stack(0x000000001e910000,0x000000001ea10000)]
  0x000000001cee9800 JavaThread "Daemon" [_thread_blocked, id=9052, stack(0x000000001e610000,0x000000001e710000)]
  0x000000001cd4d800 JavaThread "Daemon periodic checks" [_thread_blocked, id=15060, stack(0x000000001e510000,0x000000001e610000)]
  0x000000001ce5a800 JavaThread "Incoming local TCP Connector on port 61844" [_thread_in_native, id=12156, stack(0x000000001e2d0000,0x000000001e3d0000)]
  0x000000001cda7800 JavaThread "Daemon health stats" [_thread_blocked, id=7512, stack(0x000000001dc90000,0x000000001dd90000)]
  0x0000000019729000 JavaThread "Service Thread" daemon [_thread_blocked, id=3852, stack(0x000000001b0f0000,0x000000001b1f0000)]
  0x00000000196a2000 JavaThread "C1 CompilerThread3" daemon [_thread_blocked, id=14232, stack(0x000000001aff0000,0x000000001b0f0000)]
=>0x00000000196a1000 JavaThread "C2 CompilerThread2" daemon [_thread_in_native, id=5000, stack(0x000000001aef0000,0x000000001aff0000)]
  0x000000001969c000 JavaThread "C2 CompilerThread1" daemon [_thread_in_native, id=7924, stack(0x000000001adf0000,0x000000001aef0000)]
  0x0000000019693800 JavaThread "C2 CompilerThread0" daemon [_thread_in_native, id=2860, stack(0x000000001acf0000,0x000000001adf0000)]
  0x0000000019691800 JavaThread "Attach Listener" daemon [_thread_blocked, id=10952, stack(0x000000001abf0000,0x000000001acf0000)]
  0x0000000019690000 JavaThread "Signal Dispatcher" daemon [_thread_blocked, id=13584, stack(0x000000001aaf0000,0x000000001abf0000)]
  0x0000000017fa2000 JavaThread "Finalizer" daemon [_thread_blocked, id=2188, stack(0x000000001a8f0000,0x000000001a9f0000)]
  0x0000000019683000 JavaThread "Reference Handler" daemon [_thread_blocked, id=2880, stack(0x000000001a7f0000,0x000000001a8f0000)]
  0x0000000002b0d800 JavaThread "main" [_thread_blocked, id=9664, stack(0x0000000002b30000,0x0000000002c30000)]

Other Threads:
  0x0000000019662800 VMThread [stack: 0x000000001a6f0000,0x000000001a7f0000] [id=3688]
  0x000000001972a000 WatcherThread [stack: 0x000000001b1f0000,0x000000001b2f0000] [id=7520]

VM state:not at safepoint (normal execution)

VM Mutex/Monitor currently owned by a thread: None

heap address: 0x0000000080000000, size: 2048 MB, Compressed Oops mode: 32-bit
Narrow klass base: 0x0000000000000000, Narrow klass shift: 3
Compressed class space size: 1073741824 Address: 0x0000000100000000

Heap:
 PSYoungGen      total 239104K, used 50510K [0x00000000d5580000, 0x00000000e7280000, 0x0000000100000000)
  eden space 226304K, 16% used [0x00000000d5580000,0x00000000d7a56928,0x00000000e3280000)
  from space 12800K, 99% used [0x00000000e6600000,0x00000000e727cf60,0x00000000e7280000)
  to   space 16384K, 0% used [0x00000000e5280000,0x00000000e5280000,0x00000000e6280000)
 ParOldGen       total 81920K, used 19258K [0x0000000080000000, 0x0000000085000000, 0x00000000d5580000)
  object space 81920K, 23% used [0x0000000080000000,0x00000000812ce908,0x0000000085000000)
 Metaspace       used 47156K, capacity 49204K, committed 49320K, reserved 1091584K
  class space    used 6376K, capacity 6752K, committed 6832K, reserved 1048576K

Card table byte_map: [0x00000000120f0000,0x0000000012500000] byte_map_base: 0x0000000011cf0000

Marking Bits: (ParMarkBitMap*) 0x000000005188f030
 Begin Bits: [0x00000000131b0000, 0x00000000151b0000)
 End Bits:   [0x00000000151b0000, 0x00000000171b0000)

Polling page: 0x00000000011e0000

CodeCache: size=245760Kb used=14856Kb max_used=14856Kb free=230903Kb
 bounds [0x0000000002d30000, 0x0000000003bc0000, 0x0000000011d30000]
 total_blobs=5011 nmethods=4269 adapters=655
 compilation: enabled

Compilation events (10 events):
Event: 4.315 Thread 0x0000000019693800 nmethod 4267 0x0000000003b95690 code [0x0000000003b957c0, 0x0000000003b95838]
Event: 4.315 Thread 0x0000000019693800 4268       4       sun.misc.URLClassPath$JarLoader$2::getCodeSigners (8 bytes)
Event: 4.320 Thread 0x00000000196a2000 4274       3       org.gradle.internal.instantiation.generator.AbstractClassGenerator::assembleProperties (239 bytes)
Event: 4.322 Thread 0x00000000196a2000 nmethod 4274 0x0000000003bb4850 code [0x0000000003bb4d60, 0x0000000003bb7ed8]
Event: 4.322 Thread 0x00000000196a2000 4277       3       sun.reflect.annotation.AnnotationParser::parseStringArray (85 bytes)
Event: 4.323 Thread 0x00000000196a2000 nmethod 4277 0x0000000003ba8110 code [0x0000000003ba8360, 0x0000000003ba91d8]
Event: 4.325 Thread 0x00000000196a2000 4278       3       org.objectweb.asm.AnnotationWriter::visitEnd (44 bytes)
Event: 4.325 Thread 0x00000000196a2000 nmethod 4278 0x0000000003ba7c90 code [0x0000000003ba7e00, 0x0000000003ba7ff0]
Event: 4.326 Thread 0x00000000196a2000 4279       1       java.util.WeakHashMap::indexFor (6 bytes)
Event: 4.327 Thread 0x00000000196a2000 nmethod 4279 0x0000000003ba7a10 code [0x0000000003ba7b60, 0x0000000003ba7c50]

GC Heap History (10 events):
Event: 2.050 GC heap before
{Heap before GC invocations=6 (full 1):
 PSYoungGen      total 138240K, used 5108K [0x00000000d5580000, 0x00000000e7280000, 0x0000000100000000)
  eden space 133120K, 0% used [0x00000000d5580000,0x00000000d5580000,0x00000000dd780000)
  from space 5120K, 99% used [0x00000000dd780000,0x00000000ddc7d040,0x00000000ddc80000)
  to   space 12800K, 0% used [0x00000000e6600000,0x00000000e6600000,0x00000000e7280000)
 ParOldGen       total 87552K, used 11040K [0x0000000080000000, 0x0000000085580000, 0x00000000d5580000)
  object space 87552K, 12% used [0x0000000080000000,0x0000000080ac8378,0x0000000085580000)
 Metaspace       used 20589K, capacity 21224K, committed 21296K, reserved 1067008K
  class space    used 2878K, capacity 3076K, committed 3120K, reserved 1048576K
Event: 2.088 GC heap after
Heap after GC invocations=6 (full 1):
 PSYoungGen      total 138240K, used 0K [0x00000000d5580000, 0x00000000e7280000, 0x0000000100000000)
  eden space 133120K, 0% used [0x00000000d5580000,0x00000000d5580000,0x00000000dd780000)
  from space 5120K, 0% used [0x00000000dd780000,0x00000000dd780000,0x00000000ddc80000)
  to   space 12800K, 0% used [0x00000000e6600000,0x00000000e6600000,0x00000000e7280000)
 ParOldGen       total 56320K, used 6862K [0x0000000080000000, 0x0000000083700000, 0x00000000d5580000)
  object space 56320K, 12% used [0x0000000080000000,0x00000000806b3910,0x0000000083700000)
 Metaspace       used 20589K, capacity 21224K, committed 21296K, reserved 1067008K
  class space    used 2878K, capacity 3076K, committed 3120K, reserved 1048576K
}
Event: 2.890 GC heap before
{Heap before GC invocations=7 (full 1):
 PSYoungGen      total 138240K, used 133120K [0x00000000d5580000, 0x00000000e7280000, 0x0000000100000000)
  eden space 133120K, 100% used [0x00000000d5580000,0x00000000dd780000,0x00000000dd780000)
  from space 5120K, 0% used [0x00000000dd780000,0x00000000dd780000,0x00000000ddc80000)
  to   space 12800K, 0% used [0x00000000e6600000,0x00000000e6600000,0x00000000e7280000)
 ParOldGen       total 56320K, used 6862K [0x0000000080000000, 0x0000000083700000, 0x00000000d5580000)
  object space 56320K, 12% used [0x0000000080000000,0x00000000806b3910,0x0000000083700000)
 Metaspace       used 32789K, capacity 33828K, committed 33968K, reserved 1079296K
  class space    used 4476K, capacity 4718K, committed 4784K, reserved 1048576K
Event: 2.900 GC heap after
Heap after GC invocations=7 (full 1):
 PSYoungGen      total 239104K, used 12774K [0x00000000d5580000, 0x00000000e7280000, 0x0000000100000000)
  eden space 226304K, 0% used [0x00000000d5580000,0x00000000d5580000,0x00000000e3280000)
  from space 12800K, 99% used [0x00000000e6600000,0x00000000e7279930,0x00000000e7280000)
  to   space 16384K, 0% used [0x00000000e5280000,0x00000000e5280000,0x00000000e6280000)
 ParOldGen       total 56320K, used 8710K [0x0000000080000000, 0x0000000083700000, 0x00000000d5580000)
  object space 56320K, 15% used [0x0000000080000000,0x0000000080881ba8,0x0000000083700000)
 Metaspace       used 32789K, capacity 33828K, committed 33968K, reserved 1079296K
  class space    used 4476K, capacity 4718K, committed 4784K, reserved 1048576K
}
Event: 3.064 GC heap before
{Heap before GC invocations=8 (full 1):
 PSYoungGen      total 239104K, used 44818K [0x00000000d5580000, 0x00000000e7280000, 0x0000000100000000)
  eden space 226304K, 14% used [0x00000000d5580000,0x00000000d74cb2c0,0x00000000e3280000)
  from space 12800K, 99% used [0x00000000e6600000,0x00000000e7279930,0x00000000e7280000)
  to   space 16384K, 0% used [0x00000000e5280000,0x00000000e5280000,0x00000000e6280000)
 ParOldGen       total 56320K, used 8710K [0x0000000080000000, 0x0000000083700000, 0x00000000d5580000)
  object space 56320K, 15% used [0x0000000080000000,0x0000000080881ba8,0x0000000083700000)
 Metaspace       used 34254K, capacity 35412K, committed 35496K, reserved 1079296K
  class space    used 4712K, capacity 5001K, committed 5040K, reserved 1048576K
Event: 3.072 GC heap after
Heap after GC invocations=8 (full 1):
 PSYoungGen      total 242688K, used 8810K [0x00000000d5580000, 0x00000000e7280000, 0x0000000100000000)
  eden space 226304K, 0% used [0x00000000d5580000,0x00000000d5580000,0x00000000e3280000)
  from space 16384K, 53% used [0x00000000e5280000,0x00000000e5b1a9c0,0x00000000e6280000)
  to   space 12800K, 0% used [0x00000000e6600000,0x00000000e6600000,0x00000000e7280000)
 ParOldGen       total 56320K, used 8718K [0x0000000080000000, 0x0000000083700000, 0x00000000d5580000)
  object space 56320K, 15% used [0x0000000080000000,0x0000000080883ba8,0x0000000083700000)
 Metaspace       used 34254K, capacity 35412K, committed 35496K, reserved 1079296K
  class space    used 4712K, capacity 5001K, committed 5040K, reserved 1048576K
}
Event: 3.072 GC heap before
{Heap before GC invocations=9 (full 2):
 PSYoungGen      total 242688K, used 8810K [0x00000000d5580000, 0x00000000e7280000, 0x0000000100000000)
  eden space 226304K, 0% used [0x00000000d5580000,0x00000000d5580000,0x00000000e3280000)
  from space 16384K, 53% used [0x00000000e5280000,0x00000000e5b1a9c0,0x00000000e6280000)
  to   space 12800K, 0% used [0x00000000e6600000,0x00000000e6600000,0x00000000e7280000)
 ParOldGen       total 56320K, used 8718K [0x0000000080000000, 0x0000000083700000, 0x00000000d5580000)
  object space 56320K, 15% used [0x0000000080000000,0x0000000080883ba8,0x0000000083700000)
 Metaspace       used 34254K, capacity 35412K, committed 35496K, reserved 1079296K
  class space    used 4712K, capacity 5001K, committed 5040K, reserved 1048576K
Event: 3.115 GC heap after
Heap after GC invocations=9 (full 2):
 PSYoungGen      total 242688K, used 0K [0x00000000d5580000, 0x00000000e7280000, 0x0000000100000000)
  eden space 226304K, 0% used [0x00000000d5580000,0x00000000d5580000,0x00000000e3280000)
  from space 16384K, 0% used [0x00000000e5280000,0x00000000e5280000,0x00000000e6280000)
  to   space 12800K, 0% used [0x00000000e6600000,0x00000000e6600000,0x00000000e7280000)
 ParOldGen       total 81920K, used 15370K [0x0000000080000000, 0x0000000085000000, 0x00000000d5580000)
  object space 81920K, 18% used [0x0000000080000000,0x0000000080f02988,0x0000000085000000)
 Metaspace       used 34254K, capacity 35412K, committed 35496K, reserved 1079296K
  class space    used 4712K, capacity 5001K, committed 5040K, reserved 1048576K
}
Event: 4.147 GC heap before
{Heap before GC invocations=10 (full 2):
 PSYoungGen      total 242688K, used 226304K [0x00000000d5580000, 0x00000000e7280000, 0x0000000100000000)
  eden space 226304K, 100% used [0x00000000d5580000,0x00000000e3280000,0x00000000e3280000)
  from space 16384K, 0% used [0x00000000e5280000,0x00000000e5280000,0x00000000e6280000)
  to   space 12800K, 0% used [0x00000000e6600000,0x00000000e6600000,0x00000000e7280000)
 ParOldGen       total 81920K, used 15370K [0x0000000080000000, 0x0000000085000000, 0x00000000d5580000)
  object space 81920K, 18% used [0x0000000080000000,0x0000000080f02988,0x0000000085000000)
 Metaspace       used 45476K, capacity 47412K, committed 47528K, reserved 1089536K
  class space    used 6154K, capacity 6512K, committed 6576K, reserved 1048576K
Event: 4.158 GC heap after
Heap after GC invocations=10 (full 2):
 PSYoungGen      total 239104K, used 12787K [0x00000000d5580000, 0x00000000e7280000, 0x0000000100000000)
  eden space 226304K, 0% used [0x00000000d5580000,0x00000000d5580000,0x00000000e3280000)
  from space 12800K, 99% used [0x00000000e6600000,0x00000000e727cf60,0x00000000e7280000)
  to   space 16384K, 0% used [0x00000000e5280000,0x00000000e5280000,0x00000000e6280000)
 ParOldGen       total 81920K, used 19258K [0x0000000080000000, 0x0000000085000000, 0x00000000d5580000)
  object space 81920K, 23% used [0x0000000080000000,0x00000000812ce908,0x0000000085000000)
 Metaspace       used 45476K, capacity 47412K, committed 47528K, reserved 1089536K
  class space    used 6154K, capacity 6512K, committed 6576K, reserved 1048576K
}

Deoptimization events (10 events):
Event: 4.120 Thread 0x000000001cef2000 Uncommon trap: reason=unstable_if action=reinterpret pc=0x00000000031ea97c method=java.lang.CharacterDataLatin1.isWhitespace(I)Z @ 14
Event: 4.144 Thread 0x000000001cef2000 Uncommon trap: reason=unstable_if action=reinterpret pc=0x000000000324fa70 method=java.util.jar.JarFile.maybeInstantiateVerifier()V @ 4
Event: 4.145 Thread 0x000000001cef2000 Uncommon trap: reason=unstable_if action=reinterpret pc=0x00000000032e1bac method=java.security.CodeSource.getCertificates()[Ljava/security/cert/Certificate; @ 22
Event: 4.146 Thread 0x000000001cef2000 Uncommon trap: reason=unstable_if action=reinterpret pc=0x0000000003aa496c method=java.util.jar.JarFile.maybeInstantiateVerifier()V @ 4
Event: 4.146 Thread 0x000000001cef2000 Uncommon trap: reason=unstable_if action=reinterpret pc=0x00000000037c6818 method=java.security.CodeSource.matchCerts(Ljava/security/CodeSource;Z)Z @ 11
Event: 4.171 Thread 0x000000001cef2000 Uncommon trap: reason=unstable_if action=reinterpret pc=0x00000000037285b8 method=java.util.LinkedHashMap.get(Ljava/lang/Object;)Ljava/lang/Object; @ 20
Event: 4.242 Thread 0x000000001cef2000 Uncommon trap: reason=bimorphic action=maybe_recompile pc=0x00000000039428f8 method=java.util.regex.Pattern$CharProperty.match(Ljava/util/regex/Matcher;ILjava/lang/CharSequence;)Z @ 18
Event: 4.242 Thread 0x000000001cef2000 Uncommon trap: reason=bimorphic action=maybe_recompile pc=0x00000000039428f8 method=java.util.regex.Pattern$CharProperty.match(Ljava/util/regex/Matcher;ILjava/lang/CharSequence;)Z @ 18
Event: 4.242 Thread 0x000000001cef2000 Uncommon trap: reason=bimorphic action=maybe_recompile pc=0x00000000039428f8 method=java.util.regex.Pattern$CharProperty.match(Ljava/util/regex/Matcher;ILjava/lang/CharSequence;)Z @ 18
Event: 4.251 Thread 0x000000001cef2000 Uncommon trap: reason=bimorphic action=maybe_recompile pc=0x00000000039428f8 method=java.util.regex.Pattern$CharProperty.match(Ljava/util/regex/Matcher;ILjava/lang/CharSequence;)Z @ 18

Classes redefined (0 events):
No events

Internal exceptions (10 events):
Event: 3.550 Thread 0x000000001cf02800 Exception <a 'java/lang/NoSuchMethodError': <clinit>> (0x00000000d85b7398) thrown at [C:\src\AOSP-openjdk-git\hotspot\src\share\vm\prims\jni.cpp, line 1615]
Event: 3.550 Thread 0x000000001cf02800 Exception <a 'java/lang/NoSuchMethodError': <clinit>> (0x00000000d85c24a8) thrown at [C:\src\AOSP-openjdk-git\hotspot\src\share\vm\prims\jni.cpp, line 1615]
Event: 3.552 Thread 0x000000001cf02800 Exception <a 'java/lang/NoSuchMethodError': <clinit>> (0x00000000d85d5878) thrown at [C:\src\AOSP-openjdk-git\hotspot\src\share\vm\prims\jni.cpp, line 1615]
Event: 3.557 Thread 0x000000001cef2000 Exception <a 'java/lang/ClassNotFoundException': build_aellaln4e3l1dr23hksf04rtvBeanInfo> (0x00000000deb648a0) thrown at [C:\src\AOSP-openjdk-git\hotspot\src\share\vm\classfile\systemDictionary.cpp, line 210]
Event: 3.557 Thread 0x000000001cef2000 Exception <a 'java/lang/ClassNotFoundException': build_aellaln4e3l1dr23hksf04rtvCustomizer> (0x00000000deb704e0) thrown at [C:\src\AOSP-openjdk-git\hotspot\src\share\vm\classfile\systemDictionary.cpp, line 210]
Event: 3.561 Thread 0x000000001cef2000 Exception <a 'java/lang/ClassNotFoundException': org/gradle/plugin/use/internal/PluginRequestCollector$PluginDependenciesSpecImplBeanInfo> (0x00000000dec102e8) thrown at [C:\src\AOSP-openjdk-git\hotspot\src\share\vm\classfile\systemDictionary.cpp, line 21
Event: 3.562 Thread 0x000000001cef2000 Exception <a 'java/lang/ClassNotFoundException': org/gradle/plugin/use/internal/PluginRequestCollector$PluginDependenciesSpecImplCustomizer> (0x00000000dec50228) thrown at [C:\src\AOSP-openjdk-git\hotspot\src\share\vm\classfile\systemDictionary.cpp, line 
Event: 3.600 Thread 0x000000001cef2000 Exception <a 'java/lang/ClassNotFoundException': org/gradle/api/internal/plugins/DefaultObjectConfigurationActionBeanInfo> (0x00000000df131948) thrown at [C:\src\AOSP-openjdk-git\hotspot\src\share\vm\classfile\systemDictionary.cpp, line 210]
Event: 3.600 Thread 0x000000001cef2000 Exception <a 'java/lang/ClassNotFoundException': org/gradle/api/internal/plugins/DefaultObjectConfigurationActionCustomizer> (0x00000000df178d18) thrown at [C:\src\AOSP-openjdk-git\hotspot\src\share\vm\classfile\systemDictionary.cpp, line 210]
Event: 4.098 Thread 0x000000001cef2000 Implicit null exception at 0x00000000038f35e8 to 0x00000000038f3b2d

Events (10 events):
Event: 4.327 loading class com/android/build/gradle/internal/services/VariantPropertiesApiServices
Event: 4.327 loading class com/android/build/gradle/internal/services/VariantPropertiesApiServices done
Event: 4.328 loading class com/android/build/gradle/internal/manifest/ManifestDataProvider
Event: 4.328 loading class com/android/build/gradle/internal/manifest/ManifestDataProvider done
Event: 4.328 loading class com/android/build/gradle/internal/core/VariantDslInfo
Event: 4.328 loading class com/android/build/gradle/internal/core/VariantDslInfo done
Event: 4.328 loading class com/android/build/gradle/internal/scope/VariantScope
Event: 4.328 loading class com/android/build/gradle/internal/scope/VariantScope done
Event: 4.329 loading class com/android/build/api/component/impl/TestComponentImpl
Event: 4.329 loading class com/android/build/api/component/impl/TestComponentImpl done


Dynamic libraries:
0x00007ff6469f0000 - 0x00007ff646a21000 	C:\Program Files\Android\Android Studio\jre\bin\java.exe
0x00007ffd731d0000 - 0x00007ffd733c6000 	C:\Windows\SYSTEM32\ntdll.dll
0x00007ffd714f0000 - 0x00007ffd715ad000 	C:\Windows\System32\KERNEL32.DLL
0x00007ffd70b20000 - 0x00007ffd70de9000 	C:\Windows\System32\KERNELBASE.dll
0x00007ffd72030000 - 0x00007ffd720dc000 	C:\Windows\System32\ADVAPI32.dll
0x00007ffd72280000 - 0x00007ffd7231e000 	C:\Windows\System32\msvcrt.dll
0x00007ffd72680000 - 0x00007ffd7271c000 	C:\Windows\System32\sechost.dll
0x00007ffd71e40000 - 0x00007ffd71f6b000 	C:\Windows\System32\RPCRT4.dll
0x00007ffd71270000 - 0x00007ffd71410000 	C:\Windows\System32\USER32.dll
0x00007ffd70910000 - 0x00007ffd70932000 	C:\Windows\System32\win32u.dll
0x00007ffd720e0000 - 0x00007ffd7210a000 	C:\Windows\System32\GDI32.dll
0x00007ffd71120000 - 0x00007ffd7122b000 	C:\Windows\System32\gdi32full.dll
0x00007ffd70f50000 - 0x00007ffd70fed000 	C:\Windows\System32\msvcp_win.dll
0x00007ffd709a0000 - 0x00007ffd70aa0000 	C:\Windows\System32\ucrtbase.dll
0x00007ffd5b700000 - 0x00007ffd5b99b000 	C:\Windows\WinSxS\amd64_microsoft.windows.common-controls_6595b64144ccf1df_6.0.19041.746_none_ca02b4b61b8320a4\COMCTL32.dll
0x00007ffd71240000 - 0x00007ffd71270000 	C:\Windows\System32\IMM32.DLL
0x0000000051fd0000 - 0x00000000520a2000 	C:\Program Files\Android\Android Studio\jre\jre\bin\msvcr100.dll
0x00000000510c0000 - 0x000000005190b000 	C:\Program Files\Android\Android Studio\jre\jre\bin\server\jvm.dll
0x00007ffd71f70000 - 0x00007ffd71f78000 	C:\Windows\System32\PSAPI.DLL
0x00007ffd5dc60000 - 0x00007ffd5dc87000 	C:\Windows\SYSTEM32\WINMM.dll
0x00007ffd67f10000 - 0x00007ffd67f1a000 	C:\Windows\SYSTEM32\VERSION.dll
0x00007ffd6a510000 - 0x00007ffd6a519000 	C:\Windows\SYSTEM32\WSOCK32.dll
0x00007ffd72110000 - 0x00007ffd7217b000 	C:\Windows\System32\WS2_32.dll
0x00007ffd61dd0000 - 0x00007ffd61ddf000 	C:\Program Files\Android\Android Studio\jre\jre\bin\verify.dll
0x00007ffd4e3a0000 - 0x00007ffd4e3c9000 	C:\Program Files\Android\Android Studio\jre\jre\bin\java.dll
0x00007ffd60c20000 - 0x00007ffd60c36000 	C:\Program Files\Android\Android Studio\jre\jre\bin\zip.dll
0x00007ffd715b0000 - 0x00007ffd71cf3000 	C:\Windows\System32\SHELL32.dll
0x00007ffd6ea70000 - 0x00007ffd6f1ff000 	C:\Windows\SYSTEM32\windows.storage.dll
0x00007ffd72320000 - 0x00007ffd72676000 	C:\Windows\System32\combase.dll
0x00007ffd70370000 - 0x00007ffd7039c000 	C:\Windows\SYSTEM32\Wldp.dll
0x00007ffd71f80000 - 0x00007ffd7202e000 	C:\Windows\System32\SHCORE.dll
0x00007ffd727b0000 - 0x00007ffd72805000 	C:\Windows\System32\shlwapi.dll
0x00007ffd70840000 - 0x00007ffd70866000 	C:\Windows\SYSTEM32\profapi.dll
0x00007ffd507f0000 - 0x00007ffd5080a000 	C:\Program Files\Android\Android Studio\jre\jre\bin\net.dll
0x00007ffd700f0000 - 0x00007ffd7015a000 	C:\Windows\system32\mswsock.dll
0x00007ffd4f250000 - 0x00007ffd4f263000 	C:\Program Files\Android\Android Studio\jre\jre\bin\nio.dll
0x00007ffd69e10000 - 0x00007ffd69e37000 	C:\Users\MOGA\.gradle\native\f6784746aeab05261644944871eae4fe03e0ef1612fff0a4a95f87b438bc6780\windows-amd64\native-platform.dll
0x00007ffd61dc0000 - 0x00007ffd61dcd000 	C:\Program Files\Android\Android Studio\jre\jre\bin\management.dll
0x00007ffd702d0000 - 0x00007ffd702e8000 	C:\Windows\SYSTEM32\CRYPTSP.dll
0x00007ffd6fa20000 - 0x00007ffd6fa54000 	C:\Windows\system32\rsaenh.dll
0x00007ffd70af0000 - 0x00007ffd70b17000 	C:\Windows\System32\bcrypt.dll
0x00007ffd707c0000 - 0x00007ffd707ee000 	C:\Windows\SYSTEM32\USERENV.dll
0x00007ffd710a0000 - 0x00007ffd71120000 	C:\Windows\System32\bcryptprimitives.dll
0x00007ffd702c0000 - 0x00007ffd702cc000 	C:\Windows\SYSTEM32\CRYPTBASE.dll
0x00007ffd6fd90000 - 0x00007ffd6fdcb000 	C:\Windows\SYSTEM32\IPHLPAPI.DLL
0x00007ffd71230000 - 0x00007ffd71238000 	C:\Windows\System32\NSI.dll
0x00007ffd65830000 - 0x00007ffd65847000 	C:\Windows\SYSTEM32\dhcpcsvc6.DLL
0x00007ffd65750000 - 0x00007ffd6576d000 	C:\Windows\SYSTEM32\dhcpcsvc.DLL
0x00007ffd6fdd0000 - 0x00007ffd6fe9b000 	C:\Windows\SYSTEM32\DNSAPI.dll
0x00007ffd67f00000 - 0x00007ffd67f0b000 	C:\Windows\SYSTEM32\WINNSI.DLL

VM Arguments:
jvm_args: -Xmx2048m -Dfile.encoding=UTF-8 -Duser.country=US -Duser.language=en -Duser.variant 
java_command: org.gradle.launcher.daemon.bootstrap.GradleDaemon 6.5
java_class_path (initial): C:\Users\MOGA\.gradle\wrapper\dists\gradle-6.5-bin\6nifqtx7604sqp1q6g8wikw7p\gradle-6.5\lib\gradle-launcher-6.5.jar
Launcher Type: SUN_STANDARD

Environment Variables:
PATH=C:\Program Files (x86)\Common Files\Oracle\Java\javapath;C:\Windows\system32;C:\Windows;C:\Windows\System32\Wbem;C:\Windows\System32\WindowsPowerShell\v1.0\;C:\Windows\System32\OpenSSH\;C:\Program Files (x86)\NVIDIA Corporation\PhysX\Common;C:\Program Files\NVIDIA Corporation\NVIDIA NvDLISR;C:\Program Files\Git\cmd;C:\Users\MOGA\AppData\Local\Microsoft\WindowsApps;
USERNAME=MOGA
OS=Windows_NT
PROCESSOR_IDENTIFIER=Intel64 Family 6 Model 158 Stepping 10, GenuineIntel



---------------  S Y S T E M  ---------------

OS: Windows 10.0 , 64 bit Build 19041 (10.0.19041.662)

CPU:total 12 (initial active 12) (6 cores per cpu, 2 threads per core) family 6 model 158 stepping 10, cmov, cx8, fxsr, mmx, sse, sse2, sse3, ssse3, sse4.1, sse4.2, popcnt, avx, avx2, aes, clmul, erms, 3dnowpref, lzcnt, ht, tsc, tscinvbit, bmi1, bmi2, adx

Memory: 4k page, physical 8264944k(591492k free), swap 14556400k(5120k free)

vm_info: OpenJDK 64-Bit Server VM (25.242-b01) for windows-amd64 JRE (1.8.0_242-release-1644-b01), built by "builder" with MS VC++ 10.0 (VS2010)

time: Tue Jan 26 18:38:12 2021
timezone: Egypt Standard Time
elapsed time: 4 seconds (0d 0h 0m 4s)

